[0.239s] Invoking command in '/home/heng/workspace/ws_RAMS/build/abb_egm_rws_managers': CMAKE_MODULE_PATH=/home/heng/workspace/ws_RAMS/install/abb_librws/share/abb_librws/cmake CMAKE_PREFIX_PATH=/home/heng/workspace/ws_RAMS/install/abb_librws:/home/heng/workspace/ws_RAMS/install/abb_libegm:/opt/ros/humble LD_LIBRARY_PATH=/home/heng/workspace/ws_RAMS/install/abb_librws/lib:/home/heng/workspace/ws_RAMS/install/abb_libegm/lib:${LD_LIBRARY_PATH} PKG_CONFIG_PATH=/home/heng/workspace/ws_RAMS/install/abb_librws/lib/x86_64-linux-gnu/pkgconfig:/home/heng/workspace/ws_RAMS/install/abb_librws/lib/pkgconfig:/home/heng/workspace/ws_RAMS/install/abb_libegm/lib/x86_64-linux-gnu/pkgconfig:/home/heng/workspace/ws_RAMS/install/abb_libegm/lib/pkgconfig /usr/bin/cmake --build /home/heng/workspace/ws_RAMS/build/abb_egm_rws_managers -- -j48 -l48
[0.331s] [ 14%] Building CXX object CMakeFiles/abb_egm_rws_managers.dir/src/rws_manager.cpp.o
[7.311s] [ 28%] Linking CXX shared library libabb_egm_rws_managers.so
[7.577s] [100%] Built target abb_egm_rws_managers
[7.592s] Invoked command in '/home/heng/workspace/ws_RAMS/build/abb_egm_rws_managers' returned '0': CMAKE_MODULE_PATH=/home/heng/workspace/ws_RAMS/install/abb_librws/share/abb_librws/cmake CMAKE_PREFIX_PATH=/home/heng/workspace/ws_RAMS/install/abb_librws:/home/heng/workspace/ws_RAMS/install/abb_libegm:/opt/ros/humble LD_LIBRARY_PATH=/home/heng/workspace/ws_RAMS/install/abb_librws/lib:/home/heng/workspace/ws_RAMS/install/abb_libegm/lib:${LD_LIBRARY_PATH} PKG_CONFIG_PATH=/home/heng/workspace/ws_RAMS/install/abb_librws/lib/x86_64-linux-gnu/pkgconfig:/home/heng/workspace/ws_RAMS/install/abb_librws/lib/pkgconfig:/home/heng/workspace/ws_RAMS/install/abb_libegm/lib/x86_64-linux-gnu/pkgconfig:/home/heng/workspace/ws_RAMS/install/abb_libegm/lib/pkgconfig /usr/bin/cmake --build /home/heng/workspace/ws_RAMS/build/abb_egm_rws_managers -- -j48 -l48
[7.595s] Invoking command in '/home/heng/workspace/ws_RAMS/build/abb_egm_rws_managers': CMAKE_MODULE_PATH=/home/heng/workspace/ws_RAMS/install/abb_librws/share/abb_librws/cmake CMAKE_PREFIX_PATH=/home/heng/workspace/ws_RAMS/install/abb_librws:/home/heng/workspace/ws_RAMS/install/abb_libegm:/opt/ros/humble LD_LIBRARY_PATH=/home/heng/workspace/ws_RAMS/install/abb_librws/lib:/home/heng/workspace/ws_RAMS/install/abb_libegm/lib:${LD_LIBRARY_PATH} PKG_CONFIG_PATH=/home/heng/workspace/ws_RAMS/install/abb_librws/lib/x86_64-linux-gnu/pkgconfig:/home/heng/workspace/ws_RAMS/install/abb_librws/lib/pkgconfig:/home/heng/workspace/ws_RAMS/install/abb_libegm/lib/x86_64-linux-gnu/pkgconfig:/home/heng/workspace/ws_RAMS/install/abb_libegm/lib/pkgconfig /usr/bin/cmake --install /home/heng/workspace/ws_RAMS/build/abb_egm_rws_managers
[7.603s] -- Install configuration: "RelWithDebInfo"
[7.603s] -- Up-to-date: /home/heng/workspace/ws_RAMS/install/abb_egm_rws_managers/include
[7.604s] -- Up-to-date: /home/heng/workspace/ws_RAMS/install/abb_egm_rws_managers/include/abb_egm_rws_managers
[7.604s] -- Up-to-date: /home/heng/workspace/ws_RAMS/install/abb_egm_rws_managers/include/abb_egm_rws_managers/utilities.h
[7.604s] -- Up-to-date: /home/heng/workspace/ws_RAMS/install/abb_egm_rws_managers/include/abb_egm_rws_managers/data_containers.h
[7.604s] -- Up-to-date: /home/heng/workspace/ws_RAMS/install/abb_egm_rws_managers/include/abb_egm_rws_managers/system_data_parser.h
[7.604s] -- Up-to-date: /home/heng/workspace/ws_RAMS/install/abb_egm_rws_managers/include/abb_egm_rws_managers/rws_manager.h
[7.604s] -- Up-to-date: /home/heng/workspace/ws_RAMS/install/abb_egm_rws_managers/include/abb_egm_rws_managers/egm_manager.h
[7.604s] -- Up-to-date: /home/heng/workspace/ws_RAMS/install/abb_egm_rws_managers/include/abb_egm_rws_managers/robot_controller_description.proto
[7.604s] -- Up-to-date: /home/heng/workspace/ws_RAMS/install/abb_egm_rws_managers/include/abb_egm_rws_managers/robot_controller_description.pb.h
[7.604s] -- Up-to-date: /home/heng/workspace/ws_RAMS/install/abb_egm_rws_managers/include/abb_egm_rws_managers/abb_egm_rws_managers_export.h
[7.605s] -- Up-to-date: /home/heng/workspace/ws_RAMS/install/abb_egm_rws_managers/share/abb_egm_rws_managers/abb_egm_rws_managersConfig.cmake
[7.605s] -- Up-to-date: /home/heng/workspace/ws_RAMS/install/abb_egm_rws_managers/share/abb_egm_rws_managers/abb_egm_rws_managersConfigVersion.cmake
[7.605s] -- Up-to-date: /home/heng/workspace/ws_RAMS/install/abb_egm_rws_managers/share/abb_egm_rws_managers/package.xml
[7.605s] -- Installing: /home/heng/workspace/ws_RAMS/install/abb_egm_rws_managers/lib/libabb_egm_rws_managers.so
[7.618s] -- Set runtime path of "/home/heng/workspace/ws_RAMS/install/abb_egm_rws_managers/lib/libabb_egm_rws_managers.so" to ""
[7.618s] -- Up-to-date: /home/heng/workspace/ws_RAMS/install/abb_egm_rws_managers/share/abb_egm_rws_managers/abb_egm_rws_managersTargets.cmake
[7.618s] -- Up-to-date: /home/heng/workspace/ws_RAMS/install/abb_egm_rws_managers/share/abb_egm_rws_managers/abb_egm_rws_managersTargets-relwithdebinfo.cmake
[7.620s] Invoked command in '/home/heng/workspace/ws_RAMS/build/abb_egm_rws_managers' returned '0': CMAKE_MODULE_PATH=/home/heng/workspace/ws_RAMS/install/abb_librws/share/abb_librws/cmake CMAKE_PREFIX_PATH=/home/heng/workspace/ws_RAMS/install/abb_librws:/home/heng/workspace/ws_RAMS/install/abb_libegm:/opt/ros/humble LD_LIBRARY_PATH=/home/heng/workspace/ws_RAMS/install/abb_librws/lib:/home/heng/workspace/ws_RAMS/install/abb_libegm/lib:${LD_LIBRARY_PATH} PKG_CONFIG_PATH=/home/heng/workspace/ws_RAMS/install/abb_librws/lib/x86_64-linux-gnu/pkgconfig:/home/heng/workspace/ws_RAMS/install/abb_librws/lib/pkgconfig:/home/heng/workspace/ws_RAMS/install/abb_libegm/lib/x86_64-linux-gnu/pkgconfig:/home/heng/workspace/ws_RAMS/install/abb_libegm/lib/pkgconfig /usr/bin/cmake --install /home/heng/workspace/ws_RAMS/build/abb_egm_rws_managers
