[0.022s] Invoking command in '/home/heng/workspace/ws_RAMS/build/abb_resources': CMAKE_PREFIX_PATH=${CMAKE_PREFIX_PATH}:/home/heng/workspace/ws_RAMS/install/abb_pi0_bridge:/opt/ros/humble /usr/bin/cmake --build /home/heng/workspace/ws_RAMS/build/abb_resources -- -j48 -l48
[0.264s] Invoked command in '/home/heng/workspace/ws_RAMS/build/abb_resources' returned '0': CMAKE_PREFIX_PATH=${CMAKE_PREFIX_PATH}:/home/heng/workspace/ws_RAMS/install/abb_pi0_bridge:/opt/ros/humble /usr/bin/cmake --build /home/heng/workspace/ws_RAMS/build/abb_resources -- -j48 -l48
[0.267s] Invoking command in '/home/heng/workspace/ws_RAMS/build/abb_resources': CMAKE_PREFIX_PATH=${CMAKE_PREFIX_PATH}:/home/heng/workspace/ws_RAMS/install/abb_pi0_bridge:/opt/ros/humble /usr/bin/cmake --install /home/heng/workspace/ws_RAMS/build/abb_resources
[0.284s] -- Install configuration: ""
[0.285s] -- Up-to-date: /home/heng/workspace/ws_RAMS/install/abb_resources/share/ament_index/resource_index/package_run_dependencies/abb_resources
[0.285s] -- Up-to-date: /home/heng/workspace/ws_RAMS/install/abb_resources/share/ament_index/resource_index/parent_prefix_path/abb_resources
[0.285s] -- Up-to-date: /home/heng/workspace/ws_RAMS/install/abb_resources/share/abb_resources/environment/ament_prefix_path.sh
[0.286s] -- Up-to-date: /home/heng/workspace/ws_RAMS/install/abb_resources/share/abb_resources/environment/ament_prefix_path.dsv
[0.286s] -- Up-to-date: /home/heng/workspace/ws_RAMS/install/abb_resources/share/abb_resources/environment/path.sh
[0.286s] -- Up-to-date: /home/heng/workspace/ws_RAMS/install/abb_resources/share/abb_resources/environment/path.dsv
[0.286s] -- Up-to-date: /home/heng/workspace/ws_RAMS/install/abb_resources/share/abb_resources/local_setup.bash
[0.287s] -- Up-to-date: /home/heng/workspace/ws_RAMS/install/abb_resources/share/abb_resources/local_setup.sh
[0.287s] -- Up-to-date: /home/heng/workspace/ws_RAMS/install/abb_resources/share/abb_resources/local_setup.zsh
[0.287s] -- Up-to-date: /home/heng/workspace/ws_RAMS/install/abb_resources/share/abb_resources/local_setup.dsv
[0.287s] -- Up-to-date: /home/heng/workspace/ws_RAMS/install/abb_resources/share/abb_resources/package.dsv
[0.288s] -- Up-to-date: /home/heng/workspace/ws_RAMS/install/abb_resources/share/ament_index/resource_index/packages/abb_resources
[0.288s] -- Up-to-date: /home/heng/workspace/ws_RAMS/install/abb_resources/share/abb_resources/cmake/abb_resourcesConfig.cmake
[0.288s] -- Up-to-date: /home/heng/workspace/ws_RAMS/install/abb_resources/share/abb_resources/cmake/abb_resourcesConfig-version.cmake
[0.288s] -- Up-to-date: /home/heng/workspace/ws_RAMS/install/abb_resources/share/abb_resources/package.xml
[0.288s] -- Up-to-date: /home/heng/workspace/ws_RAMS/install/abb_resources/share/abb_resources/urdf
[0.288s] -- Up-to-date: /home/heng/workspace/ws_RAMS/install/abb_resources/share/abb_resources/urdf/common_colours.xacro
[0.288s] -- Up-to-date: /home/heng/workspace/ws_RAMS/install/abb_resources/share/abb_resources/urdf/common_materials.xacro
[0.324s] Invoked command in '/home/heng/workspace/ws_RAMS/build/abb_resources' returned '0': CMAKE_PREFIX_PATH=${CMAKE_PREFIX_PATH}:/home/heng/workspace/ws_RAMS/install/abb_pi0_bridge:/opt/ros/humble /usr/bin/cmake --install /home/heng/workspace/ws_RAMS/build/abb_resources
