/home/heng/workspace/ws_RAMS/install/abb_pi0_bridge/lib/python3.10/site-packages/abb_pi0_bridge/protocol.py
/home/heng/workspace/ws_RAMS/install/abb_pi0_bridge/lib/python3.10/site-packages/abb_pi0_bridge/policy_stub_server.py
/home/heng/workspace/ws_RAMS/install/abb_pi0_bridge/lib/python3.10/site-packages/abb_pi0_bridge/bridge_node.py
/home/heng/workspace/ws_RAMS/install/abb_pi0_bridge/lib/python3.10/site-packages/abb_pi0_bridge/bridge_core.py
/home/heng/workspace/ws_RAMS/install/abb_pi0_bridge/lib/python3.10/site-packages/abb_pi0_bridge/__init__.py
/home/heng/workspace/ws_RAMS/install/abb_pi0_bridge/lib/python3.10/site-packages/abb_pi0_bridge/mock_policy.py
/home/heng/workspace/ws_RAMS/install/abb_pi0_bridge/lib/python3.10/site-packages/abb_pi0_bridge/control_mode.py
/home/heng/workspace/ws_RAMS/install/abb_pi0_bridge/lib/python3.10/site-packages/abb_pi0_bridge/robotstudio_preflight.py
/home/heng/workspace/ws_RAMS/install/abb_pi0_bridge/lib/python3.10/site-packages/abb_pi0_bridge/__pycache__/protocol.cpython-310.pyc
/home/heng/workspace/ws_RAMS/install/abb_pi0_bridge/lib/python3.10/site-packages/abb_pi0_bridge/__pycache__/policy_stub_server.cpython-310.pyc
/home/heng/workspace/ws_RAMS/install/abb_pi0_bridge/lib/python3.10/site-packages/abb_pi0_bridge/__pycache__/bridge_node.cpython-310.pyc
/home/heng/workspace/ws_RAMS/install/abb_pi0_bridge/lib/python3.10/site-packages/abb_pi0_bridge/__pycache__/bridge_core.cpython-310.pyc
/home/heng/workspace/ws_RAMS/install/abb_pi0_bridge/lib/python3.10/site-packages/abb_pi0_bridge/__pycache__/__init__.cpython-310.pyc
/home/heng/workspace/ws_RAMS/install/abb_pi0_bridge/lib/python3.10/site-packages/abb_pi0_bridge/__pycache__/mock_policy.cpython-310.pyc
/home/heng/workspace/ws_RAMS/install/abb_pi0_bridge/lib/python3.10/site-packages/abb_pi0_bridge/__pycache__/control_mode.cpython-310.pyc
/home/heng/workspace/ws_RAMS/install/abb_pi0_bridge/lib/python3.10/site-packages/abb_pi0_bridge/__pycache__/robotstudio_preflight.cpython-310.pyc
/home/heng/workspace/ws_RAMS/install/abb_pi0_bridge/share/ament_index/resource_index/packages/abb_pi0_bridge
/home/heng/workspace/ws_RAMS/install/abb_pi0_bridge/share/abb_pi0_bridge/package.xml
/home/heng/workspace/ws_RAMS/install/abb_pi0_bridge/share/abb_pi0_bridge/README.md
/home/heng/workspace/ws_RAMS/install/abb_pi0_bridge/share/abb_pi0_bridge/ROBOTSTUDIO_PI0_SETUP.md
/home/heng/workspace/ws_RAMS/install/abb_pi0_bridge/share/abb_pi0_bridge/PI0_POLICY_HTTP_PROTOCOL.md
/home/heng/workspace/ws_RAMS/install/abb_pi0_bridge/share/abb_pi0_bridge/launch/robotstudio_pi0.launch.py
/home/heng/workspace/ws_RAMS/install/abb_pi0_bridge/share/abb_pi0_bridge/launch/abb_pi0_bridge.launch.py
/home/heng/workspace/ws_RAMS/install/abb_pi0_bridge/share/abb_pi0_bridge/config/pi0_robotstudio_http.params.yaml
/home/heng/workspace/ws_RAMS/install/abb_pi0_bridge/share/abb_pi0_bridge/config/pi0_bridge.params.yaml
/home/heng/workspace/ws_RAMS/install/abb_pi0_bridge/lib/python3.10/site-packages/abb_pi0_bridge-0.1.0-py3.10.egg-info/entry_points.txt
/home/heng/workspace/ws_RAMS/install/abb_pi0_bridge/lib/python3.10/site-packages/abb_pi0_bridge-0.1.0-py3.10.egg-info/dependency_links.txt
/home/heng/workspace/ws_RAMS/install/abb_pi0_bridge/lib/python3.10/site-packages/abb_pi0_bridge-0.1.0-py3.10.egg-info/PKG-INFO
/home/heng/workspace/ws_RAMS/install/abb_pi0_bridge/lib/python3.10/site-packages/abb_pi0_bridge-0.1.0-py3.10.egg-info/zip-safe
/home/heng/workspace/ws_RAMS/install/abb_pi0_bridge/lib/python3.10/site-packages/abb_pi0_bridge-0.1.0-py3.10.egg-info/requires.txt
/home/heng/workspace/ws_RAMS/install/abb_pi0_bridge/lib/python3.10/site-packages/abb_pi0_bridge-0.1.0-py3.10.egg-info/SOURCES.txt
/home/heng/workspace/ws_RAMS/install/abb_pi0_bridge/lib/python3.10/site-packages/abb_pi0_bridge-0.1.0-py3.10.egg-info/top_level.txt
/home/heng/workspace/ws_RAMS/install/abb_pi0_bridge/lib/abb_pi0_bridge/abb_pi0_bridge_node
/home/heng/workspace/ws_RAMS/install/abb_pi0_bridge/lib/abb_pi0_bridge/pi0_policy_stub_server
/home/heng/workspace/ws_RAMS/install/abb_pi0_bridge/lib/abb_pi0_bridge/robotstudio_preflight
