[0.011s] Invoking command in '/home/heng/workspace/ws_RAMS/build/abb_irb1200_5_90_moveit_config': AMENT_PREFIX_PATH=/home/heng/workspace/ws_RAMS/install/abb_irb1200_support:${AMENT_PREFIX_PATH} CMAKE_PREFIX_PATH=/home/heng/workspace/ws_RAMS/install/abb_irb1200_support:/home/heng/workspace/ws_RAMS/install/click_to_move:/home/heng/workspace/ws_RAMS/install/workcell_config:/home/heng/workspace/ws_RAMS/install/workcell_description:/home/heng/workspace/ws_RAMS/install/abb_pi0_bridge:/opt/ros/humble /usr/bin/cmake --build /home/heng/workspace/ws_RAMS/build/abb_irb1200_5_90_moveit_config -- -j48 -l48
[0.060s] Invoked command in '/home/heng/workspace/ws_RAMS/build/abb_irb1200_5_90_moveit_config' returned '0': AMENT_PREFIX_PATH=/home/heng/workspace/ws_RAMS/install/abb_irb1200_support:${AMENT_PREFIX_PATH} CMAKE_PREFIX_PATH=/home/heng/workspace/ws_RAMS/install/abb_irb1200_support:/home/heng/workspace/ws_RAMS/install/click_to_move:/home/heng/workspace/ws_RAMS/install/workcell_config:/home/heng/workspace/ws_RAMS/install/workcell_description:/home/heng/workspace/ws_RAMS/install/abb_pi0_bridge:/opt/ros/humble /usr/bin/cmake --build /home/heng/workspace/ws_RAMS/build/abb_irb1200_5_90_moveit_config -- -j48 -l48
[0.062s] Invoking command in '/home/heng/workspace/ws_RAMS/build/abb_irb1200_5_90_moveit_config': AMENT_PREFIX_PATH=/home/heng/workspace/ws_RAMS/install/abb_irb1200_support:${AMENT_PREFIX_PATH} CMAKE_PREFIX_PATH=/home/heng/workspace/ws_RAMS/install/abb_irb1200_support:/home/heng/workspace/ws_RAMS/install/click_to_move:/home/heng/workspace/ws_RAMS/install/workcell_config:/home/heng/workspace/ws_RAMS/install/workcell_description:/home/heng/workspace/ws_RAMS/install/abb_pi0_bridge:/opt/ros/humble /usr/bin/cmake --install /home/heng/workspace/ws_RAMS/build/abb_irb1200_5_90_moveit_config
[0.070s] -- Install configuration: ""
[0.070s] -- Up-to-date: /home/heng/workspace/ws_RAMS/install/abb_irb1200_5_90_moveit_config/share/ament_index/resource_index/package_run_dependencies/abb_irb1200_5_90_moveit_config
[0.070s] -- Up-to-date: /home/heng/workspace/ws_RAMS/install/abb_irb1200_5_90_moveit_config/share/ament_index/resource_index/parent_prefix_path/abb_irb1200_5_90_moveit_config
[0.070s] -- Up-to-date: /home/heng/workspace/ws_RAMS/install/abb_irb1200_5_90_moveit_config/share/abb_irb1200_5_90_moveit_config/environment/ament_prefix_path.sh
[0.070s] -- Up-to-date: /home/heng/workspace/ws_RAMS/install/abb_irb1200_5_90_moveit_config/share/abb_irb1200_5_90_moveit_config/environment/ament_prefix_path.dsv
[0.071s] -- Up-to-date: /home/heng/workspace/ws_RAMS/install/abb_irb1200_5_90_moveit_config/share/abb_irb1200_5_90_moveit_config/environment/path.sh
[0.071s] -- Up-to-date: /home/heng/workspace/ws_RAMS/install/abb_irb1200_5_90_moveit_config/share/abb_irb1200_5_90_moveit_config/environment/path.dsv
[0.071s] -- Up-to-date: /home/heng/workspace/ws_RAMS/install/abb_irb1200_5_90_moveit_config/share/abb_irb1200_5_90_moveit_config/local_setup.bash
[0.071s] -- Up-to-date: /home/heng/workspace/ws_RAMS/install/abb_irb1200_5_90_moveit_config/share/abb_irb1200_5_90_moveit_config/local_setup.sh
[0.071s] -- Up-to-date: /home/heng/workspace/ws_RAMS/install/abb_irb1200_5_90_moveit_config/share/abb_irb1200_5_90_moveit_config/local_setup.zsh
[0.071s] -- Up-to-date: /home/heng/workspace/ws_RAMS/install/abb_irb1200_5_90_moveit_config/share/abb_irb1200_5_90_moveit_config/local_setup.dsv
[0.071s] -- Up-to-date: /home/heng/workspace/ws_RAMS/install/abb_irb1200_5_90_moveit_config/share/abb_irb1200_5_90_moveit_config/package.dsv
[0.071s] -- Up-to-date: /home/heng/workspace/ws_RAMS/install/abb_irb1200_5_90_moveit_config/share/ament_index/resource_index/packages/abb_irb1200_5_90_moveit_config
[0.071s] -- Up-to-date: /home/heng/workspace/ws_RAMS/install/abb_irb1200_5_90_moveit_config/share/abb_irb1200_5_90_moveit_config/cmake/abb_irb1200_5_90_moveit_configConfig.cmake
[0.072s] -- Up-to-date: /home/heng/workspace/ws_RAMS/install/abb_irb1200_5_90_moveit_config/share/abb_irb1200_5_90_moveit_config/cmake/abb_irb1200_5_90_moveit_configConfig-version.cmake
[0.072s] -- Up-to-date: /home/heng/workspace/ws_RAMS/install/abb_irb1200_5_90_moveit_config/share/abb_irb1200_5_90_moveit_config/package.xml
[0.072s] -- Up-to-date: /home/heng/workspace/ws_RAMS/install/abb_irb1200_5_90_moveit_config/share/abb_irb1200_5_90_moveit_config/config
[0.072s] -- Up-to-date: /home/heng/workspace/ws_RAMS/install/abb_irb1200_5_90_moveit_config/share/abb_irb1200_5_90_moveit_config/config/abb_irb1200_5_90_macro.srdf.xacro
[0.072s] -- Up-to-date: /home/heng/workspace/ws_RAMS/install/abb_irb1200_5_90_moveit_config/share/abb_irb1200_5_90_moveit_config/config/pilz_cartesian_limits.yaml
[0.072s] -- Up-to-date: /home/heng/workspace/ws_RAMS/install/abb_irb1200_5_90_moveit_config/share/abb_irb1200_5_90_moveit_config/config/moveit_controllers.yaml
[0.072s] -- Up-to-date: /home/heng/workspace/ws_RAMS/install/abb_irb1200_5_90_moveit_config/share/abb_irb1200_5_90_moveit_config/config/ompl_planning.yaml
[0.072s] -- Up-to-date: /home/heng/workspace/ws_RAMS/install/abb_irb1200_5_90_moveit_config/share/abb_irb1200_5_90_moveit_config/config/joint_limits.yaml
[0.072s] -- Up-to-date: /home/heng/workspace/ws_RAMS/install/abb_irb1200_5_90_moveit_config/share/abb_irb1200_5_90_moveit_config/config/kinematics.yaml
[0.072s] -- Up-to-date: /home/heng/workspace/ws_RAMS/install/abb_irb1200_5_90_moveit_config/share/abb_irb1200_5_90_moveit_config/config/abb_irb1200_5_90.srdf.xacro
[0.072s] -- Up-to-date: /home/heng/workspace/ws_RAMS/install/abb_irb1200_5_90_moveit_config/share/abb_irb1200_5_90_moveit_config/rviz
[0.072s] -- Up-to-date: /home/heng/workspace/ws_RAMS/install/abb_irb1200_5_90_moveit_config/share/abb_irb1200_5_90_moveit_config/rviz/moveit.rviz
[0.074s] Invoked command in '/home/heng/workspace/ws_RAMS/build/abb_irb1200_5_90_moveit_config' returned '0': AMENT_PREFIX_PATH=/home/heng/workspace/ws_RAMS/install/abb_irb1200_support:${AMENT_PREFIX_PATH} CMAKE_PREFIX_PATH=/home/heng/workspace/ws_RAMS/install/abb_irb1200_support:/home/heng/workspace/ws_RAMS/install/click_to_move:/home/heng/workspace/ws_RAMS/install/workcell_config:/home/heng/workspace/ws_RAMS/install/workcell_description:/home/heng/workspace/ws_RAMS/install/abb_pi0_bridge:/opt/ros/humble /usr/bin/cmake --install /home/heng/workspace/ws_RAMS/build/abb_irb1200_5_90_moveit_config
