[0.094s] DEBUG:colcon:Command line arguments: ['/usr/bin/colcon', 'build', '--cmake-args', '-DPython3_EXECUTABLE=/usr/bin/python3', '--packages-select', 'workcell_config', 'workcell_description', 'abb_hardware_interface', 'abb_bringup', 'abb_pi0_bridge']
[0.094s] DEBUG:colcon:Parsed command line arguments: Namespace(log_base=None, log_level=None, verb_name='build', build_base='build', install_base='install', merge_install=False, symlink_install=False, test_result_base=None, continue_on_error=False, executor='parallel', parallel_workers=48, event_handlers=None, ignore_user_meta=False, metas=['./colcon.meta'], base_paths=['.'], packages_ignore=None, packages_ignore_regex=None, paths=None, packages_up_to=None, packages_up_to_regex=None, packages_above=None, packages_above_and_dependencies=None, packages_above_depth=None, packages_select_by_dep=None, packages_skip_by_dep=None, packages_skip_up_to=None, packages_select_build_failed=False, packages_skip_build_finished=False, packages_select_test_failures=False, packages_skip_test_passed=False, packages_select=['workcell_config', 'workcell_description', 'abb_hardware_interface', 'abb_bringup', 'abb_pi0_bridge'], packages_skip=None, packages_select_regex=None, packages_skip_regex=None, packages_start=None, packages_end=None, allow_overriding=[], cmake_args=['-DPython3_EXECUTABLE=/usr/bin/python3'], cmake_target=None, cmake_target_skip_unavailable=False, cmake_clean_cache=False, cmake_clean_first=False, cmake_force_configure=False, ament_cmake_args=None, catkin_cmake_args=None, catkin_skip_building_tests=False, mixin_files=None, mixin=None, verb_parser=<colcon_mixin.mixin.mixin_argument.MixinArgumentDecorator object at 0x7f2f73e41e70>, verb_extension=<colcon_core.verb.build.BuildVerb object at 0x7f2f73f3ee60>, main=<bound method BuildVerb.main of <colcon_core.verb.build.BuildVerb object at 0x7f2f73f3ee60>>, mixin_verb=('build',))
[0.244s] Level 1:colcon.colcon_core.package_discovery:discover_packages(colcon_meta) check parameters
[0.244s] Level 1:colcon.colcon_core.package_discovery:discover_packages(recursive) check parameters
[0.244s] Level 1:colcon.colcon_core.package_discovery:discover_packages(ignore) check parameters
[0.244s] Level 1:colcon.colcon_core.package_discovery:discover_packages(path) check parameters
[0.244s] Level 1:colcon.colcon_core.package_discovery:discover_packages(colcon_meta) discover
[0.244s] Level 1:colcon.colcon_core.package_discovery:discover_packages(recursive) discover
[0.245s] INFO:colcon.colcon_core.package_discovery:Crawling recursively for packages in '/home/heng/workspace/ws_RAMS'
[0.245s] Level 1:colcon.colcon_core.package_identification:_identify(.) by extensions ['ignore', 'ignore_ament_install']
[0.245s] Level 1:colcon.colcon_core.package_identification:_identify(.) by extension 'ignore'
[0.245s] Level 1:colcon.colcon_core.package_identification:_identify(.) by extension 'ignore_ament_install'
[0.245s] Level 1:colcon.colcon_core.package_identification:_identify(.) by extensions ['colcon_pkg']
[0.245s] Level 1:colcon.colcon_core.package_identification:_identify(.) by extension 'colcon_pkg'
[0.245s] Level 1:colcon.colcon_core.package_identification:_identify(.) by extensions ['colcon_meta']
[0.245s] Level 1:colcon.colcon_core.package_identification:_identify(.) by extension 'colcon_meta'
[0.245s] Level 1:colcon.colcon_core.package_identification:_identify(.) by extensions ['ros']
[0.245s] Level 1:colcon.colcon_core.package_identification:_identify(.) by extension 'ros'
[0.254s] Level 1:colcon.colcon_core.package_identification:_identify(.) by extensions ['cmake', 'python']
[0.254s] Level 1:colcon.colcon_core.package_identification:_identify(.) by extension 'cmake'
[0.254s] Level 1:colcon.colcon_core.package_identification:_identify(.) by extension 'python'
[0.254s] Level 1:colcon.colcon_core.package_identification:_identify(.) by extensions ['python_setup_py']
[0.254s] Level 1:colcon.colcon_core.package_identification:_identify(.) by extension 'python_setup_py'
[0.254s] Level 1:colcon.colcon_core.package_identification:_identify(build) by extensions ['ignore', 'ignore_ament_install']
[0.255s] Level 1:colcon.colcon_core.package_identification:_identify(build) by extension 'ignore'
[0.255s] Level 1:colcon.colcon_core.package_identification:_identify(build) ignored
[0.255s] Level 1:colcon.colcon_core.package_identification:_identify(install) by extensions ['ignore', 'ignore_ament_install']
[0.255s] Level 1:colcon.colcon_core.package_identification:_identify(install) by extension 'ignore'
[0.255s] Level 1:colcon.colcon_core.package_identification:_identify(install) ignored
[0.255s] Level 1:colcon.colcon_core.package_identification:_identify(log) by extensions ['ignore', 'ignore_ament_install']
[0.255s] Level 1:colcon.colcon_core.package_identification:_identify(log) by extension 'ignore'
[0.255s] Level 1:colcon.colcon_core.package_identification:_identify(log) ignored
[0.255s] Level 1:colcon.colcon_core.package_identification:_identify(src) by extensions ['ignore', 'ignore_ament_install']
[0.255s] Level 1:colcon.colcon_core.package_identification:_identify(src) by extension 'ignore'
[0.255s] Level 1:colcon.colcon_core.package_identification:_identify(src) by extension 'ignore_ament_install'
[0.255s] Level 1:colcon.colcon_core.package_identification:_identify(src) by extensions ['colcon_pkg']
[0.255s] Level 1:colcon.colcon_core.package_identification:_identify(src) by extension 'colcon_pkg'
[0.255s] Level 1:colcon.colcon_core.package_identification:_identify(src) by extensions ['colcon_meta']
[0.255s] Level 1:colcon.colcon_core.package_identification:_identify(src) by extension 'colcon_meta'
[0.255s] Level 1:colcon.colcon_core.package_identification:_identify(src) by extensions ['ros']
[0.255s] Level 1:colcon.colcon_core.package_identification:_identify(src) by extension 'ros'
[0.256s] Level 1:colcon.colcon_core.package_identification:_identify(src) by extensions ['cmake', 'python']
[0.256s] Level 1:colcon.colcon_core.package_identification:_identify(src) by extension 'cmake'
[0.256s] Level 1:colcon.colcon_core.package_identification:_identify(src) by extension 'python'
[0.256s] Level 1:colcon.colcon_core.package_identification:_identify(src) by extensions ['python_setup_py']
[0.256s] Level 1:colcon.colcon_core.package_identification:_identify(src) by extension 'python_setup_py'
[0.256s] Level 1:colcon.colcon_core.package_identification:_identify(src/abb_egm_rws_managers) by extensions ['ignore', 'ignore_ament_install']
[0.256s] Level 1:colcon.colcon_core.package_identification:_identify(src/abb_egm_rws_managers) by extension 'ignore'
[0.256s] Level 1:colcon.colcon_core.package_identification:_identify(src/abb_egm_rws_managers) by extension 'ignore_ament_install'
[0.256s] Level 1:colcon.colcon_core.package_identification:_identify(src/abb_egm_rws_managers) by extensions ['colcon_pkg']
[0.256s] Level 1:colcon.colcon_core.package_identification:_identify(src/abb_egm_rws_managers) by extension 'colcon_pkg'
[0.256s] Level 1:colcon.colcon_core.package_identification:_identify(src/abb_egm_rws_managers) by extensions ['colcon_meta']
[0.256s] Level 1:colcon.colcon_core.package_identification:_identify(src/abb_egm_rws_managers) by extension 'colcon_meta'
[0.256s] Level 1:colcon.colcon_core.package_identification:_identify(src/abb_egm_rws_managers) by extensions ['ros']
[0.256s] Level 1:colcon.colcon_core.package_identification:_identify(src/abb_egm_rws_managers) by extension 'ros'
[0.258s] DEBUG:colcon.colcon_core.package_identification:Package 'src/abb_egm_rws_managers' with type 'ros.cmake' and name 'abb_egm_rws_managers'
[0.258s] Level 1:colcon.colcon_core.package_identification:_identify(src/abb_libegm) by extensions ['ignore', 'ignore_ament_install']
[0.258s] Level 1:colcon.colcon_core.package_identification:_identify(src/abb_libegm) by extension 'ignore'
[0.258s] Level 1:colcon.colcon_core.package_identification:_identify(src/abb_libegm) by extension 'ignore_ament_install'
[0.259s] Level 1:colcon.colcon_core.package_identification:_identify(src/abb_libegm) by extensions ['colcon_pkg']
[0.259s] Level 1:colcon.colcon_core.package_identification:_identify(src/abb_libegm) by extension 'colcon_pkg'
[0.259s] Level 1:colcon.colcon_core.package_identification:_identify(src/abb_libegm) by extensions ['colcon_meta']
[0.259s] Level 1:colcon.colcon_core.package_identification:_identify(src/abb_libegm) by extension 'colcon_meta'
[0.259s] Level 1:colcon.colcon_core.package_identification:_identify(src/abb_libegm) by extensions ['ros']
[0.259s] Level 1:colcon.colcon_core.package_identification:_identify(src/abb_libegm) by extension 'ros'
[0.259s] DEBUG:colcon.colcon_core.package_identification:Package 'src/abb_libegm' with type 'ros.cmake' and name 'abb_libegm'
[0.259s] Level 1:colcon.colcon_core.package_identification:_identify(src/abb_librws) by extensions ['ignore', 'ignore_ament_install']
[0.259s] Level 1:colcon.colcon_core.package_identification:_identify(src/abb_librws) by extension 'ignore'
[0.259s] Level 1:colcon.colcon_core.package_identification:_identify(src/abb_librws) by extension 'ignore_ament_install'
[0.260s] Level 1:colcon.colcon_core.package_identification:_identify(src/abb_librws) by extensions ['colcon_pkg']
[0.260s] Level 1:colcon.colcon_core.package_identification:_identify(src/abb_librws) by extension 'colcon_pkg'
[0.260s] Level 1:colcon.colcon_core.package_identification:_identify(src/abb_librws) by extensions ['colcon_meta']
[0.260s] Level 1:colcon.colcon_core.package_identification:_identify(src/abb_librws) by extension 'colcon_meta'
[0.260s] Level 1:colcon.colcon_core.package_identification:_identify(src/abb_librws) by extensions ['ros']
[0.260s] Level 1:colcon.colcon_core.package_identification:_identify(src/abb_librws) by extension 'ros'
[0.260s] DEBUG:colcon.colcon_core.package_identification:Package 'src/abb_librws' with type 'ros.cmake' and name 'abb_librws'
[0.260s] Level 1:colcon.colcon_core.package_identification:_identify(src/abb_pi0_bridge) by extensions ['ignore', 'ignore_ament_install']
[0.260s] Level 1:colcon.colcon_core.package_identification:_identify(src/abb_pi0_bridge) by extension 'ignore'
[0.260s] Level 1:colcon.colcon_core.package_identification:_identify(src/abb_pi0_bridge) by extension 'ignore_ament_install'
[0.260s] Level 1:colcon.colcon_core.package_identification:_identify(src/abb_pi0_bridge) by extensions ['colcon_pkg']
[0.260s] Level 1:colcon.colcon_core.package_identification:_identify(src/abb_pi0_bridge) by extension 'colcon_pkg'
[0.261s] Level 1:colcon.colcon_core.package_identification:_identify(src/abb_pi0_bridge) by extensions ['colcon_meta']
[0.261s] Level 1:colcon.colcon_core.package_identification:_identify(src/abb_pi0_bridge) by extension 'colcon_meta'
[0.261s] Level 1:colcon.colcon_core.package_identification:_identify(src/abb_pi0_bridge) by extensions ['ros']
[0.261s] Level 1:colcon.colcon_core.package_identification:_identify(src/abb_pi0_bridge) by extension 'ros'
[0.261s] DEBUG:colcon.colcon_core.package_identification:Package 'src/abb_pi0_bridge' with type 'ros.ament_python' and name 'abb_pi0_bridge'
[0.261s] Level 1:colcon.colcon_core.package_identification:_identify(src/abb_ros2_msgs) by extensions ['ignore', 'ignore_ament_install']
[0.261s] Level 1:colcon.colcon_core.package_identification:_identify(src/abb_ros2_msgs) by extension 'ignore'
[0.261s] Level 1:colcon.colcon_core.package_identification:_identify(src/abb_ros2_msgs) by extension 'ignore_ament_install'
[0.261s] Level 1:colcon.colcon_core.package_identification:_identify(src/abb_ros2_msgs) by extensions ['colcon_pkg']
[0.261s] Level 1:colcon.colcon_core.package_identification:_identify(src/abb_ros2_msgs) by extension 'colcon_pkg'
[0.261s] Level 1:colcon.colcon_core.package_identification:_identify(src/abb_ros2_msgs) by extensions ['colcon_meta']
[0.261s] Level 1:colcon.colcon_core.package_identification:_identify(src/abb_ros2_msgs) by extension 'colcon_meta'
[0.262s] Level 1:colcon.colcon_core.package_identification:_identify(src/abb_ros2_msgs) by extensions ['ros']
[0.262s] Level 1:colcon.colcon_core.package_identification:_identify(src/abb_ros2_msgs) by extension 'ros'
[0.262s] Level 1:colcon.colcon_core.package_identification:_identify(src/abb_ros2_msgs) by extensions ['cmake', 'python']
[0.262s] Level 1:colcon.colcon_core.package_identification:_identify(src/abb_ros2_msgs) by extension 'cmake'
[0.262s] Level 1:colcon.colcon_core.package_identification:_identify(src/abb_ros2_msgs) by extension 'python'
[0.262s] Level 1:colcon.colcon_core.package_identification:_identify(src/abb_ros2_msgs) by extensions ['python_setup_py']
[0.262s] Level 1:colcon.colcon_core.package_identification:_identify(src/abb_ros2_msgs) by extension 'python_setup_py'
[0.262s] Level 1:colcon.colcon_core.package_identification:_identify(src/abb_ros2_msgs/abb_egm_msgs) by extensions ['ignore', 'ignore_ament_install']
[0.262s] Level 1:colcon.colcon_core.package_identification:_identify(src/abb_ros2_msgs/abb_egm_msgs) by extension 'ignore'
[0.262s] Level 1:colcon.colcon_core.package_identification:_identify(src/abb_ros2_msgs/abb_egm_msgs) by extension 'ignore_ament_install'
[0.262s] Level 1:colcon.colcon_core.package_identification:_identify(src/abb_ros2_msgs/abb_egm_msgs) by extensions ['colcon_pkg']
[0.262s] Level 1:colcon.colcon_core.package_identification:_identify(src/abb_ros2_msgs/abb_egm_msgs) by extension 'colcon_pkg'
[0.262s] Level 1:colcon.colcon_core.package_identification:_identify(src/abb_ros2_msgs/abb_egm_msgs) by extensions ['colcon_meta']
[0.262s] Level 1:colcon.colcon_core.package_identification:_identify(src/abb_ros2_msgs/abb_egm_msgs) by extension 'colcon_meta'
[0.262s] Level 1:colcon.colcon_core.package_identification:_identify(src/abb_ros2_msgs/abb_egm_msgs) by extensions ['ros']
[0.262s] Level 1:colcon.colcon_core.package_identification:_identify(src/abb_ros2_msgs/abb_egm_msgs) by extension 'ros'
[0.263s] DEBUG:colcon.colcon_core.package_identification:Package 'src/abb_ros2_msgs/abb_egm_msgs' with type 'ros.ament_cmake' and name 'abb_egm_msgs'
[0.263s] Level 1:colcon.colcon_core.package_identification:_identify(src/abb_ros2_msgs/abb_rapid_msgs) by extensions ['ignore', 'ignore_ament_install']
[0.263s] Level 1:colcon.colcon_core.package_identification:_identify(src/abb_ros2_msgs/abb_rapid_msgs) by extension 'ignore'
[0.263s] Level 1:colcon.colcon_core.package_identification:_identify(src/abb_ros2_msgs/abb_rapid_msgs) by extension 'ignore_ament_install'
[0.263s] Level 1:colcon.colcon_core.package_identification:_identify(src/abb_ros2_msgs/abb_rapid_msgs) by extensions ['colcon_pkg']
[0.263s] Level 1:colcon.colcon_core.package_identification:_identify(src/abb_ros2_msgs/abb_rapid_msgs) by extension 'colcon_pkg'
[0.263s] Level 1:colcon.colcon_core.package_identification:_identify(src/abb_ros2_msgs/abb_rapid_msgs) by extensions ['colcon_meta']
[0.263s] Level 1:colcon.colcon_core.package_identification:_identify(src/abb_ros2_msgs/abb_rapid_msgs) by extension 'colcon_meta'
[0.263s] Level 1:colcon.colcon_core.package_identification:_identify(src/abb_ros2_msgs/abb_rapid_msgs) by extensions ['ros']
[0.263s] Level 1:colcon.colcon_core.package_identification:_identify(src/abb_ros2_msgs/abb_rapid_msgs) by extension 'ros'
[0.264s] DEBUG:colcon.colcon_core.package_identification:Package 'src/abb_ros2_msgs/abb_rapid_msgs' with type 'ros.ament_cmake' and name 'abb_rapid_msgs'
[0.264s] Level 1:colcon.colcon_core.package_identification:_identify(src/abb_ros2_msgs/abb_rapid_sm_addin_msgs) by extensions ['ignore', 'ignore_ament_install']
[0.264s] Level 1:colcon.colcon_core.package_identification:_identify(src/abb_ros2_msgs/abb_rapid_sm_addin_msgs) by extension 'ignore'
[0.264s] Level 1:colcon.colcon_core.package_identification:_identify(src/abb_ros2_msgs/abb_rapid_sm_addin_msgs) by extension 'ignore_ament_install'
[0.264s] Level 1:colcon.colcon_core.package_identification:_identify(src/abb_ros2_msgs/abb_rapid_sm_addin_msgs) by extensions ['colcon_pkg']
[0.264s] Level 1:colcon.colcon_core.package_identification:_identify(src/abb_ros2_msgs/abb_rapid_sm_addin_msgs) by extension 'colcon_pkg'
[0.264s] Level 1:colcon.colcon_core.package_identification:_identify(src/abb_ros2_msgs/abb_rapid_sm_addin_msgs) by extensions ['colcon_meta']
[0.264s] Level 1:colcon.colcon_core.package_identification:_identify(src/abb_ros2_msgs/abb_rapid_sm_addin_msgs) by extension 'colcon_meta'
[0.264s] Level 1:colcon.colcon_core.package_identification:_identify(src/abb_ros2_msgs/abb_rapid_sm_addin_msgs) by extensions ['ros']
[0.264s] Level 1:colcon.colcon_core.package_identification:_identify(src/abb_ros2_msgs/abb_rapid_sm_addin_msgs) by extension 'ros'
[0.265s] DEBUG:colcon.colcon_core.package_identification:Package 'src/abb_ros2_msgs/abb_rapid_sm_addin_msgs' with type 'ros.ament_cmake' and name 'abb_rapid_sm_addin_msgs'
[0.265s] Level 1:colcon.colcon_core.package_identification:_identify(src/abb_ros2_msgs/abb_robot_msgs) by extensions ['ignore', 'ignore_ament_install']
[0.265s] Level 1:colcon.colcon_core.package_identification:_identify(src/abb_ros2_msgs/abb_robot_msgs) by extension 'ignore'
[0.265s] Level 1:colcon.colcon_core.package_identification:_identify(src/abb_ros2_msgs/abb_robot_msgs) by extension 'ignore_ament_install'
[0.265s] Level 1:colcon.colcon_core.package_identification:_identify(src/abb_ros2_msgs/abb_robot_msgs) by extensions ['colcon_pkg']
[0.265s] Level 1:colcon.colcon_core.package_identification:_identify(src/abb_ros2_msgs/abb_robot_msgs) by extension 'colcon_pkg'
[0.265s] Level 1:colcon.colcon_core.package_identification:_identify(src/abb_ros2_msgs/abb_robot_msgs) by extensions ['colcon_meta']
[0.265s] Level 1:colcon.colcon_core.package_identification:_identify(src/abb_ros2_msgs/abb_robot_msgs) by extension 'colcon_meta'
[0.265s] Level 1:colcon.colcon_core.package_identification:_identify(src/abb_ros2_msgs/abb_robot_msgs) by extensions ['ros']
[0.265s] Level 1:colcon.colcon_core.package_identification:_identify(src/abb_ros2_msgs/abb_robot_msgs) by extension 'ros'
[0.266s] DEBUG:colcon.colcon_core.package_identification:Package 'src/abb_ros2_msgs/abb_robot_msgs' with type 'ros.ament_cmake' and name 'abb_robot_msgs'
[0.266s] Level 1:colcon.colcon_core.package_identification:_identify(src/abb_ros2_upstream) by extensions ['ignore', 'ignore_ament_install']
[0.266s] Level 1:colcon.colcon_core.package_identification:_identify(src/abb_ros2_upstream) by extension 'ignore'
[0.266s] Level 1:colcon.colcon_core.package_identification:_identify(src/abb_ros2_upstream) by extension 'ignore_ament_install'
[0.266s] Level 1:colcon.colcon_core.package_identification:_identify(src/abb_ros2_upstream) by extensions ['colcon_pkg']
[0.266s] Level 1:colcon.colcon_core.package_identification:_identify(src/abb_ros2_upstream) by extension 'colcon_pkg'
[0.266s] Level 1:colcon.colcon_core.package_identification:_identify(src/abb_ros2_upstream) by extensions ['colcon_meta']
[0.266s] Level 1:colcon.colcon_core.package_identification:_identify(src/abb_ros2_upstream) by extension 'colcon_meta'
[0.266s] Level 1:colcon.colcon_core.package_identification:_identify(src/abb_ros2_upstream) by extensions ['ros']
[0.266s] Level 1:colcon.colcon_core.package_identification:_identify(src/abb_ros2_upstream) by extension 'ros'
[0.266s] Level 1:colcon.colcon_core.package_identification:_identify(src/abb_ros2_upstream) by extensions ['cmake', 'python']
[0.266s] Level 1:colcon.colcon_core.package_identification:_identify(src/abb_ros2_upstream) by extension 'cmake'
[0.266s] Level 1:colcon.colcon_core.package_identification:_identify(src/abb_ros2_upstream) by extension 'python'
[0.266s] Level 1:colcon.colcon_core.package_identification:_identify(src/abb_ros2_upstream) by extensions ['python_setup_py']
[0.266s] Level 1:colcon.colcon_core.package_identification:_identify(src/abb_ros2_upstream) by extension 'python_setup_py'
[0.266s] Level 1:colcon.colcon_core.package_identification:_identify(src/abb_ros2_upstream/abb_bringup) by extensions ['ignore', 'ignore_ament_install']
[0.266s] Level 1:colcon.colcon_core.package_identification:_identify(src/abb_ros2_upstream/abb_bringup) by extension 'ignore'
[0.266s] Level 1:colcon.colcon_core.package_identification:_identify(src/abb_ros2_upstream/abb_bringup) by extension 'ignore_ament_install'
[0.266s] Level 1:colcon.colcon_core.package_identification:_identify(src/abb_ros2_upstream/abb_bringup) by extensions ['colcon_pkg']
[0.266s] Level 1:colcon.colcon_core.package_identification:_identify(src/abb_ros2_upstream/abb_bringup) by extension 'colcon_pkg'
[0.266s] Level 1:colcon.colcon_core.package_identification:_identify(src/abb_ros2_upstream/abb_bringup) by extensions ['colcon_meta']
[0.267s] Level 1:colcon.colcon_core.package_identification:_identify(src/abb_ros2_upstream/abb_bringup) by extension 'colcon_meta'
[0.267s] Level 1:colcon.colcon_core.package_identification:_identify(src/abb_ros2_upstream/abb_bringup) by extensions ['ros']
[0.267s] Level 1:colcon.colcon_core.package_identification:_identify(src/abb_ros2_upstream/abb_bringup) by extension 'ros'
[0.267s] DEBUG:colcon.colcon_core.package_identification:Package 'src/abb_ros2_upstream/abb_bringup' with type 'ros.ament_cmake' and name 'abb_bringup'
[0.267s] Level 1:colcon.colcon_core.package_identification:_identify(src/abb_ros2_upstream/abb_hardware_interface) by extensions ['ignore', 'ignore_ament_install']
[0.267s] Level 1:colcon.colcon_core.package_identification:_identify(src/abb_ros2_upstream/abb_hardware_interface) by extension 'ignore'
[0.267s] Level 1:colcon.colcon_core.package_identification:_identify(src/abb_ros2_upstream/abb_hardware_interface) by extension 'ignore_ament_install'
[0.267s] Level 1:colcon.colcon_core.package_identification:_identify(src/abb_ros2_upstream/abb_hardware_interface) by extensions ['colcon_pkg']
[0.267s] Level 1:colcon.colcon_core.package_identification:_identify(src/abb_ros2_upstream/abb_hardware_interface) by extension 'colcon_pkg'
[0.268s] Level 1:colcon.colcon_core.package_identification:_identify(src/abb_ros2_upstream/abb_hardware_interface) by extensions ['colcon_meta']
[0.268s] Level 1:colcon.colcon_core.package_identification:_identify(src/abb_ros2_upstream/abb_hardware_interface) by extension 'colcon_meta'
[0.268s] Level 1:colcon.colcon_core.package_identification:_identify(src/abb_ros2_upstream/abb_hardware_interface) by extensions ['ros']
[0.268s] Level 1:colcon.colcon_core.package_identification:_identify(src/abb_ros2_upstream/abb_hardware_interface) by extension 'ros'
[0.269s] DEBUG:colcon.colcon_core.package_identification:Package 'src/abb_ros2_upstream/abb_hardware_interface' with type 'ros.ament_cmake' and name 'abb_hardware_interface'
[0.269s] Level 1:colcon.colcon_core.package_identification:_identify(src/abb_ros2_upstream/abb_resources) by extensions ['ignore', 'ignore_ament_install']
[0.269s] Level 1:colcon.colcon_core.package_identification:_identify(src/abb_ros2_upstream/abb_resources) by extension 'ignore'
[0.269s] Level 1:colcon.colcon_core.package_identification:_identify(src/abb_ros2_upstream/abb_resources) by extension 'ignore_ament_install'
[0.269s] Level 1:colcon.colcon_core.package_identification:_identify(src/abb_ros2_upstream/abb_resources) by extensions ['colcon_pkg']
[0.269s] Level 1:colcon.colcon_core.package_identification:_identify(src/abb_ros2_upstream/abb_resources) by extension 'colcon_pkg'
[0.269s] Level 1:colcon.colcon_core.package_identification:_identify(src/abb_ros2_upstream/abb_resources) by extensions ['colcon_meta']
[0.269s] Level 1:colcon.colcon_core.package_identification:_identify(src/abb_ros2_upstream/abb_resources) by extension 'colcon_meta'
[0.269s] Level 1:colcon.colcon_core.package_identification:_identify(src/abb_ros2_upstream/abb_resources) by extensions ['ros']
[0.269s] Level 1:colcon.colcon_core.package_identification:_identify(src/abb_ros2_upstream/abb_resources) by extension 'ros'
[0.269s] DEBUG:colcon.colcon_core.package_identification:Package 'src/abb_ros2_upstream/abb_resources' with type 'ros.ament_cmake' and name 'abb_resources'
[0.269s] Level 1:colcon.colcon_core.package_identification:_identify(src/abb_ros2_upstream/abb_ros2) by extensions ['ignore', 'ignore_ament_install']
[0.270s] Level 1:colcon.colcon_core.package_identification:_identify(src/abb_ros2_upstream/abb_ros2) by extension 'ignore'
[0.270s] Level 1:colcon.colcon_core.package_identification:_identify(src/abb_ros2_upstream/abb_ros2) by extension 'ignore_ament_install'
[0.270s] Level 1:colcon.colcon_core.package_identification:_identify(src/abb_ros2_upstream/abb_ros2) by extensions ['colcon_pkg']
[0.270s] Level 1:colcon.colcon_core.package_identification:_identify(src/abb_ros2_upstream/abb_ros2) by extension 'colcon_pkg'
[0.270s] Level 1:colcon.colcon_core.package_identification:_identify(src/abb_ros2_upstream/abb_ros2) by extensions ['colcon_meta']
[0.270s] Level 1:colcon.colcon_core.package_identification:_identify(src/abb_ros2_upstream/abb_ros2) by extension 'colcon_meta'
[0.270s] Level 1:colcon.colcon_core.package_identification:_identify(src/abb_ros2_upstream/abb_ros2) by extensions ['ros']
[0.270s] Level 1:colcon.colcon_core.package_identification:_identify(src/abb_ros2_upstream/abb_ros2) by extension 'ros'
[0.270s] DEBUG:colcon.colcon_core.package_identification:Package 'src/abb_ros2_upstream/abb_ros2' with type 'ros.ament_cmake' and name 'abb_ros2'
[0.270s] Level 1:colcon.colcon_core.package_identification:_identify(src/abb_ros2_upstream/abb_rws_client) by extensions ['ignore', 'ignore_ament_install']
[0.270s] Level 1:colcon.colcon_core.package_identification:_identify(src/abb_ros2_upstream/abb_rws_client) by extension 'ignore'
[0.271s] Level 1:colcon.colcon_core.package_identification:_identify(src/abb_ros2_upstream/abb_rws_client) by extension 'ignore_ament_install'
[0.271s] Level 1:colcon.colcon_core.package_identification:_identify(src/abb_ros2_upstream/abb_rws_client) by extensions ['colcon_pkg']
[0.271s] Level 1:colcon.colcon_core.package_identification:_identify(src/abb_ros2_upstream/abb_rws_client) by extension 'colcon_pkg'
[0.271s] Level 1:colcon.colcon_core.package_identification:_identify(src/abb_ros2_upstream/abb_rws_client) by extensions ['colcon_meta']
[0.271s] Level 1:colcon.colcon_core.package_identification:_identify(src/abb_ros2_upstream/abb_rws_client) by extension 'colcon_meta'
[0.271s] Level 1:colcon.colcon_core.package_identification:_identify(src/abb_ros2_upstream/abb_rws_client) by extensions ['ros']
[0.271s] Level 1:colcon.colcon_core.package_identification:_identify(src/abb_ros2_upstream/abb_rws_client) by extension 'ros'
[0.272s] DEBUG:colcon.colcon_core.package_identification:Package 'src/abb_ros2_upstream/abb_rws_client' with type 'ros.ament_cmake' and name 'abb_rws_client'
[0.272s] Level 1:colcon.colcon_core.package_identification:_identify(src/abb_ros2_upstream/docs) by extensions ['ignore', 'ignore_ament_install']
[0.272s] Level 1:colcon.colcon_core.package_identification:_identify(src/abb_ros2_upstream/docs) by extension 'ignore'
[0.272s] Level 1:colcon.colcon_core.package_identification:_identify(src/abb_ros2_upstream/docs) by extension 'ignore_ament_install'
[0.272s] Level 1:colcon.colcon_core.package_identification:_identify(src/abb_ros2_upstream/docs) by extensions ['colcon_pkg']
[0.272s] Level 1:colcon.colcon_core.package_identification:_identify(src/abb_ros2_upstream/docs) by extension 'colcon_pkg'
[0.272s] Level 1:colcon.colcon_core.package_identification:_identify(src/abb_ros2_upstream/docs) by extensions ['colcon_meta']
[0.272s] Level 1:colcon.colcon_core.package_identification:_identify(src/abb_ros2_upstream/docs) by extension 'colcon_meta'
[0.272s] Level 1:colcon.colcon_core.package_identification:_identify(src/abb_ros2_upstream/docs) by extensions ['ros']
[0.272s] Level 1:colcon.colcon_core.package_identification:_identify(src/abb_ros2_upstream/docs) by extension 'ros'
[0.272s] Level 1:colcon.colcon_core.package_identification:_identify(src/abb_ros2_upstream/docs) by extensions ['cmake', 'python']
[0.272s] Level 1:colcon.colcon_core.package_identification:_identify(src/abb_ros2_upstream/docs) by extension 'cmake'
[0.272s] Level 1:colcon.colcon_core.package_identification:_identify(src/abb_ros2_upstream/docs) by extension 'python'
[0.272s] Level 1:colcon.colcon_core.package_identification:_identify(src/abb_ros2_upstream/docs) by extensions ['python_setup_py']
[0.272s] Level 1:colcon.colcon_core.package_identification:_identify(src/abb_ros2_upstream/docs) by extension 'python_setup_py'
[0.272s] Level 1:colcon.colcon_core.package_identification:_identify(src/abb_ros2_upstream/docs/images) by extensions ['ignore', 'ignore_ament_install']
[0.272s] Level 1:colcon.colcon_core.package_identification:_identify(src/abb_ros2_upstream/docs/images) by extension 'ignore'
[0.272s] Level 1:colcon.colcon_core.package_identification:_identify(src/abb_ros2_upstream/docs/images) by extension 'ignore_ament_install'
[0.273s] Level 1:colcon.colcon_core.package_identification:_identify(src/abb_ros2_upstream/docs/images) by extensions ['colcon_pkg']
[0.273s] Level 1:colcon.colcon_core.package_identification:_identify(src/abb_ros2_upstream/docs/images) by extension 'colcon_pkg'
[0.273s] Level 1:colcon.colcon_core.package_identification:_identify(src/abb_ros2_upstream/docs/images) by extensions ['colcon_meta']
[0.273s] Level 1:colcon.colcon_core.package_identification:_identify(src/abb_ros2_upstream/docs/images) by extension 'colcon_meta'
[0.273s] Level 1:colcon.colcon_core.package_identification:_identify(src/abb_ros2_upstream/docs/images) by extensions ['ros']
[0.273s] Level 1:colcon.colcon_core.package_identification:_identify(src/abb_ros2_upstream/docs/images) by extension 'ros'
[0.273s] Level 1:colcon.colcon_core.package_identification:_identify(src/abb_ros2_upstream/docs/images) by extensions ['cmake', 'python']
[0.273s] Level 1:colcon.colcon_core.package_identification:_identify(src/abb_ros2_upstream/docs/images) by extension 'cmake'
[0.273s] Level 1:colcon.colcon_core.package_identification:_identify(src/abb_ros2_upstream/docs/images) by extension 'python'
[0.273s] Level 1:colcon.colcon_core.package_identification:_identify(src/abb_ros2_upstream/docs/images) by extensions ['python_setup_py']
[0.273s] Level 1:colcon.colcon_core.package_identification:_identify(src/abb_ros2_upstream/docs/images) by extension 'python_setup_py'
[0.273s] Level 1:colcon.colcon_core.package_identification:_identify(src/abb_ros2_upstream/robot_specific_config) by extensions ['ignore', 'ignore_ament_install']
[0.273s] Level 1:colcon.colcon_core.package_identification:_identify(src/abb_ros2_upstream/robot_specific_config) by extension 'ignore'
[0.273s] Level 1:colcon.colcon_core.package_identification:_identify(src/abb_ros2_upstream/robot_specific_config) by extension 'ignore_ament_install'
[0.273s] Level 1:colcon.colcon_core.package_identification:_identify(src/abb_ros2_upstream/robot_specific_config) by extensions ['colcon_pkg']
[0.273s] Level 1:colcon.colcon_core.package_identification:_identify(src/abb_ros2_upstream/robot_specific_config) by extension 'colcon_pkg'
[0.273s] Level 1:colcon.colcon_core.package_identification:_identify(src/abb_ros2_upstream/robot_specific_config) by extensions ['colcon_meta']
[0.273s] Level 1:colcon.colcon_core.package_identification:_identify(src/abb_ros2_upstream/robot_specific_config) by extension 'colcon_meta'
[0.273s] Level 1:colcon.colcon_core.package_identification:_identify(src/abb_ros2_upstream/robot_specific_config) by extensions ['ros']
[0.273s] Level 1:colcon.colcon_core.package_identification:_identify(src/abb_ros2_upstream/robot_specific_config) by extension 'ros'
[0.273s] Level 1:colcon.colcon_core.package_identification:_identify(src/abb_ros2_upstream/robot_specific_config) by extensions ['cmake', 'python']
[0.273s] Level 1:colcon.colcon_core.package_identification:_identify(src/abb_ros2_upstream/robot_specific_config) by extension 'cmake'
[0.273s] Level 1:colcon.colcon_core.package_identification:_identify(src/abb_ros2_upstream/robot_specific_config) by extension 'python'
[0.273s] Level 1:colcon.colcon_core.package_identification:_identify(src/abb_ros2_upstream/robot_specific_config) by extensions ['python_setup_py']
[0.274s] Level 1:colcon.colcon_core.package_identification:_identify(src/abb_ros2_upstream/robot_specific_config) by extension 'python_setup_py'
[0.274s] Level 1:colcon.colcon_core.package_identification:_identify(src/abb_ros2_upstream/robot_specific_config/abb_irb1200_5_90_moveit_config) by extensions ['ignore', 'ignore_ament_install']
[0.274s] Level 1:colcon.colcon_core.package_identification:_identify(src/abb_ros2_upstream/robot_specific_config/abb_irb1200_5_90_moveit_config) by extension 'ignore'
[0.274s] Level 1:colcon.colcon_core.package_identification:_identify(src/abb_ros2_upstream/robot_specific_config/abb_irb1200_5_90_moveit_config) by extension 'ignore_ament_install'
[0.274s] Level 1:colcon.colcon_core.package_identification:_identify(src/abb_ros2_upstream/robot_specific_config/abb_irb1200_5_90_moveit_config) by extensions ['colcon_pkg']
[0.274s] Level 1:colcon.colcon_core.package_identification:_identify(src/abb_ros2_upstream/robot_specific_config/abb_irb1200_5_90_moveit_config) by extension 'colcon_pkg'
[0.274s] Level 1:colcon.colcon_core.package_identification:_identify(src/abb_ros2_upstream/robot_specific_config/abb_irb1200_5_90_moveit_config) by extensions ['colcon_meta']
[0.274s] Level 1:colcon.colcon_core.package_identification:_identify(src/abb_ros2_upstream/robot_specific_config/abb_irb1200_5_90_moveit_config) by extension 'colcon_meta'
[0.274s] Level 1:colcon.colcon_core.package_identification:_identify(src/abb_ros2_upstream/robot_specific_config/abb_irb1200_5_90_moveit_config) by extensions ['ros']
[0.274s] Level 1:colcon.colcon_core.package_identification:_identify(src/abb_ros2_upstream/robot_specific_config/abb_irb1200_5_90_moveit_config) by extension 'ros'
[0.275s] DEBUG:colcon.colcon_core.package_identification:Package 'src/abb_ros2_upstream/robot_specific_config/abb_irb1200_5_90_moveit_config' with type 'ros.ament_cmake' and name 'abb_irb1200_5_90_moveit_config'
[0.275s] Level 1:colcon.colcon_core.package_identification:_identify(src/abb_ros2_upstream/robot_specific_config/abb_irb1200_support) by extensions ['ignore', 'ignore_ament_install']
[0.275s] Level 1:colcon.colcon_core.package_identification:_identify(src/abb_ros2_upstream/robot_specific_config/abb_irb1200_support) by extension 'ignore'
[0.275s] Level 1:colcon.colcon_core.package_identification:_identify(src/abb_ros2_upstream/robot_specific_config/abb_irb1200_support) by extension 'ignore_ament_install'
[0.275s] Level 1:colcon.colcon_core.package_identification:_identify(src/abb_ros2_upstream/robot_specific_config/abb_irb1200_support) by extensions ['colcon_pkg']
[0.275s] Level 1:colcon.colcon_core.package_identification:_identify(src/abb_ros2_upstream/robot_specific_config/abb_irb1200_support) by extension 'colcon_pkg'
[0.275s] Level 1:colcon.colcon_core.package_identification:_identify(src/abb_ros2_upstream/robot_specific_config/abb_irb1200_support) by extensions ['colcon_meta']
[0.276s] Level 1:colcon.colcon_core.package_identification:_identify(src/abb_ros2_upstream/robot_specific_config/abb_irb1200_support) by extension 'colcon_meta'
[0.276s] Level 1:colcon.colcon_core.package_identification:_identify(src/abb_ros2_upstream/robot_specific_config/abb_irb1200_support) by extensions ['ros']
[0.276s] Level 1:colcon.colcon_core.package_identification:_identify(src/abb_ros2_upstream/robot_specific_config/abb_irb1200_support) by extension 'ros'
[0.276s] DEBUG:colcon.colcon_core.package_identification:Package 'src/abb_ros2_upstream/robot_specific_config/abb_irb1200_support' with type 'ros.ament_cmake' and name 'abb_irb1200_support'
[0.276s] Level 1:colcon.colcon_core.package_identification:_identify(src/abb_ros2_upstream/robot_specific_config/abb_irb4600_support) by extensions ['ignore', 'ignore_ament_install']
[0.276s] Level 1:colcon.colcon_core.package_identification:_identify(src/abb_ros2_upstream/robot_specific_config/abb_irb4600_support) by extension 'ignore'
[0.276s] Level 1:colcon.colcon_core.package_identification:_identify(src/abb_ros2_upstream/robot_specific_config/abb_irb4600_support) by extension 'ignore_ament_install'
[0.276s] Level 1:colcon.colcon_core.package_identification:_identify(src/abb_ros2_upstream/robot_specific_config/abb_irb4600_support) by extensions ['colcon_pkg']
[0.277s] Level 1:colcon.colcon_core.package_identification:_identify(src/abb_ros2_upstream/robot_specific_config/abb_irb4600_support) by extension 'colcon_pkg'
[0.277s] Level 1:colcon.colcon_core.package_identification:_identify(src/abb_ros2_upstream/robot_specific_config/abb_irb4600_support) by extensions ['colcon_meta']
[0.277s] Level 1:colcon.colcon_core.package_identification:_identify(src/abb_ros2_upstream/robot_specific_config/abb_irb4600_support) by extension 'colcon_meta'
[0.277s] Level 1:colcon.colcon_core.package_identification:_identify(src/abb_ros2_upstream/robot_specific_config/abb_irb4600_support) by extensions ['ros']
[0.277s] Level 1:colcon.colcon_core.package_identification:_identify(src/abb_ros2_upstream/robot_specific_config/abb_irb4600_support) by extension 'ros'
[0.277s] DEBUG:colcon.colcon_core.package_identification:Package 'src/abb_ros2_upstream/robot_specific_config/abb_irb4600_support' with type 'ros.ament_cmake' and name 'abb_irb4600_support'
[0.277s] Level 1:colcon.colcon_core.package_identification:_identify(src/abb_ros2_upstream/robot_studio_resources) by extensions ['ignore', 'ignore_ament_install']
[0.277s] Level 1:colcon.colcon_core.package_identification:_identify(src/abb_ros2_upstream/robot_studio_resources) by extension 'ignore'
[0.277s] Level 1:colcon.colcon_core.package_identification:_identify(src/abb_ros2_upstream/robot_studio_resources) by extension 'ignore_ament_install'
[0.277s] Level 1:colcon.colcon_core.package_identification:_identify(src/abb_ros2_upstream/robot_studio_resources) by extensions ['colcon_pkg']
[0.278s] Level 1:colcon.colcon_core.package_identification:_identify(src/abb_ros2_upstream/robot_studio_resources) by extension 'colcon_pkg'
[0.278s] Level 1:colcon.colcon_core.package_identification:_identify(src/abb_ros2_upstream/robot_studio_resources) by extensions ['colcon_meta']
[0.278s] Level 1:colcon.colcon_core.package_identification:_identify(src/abb_ros2_upstream/robot_studio_resources) by extension 'colcon_meta'
[0.278s] Level 1:colcon.colcon_core.package_identification:_identify(src/abb_ros2_upstream/robot_studio_resources) by extensions ['ros']
[0.278s] Level 1:colcon.colcon_core.package_identification:_identify(src/abb_ros2_upstream/robot_studio_resources) by extension 'ros'
[0.278s] Level 1:colcon.colcon_core.package_identification:_identify(src/abb_ros2_upstream/robot_studio_resources) by extensions ['cmake', 'python']
[0.278s] Level 1:colcon.colcon_core.package_identification:_identify(src/abb_ros2_upstream/robot_studio_resources) by extension 'cmake'
[0.278s] Level 1:colcon.colcon_core.package_identification:_identify(src/abb_ros2_upstream/robot_studio_resources) by extension 'python'
[0.278s] Level 1:colcon.colcon_core.package_identification:_identify(src/abb_ros2_upstream/robot_studio_resources) by extensions ['python_setup_py']
[0.278s] Level 1:colcon.colcon_core.package_identification:_identify(src/abb_ros2_upstream/robot_studio_resources) by extension 'python_setup_py'
[0.278s] Level 1:colcon.colcon_core.package_identification:_identify(src/abb_ros2_upstream/robot_studio_resources/velocity_control_example) by extensions ['ignore', 'ignore_ament_install']
[0.278s] Level 1:colcon.colcon_core.package_identification:_identify(src/abb_ros2_upstream/robot_studio_resources/velocity_control_example) by extension 'ignore'
[0.278s] Level 1:colcon.colcon_core.package_identification:_identify(src/abb_ros2_upstream/robot_studio_resources/velocity_control_example) by extension 'ignore_ament_install'
[0.278s] Level 1:colcon.colcon_core.package_identification:_identify(src/abb_ros2_upstream/robot_studio_resources/velocity_control_example) by extensions ['colcon_pkg']
[0.278s] Level 1:colcon.colcon_core.package_identification:_identify(src/abb_ros2_upstream/robot_studio_resources/velocity_control_example) by extension 'colcon_pkg'
[0.278s] Level 1:colcon.colcon_core.package_identification:_identify(src/abb_ros2_upstream/robot_studio_resources/velocity_control_example) by extensions ['colcon_meta']
[0.278s] Level 1:colcon.colcon_core.package_identification:_identify(src/abb_ros2_upstream/robot_studio_resources/velocity_control_example) by extension 'colcon_meta'
[0.278s] Level 1:colcon.colcon_core.package_identification:_identify(src/abb_ros2_upstream/robot_studio_resources/velocity_control_example) by extensions ['ros']
[0.278s] Level 1:colcon.colcon_core.package_identification:_identify(src/abb_ros2_upstream/robot_studio_resources/velocity_control_example) by extension 'ros'
[0.278s] Level 1:colcon.colcon_core.package_identification:_identify(src/abb_ros2_upstream/robot_studio_resources/velocity_control_example) by extensions ['cmake', 'python']
[0.278s] Level 1:colcon.colcon_core.package_identification:_identify(src/abb_ros2_upstream/robot_studio_resources/velocity_control_example) by extension 'cmake'
[0.278s] Level 1:colcon.colcon_core.package_identification:_identify(src/abb_ros2_upstream/robot_studio_resources/velocity_control_example) by extension 'python'
[0.278s] Level 1:colcon.colcon_core.package_identification:_identify(src/abb_ros2_upstream/robot_studio_resources/velocity_control_example) by extensions ['python_setup_py']
[0.278s] Level 1:colcon.colcon_core.package_identification:_identify(src/abb_ros2_upstream/robot_studio_resources/velocity_control_example) by extension 'python_setup_py'
[0.279s] Level 1:colcon.colcon_core.package_identification:_identify(src/click_to_move) by extensions ['ignore', 'ignore_ament_install']
[0.279s] Level 1:colcon.colcon_core.package_identification:_identify(src/click_to_move) by extension 'ignore'
[0.279s] Level 1:colcon.colcon_core.package_identification:_identify(src/click_to_move) by extension 'ignore_ament_install'
[0.279s] Level 1:colcon.colcon_core.package_identification:_identify(src/click_to_move) by extensions ['colcon_pkg']
[0.279s] Level 1:colcon.colcon_core.package_identification:_identify(src/click_to_move) by extension 'colcon_pkg'
[0.279s] Level 1:colcon.colcon_core.package_identification:_identify(src/click_to_move) by extensions ['colcon_meta']
[0.279s] Level 1:colcon.colcon_core.package_identification:_identify(src/click_to_move) by extension 'colcon_meta'
[0.279s] Level 1:colcon.colcon_core.package_identification:_identify(src/click_to_move) by extensions ['ros']
[0.279s] Level 1:colcon.colcon_core.package_identification:_identify(src/click_to_move) by extension 'ros'
[0.280s] DEBUG:colcon.colcon_core.package_identification:Package 'src/click_to_move' with type 'ros.ament_cmake' and name 'click_to_move'
[0.280s] Level 1:colcon.colcon_core.package_identification:_identify(src/workcell_config) by extensions ['ignore', 'ignore_ament_install']
[0.280s] Level 1:colcon.colcon_core.package_identification:_identify(src/workcell_config) by extension 'ignore'
[0.280s] Level 1:colcon.colcon_core.package_identification:_identify(src/workcell_config) by extension 'ignore_ament_install'
[0.280s] Level 1:colcon.colcon_core.package_identification:_identify(src/workcell_config) by extensions ['colcon_pkg']
[0.280s] Level 1:colcon.colcon_core.package_identification:_identify(src/workcell_config) by extension 'colcon_pkg'
[0.280s] Level 1:colcon.colcon_core.package_identification:_identify(src/workcell_config) by extensions ['colcon_meta']
[0.280s] Level 1:colcon.colcon_core.package_identification:_identify(src/workcell_config) by extension 'colcon_meta'
[0.280s] Level 1:colcon.colcon_core.package_identification:_identify(src/workcell_config) by extensions ['ros']
[0.280s] Level 1:colcon.colcon_core.package_identification:_identify(src/workcell_config) by extension 'ros'
[0.289s] DEBUG:colcon.colcon_core.package_identification:Package 'src/workcell_config' with type 'ros.ament_cmake' and name 'workcell_config'
[0.289s] Level 1:colcon.colcon_core.package_identification:_identify(src/workcell_description) by extensions ['ignore', 'ignore_ament_install']
[0.289s] Level 1:colcon.colcon_core.package_identification:_identify(src/workcell_description) by extension 'ignore'
[0.289s] Level 1:colcon.colcon_core.package_identification:_identify(src/workcell_description) by extension 'ignore_ament_install'
[0.289s] Level 1:colcon.colcon_core.package_identification:_identify(src/workcell_description) by extensions ['colcon_pkg']
[0.289s] Level 1:colcon.colcon_core.package_identification:_identify(src/workcell_description) by extension 'colcon_pkg'
[0.289s] Level 1:colcon.colcon_core.package_identification:_identify(src/workcell_description) by extensions ['colcon_meta']
[0.289s] Level 1:colcon.colcon_core.package_identification:_identify(src/workcell_description) by extension 'colcon_meta'
[0.289s] Level 1:colcon.colcon_core.package_identification:_identify(src/workcell_description) by extensions ['ros']
[0.289s] Level 1:colcon.colcon_core.package_identification:_identify(src/workcell_description) by extension 'ros'
[0.290s] DEBUG:colcon.colcon_core.package_identification:Package 'src/workcell_description' with type 'ros.ament_cmake' and name 'workcell_description'
[0.290s] Level 1:colcon.colcon_core.package_identification:_identify(tools) by extensions ['ignore', 'ignore_ament_install']
[0.290s] Level 1:colcon.colcon_core.package_identification:_identify(tools) by extension 'ignore'
[0.290s] Level 1:colcon.colcon_core.package_identification:_identify(tools) by extension 'ignore_ament_install'
[0.290s] Level 1:colcon.colcon_core.package_identification:_identify(tools) by extensions ['colcon_pkg']
[0.290s] Level 1:colcon.colcon_core.package_identification:_identify(tools) by extension 'colcon_pkg'
[0.290s] Level 1:colcon.colcon_core.package_identification:_identify(tools) by extensions ['colcon_meta']
[0.290s] Level 1:colcon.colcon_core.package_identification:_identify(tools) by extension 'colcon_meta'
[0.290s] Level 1:colcon.colcon_core.package_identification:_identify(tools) by extensions ['ros']
[0.290s] Level 1:colcon.colcon_core.package_identification:_identify(tools) by extension 'ros'
[0.290s] Level 1:colcon.colcon_core.package_identification:_identify(tools) by extensions ['cmake', 'python']
[0.290s] Level 1:colcon.colcon_core.package_identification:_identify(tools) by extension 'cmake'
[0.291s] Level 1:colcon.colcon_core.package_identification:_identify(tools) by extension 'python'
[0.291s] Level 1:colcon.colcon_core.package_identification:_identify(tools) by extensions ['python_setup_py']
[0.291s] Level 1:colcon.colcon_core.package_identification:_identify(tools) by extension 'python_setup_py'
[0.291s] Level 1:colcon.colcon_core.package_discovery:discover_packages(recursive) using defaults
[0.291s] Level 1:colcon.colcon_core.package_discovery:discover_packages(ignore) discover
[0.291s] Level 1:colcon.colcon_core.package_discovery:discover_packages(ignore) using defaults
[0.291s] Level 1:colcon.colcon_core.package_discovery:discover_packages(path) discover
[0.291s] Level 1:colcon.colcon_core.package_discovery:discover_packages(path) using defaults
[0.311s] INFO:colcon.colcon_core.package_selection:Skipping not selected package 'abb_egm_msgs' in 'src/abb_ros2_msgs/abb_egm_msgs'
[0.311s] INFO:colcon.colcon_core.package_selection:Skipping not selected package 'abb_irb1200_support' in 'src/abb_ros2_upstream/robot_specific_config/abb_irb1200_support'
[0.311s] INFO:colcon.colcon_core.package_selection:Skipping not selected package 'abb_irb4600_support' in 'src/abb_ros2_upstream/robot_specific_config/abb_irb4600_support'
[0.311s] INFO:colcon.colcon_core.package_selection:Skipping not selected package 'abb_libegm' in 'src/abb_libegm'
[0.311s] INFO:colcon.colcon_core.package_selection:Skipping not selected package 'abb_librws' in 'src/abb_librws'
[0.311s] INFO:colcon.colcon_core.package_selection:Skipping not selected package 'abb_rapid_msgs' in 'src/abb_ros2_msgs/abb_rapid_msgs'
[0.311s] INFO:colcon.colcon_core.package_selection:Skipping not selected package 'abb_resources' in 'src/abb_ros2_upstream/abb_resources'
[0.311s] INFO:colcon.colcon_core.package_selection:Skipping not selected package 'abb_robot_msgs' in 'src/abb_ros2_msgs/abb_robot_msgs'
[0.311s] INFO:colcon.colcon_core.package_selection:Skipping not selected package 'abb_ros2' in 'src/abb_ros2_upstream/abb_ros2'
[0.311s] INFO:colcon.colcon_core.package_selection:Skipping not selected package 'abb_egm_rws_managers' in 'src/abb_egm_rws_managers'
[0.311s] INFO:colcon.colcon_core.package_selection:Skipping not selected package 'abb_irb1200_5_90_moveit_config' in 'src/abb_ros2_upstream/robot_specific_config/abb_irb1200_5_90_moveit_config'
[0.311s] INFO:colcon.colcon_core.package_selection:Skipping not selected package 'abb_rapid_sm_addin_msgs' in 'src/abb_ros2_msgs/abb_rapid_sm_addin_msgs'
[0.311s] INFO:colcon.colcon_core.package_selection:Skipping not selected package 'abb_rws_client' in 'src/abb_ros2_upstream/abb_rws_client'
[0.311s] INFO:colcon.colcon_core.package_selection:Skipping not selected package 'click_to_move' in 'src/click_to_move'
[0.311s] Level 1:colcon.colcon_core.package_discovery:discover_packages(prefix_path) check parameters
[0.311s] Level 1:colcon.colcon_core.package_discovery:discover_packages(prefix_path) discover
[0.314s] DEBUG:colcon.colcon_installed_package_information.package_discovery:Found 322 installed packages in /opt/ros/humble
[0.315s] Level 1:colcon.colcon_core.package_discovery:discover_packages(prefix_path) using defaults
[0.352s] Level 5:colcon.colcon_core.verb:set package 'abb_pi0_bridge' build argument 'cmake_args' from command line to '['-DPython3_EXECUTABLE=/usr/bin/python3']'
[0.353s] Level 5:colcon.colcon_core.verb:set package 'abb_pi0_bridge' build argument 'cmake_target' from command line to 'None'
[0.353s] Level 5:colcon.colcon_core.verb:set package 'abb_pi0_bridge' build argument 'cmake_target_skip_unavailable' from command line to 'False'
[0.353s] Level 5:colcon.colcon_core.verb:set package 'abb_pi0_bridge' build argument 'cmake_clean_cache' from command line to 'False'
[0.353s] Level 5:colcon.colcon_core.verb:set package 'abb_pi0_bridge' build argument 'cmake_clean_first' from command line to 'False'
[0.353s] Level 5:colcon.colcon_core.verb:set package 'abb_pi0_bridge' build argument 'cmake_force_configure' from command line to 'False'
[0.353s] Level 5:colcon.colcon_core.verb:set package 'abb_pi0_bridge' build argument 'ament_cmake_args' from command line to 'None'
[0.353s] Level 5:colcon.colcon_core.verb:set package 'abb_pi0_bridge' build argument 'catkin_cmake_args' from command line to 'None'
[0.353s] Level 5:colcon.colcon_core.verb:set package 'abb_pi0_bridge' build argument 'catkin_skip_building_tests' from command line to 'False'
[0.353s] DEBUG:colcon.colcon_core.verb:Building package 'abb_pi0_bridge' with the following arguments: {'ament_cmake_args': None, 'build_base': '/home/heng/workspace/ws_RAMS/build/abb_pi0_bridge', 'catkin_cmake_args': None, 'catkin_skip_building_tests': False, 'cmake_args': ['-DPython3_EXECUTABLE=/usr/bin/python3'], 'cmake_clean_cache': False, 'cmake_clean_first': False, 'cmake_force_configure': False, 'cmake_target': None, 'cmake_target_skip_unavailable': False, 'install_base': '/home/heng/workspace/ws_RAMS/install/abb_pi0_bridge', 'merge_install': False, 'path': '/home/heng/workspace/ws_RAMS/src/abb_pi0_bridge', 'symlink_install': False, 'test_result_base': None}
[0.353s] Level 5:colcon.colcon_core.verb:set package 'workcell_description' build argument 'cmake_args' from command line to '['-DPython3_EXECUTABLE=/usr/bin/python3']'
[0.353s] Level 5:colcon.colcon_core.verb:set package 'workcell_description' build argument 'cmake_target' from command line to 'None'
[0.353s] Level 5:colcon.colcon_core.verb:set package 'workcell_description' build argument 'cmake_target_skip_unavailable' from command line to 'False'
[0.353s] Level 5:colcon.colcon_core.verb:set package 'workcell_description' build argument 'cmake_clean_cache' from command line to 'False'
[0.353s] Level 5:colcon.colcon_core.verb:set package 'workcell_description' build argument 'cmake_clean_first' from command line to 'False'
[0.353s] Level 5:colcon.colcon_core.verb:set package 'workcell_description' build argument 'cmake_force_configure' from command line to 'False'
[0.353s] Level 5:colcon.colcon_core.verb:set package 'workcell_description' build argument 'ament_cmake_args' from command line to 'None'
[0.353s] Level 5:colcon.colcon_core.verb:set package 'workcell_description' build argument 'catkin_cmake_args' from command line to 'None'
[0.353s] Level 5:colcon.colcon_core.verb:set package 'workcell_description' build argument 'catkin_skip_building_tests' from command line to 'False'
[0.353s] DEBUG:colcon.colcon_core.verb:Building package 'workcell_description' with the following arguments: {'ament_cmake_args': None, 'build_base': '/home/heng/workspace/ws_RAMS/build/workcell_description', 'catkin_cmake_args': None, 'catkin_skip_building_tests': False, 'cmake_args': ['-DPython3_EXECUTABLE=/usr/bin/python3'], 'cmake_clean_cache': False, 'cmake_clean_first': False, 'cmake_force_configure': False, 'cmake_target': None, 'cmake_target_skip_unavailable': False, 'install_base': '/home/heng/workspace/ws_RAMS/install/workcell_description', 'merge_install': False, 'path': '/home/heng/workspace/ws_RAMS/src/workcell_description', 'symlink_install': False, 'test_result_base': None}
[0.354s] Level 5:colcon.colcon_core.verb:set package 'workcell_config' build argument 'cmake_args' from command line to '['-DPython3_EXECUTABLE=/usr/bin/python3']'
[0.354s] Level 5:colcon.colcon_core.verb:set package 'workcell_config' build argument 'cmake_target' from command line to 'None'
[0.354s] Level 5:colcon.colcon_core.verb:set package 'workcell_config' build argument 'cmake_target_skip_unavailable' from command line to 'False'
[0.354s] Level 5:colcon.colcon_core.verb:set package 'workcell_config' build argument 'cmake_clean_cache' from command line to 'False'
[0.354s] Level 5:colcon.colcon_core.verb:set package 'workcell_config' build argument 'cmake_clean_first' from command line to 'False'
[0.354s] Level 5:colcon.colcon_core.verb:set package 'workcell_config' build argument 'cmake_force_configure' from command line to 'False'
[0.354s] Level 5:colcon.colcon_core.verb:set package 'workcell_config' build argument 'ament_cmake_args' from command line to 'None'
[0.354s] Level 5:colcon.colcon_core.verb:set package 'workcell_config' build argument 'catkin_cmake_args' from command line to 'None'
[0.354s] Level 5:colcon.colcon_core.verb:set package 'workcell_config' build argument 'catkin_skip_building_tests' from command line to 'False'
[0.354s] DEBUG:colcon.colcon_core.verb:Building package 'workcell_config' with the following arguments: {'ament_cmake_args': None, 'build_base': '/home/heng/workspace/ws_RAMS/build/workcell_config', 'catkin_cmake_args': None, 'catkin_skip_building_tests': False, 'cmake_args': ['-DPython3_EXECUTABLE=/usr/bin/python3'], 'cmake_clean_cache': False, 'cmake_clean_first': False, 'cmake_force_configure': False, 'cmake_target': None, 'cmake_target_skip_unavailable': False, 'install_base': '/home/heng/workspace/ws_RAMS/install/workcell_config', 'merge_install': False, 'path': '/home/heng/workspace/ws_RAMS/src/workcell_config', 'symlink_install': False, 'test_result_base': None}
[0.354s] Level 5:colcon.colcon_core.verb:set package 'abb_bringup' build argument 'cmake_args' from command line to '['-DPython3_EXECUTABLE=/usr/bin/python3']'
[0.354s] Level 5:colcon.colcon_core.verb:set package 'abb_bringup' build argument 'cmake_target' from command line to 'None'
[0.354s] Level 5:colcon.colcon_core.verb:set package 'abb_bringup' build argument 'cmake_target_skip_unavailable' from command line to 'False'
[0.354s] Level 5:colcon.colcon_core.verb:set package 'abb_bringup' build argument 'cmake_clean_cache' from command line to 'False'
[0.354s] Level 5:colcon.colcon_core.verb:set package 'abb_bringup' build argument 'cmake_clean_first' from command line to 'False'
[0.354s] Level 5:colcon.colcon_core.verb:set package 'abb_bringup' build argument 'cmake_force_configure' from command line to 'False'
[0.354s] Level 5:colcon.colcon_core.verb:set package 'abb_bringup' build argument 'ament_cmake_args' from command line to 'None'
[0.354s] Level 5:colcon.colcon_core.verb:set package 'abb_bringup' build argument 'catkin_cmake_args' from command line to 'None'
[0.354s] Level 5:colcon.colcon_core.verb:set package 'abb_bringup' build argument 'catkin_skip_building_tests' from command line to 'False'
[0.354s] DEBUG:colcon.colcon_core.verb:Building package 'abb_bringup' with the following arguments: {'ament_cmake_args': None, 'build_base': '/home/heng/workspace/ws_RAMS/build/abb_bringup', 'catkin_cmake_args': None, 'catkin_skip_building_tests': False, 'cmake_args': ['-DPython3_EXECUTABLE=/usr/bin/python3'], 'cmake_clean_cache': False, 'cmake_clean_first': False, 'cmake_force_configure': False, 'cmake_target': None, 'cmake_target_skip_unavailable': False, 'install_base': '/home/heng/workspace/ws_RAMS/install/abb_bringup', 'merge_install': False, 'path': '/home/heng/workspace/ws_RAMS/src/abb_ros2_upstream/abb_bringup', 'symlink_install': False, 'test_result_base': None}
[0.355s] Level 5:colcon.colcon_core.verb:set package 'abb_hardware_interface' build argument 'cmake_args' from command line to '['-DPython3_EXECUTABLE=/usr/bin/python3']'
[0.355s] Level 5:colcon.colcon_core.verb:set package 'abb_hardware_interface' build argument 'cmake_target' from command line to 'None'
[0.355s] Level 5:colcon.colcon_core.verb:set package 'abb_hardware_interface' build argument 'cmake_target_skip_unavailable' from command line to 'False'
[0.355s] Level 5:colcon.colcon_core.verb:set package 'abb_hardware_interface' build argument 'cmake_clean_cache' from command line to 'False'
[0.355s] Level 5:colcon.colcon_core.verb:set package 'abb_hardware_interface' build argument 'cmake_clean_first' from command line to 'False'
[0.355s] Level 5:colcon.colcon_core.verb:set package 'abb_hardware_interface' build argument 'cmake_force_configure' from command line to 'False'
[0.355s] Level 5:colcon.colcon_core.verb:set package 'abb_hardware_interface' build argument 'ament_cmake_args' from command line to 'None'
[0.355s] Level 5:colcon.colcon_core.verb:set package 'abb_hardware_interface' build argument 'catkin_cmake_args' from command line to 'None'
[0.355s] Level 5:colcon.colcon_core.verb:set package 'abb_hardware_interface' build argument 'catkin_skip_building_tests' from command line to 'False'
[0.355s] DEBUG:colcon.colcon_core.verb:Building package 'abb_hardware_interface' with the following arguments: {'ament_cmake_args': None, 'build_base': '/home/heng/workspace/ws_RAMS/build/abb_hardware_interface', 'catkin_cmake_args': None, 'catkin_skip_building_tests': False, 'cmake_args': ['-DPython3_EXECUTABLE=/usr/bin/python3'], 'cmake_clean_cache': False, 'cmake_clean_first': False, 'cmake_force_configure': False, 'cmake_target': None, 'cmake_target_skip_unavailable': False, 'install_base': '/home/heng/workspace/ws_RAMS/install/abb_hardware_interface', 'merge_install': False, 'path': '/home/heng/workspace/ws_RAMS/src/abb_ros2_upstream/abb_hardware_interface', 'symlink_install': False, 'test_result_base': None}
[0.355s] INFO:colcon.colcon_core.executor:Executing jobs using 'parallel' executor
[0.356s] DEBUG:colcon.colcon_parallel_executor.executor.parallel:run_until_complete
[0.356s] INFO:colcon.colcon_ros.task.ament_cmake.build:Building ROS package in '/home/heng/workspace/ws_RAMS/src/workcell_description' with build type 'ament_cmake'
[0.356s] INFO:colcon.colcon_cmake.task.cmake.build:Building CMake package in '/home/heng/workspace/ws_RAMS/src/workcell_description'
[0.358s] INFO:colcon.colcon_core.plugin_system:Skipping extension 'colcon_core.shell.bat': Not used on non-Windows systems
[0.359s] INFO:colcon.colcon_core.shell:Skip shell extension 'powershell' for command environment: Not usable outside of PowerShell
[0.359s] DEBUG:colcon.colcon_core.shell:Skip shell extension 'dsv' for command environment
[0.362s] INFO:colcon.colcon_ros.task.ament_python.build:Building ROS package in '/home/heng/workspace/ws_RAMS/src/abb_pi0_bridge' with build type 'ament_python'
[0.362s] Level 1:colcon.colcon_core.shell:create_environment_hook('abb_pi0_bridge', 'ament_prefix_path')
[0.362s] INFO:colcon.colcon_core.shell:Creating environment hook '/home/heng/workspace/ws_RAMS/install/abb_pi0_bridge/share/abb_pi0_bridge/hook/ament_prefix_path.ps1'
[0.362s] INFO:colcon.colcon_core.shell:Creating environment descriptor '/home/heng/workspace/ws_RAMS/install/abb_pi0_bridge/share/abb_pi0_bridge/hook/ament_prefix_path.dsv'
[0.363s] INFO:colcon.colcon_core.shell:Creating environment hook '/home/heng/workspace/ws_RAMS/install/abb_pi0_bridge/share/abb_pi0_bridge/hook/ament_prefix_path.sh'
[0.363s] INFO:colcon.colcon_core.shell:Skip shell extension 'powershell' for command environment: Not usable outside of PowerShell
[0.363s] DEBUG:colcon.colcon_core.shell:Skip shell extension 'dsv' for command environment
[0.366s] INFO:colcon.colcon_ros.task.ament_cmake.build:Building ROS package in '/home/heng/workspace/ws_RAMS/src/abb_ros2_upstream/abb_bringup' with build type 'ament_cmake'
[0.366s] INFO:colcon.colcon_cmake.task.cmake.build:Building CMake package in '/home/heng/workspace/ws_RAMS/src/abb_ros2_upstream/abb_bringup'
[0.366s] INFO:colcon.colcon_core.shell:Skip shell extension 'powershell' for command environment: Not usable outside of PowerShell
[0.366s] DEBUG:colcon.colcon_core.shell:Skip shell extension 'dsv' for command environment
[0.369s] INFO:colcon.colcon_ros.task.ament_cmake.build:Building ROS package in '/home/heng/workspace/ws_RAMS/src/abb_ros2_upstream/abb_hardware_interface' with build type 'ament_cmake'
[0.369s] INFO:colcon.colcon_cmake.task.cmake.build:Building CMake package in '/home/heng/workspace/ws_RAMS/src/abb_ros2_upstream/abb_hardware_interface'
[0.369s] INFO:colcon.colcon_core.shell:Skip shell extension 'powershell' for command environment: Not usable outside of PowerShell
[0.369s] DEBUG:colcon.colcon_core.shell:Skip shell extension 'dsv' for command environment
[0.376s] DEBUG:colcon.colcon_core.event_handler.log_command:Invoking command in '/home/heng/workspace/ws_RAMS/build/workcell_description': CMAKE_PREFIX_PATH=/opt/ros/humble /usr/bin/cmake /home/heng/workspace/ws_RAMS/src/workcell_description -DPython3_EXECUTABLE=/usr/bin/python3 -DCMAKE_INSTALL_PREFIX=/home/heng/workspace/ws_RAMS/install/workcell_description
[0.609s] INFO:colcon.colcon_core.task.python.build:Building Python package in '/home/heng/workspace/ws_RAMS/src/abb_pi0_bridge'
[0.610s] INFO:colcon.colcon_core.shell:Skip shell extension 'powershell' for command environment: Not usable outside of PowerShell
[0.610s] DEBUG:colcon.colcon_core.shell:Skip shell extension 'dsv' for command environment
[0.617s] DEBUG:colcon.colcon_core.event_handler.log_command:Invoking command in '/home/heng/workspace/ws_RAMS/build/abb_bringup': AMENT_PREFIX_PATH=/home/heng/workspace/ws_RAMS/install/abb_irb1200_5_90_moveit_config:/home/heng/workspace/ws_RAMS/install/abb_resources:/home/heng/workspace/ws_RAMS/install/abb_irb1200_support:${AMENT_PREFIX_PATH} CMAKE_PREFIX_PATH=/home/heng/workspace/ws_RAMS/install/abb_irb1200_5_90_moveit_config:/home/heng/workspace/ws_RAMS/install/abb_resources:/home/heng/workspace/ws_RAMS/install/abb_irb1200_support:/opt/ros/humble /usr/bin/cmake --build /home/heng/workspace/ws_RAMS/build/abb_bringup -- -j48 -l48
[0.620s] DEBUG:colcon.colcon_core.event_handler.log_command:Invoking command in '/home/heng/workspace/ws_RAMS/build/abb_hardware_interface': CMAKE_MODULE_PATH=/home/heng/workspace/ws_RAMS/install/abb_librws/share/abb_librws/cmake CMAKE_PREFIX_PATH=/home/heng/workspace/ws_RAMS/install/abb_egm_rws_managers:/home/heng/workspace/ws_RAMS/install/abb_librws:/home/heng/workspace/ws_RAMS/install/abb_libegm:/opt/ros/humble LD_LIBRARY_PATH=/home/heng/workspace/ws_RAMS/install/abb_egm_rws_managers/lib:/home/heng/workspace/ws_RAMS/install/abb_librws/lib:/home/heng/workspace/ws_RAMS/install/abb_libegm/lib:${LD_LIBRARY_PATH} PKG_CONFIG_PATH=/home/heng/workspace/ws_RAMS/install/abb_egm_rws_managers/lib/x86_64-linux-gnu/pkgconfig:/home/heng/workspace/ws_RAMS/install/abb_egm_rws_managers/lib/pkgconfig:/home/heng/workspace/ws_RAMS/install/abb_librws/lib/x86_64-linux-gnu/pkgconfig:/home/heng/workspace/ws_RAMS/install/abb_librws/lib/pkgconfig:/home/heng/workspace/ws_RAMS/install/abb_libegm/lib/x86_64-linux-gnu/pkgconfig:/home/heng/workspace/ws_RAMS/install/abb_libegm/lib/pkgconfig /usr/bin/cmake --build /home/heng/workspace/ws_RAMS/build/abb_hardware_interface -- -j48 -l48
[0.620s] Level 1:colcon.colcon_core.environment:create_environment_scripts_only(workcell_description)
[0.621s] DEBUG:colcon.colcon_core.event_handler.log_command:Invoked command in '/home/heng/workspace/ws_RAMS/build/workcell_description' returned '1': CMAKE_PREFIX_PATH=/opt/ros/humble /usr/bin/cmake /home/heng/workspace/ws_RAMS/src/workcell_description -DPython3_EXECUTABLE=/usr/bin/python3 -DCMAKE_INSTALL_PREFIX=/home/heng/workspace/ws_RAMS/install/workcell_description
[0.622s] Level 1:colcon.colcon_core.environment:checking '/home/heng/workspace/ws_RAMS/install/workcell_description' for CMake module files
[0.623s] Level 1:colcon.colcon_core.environment:checking '/home/heng/workspace/ws_RAMS/install/workcell_description' for CMake config files
[0.623s] Level 1:colcon.colcon_core.shell:create_environment_hook('workcell_description', 'cmake_prefix_path')
[0.623s] INFO:colcon.colcon_core.shell:Creating environment hook '/home/heng/workspace/ws_RAMS/install/workcell_description/share/workcell_description/hook/cmake_prefix_path.ps1'
[0.624s] INFO:colcon.colcon_core.shell:Creating environment descriptor '/home/heng/workspace/ws_RAMS/install/workcell_description/share/workcell_description/hook/cmake_prefix_path.dsv'
[0.624s] INFO:colcon.colcon_core.shell:Creating environment hook '/home/heng/workspace/ws_RAMS/install/workcell_description/share/workcell_description/hook/cmake_prefix_path.sh'
[0.624s] Level 1:colcon.colcon_core.environment:checking '/home/heng/workspace/ws_RAMS/install/workcell_description/bin'
[0.624s] Level 1:colcon.colcon_core.environment:checking '/home/heng/workspace/ws_RAMS/install/workcell_description/lib/pkgconfig/workcell_description.pc'
[0.625s] Level 1:colcon.colcon_core.environment:checking '/home/heng/workspace/ws_RAMS/install/workcell_description/lib/python3.10/site-packages'
[0.625s] Level 1:colcon.colcon_core.environment:checking '/home/heng/workspace/ws_RAMS/install/workcell_description/bin'
[0.625s] INFO:colcon.colcon_core.shell:Creating package script '/home/heng/workspace/ws_RAMS/install/workcell_description/share/workcell_description/package.ps1'
[0.626s] INFO:colcon.colcon_core.shell:Creating package descriptor '/home/heng/workspace/ws_RAMS/install/workcell_description/share/workcell_description/package.dsv'
[0.626s] INFO:colcon.colcon_core.shell:Creating package script '/home/heng/workspace/ws_RAMS/install/workcell_description/share/workcell_description/package.sh'
[0.627s] INFO:colcon.colcon_core.shell:Creating package script '/home/heng/workspace/ws_RAMS/install/workcell_description/share/workcell_description/package.bash'
[0.628s] INFO:colcon.colcon_core.shell:Creating package script '/home/heng/workspace/ws_RAMS/install/workcell_description/share/workcell_description/package.zsh'
[0.628s] Level 1:colcon.colcon_core.environment:create_file_with_runtime_dependencies(/home/heng/workspace/ws_RAMS/install/workcell_description/share/colcon-core/packages/workcell_description)
[0.641s] DEBUG:colcon.colcon_parallel_executor.executor.parallel:closing loop
[0.641s] DEBUG:colcon.colcon_parallel_executor.executor.parallel:loop closed
[0.641s] DEBUG:colcon.colcon_parallel_executor.executor.parallel:run_until_complete finished with '1'
[0.641s] DEBUG:colcon.colcon_core.event_reactor:joining thread
[0.649s] INFO:colcon.colcon_core.plugin_system:Skipping extension 'colcon_notification.desktop_notification.terminal_notifier': Not used on non-Darwin systems
[0.650s] INFO:colcon.colcon_core.plugin_system:Skipping extension 'colcon_notification.desktop_notification.win32': Not used on non-Windows systems
[0.650s] INFO:colcon.colcon_notification.desktop_notification:Sending desktop notification using 'notify2'
[0.664s] DEBUG:colcon.colcon_core.event_reactor:joined thread
[0.664s] INFO:colcon.colcon_core.shell:Creating prefix script '/home/heng/workspace/ws_RAMS/install/local_setup.ps1'
[0.666s] INFO:colcon.colcon_core.shell:Creating prefix util module '/home/heng/workspace/ws_RAMS/install/_local_setup_util_ps1.py'
[0.669s] INFO:colcon.colcon_core.shell:Creating prefix chain script '/home/heng/workspace/ws_RAMS/install/setup.ps1'
[0.671s] INFO:colcon.colcon_core.shell:Creating prefix script '/home/heng/workspace/ws_RAMS/install/local_setup.sh'
[0.672s] INFO:colcon.colcon_core.shell:Creating prefix util module '/home/heng/workspace/ws_RAMS/install/_local_setup_util_sh.py'
[0.673s] INFO:colcon.colcon_core.shell:Creating prefix chain script '/home/heng/workspace/ws_RAMS/install/setup.sh'
[0.675s] INFO:colcon.colcon_core.shell:Creating prefix script '/home/heng/workspace/ws_RAMS/install/local_setup.bash'
[0.675s] INFO:colcon.colcon_core.shell:Creating prefix chain script '/home/heng/workspace/ws_RAMS/install/setup.bash'
[0.677s] INFO:colcon.colcon_core.shell:Creating prefix script '/home/heng/workspace/ws_RAMS/install/local_setup.zsh'
[0.678s] INFO:colcon.colcon_core.shell:Creating prefix chain script '/home/heng/workspace/ws_RAMS/install/setup.zsh'
