[0.018s] Invoking command in '/home/heng/workspace/ws_RAMS/build/abb_libegm': CMAKE_PREFIX_PATH=/opt/ros/humble /usr/bin/cmake /home/heng/workspace/ws_RAMS/src/abb_libegm -DPython3_EXECUTABLE=/usr/bin/python3 -DCMAKE_INSTALL_PREFIX=/home/heng/workspace/ws_RAMS/install/abb_libegm
[0.263s] -- Generating protobuf C++ for: proto/egm.proto;proto/egm_wrapper.proto;proto/egm_wrapper_trajectory.proto
[0.263s] -- Configuring done
[0.263s] -- Generating done
[0.263s] -- Build files have been written to: /home/heng/workspace/ws_RAMS/build/abb_libegm
[0.263s] CMake Warning:
[0.264s]   Manually-specified variables were not used by the project:
[0.264s] 
[0.264s]     Python3_EXECUTABLE
[0.264s] 
[0.264s] 
[0.265s] Invoked command in '/home/heng/workspace/ws_RAMS/build/abb_libegm' returned '0': CMAKE_PREFIX_PATH=/opt/ros/humble /usr/bin/cmake /home/heng/workspace/ws_RAMS/src/abb_libegm -DPython3_EXECUTABLE=/usr/bin/python3 -DCMAKE_INSTALL_PREFIX=/home/heng/workspace/ws_RAMS/install/abb_libegm
[0.266s] Invoking command in '/home/heng/workspace/ws_RAMS/build/abb_libegm': CMAKE_PREFIX_PATH=/opt/ros/humble /usr/bin/cmake --build /home/heng/workspace/ws_RAMS/build/abb_libegm -- -j48 -l48
[0.351s] Consolidate compiler generated dependencies of target abb_libegm
[0.384s] [100%] Built target abb_libegm
[0.425s] Invoked command in '/home/heng/workspace/ws_RAMS/build/abb_libegm' returned '0': CMAKE_PREFIX_PATH=/opt/ros/humble /usr/bin/cmake --build /home/heng/workspace/ws_RAMS/build/abb_libegm -- -j48 -l48
[0.427s] Invoking command in '/home/heng/workspace/ws_RAMS/build/abb_libegm': CMAKE_PREFIX_PATH=/opt/ros/humble /usr/bin/cmake --install /home/heng/workspace/ws_RAMS/build/abb_libegm
[0.463s] -- Install configuration: ""
[0.463s] -- Installing: /home/heng/workspace/ws_RAMS/install/abb_libegm/include
[0.463s] -- Installing: /home/heng/workspace/ws_RAMS/install/abb_libegm/include/abb_libegm
[0.463s] -- Installing: /home/heng/workspace/ws_RAMS/install/abb_libegm/include/abb_libegm/egm_interpolator.h
[0.463s] -- Installing: /home/heng/workspace/ws_RAMS/install/abb_libegm/include/abb_libegm/egm_common.h
[0.464s] -- Installing: /home/heng/workspace/ws_RAMS/install/abb_libegm/include/abb_libegm/egm_base_interface.h
[0.464s] -- Installing: /home/heng/workspace/ws_RAMS/install/abb_libegm/include/abb_libegm/egm_logger.h
[0.464s] -- Installing: /home/heng/workspace/ws_RAMS/install/abb_libegm/include/abb_libegm/egm_trajectory_interface.h
[0.464s] -- Installing: /home/heng/workspace/ws_RAMS/install/abb_libegm/include/abb_libegm/egm_controller_interface.h
[0.464s] -- Installing: /home/heng/workspace/ws_RAMS/install/abb_libegm/include/abb_libegm/egm_udp_server.h
[0.464s] -- Installing: /home/heng/workspace/ws_RAMS/install/abb_libegm/include/abb_libegm/egm_common_auxiliary.h
[0.465s] -- Installing: /home/heng/workspace/ws_RAMS/install/abb_libegm/include/abb_libegm/egm.proto
[0.465s] -- Installing: /home/heng/workspace/ws_RAMS/install/abb_libegm/include/abb_libegm/egm_wrapper.proto
[0.465s] -- Installing: /home/heng/workspace/ws_RAMS/install/abb_libegm/include/abb_libegm/egm_wrapper_trajectory.proto
[0.465s] -- Installing: /home/heng/workspace/ws_RAMS/install/abb_libegm/include/abb_libegm/egm.pb.h
[0.465s] -- Installing: /home/heng/workspace/ws_RAMS/install/abb_libegm/include/abb_libegm/egm_wrapper.pb.h
[0.466s] -- Installing: /home/heng/workspace/ws_RAMS/install/abb_libegm/include/abb_libegm/egm_wrapper_trajectory.pb.h
[0.466s] -- Installing: /home/heng/workspace/ws_RAMS/install/abb_libegm/include/abb_libegm/abb_libegm_export.h
[0.466s] -- Installing: /home/heng/workspace/ws_RAMS/install/abb_libegm/lib/libabb_libegm.so
[0.466s] -- Installing: /home/heng/workspace/ws_RAMS/install/abb_libegm/share/abb_libegm/abb_libegmConfig.cmake
[0.466s] -- Installing: /home/heng/workspace/ws_RAMS/install/abb_libegm/share/abb_libegm/abb_libegmConfigVersion.cmake
[0.466s] -- Installing: /home/heng/workspace/ws_RAMS/install/abb_libegm/share/abb_libegm/package.xml
[0.466s] -- Installing: /home/heng/workspace/ws_RAMS/install/abb_libegm/share/abb_libegm/abb_libegmTargets.cmake
[0.467s] -- Installing: /home/heng/workspace/ws_RAMS/install/abb_libegm/share/abb_libegm/abb_libegmTargets-noconfig.cmake
[0.470s] Invoked command in '/home/heng/workspace/ws_RAMS/build/abb_libegm' returned '0': CMAKE_PREFIX_PATH=/opt/ros/humble /usr/bin/cmake --install /home/heng/workspace/ws_RAMS/build/abb_libegm
