[0.021s] Invoking command in '/home/heng/workspace/ws_RAMS/build/abb_irb1200_support': CMAKE_PREFIX_PATH=/opt/ros/humble /usr/bin/cmake /home/heng/workspace/ws_RAMS/src/abb_ros2_upstream/robot_specific_config/abb_irb1200_support -DPython3_EXECUTABLE=/usr/bin/python3 -DCMAKE_INSTALL_PREFIX=/home/heng/workspace/ws_RAMS/install/abb_irb1200_support
[0.265s] -- Found ament_cmake: 1.3.12 (/opt/ros/humble/share/ament_cmake/cmake)
[0.266s] -- Found Python3: /usr/bin/python3 (found version "3.10.12") found components: Interpreter 
[0.339s] -- Configuring done
[0.342s] -- Generating done
[0.345s] -- Build files have been written to: /home/heng/workspace/ws_RAMS/build/abb_irb1200_support
[0.348s] Invoked command in '/home/heng/workspace/ws_RAMS/build/abb_irb1200_support' returned '0': CMAKE_PREFIX_PATH=/opt/ros/humble /usr/bin/cmake /home/heng/workspace/ws_RAMS/src/abb_ros2_upstream/robot_specific_config/abb_irb1200_support -DPython3_EXECUTABLE=/usr/bin/python3 -DCMAKE_INSTALL_PREFIX=/home/heng/workspace/ws_RAMS/install/abb_irb1200_support
[0.349s] Invoking command in '/home/heng/workspace/ws_RAMS/build/abb_irb1200_support': CMAKE_PREFIX_PATH=/opt/ros/humble /usr/bin/cmake --build /home/heng/workspace/ws_RAMS/build/abb_irb1200_support -- -j48 -l48
[0.424s] Invoked command in '/home/heng/workspace/ws_RAMS/build/abb_irb1200_support' returned '0': CMAKE_PREFIX_PATH=/opt/ros/humble /usr/bin/cmake --build /home/heng/workspace/ws_RAMS/build/abb_irb1200_support -- -j48 -l48
[0.426s] Invoking command in '/home/heng/workspace/ws_RAMS/build/abb_irb1200_support': CMAKE_PREFIX_PATH=/opt/ros/humble /usr/bin/cmake --install /home/heng/workspace/ws_RAMS/build/abb_irb1200_support
[0.437s] -- Install configuration: ""
[0.439s] -- Installing: /home/heng/workspace/ws_RAMS/install/abb_irb1200_support/share/ament_index/resource_index/package_run_dependencies/abb_irb1200_support
[0.441s] -- Installing: /home/heng/workspace/ws_RAMS/install/abb_irb1200_support/share/ament_index/resource_index/parent_prefix_path/abb_irb1200_support
[0.442s] -- Installing: /home/heng/workspace/ws_RAMS/install/abb_irb1200_support/share/abb_irb1200_support/environment/ament_prefix_path.sh
[0.442s] -- Installing: /home/heng/workspace/ws_RAMS/install/abb_irb1200_support/share/abb_irb1200_support/environment/ament_prefix_path.dsv
[0.442s] -- Installing: /home/heng/workspace/ws_RAMS/install/abb_irb1200_support/share/abb_irb1200_support/environment/path.sh
[0.443s] -- Installing: /home/heng/workspace/ws_RAMS/install/abb_irb1200_support/share/abb_irb1200_support/environment/path.dsv
[0.443s] -- Installing: /home/heng/workspace/ws_RAMS/install/abb_irb1200_support/share/abb_irb1200_support/local_setup.bash
[0.443s] -- Installing: /home/heng/workspace/ws_RAMS/install/abb_irb1200_support/share/abb_irb1200_support/local_setup.sh
[0.444s] -- Installing: /home/heng/workspace/ws_RAMS/install/abb_irb1200_support/share/abb_irb1200_support/local_setup.zsh
[0.444s] -- Installing: /home/heng/workspace/ws_RAMS/install/abb_irb1200_support/share/abb_irb1200_support/local_setup.dsv
[0.444s] -- Installing: /home/heng/workspace/ws_RAMS/install/abb_irb1200_support/share/abb_irb1200_support/package.dsv
[0.444s] -- Installing: /home/heng/workspace/ws_RAMS/install/abb_irb1200_support/share/ament_index/resource_index/packages/abb_irb1200_support
[0.444s] -- Installing: /home/heng/workspace/ws_RAMS/install/abb_irb1200_support/share/abb_irb1200_support/cmake/abb_irb1200_supportConfig.cmake
[0.445s] -- Installing: /home/heng/workspace/ws_RAMS/install/abb_irb1200_support/share/abb_irb1200_support/cmake/abb_irb1200_supportConfig-version.cmake
[0.445s] -- Installing: /home/heng/workspace/ws_RAMS/install/abb_irb1200_support/share/abb_irb1200_support/package.xml
[0.445s] -- Installing: /home/heng/workspace/ws_RAMS/install/abb_irb1200_support/share/abb_irb1200_support/launch
[0.445s] -- Installing: /home/heng/workspace/ws_RAMS/install/abb_irb1200_support/share/abb_irb1200_support/launch/view_robot.launch.py
[0.445s] -- Installing: /home/heng/workspace/ws_RAMS/install/abb_irb1200_support/share/abb_irb1200_support/meshes
[0.445s] -- Installing: /home/heng/workspace/ws_RAMS/install/abb_irb1200_support/share/abb_irb1200_support/meshes/irb1200_5_90
[0.445s] -- Installing: /home/heng/workspace/ws_RAMS/install/abb_irb1200_support/share/abb_irb1200_support/meshes/irb1200_5_90/visual
[0.446s] -- Installing: /home/heng/workspace/ws_RAMS/install/abb_irb1200_support/share/abb_irb1200_support/meshes/irb1200_5_90/visual/link_4.dae
[0.472s] -- Installing: /home/heng/workspace/ws_RAMS/install/abb_irb1200_support/share/abb_irb1200_support/meshes/irb1200_5_90/visual/link_2.dae
[0.472s] -- Installing: /home/heng/workspace/ws_RAMS/install/abb_irb1200_support/share/abb_irb1200_support/meshes/irb1200_5_90/visual/link_3.dae
[0.472s] -- Installing: /home/heng/workspace/ws_RAMS/install/abb_irb1200_support/share/abb_irb1200_support/meshes/irb1200_5_90/visual/link_1.dae
[0.472s] -- Installing: /home/heng/workspace/ws_RAMS/install/abb_irb1200_support/share/abb_irb1200_support/meshes/irb1200_5_90/visual/base_link.dae
[0.472s] -- Installing: /home/heng/workspace/ws_RAMS/install/abb_irb1200_support/share/abb_irb1200_support/meshes/irb1200_5_90/visual/link_6.dae
[0.473s] -- Installing: /home/heng/workspace/ws_RAMS/install/abb_irb1200_support/share/abb_irb1200_support/meshes/irb1200_5_90/visual/link_5.dae
[0.473s] -- Installing: /home/heng/workspace/ws_RAMS/install/abb_irb1200_support/share/abb_irb1200_support/meshes/irb1200_5_90/collision
[0.473s] -- Installing: /home/heng/workspace/ws_RAMS/install/abb_irb1200_support/share/abb_irb1200_support/meshes/irb1200_5_90/collision/link_4.stl
[0.473s] -- Installing: /home/heng/workspace/ws_RAMS/install/abb_irb1200_support/share/abb_irb1200_support/meshes/irb1200_5_90/collision/link_2.stl
[0.473s] -- Installing: /home/heng/workspace/ws_RAMS/install/abb_irb1200_support/share/abb_irb1200_support/meshes/irb1200_5_90/collision/base_link.stl
[0.473s] -- Installing: /home/heng/workspace/ws_RAMS/install/abb_irb1200_support/share/abb_irb1200_support/meshes/irb1200_5_90/collision/link_3.stl
[0.474s] -- Installing: /home/heng/workspace/ws_RAMS/install/abb_irb1200_support/share/abb_irb1200_support/meshes/irb1200_5_90/collision/link_1.stl
[0.474s] -- Installing: /home/heng/workspace/ws_RAMS/install/abb_irb1200_support/share/abb_irb1200_support/meshes/irb1200_5_90/collision/link_6.stl
[0.474s] -- Installing: /home/heng/workspace/ws_RAMS/install/abb_irb1200_support/share/abb_irb1200_support/meshes/irb1200_5_90/collision/link_5.stl
[0.474s] -- Installing: /home/heng/workspace/ws_RAMS/install/abb_irb1200_support/share/abb_irb1200_support/rviz
[0.474s] -- Installing: /home/heng/workspace/ws_RAMS/install/abb_irb1200_support/share/abb_irb1200_support/rviz/urdf_description.rviz
[0.474s] -- Installing: /home/heng/workspace/ws_RAMS/install/abb_irb1200_support/share/abb_irb1200_support/urdf
[0.474s] -- Installing: /home/heng/workspace/ws_RAMS/install/abb_irb1200_support/share/abb_irb1200_support/urdf/irb1200_5_90.xacro
[0.475s] -- Installing: /home/heng/workspace/ws_RAMS/install/abb_irb1200_support/share/abb_irb1200_support/urdf/irb1200.ros2_control.xacro
[0.475s] -- Installing: /home/heng/workspace/ws_RAMS/install/abb_irb1200_support/share/abb_irb1200_support/urdf/irb1200_5_90_macro.xacro
[0.492s] Invoked command in '/home/heng/workspace/ws_RAMS/build/abb_irb1200_support' returned '0': CMAKE_PREFIX_PATH=/opt/ros/humble /usr/bin/cmake --install /home/heng/workspace/ws_RAMS/build/abb_irb1200_support
