[0.142s] DEBUG:colcon:Command line arguments: ['/usr/bin/colcon', 'build', '--packages-select', 'abb_pi0_bridge']
[0.142s] DEBUG:colcon:Parsed command line arguments: Namespace(log_base=None, log_level=None, verb_name='build', build_base='build', install_base='install', merge_install=False, symlink_install=False, test_result_base=None, continue_on_error=False, executor='parallel', parallel_workers=48, event_handlers=None, ignore_user_meta=False, metas=['./colcon.meta'], base_paths=['.'], packages_ignore=None, packages_ignore_regex=None, paths=None, packages_up_to=None, packages_up_to_regex=None, packages_above=None, packages_above_and_dependencies=None, packages_above_depth=None, packages_select_by_dep=None, packages_skip_by_dep=None, packages_skip_up_to=None, packages_select_build_failed=False, packages_skip_build_finished=False, packages_select_test_failures=False, packages_skip_test_passed=False, packages_select=['abb_pi0_bridge'], packages_skip=None, packages_select_regex=None, packages_skip_regex=None, packages_start=None, packages_end=None, allow_overriding=[], cmake_args=None, cmake_target=None, cmake_target_skip_unavailable=False, cmake_clean_cache=False, cmake_clean_first=False, cmake_force_configure=False, ament_cmake_args=None, catkin_cmake_args=None, catkin_skip_building_tests=False, mixin_files=None, mixin=None, verb_parser=<colcon_mixin.mixin.mixin_argument.MixinArgumentDecorator object at 0x79b32c6fe050>, verb_extension=<colcon_core.verb.build.BuildVerb object at 0x79b32c7fb040>, main=<bound method BuildVerb.main of <colcon_core.verb.build.BuildVerb object at 0x79b32c7fb040>>, mixin_verb=('build',))
[0.360s] Level 1:colcon.colcon_core.package_discovery:discover_packages(colcon_meta) check parameters
[0.360s] Level 1:colcon.colcon_core.package_discovery:discover_packages(recursive) check parameters
[0.360s] Level 1:colcon.colcon_core.package_discovery:discover_packages(ignore) check parameters
[0.360s] Level 1:colcon.colcon_core.package_discovery:discover_packages(path) check parameters
[0.360s] Level 1:colcon.colcon_core.package_discovery:discover_packages(colcon_meta) discover
[0.360s] Level 1:colcon.colcon_core.package_discovery:discover_packages(recursive) discover
[0.360s] INFO:colcon.colcon_core.package_discovery:Crawling recursively for packages in '/home/heng/workspace/ws_RAMS'
[0.360s] Level 1:colcon.colcon_core.package_identification:_identify(.) by extensions ['ignore', 'ignore_ament_install']
[0.360s] Level 1:colcon.colcon_core.package_identification:_identify(.) by extension 'ignore'
[0.360s] Level 1:colcon.colcon_core.package_identification:_identify(.) by extension 'ignore_ament_install'
[0.360s] Level 1:colcon.colcon_core.package_identification:_identify(.) by extensions ['colcon_pkg']
[0.360s] Level 1:colcon.colcon_core.package_identification:_identify(.) by extension 'colcon_pkg'
[0.360s] Level 1:colcon.colcon_core.package_identification:_identify(.) by extensions ['colcon_meta']
[0.360s] Level 1:colcon.colcon_core.package_identification:_identify(.) by extension 'colcon_meta'
[0.360s] Level 1:colcon.colcon_core.package_identification:_identify(.) by extensions ['ros']
[0.360s] Level 1:colcon.colcon_core.package_identification:_identify(.) by extension 'ros'
[0.374s] Level 1:colcon.colcon_core.package_identification:_identify(.) by extensions ['cmake', 'python']
[0.374s] Level 1:colcon.colcon_core.package_identification:_identify(.) by extension 'cmake'
[0.374s] Level 1:colcon.colcon_core.package_identification:_identify(.) by extension 'python'
[0.374s] Level 1:colcon.colcon_core.package_identification:_identify(.) by extensions ['python_setup_py']
[0.374s] Level 1:colcon.colcon_core.package_identification:_identify(.) by extension 'python_setup_py'
[0.374s] Level 1:colcon.colcon_core.package_identification:_identify(build) by extensions ['ignore', 'ignore_ament_install']
[0.374s] Level 1:colcon.colcon_core.package_identification:_identify(build) by extension 'ignore'
[0.374s] Level 1:colcon.colcon_core.package_identification:_identify(build) ignored
[0.374s] Level 1:colcon.colcon_core.package_identification:_identify(install) by extensions ['ignore', 'ignore_ament_install']
[0.374s] Level 1:colcon.colcon_core.package_identification:_identify(install) by extension 'ignore'
[0.374s] Level 1:colcon.colcon_core.package_identification:_identify(install) ignored
[0.374s] Level 1:colcon.colcon_core.package_identification:_identify(log) by extensions ['ignore', 'ignore_ament_install']
[0.374s] Level 1:colcon.colcon_core.package_identification:_identify(log) by extension 'ignore'
[0.375s] Level 1:colcon.colcon_core.package_identification:_identify(log) ignored
[0.375s] Level 1:colcon.colcon_core.package_identification:_identify(src) by extensions ['ignore', 'ignore_ament_install']
[0.375s] Level 1:colcon.colcon_core.package_identification:_identify(src) by extension 'ignore'
[0.375s] Level 1:colcon.colcon_core.package_identification:_identify(src) by extension 'ignore_ament_install'
[0.375s] Level 1:colcon.colcon_core.package_identification:_identify(src) by extensions ['colcon_pkg']
[0.375s] Level 1:colcon.colcon_core.package_identification:_identify(src) by extension 'colcon_pkg'
[0.375s] Level 1:colcon.colcon_core.package_identification:_identify(src) by extensions ['colcon_meta']
[0.375s] Level 1:colcon.colcon_core.package_identification:_identify(src) by extension 'colcon_meta'
[0.375s] Level 1:colcon.colcon_core.package_identification:_identify(src) by extensions ['ros']
[0.375s] Level 1:colcon.colcon_core.package_identification:_identify(src) by extension 'ros'
[0.375s] Level 1:colcon.colcon_core.package_identification:_identify(src) by extensions ['cmake', 'python']
[0.375s] Level 1:colcon.colcon_core.package_identification:_identify(src) by extension 'cmake'
[0.375s] Level 1:colcon.colcon_core.package_identification:_identify(src) by extension 'python'
[0.375s] Level 1:colcon.colcon_core.package_identification:_identify(src) by extensions ['python_setup_py']
[0.375s] Level 1:colcon.colcon_core.package_identification:_identify(src) by extension 'python_setup_py'
[0.375s] Level 1:colcon.colcon_core.package_identification:_identify(src/abb_egm_rws_managers) by extensions ['ignore', 'ignore_ament_install']
[0.375s] Level 1:colcon.colcon_core.package_identification:_identify(src/abb_egm_rws_managers) by extension 'ignore'
[0.375s] Level 1:colcon.colcon_core.package_identification:_identify(src/abb_egm_rws_managers) by extension 'ignore_ament_install'
[0.375s] Level 1:colcon.colcon_core.package_identification:_identify(src/abb_egm_rws_managers) by extensions ['colcon_pkg']
[0.375s] Level 1:colcon.colcon_core.package_identification:_identify(src/abb_egm_rws_managers) by extension 'colcon_pkg'
[0.375s] Level 1:colcon.colcon_core.package_identification:_identify(src/abb_egm_rws_managers) by extensions ['colcon_meta']
[0.375s] Level 1:colcon.colcon_core.package_identification:_identify(src/abb_egm_rws_managers) by extension 'colcon_meta'
[0.376s] Level 1:colcon.colcon_core.package_identification:_identify(src/abb_egm_rws_managers) by extensions ['ros']
[0.376s] Level 1:colcon.colcon_core.package_identification:_identify(src/abb_egm_rws_managers) by extension 'ros'
[0.378s] DEBUG:colcon.colcon_core.package_identification:Package 'src/abb_egm_rws_managers' with type 'ros.cmake' and name 'abb_egm_rws_managers'
[0.378s] Level 1:colcon.colcon_core.package_identification:_identify(src/abb_libegm) by extensions ['ignore', 'ignore_ament_install']
[0.378s] Level 1:colcon.colcon_core.package_identification:_identify(src/abb_libegm) by extension 'ignore'
[0.379s] Level 1:colcon.colcon_core.package_identification:_identify(src/abb_libegm) by extension 'ignore_ament_install'
[0.379s] Level 1:colcon.colcon_core.package_identification:_identify(src/abb_libegm) by extensions ['colcon_pkg']
[0.379s] Level 1:colcon.colcon_core.package_identification:_identify(src/abb_libegm) by extension 'colcon_pkg'
[0.379s] Level 1:colcon.colcon_core.package_identification:_identify(src/abb_libegm) by extensions ['colcon_meta']
[0.379s] Level 1:colcon.colcon_core.package_identification:_identify(src/abb_libegm) by extension 'colcon_meta'
[0.379s] Level 1:colcon.colcon_core.package_identification:_identify(src/abb_libegm) by extensions ['ros']
[0.379s] Level 1:colcon.colcon_core.package_identification:_identify(src/abb_libegm) by extension 'ros'
[0.379s] DEBUG:colcon.colcon_core.package_identification:Package 'src/abb_libegm' with type 'ros.cmake' and name 'abb_libegm'
[0.380s] Level 1:colcon.colcon_core.package_identification:_identify(src/abb_librws) by extensions ['ignore', 'ignore_ament_install']
[0.380s] Level 1:colcon.colcon_core.package_identification:_identify(src/abb_librws) by extension 'ignore'
[0.380s] Level 1:colcon.colcon_core.package_identification:_identify(src/abb_librws) by extension 'ignore_ament_install'
[0.380s] Level 1:colcon.colcon_core.package_identification:_identify(src/abb_librws) by extensions ['colcon_pkg']
[0.380s] Level 1:colcon.colcon_core.package_identification:_identify(src/abb_librws) by extension 'colcon_pkg'
[0.380s] Level 1:colcon.colcon_core.package_identification:_identify(src/abb_librws) by extensions ['colcon_meta']
[0.380s] Level 1:colcon.colcon_core.package_identification:_identify(src/abb_librws) by extension 'colcon_meta'
[0.380s] Level 1:colcon.colcon_core.package_identification:_identify(src/abb_librws) by extensions ['ros']
[0.380s] Level 1:colcon.colcon_core.package_identification:_identify(src/abb_librws) by extension 'ros'
[0.381s] DEBUG:colcon.colcon_core.package_identification:Package 'src/abb_librws' with type 'ros.cmake' and name 'abb_librws'
[0.381s] Level 1:colcon.colcon_core.package_identification:_identify(src/abb_pi0_bridge) by extensions ['ignore', 'ignore_ament_install']
[0.381s] Level 1:colcon.colcon_core.package_identification:_identify(src/abb_pi0_bridge) by extension 'ignore'
[0.381s] Level 1:colcon.colcon_core.package_identification:_identify(src/abb_pi0_bridge) by extension 'ignore_ament_install'
[0.381s] Level 1:colcon.colcon_core.package_identification:_identify(src/abb_pi0_bridge) by extensions ['colcon_pkg']
[0.381s] Level 1:colcon.colcon_core.package_identification:_identify(src/abb_pi0_bridge) by extension 'colcon_pkg'
[0.381s] Level 1:colcon.colcon_core.package_identification:_identify(src/abb_pi0_bridge) by extensions ['colcon_meta']
[0.381s] Level 1:colcon.colcon_core.package_identification:_identify(src/abb_pi0_bridge) by extension 'colcon_meta'
[0.381s] Level 1:colcon.colcon_core.package_identification:_identify(src/abb_pi0_bridge) by extensions ['ros']
[0.381s] Level 1:colcon.colcon_core.package_identification:_identify(src/abb_pi0_bridge) by extension 'ros'
[0.382s] DEBUG:colcon.colcon_core.package_identification:Package 'src/abb_pi0_bridge' with type 'ros.ament_python' and name 'abb_pi0_bridge'
[0.382s] Level 1:colcon.colcon_core.package_identification:_identify(src/abb_ros2_msgs) by extensions ['ignore', 'ignore_ament_install']
[0.382s] Level 1:colcon.colcon_core.package_identification:_identify(src/abb_ros2_msgs) by extension 'ignore'
[0.382s] Level 1:colcon.colcon_core.package_identification:_identify(src/abb_ros2_msgs) by extension 'ignore_ament_install'
[0.382s] Level 1:colcon.colcon_core.package_identification:_identify(src/abb_ros2_msgs) by extensions ['colcon_pkg']
[0.382s] Level 1:colcon.colcon_core.package_identification:_identify(src/abb_ros2_msgs) by extension 'colcon_pkg'
[0.382s] Level 1:colcon.colcon_core.package_identification:_identify(src/abb_ros2_msgs) by extensions ['colcon_meta']
[0.382s] Level 1:colcon.colcon_core.package_identification:_identify(src/abb_ros2_msgs) by extension 'colcon_meta'
[0.382s] Level 1:colcon.colcon_core.package_identification:_identify(src/abb_ros2_msgs) by extensions ['ros']
[0.382s] Level 1:colcon.colcon_core.package_identification:_identify(src/abb_ros2_msgs) by extension 'ros'
[0.382s] Level 1:colcon.colcon_core.package_identification:_identify(src/abb_ros2_msgs) by extensions ['cmake', 'python']
[0.382s] Level 1:colcon.colcon_core.package_identification:_identify(src/abb_ros2_msgs) by extension 'cmake'
[0.382s] Level 1:colcon.colcon_core.package_identification:_identify(src/abb_ros2_msgs) by extension 'python'
[0.382s] Level 1:colcon.colcon_core.package_identification:_identify(src/abb_ros2_msgs) by extensions ['python_setup_py']
[0.382s] Level 1:colcon.colcon_core.package_identification:_identify(src/abb_ros2_msgs) by extension 'python_setup_py'
[0.383s] Level 1:colcon.colcon_core.package_identification:_identify(src/abb_ros2_msgs/abb_egm_msgs) by extensions ['ignore', 'ignore_ament_install']
[0.383s] Level 1:colcon.colcon_core.package_identification:_identify(src/abb_ros2_msgs/abb_egm_msgs) by extension 'ignore'
[0.383s] Level 1:colcon.colcon_core.package_identification:_identify(src/abb_ros2_msgs/abb_egm_msgs) by extension 'ignore_ament_install'
[0.383s] Level 1:colcon.colcon_core.package_identification:_identify(src/abb_ros2_msgs/abb_egm_msgs) by extensions ['colcon_pkg']
[0.383s] Level 1:colcon.colcon_core.package_identification:_identify(src/abb_ros2_msgs/abb_egm_msgs) by extension 'colcon_pkg'
[0.383s] Level 1:colcon.colcon_core.package_identification:_identify(src/abb_ros2_msgs/abb_egm_msgs) by extensions ['colcon_meta']
[0.383s] Level 1:colcon.colcon_core.package_identification:_identify(src/abb_ros2_msgs/abb_egm_msgs) by extension 'colcon_meta'
[0.383s] Level 1:colcon.colcon_core.package_identification:_identify(src/abb_ros2_msgs/abb_egm_msgs) by extensions ['ros']
[0.383s] Level 1:colcon.colcon_core.package_identification:_identify(src/abb_ros2_msgs/abb_egm_msgs) by extension 'ros'
[0.384s] DEBUG:colcon.colcon_core.package_identification:Package 'src/abb_ros2_msgs/abb_egm_msgs' with type 'ros.ament_cmake' and name 'abb_egm_msgs'
[0.384s] Level 1:colcon.colcon_core.package_identification:_identify(src/abb_ros2_msgs/abb_rapid_msgs) by extensions ['ignore', 'ignore_ament_install']
[0.384s] Level 1:colcon.colcon_core.package_identification:_identify(src/abb_ros2_msgs/abb_rapid_msgs) by extension 'ignore'
[0.384s] Level 1:colcon.colcon_core.package_identification:_identify(src/abb_ros2_msgs/abb_rapid_msgs) by extension 'ignore_ament_install'
[0.384s] Level 1:colcon.colcon_core.package_identification:_identify(src/abb_ros2_msgs/abb_rapid_msgs) by extensions ['colcon_pkg']
[0.384s] Level 1:colcon.colcon_core.package_identification:_identify(src/abb_ros2_msgs/abb_rapid_msgs) by extension 'colcon_pkg'
[0.384s] Level 1:colcon.colcon_core.package_identification:_identify(src/abb_ros2_msgs/abb_rapid_msgs) by extensions ['colcon_meta']
[0.384s] Level 1:colcon.colcon_core.package_identification:_identify(src/abb_ros2_msgs/abb_rapid_msgs) by extension 'colcon_meta'
[0.384s] Level 1:colcon.colcon_core.package_identification:_identify(src/abb_ros2_msgs/abb_rapid_msgs) by extensions ['ros']
[0.384s] Level 1:colcon.colcon_core.package_identification:_identify(src/abb_ros2_msgs/abb_rapid_msgs) by extension 'ros'
[0.385s] DEBUG:colcon.colcon_core.package_identification:Package 'src/abb_ros2_msgs/abb_rapid_msgs' with type 'ros.ament_cmake' and name 'abb_rapid_msgs'
[0.385s] Level 1:colcon.colcon_core.package_identification:_identify(src/abb_ros2_msgs/abb_rapid_sm_addin_msgs) by extensions ['ignore', 'ignore_ament_install']
[0.385s] Level 1:colcon.colcon_core.package_identification:_identify(src/abb_ros2_msgs/abb_rapid_sm_addin_msgs) by extension 'ignore'
[0.385s] Level 1:colcon.colcon_core.package_identification:_identify(src/abb_ros2_msgs/abb_rapid_sm_addin_msgs) by extension 'ignore_ament_install'
[0.385s] Level 1:colcon.colcon_core.package_identification:_identify(src/abb_ros2_msgs/abb_rapid_sm_addin_msgs) by extensions ['colcon_pkg']
[0.385s] Level 1:colcon.colcon_core.package_identification:_identify(src/abb_ros2_msgs/abb_rapid_sm_addin_msgs) by extension 'colcon_pkg'
[0.385s] Level 1:colcon.colcon_core.package_identification:_identify(src/abb_ros2_msgs/abb_rapid_sm_addin_msgs) by extensions ['colcon_meta']
[0.385s] Level 1:colcon.colcon_core.package_identification:_identify(src/abb_ros2_msgs/abb_rapid_sm_addin_msgs) by extension 'colcon_meta'
[0.385s] Level 1:colcon.colcon_core.package_identification:_identify(src/abb_ros2_msgs/abb_rapid_sm_addin_msgs) by extensions ['ros']
[0.385s] Level 1:colcon.colcon_core.package_identification:_identify(src/abb_ros2_msgs/abb_rapid_sm_addin_msgs) by extension 'ros'
[0.386s] DEBUG:colcon.colcon_core.package_identification:Package 'src/abb_ros2_msgs/abb_rapid_sm_addin_msgs' with type 'ros.ament_cmake' and name 'abb_rapid_sm_addin_msgs'
[0.386s] Level 1:colcon.colcon_core.package_identification:_identify(src/abb_ros2_msgs/abb_robot_msgs) by extensions ['ignore', 'ignore_ament_install']
[0.386s] Level 1:colcon.colcon_core.package_identification:_identify(src/abb_ros2_msgs/abb_robot_msgs) by extension 'ignore'
[0.386s] Level 1:colcon.colcon_core.package_identification:_identify(src/abb_ros2_msgs/abb_robot_msgs) by extension 'ignore_ament_install'
[0.386s] Level 1:colcon.colcon_core.package_identification:_identify(src/abb_ros2_msgs/abb_robot_msgs) by extensions ['colcon_pkg']
[0.386s] Level 1:colcon.colcon_core.package_identification:_identify(src/abb_ros2_msgs/abb_robot_msgs) by extension 'colcon_pkg'
[0.386s] Level 1:colcon.colcon_core.package_identification:_identify(src/abb_ros2_msgs/abb_robot_msgs) by extensions ['colcon_meta']
[0.386s] Level 1:colcon.colcon_core.package_identification:_identify(src/abb_ros2_msgs/abb_robot_msgs) by extension 'colcon_meta'
[0.386s] Level 1:colcon.colcon_core.package_identification:_identify(src/abb_ros2_msgs/abb_robot_msgs) by extensions ['ros']
[0.386s] Level 1:colcon.colcon_core.package_identification:_identify(src/abb_ros2_msgs/abb_robot_msgs) by extension 'ros'
[0.387s] DEBUG:colcon.colcon_core.package_identification:Package 'src/abb_ros2_msgs/abb_robot_msgs' with type 'ros.ament_cmake' and name 'abb_robot_msgs'
[0.387s] Level 1:colcon.colcon_core.package_identification:_identify(src/abb_ros2_upstream) by extensions ['ignore', 'ignore_ament_install']
[0.387s] Level 1:colcon.colcon_core.package_identification:_identify(src/abb_ros2_upstream) by extension 'ignore'
[0.387s] Level 1:colcon.colcon_core.package_identification:_identify(src/abb_ros2_upstream) by extension 'ignore_ament_install'
[0.387s] Level 1:colcon.colcon_core.package_identification:_identify(src/abb_ros2_upstream) by extensions ['colcon_pkg']
[0.387s] Level 1:colcon.colcon_core.package_identification:_identify(src/abb_ros2_upstream) by extension 'colcon_pkg'
[0.387s] Level 1:colcon.colcon_core.package_identification:_identify(src/abb_ros2_upstream) by extensions ['colcon_meta']
[0.387s] Level 1:colcon.colcon_core.package_identification:_identify(src/abb_ros2_upstream) by extension 'colcon_meta'
[0.388s] Level 1:colcon.colcon_core.package_identification:_identify(src/abb_ros2_upstream) by extensions ['ros']
[0.388s] Level 1:colcon.colcon_core.package_identification:_identify(src/abb_ros2_upstream) by extension 'ros'
[0.388s] Level 1:colcon.colcon_core.package_identification:_identify(src/abb_ros2_upstream) by extensions ['cmake', 'python']
[0.388s] Level 1:colcon.colcon_core.package_identification:_identify(src/abb_ros2_upstream) by extension 'cmake'
[0.388s] Level 1:colcon.colcon_core.package_identification:_identify(src/abb_ros2_upstream) by extension 'python'
[0.388s] Level 1:colcon.colcon_core.package_identification:_identify(src/abb_ros2_upstream) by extensions ['python_setup_py']
[0.388s] Level 1:colcon.colcon_core.package_identification:_identify(src/abb_ros2_upstream) by extension 'python_setup_py'
[0.388s] Level 1:colcon.colcon_core.package_identification:_identify(src/abb_ros2_upstream/abb_bringup) by extensions ['ignore', 'ignore_ament_install']
[0.388s] Level 1:colcon.colcon_core.package_identification:_identify(src/abb_ros2_upstream/abb_bringup) by extension 'ignore'
[0.388s] Level 1:colcon.colcon_core.package_identification:_identify(src/abb_ros2_upstream/abb_bringup) by extension 'ignore_ament_install'
[0.388s] Level 1:colcon.colcon_core.package_identification:_identify(src/abb_ros2_upstream/abb_bringup) by extensions ['colcon_pkg']
[0.388s] Level 1:colcon.colcon_core.package_identification:_identify(src/abb_ros2_upstream/abb_bringup) by extension 'colcon_pkg'
[0.389s] Level 1:colcon.colcon_core.package_identification:_identify(src/abb_ros2_upstream/abb_bringup) by extensions ['colcon_meta']
[0.389s] Level 1:colcon.colcon_core.package_identification:_identify(src/abb_ros2_upstream/abb_bringup) by extension 'colcon_meta'
[0.389s] Level 1:colcon.colcon_core.package_identification:_identify(src/abb_ros2_upstream/abb_bringup) by extensions ['ros']
[0.389s] Level 1:colcon.colcon_core.package_identification:_identify(src/abb_ros2_upstream/abb_bringup) by extension 'ros'
[0.389s] DEBUG:colcon.colcon_core.package_identification:Package 'src/abb_ros2_upstream/abb_bringup' with type 'ros.ament_cmake' and name 'abb_bringup'
[0.390s] Level 1:colcon.colcon_core.package_identification:_identify(src/abb_ros2_upstream/abb_hardware_interface) by extensions ['ignore', 'ignore_ament_install']
[0.390s] Level 1:colcon.colcon_core.package_identification:_identify(src/abb_ros2_upstream/abb_hardware_interface) by extension 'ignore'
[0.390s] Level 1:colcon.colcon_core.package_identification:_identify(src/abb_ros2_upstream/abb_hardware_interface) by extension 'ignore_ament_install'
[0.390s] Level 1:colcon.colcon_core.package_identification:_identify(src/abb_ros2_upstream/abb_hardware_interface) by extensions ['colcon_pkg']
[0.390s] Level 1:colcon.colcon_core.package_identification:_identify(src/abb_ros2_upstream/abb_hardware_interface) by extension 'colcon_pkg'
[0.390s] Level 1:colcon.colcon_core.package_identification:_identify(src/abb_ros2_upstream/abb_hardware_interface) by extensions ['colcon_meta']
[0.390s] Level 1:colcon.colcon_core.package_identification:_identify(src/abb_ros2_upstream/abb_hardware_interface) by extension 'colcon_meta'
[0.390s] Level 1:colcon.colcon_core.package_identification:_identify(src/abb_ros2_upstream/abb_hardware_interface) by extensions ['ros']
[0.390s] Level 1:colcon.colcon_core.package_identification:_identify(src/abb_ros2_upstream/abb_hardware_interface) by extension 'ros'
[0.391s] DEBUG:colcon.colcon_core.package_identification:Package 'src/abb_ros2_upstream/abb_hardware_interface' with type 'ros.ament_cmake' and name 'abb_hardware_interface'
[0.391s] Level 1:colcon.colcon_core.package_identification:_identify(src/abb_ros2_upstream/abb_resources) by extensions ['ignore', 'ignore_ament_install']
[0.391s] Level 1:colcon.colcon_core.package_identification:_identify(src/abb_ros2_upstream/abb_resources) by extension 'ignore'
[0.391s] Level 1:colcon.colcon_core.package_identification:_identify(src/abb_ros2_upstream/abb_resources) by extension 'ignore_ament_install'
[0.391s] Level 1:colcon.colcon_core.package_identification:_identify(src/abb_ros2_upstream/abb_resources) by extensions ['colcon_pkg']
[0.391s] Level 1:colcon.colcon_core.package_identification:_identify(src/abb_ros2_upstream/abb_resources) by extension 'colcon_pkg'
[0.391s] Level 1:colcon.colcon_core.package_identification:_identify(src/abb_ros2_upstream/abb_resources) by extensions ['colcon_meta']
[0.391s] Level 1:colcon.colcon_core.package_identification:_identify(src/abb_ros2_upstream/abb_resources) by extension 'colcon_meta'
[0.392s] Level 1:colcon.colcon_core.package_identification:_identify(src/abb_ros2_upstream/abb_resources) by extensions ['ros']
[0.392s] Level 1:colcon.colcon_core.package_identification:_identify(src/abb_ros2_upstream/abb_resources) by extension 'ros'
[0.392s] DEBUG:colcon.colcon_core.package_identification:Package 'src/abb_ros2_upstream/abb_resources' with type 'ros.ament_cmake' and name 'abb_resources'
[0.393s] Level 1:colcon.colcon_core.package_identification:_identify(src/abb_ros2_upstream/abb_ros2) by extensions ['ignore', 'ignore_ament_install']
[0.393s] Level 1:colcon.colcon_core.package_identification:_identify(src/abb_ros2_upstream/abb_ros2) by extension 'ignore'
[0.393s] Level 1:colcon.colcon_core.package_identification:_identify(src/abb_ros2_upstream/abb_ros2) by extension 'ignore_ament_install'
[0.393s] Level 1:colcon.colcon_core.package_identification:_identify(src/abb_ros2_upstream/abb_ros2) by extensions ['colcon_pkg']
[0.393s] Level 1:colcon.colcon_core.package_identification:_identify(src/abb_ros2_upstream/abb_ros2) by extension 'colcon_pkg'
[0.393s] Level 1:colcon.colcon_core.package_identification:_identify(src/abb_ros2_upstream/abb_ros2) by extensions ['colcon_meta']
[0.393s] Level 1:colcon.colcon_core.package_identification:_identify(src/abb_ros2_upstream/abb_ros2) by extension 'colcon_meta'
[0.393s] Level 1:colcon.colcon_core.package_identification:_identify(src/abb_ros2_upstream/abb_ros2) by extensions ['ros']
[0.393s] Level 1:colcon.colcon_core.package_identification:_identify(src/abb_ros2_upstream/abb_ros2) by extension 'ros'
[0.394s] DEBUG:colcon.colcon_core.package_identification:Package 'src/abb_ros2_upstream/abb_ros2' with type 'ros.ament_cmake' and name 'abb_ros2'
[0.394s] Level 1:colcon.colcon_core.package_identification:_identify(src/abb_ros2_upstream/abb_rws_client) by extensions ['ignore', 'ignore_ament_install']
[0.394s] Level 1:colcon.colcon_core.package_identification:_identify(src/abb_ros2_upstream/abb_rws_client) by extension 'ignore'
[0.394s] Level 1:colcon.colcon_core.package_identification:_identify(src/abb_ros2_upstream/abb_rws_client) by extension 'ignore_ament_install'
[0.394s] Level 1:colcon.colcon_core.package_identification:_identify(src/abb_ros2_upstream/abb_rws_client) by extensions ['colcon_pkg']
[0.394s] Level 1:colcon.colcon_core.package_identification:_identify(src/abb_ros2_upstream/abb_rws_client) by extension 'colcon_pkg'
[0.394s] Level 1:colcon.colcon_core.package_identification:_identify(src/abb_ros2_upstream/abb_rws_client) by extensions ['colcon_meta']
[0.394s] Level 1:colcon.colcon_core.package_identification:_identify(src/abb_ros2_upstream/abb_rws_client) by extension 'colcon_meta'
[0.394s] Level 1:colcon.colcon_core.package_identification:_identify(src/abb_ros2_upstream/abb_rws_client) by extensions ['ros']
[0.394s] Level 1:colcon.colcon_core.package_identification:_identify(src/abb_ros2_upstream/abb_rws_client) by extension 'ros'
[0.395s] DEBUG:colcon.colcon_core.package_identification:Package 'src/abb_ros2_upstream/abb_rws_client' with type 'ros.ament_cmake' and name 'abb_rws_client'
[0.395s] Level 1:colcon.colcon_core.package_identification:_identify(src/abb_ros2_upstream/docs) by extensions ['ignore', 'ignore_ament_install']
[0.396s] Level 1:colcon.colcon_core.package_identification:_identify(src/abb_ros2_upstream/docs) by extension 'ignore'
[0.396s] Level 1:colcon.colcon_core.package_identification:_identify(src/abb_ros2_upstream/docs) by extension 'ignore_ament_install'
[0.396s] Level 1:colcon.colcon_core.package_identification:_identify(src/abb_ros2_upstream/docs) by extensions ['colcon_pkg']
[0.396s] Level 1:colcon.colcon_core.package_identification:_identify(src/abb_ros2_upstream/docs) by extension 'colcon_pkg'
[0.396s] Level 1:colcon.colcon_core.package_identification:_identify(src/abb_ros2_upstream/docs) by extensions ['colcon_meta']
[0.396s] Level 1:colcon.colcon_core.package_identification:_identify(src/abb_ros2_upstream/docs) by extension 'colcon_meta'
[0.396s] Level 1:colcon.colcon_core.package_identification:_identify(src/abb_ros2_upstream/docs) by extensions ['ros']
[0.396s] Level 1:colcon.colcon_core.package_identification:_identify(src/abb_ros2_upstream/docs) by extension 'ros'
[0.396s] Level 1:colcon.colcon_core.package_identification:_identify(src/abb_ros2_upstream/docs) by extensions ['cmake', 'python']
[0.396s] Level 1:colcon.colcon_core.package_identification:_identify(src/abb_ros2_upstream/docs) by extension 'cmake'
[0.396s] Level 1:colcon.colcon_core.package_identification:_identify(src/abb_ros2_upstream/docs) by extension 'python'
[0.396s] Level 1:colcon.colcon_core.package_identification:_identify(src/abb_ros2_upstream/docs) by extensions ['python_setup_py']
[0.396s] Level 1:colcon.colcon_core.package_identification:_identify(src/abb_ros2_upstream/docs) by extension 'python_setup_py'
[0.396s] Level 1:colcon.colcon_core.package_identification:_identify(src/abb_ros2_upstream/docs/images) by extensions ['ignore', 'ignore_ament_install']
[0.396s] Level 1:colcon.colcon_core.package_identification:_identify(src/abb_ros2_upstream/docs/images) by extension 'ignore'
[0.396s] Level 1:colcon.colcon_core.package_identification:_identify(src/abb_ros2_upstream/docs/images) by extension 'ignore_ament_install'
[0.396s] Level 1:colcon.colcon_core.package_identification:_identify(src/abb_ros2_upstream/docs/images) by extensions ['colcon_pkg']
[0.396s] Level 1:colcon.colcon_core.package_identification:_identify(src/abb_ros2_upstream/docs/images) by extension 'colcon_pkg'
[0.396s] Level 1:colcon.colcon_core.package_identification:_identify(src/abb_ros2_upstream/docs/images) by extensions ['colcon_meta']
[0.396s] Level 1:colcon.colcon_core.package_identification:_identify(src/abb_ros2_upstream/docs/images) by extension 'colcon_meta'
[0.397s] Level 1:colcon.colcon_core.package_identification:_identify(src/abb_ros2_upstream/docs/images) by extensions ['ros']
[0.397s] Level 1:colcon.colcon_core.package_identification:_identify(src/abb_ros2_upstream/docs/images) by extension 'ros'
[0.397s] Level 1:colcon.colcon_core.package_identification:_identify(src/abb_ros2_upstream/docs/images) by extensions ['cmake', 'python']
[0.397s] Level 1:colcon.colcon_core.package_identification:_identify(src/abb_ros2_upstream/docs/images) by extension 'cmake'
[0.397s] Level 1:colcon.colcon_core.package_identification:_identify(src/abb_ros2_upstream/docs/images) by extension 'python'
[0.397s] Level 1:colcon.colcon_core.package_identification:_identify(src/abb_ros2_upstream/docs/images) by extensions ['python_setup_py']
[0.397s] Level 1:colcon.colcon_core.package_identification:_identify(src/abb_ros2_upstream/docs/images) by extension 'python_setup_py'
[0.397s] Level 1:colcon.colcon_core.package_identification:_identify(src/abb_ros2_upstream/robot_specific_config) by extensions ['ignore', 'ignore_ament_install']
[0.397s] Level 1:colcon.colcon_core.package_identification:_identify(src/abb_ros2_upstream/robot_specific_config) by extension 'ignore'
[0.397s] Level 1:colcon.colcon_core.package_identification:_identify(src/abb_ros2_upstream/robot_specific_config) by extension 'ignore_ament_install'
[0.397s] Level 1:colcon.colcon_core.package_identification:_identify(src/abb_ros2_upstream/robot_specific_config) by extensions ['colcon_pkg']
[0.397s] Level 1:colcon.colcon_core.package_identification:_identify(src/abb_ros2_upstream/robot_specific_config) by extension 'colcon_pkg'
[0.397s] Level 1:colcon.colcon_core.package_identification:_identify(src/abb_ros2_upstream/robot_specific_config) by extensions ['colcon_meta']
[0.397s] Level 1:colcon.colcon_core.package_identification:_identify(src/abb_ros2_upstream/robot_specific_config) by extension 'colcon_meta'
[0.397s] Level 1:colcon.colcon_core.package_identification:_identify(src/abb_ros2_upstream/robot_specific_config) by extensions ['ros']
[0.397s] Level 1:colcon.colcon_core.package_identification:_identify(src/abb_ros2_upstream/robot_specific_config) by extension 'ros'
[0.397s] Level 1:colcon.colcon_core.package_identification:_identify(src/abb_ros2_upstream/robot_specific_config) by extensions ['cmake', 'python']
[0.397s] Level 1:colcon.colcon_core.package_identification:_identify(src/abb_ros2_upstream/robot_specific_config) by extension 'cmake'
[0.397s] Level 1:colcon.colcon_core.package_identification:_identify(src/abb_ros2_upstream/robot_specific_config) by extension 'python'
[0.397s] Level 1:colcon.colcon_core.package_identification:_identify(src/abb_ros2_upstream/robot_specific_config) by extensions ['python_setup_py']
[0.397s] Level 1:colcon.colcon_core.package_identification:_identify(src/abb_ros2_upstream/robot_specific_config) by extension 'python_setup_py'
[0.398s] Level 1:colcon.colcon_core.package_identification:_identify(src/abb_ros2_upstream/robot_specific_config/abb_irb1200_5_90_moveit_config) by extensions ['ignore', 'ignore_ament_install']
[0.398s] Level 1:colcon.colcon_core.package_identification:_identify(src/abb_ros2_upstream/robot_specific_config/abb_irb1200_5_90_moveit_config) by extension 'ignore'
[0.398s] Level 1:colcon.colcon_core.package_identification:_identify(src/abb_ros2_upstream/robot_specific_config/abb_irb1200_5_90_moveit_config) by extension 'ignore_ament_install'
[0.398s] Level 1:colcon.colcon_core.package_identification:_identify(src/abb_ros2_upstream/robot_specific_config/abb_irb1200_5_90_moveit_config) by extensions ['colcon_pkg']
[0.398s] Level 1:colcon.colcon_core.package_identification:_identify(src/abb_ros2_upstream/robot_specific_config/abb_irb1200_5_90_moveit_config) by extension 'colcon_pkg'
[0.398s] Level 1:colcon.colcon_core.package_identification:_identify(src/abb_ros2_upstream/robot_specific_config/abb_irb1200_5_90_moveit_config) by extensions ['colcon_meta']
[0.398s] Level 1:colcon.colcon_core.package_identification:_identify(src/abb_ros2_upstream/robot_specific_config/abb_irb1200_5_90_moveit_config) by extension 'colcon_meta'
[0.398s] Level 1:colcon.colcon_core.package_identification:_identify(src/abb_ros2_upstream/robot_specific_config/abb_irb1200_5_90_moveit_config) by extensions ['ros']
[0.398s] Level 1:colcon.colcon_core.package_identification:_identify(src/abb_ros2_upstream/robot_specific_config/abb_irb1200_5_90_moveit_config) by extension 'ros'
[0.399s] DEBUG:colcon.colcon_core.package_identification:Package 'src/abb_ros2_upstream/robot_specific_config/abb_irb1200_5_90_moveit_config' with type 'ros.ament_cmake' and name 'abb_irb1200_5_90_moveit_config'
[0.400s] Level 1:colcon.colcon_core.package_identification:_identify(src/abb_ros2_upstream/robot_specific_config/abb_irb1200_support) by extensions ['ignore', 'ignore_ament_install']
[0.400s] Level 1:colcon.colcon_core.package_identification:_identify(src/abb_ros2_upstream/robot_specific_config/abb_irb1200_support) by extension 'ignore'
[0.400s] Level 1:colcon.colcon_core.package_identification:_identify(src/abb_ros2_upstream/robot_specific_config/abb_irb1200_support) by extension 'ignore_ament_install'
[0.400s] Level 1:colcon.colcon_core.package_identification:_identify(src/abb_ros2_upstream/robot_specific_config/abb_irb1200_support) by extensions ['colcon_pkg']
[0.400s] Level 1:colcon.colcon_core.package_identification:_identify(src/abb_ros2_upstream/robot_specific_config/abb_irb1200_support) by extension 'colcon_pkg'
[0.400s] Level 1:colcon.colcon_core.package_identification:_identify(src/abb_ros2_upstream/robot_specific_config/abb_irb1200_support) by extensions ['colcon_meta']
[0.400s] Level 1:colcon.colcon_core.package_identification:_identify(src/abb_ros2_upstream/robot_specific_config/abb_irb1200_support) by extension 'colcon_meta'
[0.400s] Level 1:colcon.colcon_core.package_identification:_identify(src/abb_ros2_upstream/robot_specific_config/abb_irb1200_support) by extensions ['ros']
[0.400s] Level 1:colcon.colcon_core.package_identification:_identify(src/abb_ros2_upstream/robot_specific_config/abb_irb1200_support) by extension 'ros'
[0.401s] DEBUG:colcon.colcon_core.package_identification:Package 'src/abb_ros2_upstream/robot_specific_config/abb_irb1200_support' with type 'ros.ament_cmake' and name 'abb_irb1200_support'
[0.401s] Level 1:colcon.colcon_core.package_identification:_identify(src/abb_ros2_upstream/robot_specific_config/abb_irb4600_support) by extensions ['ignore', 'ignore_ament_install']
[0.401s] Level 1:colcon.colcon_core.package_identification:_identify(src/abb_ros2_upstream/robot_specific_config/abb_irb4600_support) by extension 'ignore'
[0.401s] Level 1:colcon.colcon_core.package_identification:_identify(src/abb_ros2_upstream/robot_specific_config/abb_irb4600_support) by extension 'ignore_ament_install'
[0.401s] Level 1:colcon.colcon_core.package_identification:_identify(src/abb_ros2_upstream/robot_specific_config/abb_irb4600_support) by extensions ['colcon_pkg']
[0.401s] Level 1:colcon.colcon_core.package_identification:_identify(src/abb_ros2_upstream/robot_specific_config/abb_irb4600_support) by extension 'colcon_pkg'
[0.401s] Level 1:colcon.colcon_core.package_identification:_identify(src/abb_ros2_upstream/robot_specific_config/abb_irb4600_support) by extensions ['colcon_meta']
[0.401s] Level 1:colcon.colcon_core.package_identification:_identify(src/abb_ros2_upstream/robot_specific_config/abb_irb4600_support) by extension 'colcon_meta'
[0.401s] Level 1:colcon.colcon_core.package_identification:_identify(src/abb_ros2_upstream/robot_specific_config/abb_irb4600_support) by extensions ['ros']
[0.401s] Level 1:colcon.colcon_core.package_identification:_identify(src/abb_ros2_upstream/robot_specific_config/abb_irb4600_support) by extension 'ros'
[0.402s] DEBUG:colcon.colcon_core.package_identification:Package 'src/abb_ros2_upstream/robot_specific_config/abb_irb4600_support' with type 'ros.ament_cmake' and name 'abb_irb4600_support'
[0.402s] Level 1:colcon.colcon_core.package_identification:_identify(src/abb_ros2_upstream/robot_studio_resources) by extensions ['ignore', 'ignore_ament_install']
[0.402s] Level 1:colcon.colcon_core.package_identification:_identify(src/abb_ros2_upstream/robot_studio_resources) by extension 'ignore'
[0.402s] Level 1:colcon.colcon_core.package_identification:_identify(src/abb_ros2_upstream/robot_studio_resources) by extension 'ignore_ament_install'
[0.402s] Level 1:colcon.colcon_core.package_identification:_identify(src/abb_ros2_upstream/robot_studio_resources) by extensions ['colcon_pkg']
[0.402s] Level 1:colcon.colcon_core.package_identification:_identify(src/abb_ros2_upstream/robot_studio_resources) by extension 'colcon_pkg'
[0.402s] Level 1:colcon.colcon_core.package_identification:_identify(src/abb_ros2_upstream/robot_studio_resources) by extensions ['colcon_meta']
[0.402s] Level 1:colcon.colcon_core.package_identification:_identify(src/abb_ros2_upstream/robot_studio_resources) by extension 'colcon_meta'
[0.402s] Level 1:colcon.colcon_core.package_identification:_identify(src/abb_ros2_upstream/robot_studio_resources) by extensions ['ros']
[0.402s] Level 1:colcon.colcon_core.package_identification:_identify(src/abb_ros2_upstream/robot_studio_resources) by extension 'ros'
[0.403s] Level 1:colcon.colcon_core.package_identification:_identify(src/abb_ros2_upstream/robot_studio_resources) by extensions ['cmake', 'python']
[0.403s] Level 1:colcon.colcon_core.package_identification:_identify(src/abb_ros2_upstream/robot_studio_resources) by extension 'cmake'
[0.403s] Level 1:colcon.colcon_core.package_identification:_identify(src/abb_ros2_upstream/robot_studio_resources) by extension 'python'
[0.403s] Level 1:colcon.colcon_core.package_identification:_identify(src/abb_ros2_upstream/robot_studio_resources) by extensions ['python_setup_py']
[0.403s] Level 1:colcon.colcon_core.package_identification:_identify(src/abb_ros2_upstream/robot_studio_resources) by extension 'python_setup_py'
[0.403s] Level 1:colcon.colcon_core.package_identification:_identify(src/abb_ros2_upstream/robot_studio_resources/velocity_control_example) by extensions ['ignore', 'ignore_ament_install']
[0.403s] Level 1:colcon.colcon_core.package_identification:_identify(src/abb_ros2_upstream/robot_studio_resources/velocity_control_example) by extension 'ignore'
[0.403s] Level 1:colcon.colcon_core.package_identification:_identify(src/abb_ros2_upstream/robot_studio_resources/velocity_control_example) by extension 'ignore_ament_install'
[0.403s] Level 1:colcon.colcon_core.package_identification:_identify(src/abb_ros2_upstream/robot_studio_resources/velocity_control_example) by extensions ['colcon_pkg']
[0.403s] Level 1:colcon.colcon_core.package_identification:_identify(src/abb_ros2_upstream/robot_studio_resources/velocity_control_example) by extension 'colcon_pkg'
[0.403s] Level 1:colcon.colcon_core.package_identification:_identify(src/abb_ros2_upstream/robot_studio_resources/velocity_control_example) by extensions ['colcon_meta']
[0.403s] Level 1:colcon.colcon_core.package_identification:_identify(src/abb_ros2_upstream/robot_studio_resources/velocity_control_example) by extension 'colcon_meta'
[0.403s] Level 1:colcon.colcon_core.package_identification:_identify(src/abb_ros2_upstream/robot_studio_resources/velocity_control_example) by extensions ['ros']
[0.403s] Level 1:colcon.colcon_core.package_identification:_identify(src/abb_ros2_upstream/robot_studio_resources/velocity_control_example) by extension 'ros'
[0.403s] Level 1:colcon.colcon_core.package_identification:_identify(src/abb_ros2_upstream/robot_studio_resources/velocity_control_example) by extensions ['cmake', 'python']
[0.403s] Level 1:colcon.colcon_core.package_identification:_identify(src/abb_ros2_upstream/robot_studio_resources/velocity_control_example) by extension 'cmake'
[0.403s] Level 1:colcon.colcon_core.package_identification:_identify(src/abb_ros2_upstream/robot_studio_resources/velocity_control_example) by extension 'python'
[0.403s] Level 1:colcon.colcon_core.package_identification:_identify(src/abb_ros2_upstream/robot_studio_resources/velocity_control_example) by extensions ['python_setup_py']
[0.403s] Level 1:colcon.colcon_core.package_identification:_identify(src/abb_ros2_upstream/robot_studio_resources/velocity_control_example) by extension 'python_setup_py'
[0.404s] Level 1:colcon.colcon_core.package_identification:_identify(src/click_to_move) by extensions ['ignore', 'ignore_ament_install']
[0.404s] Level 1:colcon.colcon_core.package_identification:_identify(src/click_to_move) by extension 'ignore'
[0.404s] Level 1:colcon.colcon_core.package_identification:_identify(src/click_to_move) by extension 'ignore_ament_install'
[0.404s] Level 1:colcon.colcon_core.package_identification:_identify(src/click_to_move) by extensions ['colcon_pkg']
[0.404s] Level 1:colcon.colcon_core.package_identification:_identify(src/click_to_move) by extension 'colcon_pkg'
[0.404s] Level 1:colcon.colcon_core.package_identification:_identify(src/click_to_move) by extensions ['colcon_meta']
[0.404s] Level 1:colcon.colcon_core.package_identification:_identify(src/click_to_move) by extension 'colcon_meta'
[0.404s] Level 1:colcon.colcon_core.package_identification:_identify(src/click_to_move) by extensions ['ros']
[0.404s] Level 1:colcon.colcon_core.package_identification:_identify(src/click_to_move) by extension 'ros'
[0.405s] DEBUG:colcon.colcon_core.package_identification:Package 'src/click_to_move' with type 'ros.ament_cmake' and name 'click_to_move'
[0.405s] Level 1:colcon.colcon_core.package_identification:_identify(src/workcell_config) by extensions ['ignore', 'ignore_ament_install']
[0.405s] Level 1:colcon.colcon_core.package_identification:_identify(src/workcell_config) by extension 'ignore'
[0.405s] Level 1:colcon.colcon_core.package_identification:_identify(src/workcell_config) by extension 'ignore_ament_install'
[0.405s] Level 1:colcon.colcon_core.package_identification:_identify(src/workcell_config) by extensions ['colcon_pkg']
[0.405s] Level 1:colcon.colcon_core.package_identification:_identify(src/workcell_config) by extension 'colcon_pkg'
[0.405s] Level 1:colcon.colcon_core.package_identification:_identify(src/workcell_config) by extensions ['colcon_meta']
[0.405s] Level 1:colcon.colcon_core.package_identification:_identify(src/workcell_config) by extension 'colcon_meta'
[0.405s] Level 1:colcon.colcon_core.package_identification:_identify(src/workcell_config) by extensions ['ros']
[0.405s] Level 1:colcon.colcon_core.package_identification:_identify(src/workcell_config) by extension 'ros'
[0.415s] DEBUG:colcon.colcon_core.package_identification:Package 'src/workcell_config' with type 'ros.ament_cmake' and name 'workcell_config'
[0.415s] Level 1:colcon.colcon_core.package_identification:_identify(src/workcell_description) by extensions ['ignore', 'ignore_ament_install']
[0.415s] Level 1:colcon.colcon_core.package_identification:_identify(src/workcell_description) by extension 'ignore'
[0.415s] Level 1:colcon.colcon_core.package_identification:_identify(src/workcell_description) by extension 'ignore_ament_install'
[0.415s] Level 1:colcon.colcon_core.package_identification:_identify(src/workcell_description) by extensions ['colcon_pkg']
[0.415s] Level 1:colcon.colcon_core.package_identification:_identify(src/workcell_description) by extension 'colcon_pkg'
[0.415s] Level 1:colcon.colcon_core.package_identification:_identify(src/workcell_description) by extensions ['colcon_meta']
[0.415s] Level 1:colcon.colcon_core.package_identification:_identify(src/workcell_description) by extension 'colcon_meta'
[0.415s] Level 1:colcon.colcon_core.package_identification:_identify(src/workcell_description) by extensions ['ros']
[0.415s] Level 1:colcon.colcon_core.package_identification:_identify(src/workcell_description) by extension 'ros'
[0.416s] DEBUG:colcon.colcon_core.package_identification:Package 'src/workcell_description' with type 'ros.ament_cmake' and name 'workcell_description'
[0.416s] Level 1:colcon.colcon_core.package_identification:_identify(tools) by extensions ['ignore', 'ignore_ament_install']
[0.416s] Level 1:colcon.colcon_core.package_identification:_identify(tools) by extension 'ignore'
[0.416s] Level 1:colcon.colcon_core.package_identification:_identify(tools) by extension 'ignore_ament_install'
[0.416s] Level 1:colcon.colcon_core.package_identification:_identify(tools) by extensions ['colcon_pkg']
[0.416s] Level 1:colcon.colcon_core.package_identification:_identify(tools) by extension 'colcon_pkg'
[0.416s] Level 1:colcon.colcon_core.package_identification:_identify(tools) by extensions ['colcon_meta']
[0.416s] Level 1:colcon.colcon_core.package_identification:_identify(tools) by extension 'colcon_meta'
[0.416s] Level 1:colcon.colcon_core.package_identification:_identify(tools) by extensions ['ros']
[0.416s] Level 1:colcon.colcon_core.package_identification:_identify(tools) by extension 'ros'
[0.416s] Level 1:colcon.colcon_core.package_identification:_identify(tools) by extensions ['cmake', 'python']
[0.416s] Level 1:colcon.colcon_core.package_identification:_identify(tools) by extension 'cmake'
[0.416s] Level 1:colcon.colcon_core.package_identification:_identify(tools) by extension 'python'
[0.416s] Level 1:colcon.colcon_core.package_identification:_identify(tools) by extensions ['python_setup_py']
[0.416s] Level 1:colcon.colcon_core.package_identification:_identify(tools) by extension 'python_setup_py'
[0.416s] Level 1:colcon.colcon_core.package_identification:_identify(tools/__pycache__) by extensions ['ignore', 'ignore_ament_install']
[0.417s] Level 1:colcon.colcon_core.package_identification:_identify(tools/__pycache__) by extension 'ignore'
[0.417s] Level 1:colcon.colcon_core.package_identification:_identify(tools/__pycache__) by extension 'ignore_ament_install'
[0.417s] Level 1:colcon.colcon_core.package_identification:_identify(tools/__pycache__) by extensions ['colcon_pkg']
[0.417s] Level 1:colcon.colcon_core.package_identification:_identify(tools/__pycache__) by extension 'colcon_pkg'
[0.417s] Level 1:colcon.colcon_core.package_identification:_identify(tools/__pycache__) by extensions ['colcon_meta']
[0.417s] Level 1:colcon.colcon_core.package_identification:_identify(tools/__pycache__) by extension 'colcon_meta'
[0.417s] Level 1:colcon.colcon_core.package_identification:_identify(tools/__pycache__) by extensions ['ros']
[0.417s] Level 1:colcon.colcon_core.package_identification:_identify(tools/__pycache__) by extension 'ros'
[0.417s] Level 1:colcon.colcon_core.package_identification:_identify(tools/__pycache__) by extensions ['cmake', 'python']
[0.417s] Level 1:colcon.colcon_core.package_identification:_identify(tools/__pycache__) by extension 'cmake'
[0.417s] Level 1:colcon.colcon_core.package_identification:_identify(tools/__pycache__) by extension 'python'
[0.417s] Level 1:colcon.colcon_core.package_identification:_identify(tools/__pycache__) by extensions ['python_setup_py']
[0.417s] Level 1:colcon.colcon_core.package_identification:_identify(tools/__pycache__) by extension 'python_setup_py'
[0.417s] Level 1:colcon.colcon_core.package_discovery:discover_packages(recursive) using defaults
[0.417s] Level 1:colcon.colcon_core.package_discovery:discover_packages(ignore) discover
[0.417s] Level 1:colcon.colcon_core.package_discovery:discover_packages(ignore) using defaults
[0.417s] Level 1:colcon.colcon_core.package_discovery:discover_packages(path) discover
[0.417s] Level 1:colcon.colcon_core.package_discovery:discover_packages(path) using defaults
[0.446s] INFO:colcon.colcon_core.package_selection:Skipping not selected package 'abb_egm_msgs' in 'src/abb_ros2_msgs/abb_egm_msgs'
[0.446s] INFO:colcon.colcon_core.package_selection:Skipping not selected package 'abb_irb1200_support' in 'src/abb_ros2_upstream/robot_specific_config/abb_irb1200_support'
[0.446s] INFO:colcon.colcon_core.package_selection:Skipping not selected package 'abb_irb4600_support' in 'src/abb_ros2_upstream/robot_specific_config/abb_irb4600_support'
[0.446s] INFO:colcon.colcon_core.package_selection:Skipping not selected package 'abb_libegm' in 'src/abb_libegm'
[0.446s] INFO:colcon.colcon_core.package_selection:Skipping not selected package 'abb_librws' in 'src/abb_librws'
[0.446s] INFO:colcon.colcon_core.package_selection:Skipping not selected package 'abb_rapid_msgs' in 'src/abb_ros2_msgs/abb_rapid_msgs'
[0.446s] INFO:colcon.colcon_core.package_selection:Skipping not selected package 'abb_resources' in 'src/abb_ros2_upstream/abb_resources'
[0.446s] INFO:colcon.colcon_core.package_selection:Skipping not selected package 'abb_robot_msgs' in 'src/abb_ros2_msgs/abb_robot_msgs'
[0.446s] INFO:colcon.colcon_core.package_selection:Skipping not selected package 'abb_ros2' in 'src/abb_ros2_upstream/abb_ros2'
[0.446s] INFO:colcon.colcon_core.package_selection:Skipping not selected package 'workcell_description' in 'src/workcell_description'
[0.446s] INFO:colcon.colcon_core.package_selection:Skipping not selected package 'abb_egm_rws_managers' in 'src/abb_egm_rws_managers'
[0.446s] INFO:colcon.colcon_core.package_selection:Skipping not selected package 'abb_irb1200_5_90_moveit_config' in 'src/abb_ros2_upstream/robot_specific_config/abb_irb1200_5_90_moveit_config'
[0.446s] INFO:colcon.colcon_core.package_selection:Skipping not selected package 'abb_rapid_sm_addin_msgs' in 'src/abb_ros2_msgs/abb_rapid_sm_addin_msgs'
[0.446s] INFO:colcon.colcon_core.package_selection:Skipping not selected package 'workcell_config' in 'src/workcell_config'
[0.446s] INFO:colcon.colcon_core.package_selection:Skipping not selected package 'abb_bringup' in 'src/abb_ros2_upstream/abb_bringup'
[0.446s] INFO:colcon.colcon_core.package_selection:Skipping not selected package 'abb_hardware_interface' in 'src/abb_ros2_upstream/abb_hardware_interface'
[0.446s] INFO:colcon.colcon_core.package_selection:Skipping not selected package 'abb_rws_client' in 'src/abb_ros2_upstream/abb_rws_client'
[0.446s] INFO:colcon.colcon_core.package_selection:Skipping not selected package 'click_to_move' in 'src/click_to_move'
[0.447s] Level 1:colcon.colcon_core.package_discovery:discover_packages(prefix_path) check parameters
[0.447s] Level 1:colcon.colcon_core.package_discovery:discover_packages(prefix_path) discover
[0.450s] DEBUG:colcon.colcon_installed_package_information.package_discovery:Found 322 installed packages in /opt/ros/humble
[0.451s] Level 1:colcon.colcon_core.package_discovery:discover_packages(prefix_path) using defaults
[0.490s] Level 5:colcon.colcon_core.verb:set package 'abb_pi0_bridge' build argument 'cmake_args' from command line to 'None'
[0.490s] Level 5:colcon.colcon_core.verb:set package 'abb_pi0_bridge' build argument 'cmake_target' from command line to 'None'
[0.490s] Level 5:colcon.colcon_core.verb:set package 'abb_pi0_bridge' build argument 'cmake_target_skip_unavailable' from command line to 'False'
[0.490s] Level 5:colcon.colcon_core.verb:set package 'abb_pi0_bridge' build argument 'cmake_clean_cache' from command line to 'False'
[0.490s] Level 5:colcon.colcon_core.verb:set package 'abb_pi0_bridge' build argument 'cmake_clean_first' from command line to 'False'
[0.490s] Level 5:colcon.colcon_core.verb:set package 'abb_pi0_bridge' build argument 'cmake_force_configure' from command line to 'False'
[0.490s] Level 5:colcon.colcon_core.verb:set package 'abb_pi0_bridge' build argument 'ament_cmake_args' from command line to 'None'
[0.490s] Level 5:colcon.colcon_core.verb:set package 'abb_pi0_bridge' build argument 'catkin_cmake_args' from command line to 'None'
[0.490s] Level 5:colcon.colcon_core.verb:set package 'abb_pi0_bridge' build argument 'catkin_skip_building_tests' from command line to 'False'
[0.490s] DEBUG:colcon.colcon_core.verb:Building package 'abb_pi0_bridge' with the following arguments: {'ament_cmake_args': None, 'build_base': '/home/heng/workspace/ws_RAMS/build/abb_pi0_bridge', 'catkin_cmake_args': None, 'catkin_skip_building_tests': False, 'cmake_args': None, 'cmake_clean_cache': False, 'cmake_clean_first': False, 'cmake_force_configure': False, 'cmake_target': None, 'cmake_target_skip_unavailable': False, 'install_base': '/home/heng/workspace/ws_RAMS/install/abb_pi0_bridge', 'merge_install': False, 'path': '/home/heng/workspace/ws_RAMS/src/abb_pi0_bridge', 'symlink_install': False, 'test_result_base': None}
[0.490s] INFO:colcon.colcon_core.executor:Executing jobs using 'parallel' executor
[0.491s] DEBUG:colcon.colcon_parallel_executor.executor.parallel:run_until_complete
[0.492s] INFO:colcon.colcon_ros.task.ament_python.build:Building ROS package in '/home/heng/workspace/ws_RAMS/src/abb_pi0_bridge' with build type 'ament_python'
[0.492s] Level 1:colcon.colcon_core.shell:create_environment_hook('abb_pi0_bridge', 'ament_prefix_path')
[0.496s] INFO:colcon.colcon_core.plugin_system:Skipping extension 'colcon_core.shell.bat': Not used on non-Windows systems
[0.497s] INFO:colcon.colcon_core.shell:Creating environment hook '/home/heng/workspace/ws_RAMS/install/abb_pi0_bridge/share/abb_pi0_bridge/hook/ament_prefix_path.ps1'
[0.498s] INFO:colcon.colcon_core.shell:Creating environment descriptor '/home/heng/workspace/ws_RAMS/install/abb_pi0_bridge/share/abb_pi0_bridge/hook/ament_prefix_path.dsv'
[0.498s] INFO:colcon.colcon_core.shell:Creating environment hook '/home/heng/workspace/ws_RAMS/install/abb_pi0_bridge/share/abb_pi0_bridge/hook/ament_prefix_path.sh'
[0.499s] INFO:colcon.colcon_core.shell:Skip shell extension 'powershell' for command environment: Not usable outside of PowerShell
[0.499s] DEBUG:colcon.colcon_core.shell:Skip shell extension 'dsv' for command environment
[0.737s] INFO:colcon.colcon_core.task.python.build:Building Python package in '/home/heng/workspace/ws_RAMS/src/abb_pi0_bridge'
[0.737s] INFO:colcon.colcon_core.shell:Skip shell extension 'powershell' for command environment: Not usable outside of PowerShell
[0.737s] DEBUG:colcon.colcon_core.shell:Skip shell extension 'dsv' for command environment
[1.129s] DEBUG:colcon.colcon_core.event_handler.log_command:Invoking command in '/home/heng/workspace/ws_RAMS/src/abb_pi0_bridge': CONDA_PROMPT_MODIFIER=(base) PYTHONPATH=/home/heng/workspace/ws_RAMS/build/abb_pi0_bridge/prefix_override:/usr/lib/python3/dist-packages/colcon_core/task/python/colcon_distutils_commands:/home/heng/workspace/ws_RAMS/install/abb_pi0_bridge/lib/python3.10/site-packages:${PYTHONPATH} /usr/bin/python3 -W ignore:setup.py install is deprecated -W ignore:easy_install command is deprecated setup.py egg_info --egg-base ../../build/abb_pi0_bridge build --build-base /home/heng/workspace/ws_RAMS/build/abb_pi0_bridge/build install --record /home/heng/workspace/ws_RAMS/build/abb_pi0_bridge/install.log --single-version-externally-managed install_data
[1.393s] DEBUG:colcon.colcon_core.event_handler.log_command:Invoked command in '/home/heng/workspace/ws_RAMS/src/abb_pi0_bridge' returned '0': CONDA_PROMPT_MODIFIER=(base) PYTHONPATH=/home/heng/workspace/ws_RAMS/build/abb_pi0_bridge/prefix_override:/usr/lib/python3/dist-packages/colcon_core/task/python/colcon_distutils_commands:/home/heng/workspace/ws_RAMS/install/abb_pi0_bridge/lib/python3.10/site-packages:${PYTHONPATH} /usr/bin/python3 -W ignore:setup.py install is deprecated -W ignore:easy_install command is deprecated setup.py egg_info --egg-base ../../build/abb_pi0_bridge build --build-base /home/heng/workspace/ws_RAMS/build/abb_pi0_bridge/build install --record /home/heng/workspace/ws_RAMS/build/abb_pi0_bridge/install.log --single-version-externally-managed install_data
[1.402s] Level 1:colcon.colcon_core.environment:checking '/home/heng/workspace/ws_RAMS/install/abb_pi0_bridge' for CMake module files
[1.403s] Level 1:colcon.colcon_core.environment:checking '/home/heng/workspace/ws_RAMS/install/abb_pi0_bridge' for CMake config files
[1.404s] Level 1:colcon.colcon_core.environment:checking '/home/heng/workspace/ws_RAMS/install/abb_pi0_bridge/lib'
[1.404s] Level 1:colcon.colcon_core.environment:checking '/home/heng/workspace/ws_RAMS/install/abb_pi0_bridge/bin'
[1.404s] Level 1:colcon.colcon_core.environment:checking '/home/heng/workspace/ws_RAMS/install/abb_pi0_bridge/lib/pkgconfig/abb_pi0_bridge.pc'
[1.404s] Level 1:colcon.colcon_core.environment:checking '/home/heng/workspace/ws_RAMS/install/abb_pi0_bridge/lib/python3.10/site-packages'
[1.404s] Level 1:colcon.colcon_core.shell:create_environment_hook('abb_pi0_bridge', 'pythonpath')
[1.404s] INFO:colcon.colcon_core.shell:Creating environment hook '/home/heng/workspace/ws_RAMS/install/abb_pi0_bridge/share/abb_pi0_bridge/hook/pythonpath.ps1'
[1.405s] INFO:colcon.colcon_core.shell:Creating environment descriptor '/home/heng/workspace/ws_RAMS/install/abb_pi0_bridge/share/abb_pi0_bridge/hook/pythonpath.dsv'
[1.405s] INFO:colcon.colcon_core.shell:Creating environment hook '/home/heng/workspace/ws_RAMS/install/abb_pi0_bridge/share/abb_pi0_bridge/hook/pythonpath.sh'
[1.405s] Level 1:colcon.colcon_core.environment:checking '/home/heng/workspace/ws_RAMS/install/abb_pi0_bridge/bin'
[1.406s] Level 1:colcon.colcon_core.environment:create_environment_scripts_only(abb_pi0_bridge)
[1.406s] INFO:colcon.colcon_core.shell:Creating package script '/home/heng/workspace/ws_RAMS/install/abb_pi0_bridge/share/abb_pi0_bridge/package.ps1'
[1.407s] INFO:colcon.colcon_core.shell:Creating package descriptor '/home/heng/workspace/ws_RAMS/install/abb_pi0_bridge/share/abb_pi0_bridge/package.dsv'
[1.407s] INFO:colcon.colcon_core.shell:Creating package script '/home/heng/workspace/ws_RAMS/install/abb_pi0_bridge/share/abb_pi0_bridge/package.sh'
[1.408s] INFO:colcon.colcon_core.shell:Creating package script '/home/heng/workspace/ws_RAMS/install/abb_pi0_bridge/share/abb_pi0_bridge/package.bash'
[1.409s] INFO:colcon.colcon_core.shell:Creating package script '/home/heng/workspace/ws_RAMS/install/abb_pi0_bridge/share/abb_pi0_bridge/package.zsh'
[1.410s] Level 1:colcon.colcon_core.environment:create_file_with_runtime_dependencies(/home/heng/workspace/ws_RAMS/install/abb_pi0_bridge/share/colcon-core/packages/abb_pi0_bridge)
[1.410s] DEBUG:colcon.colcon_parallel_executor.executor.parallel:closing loop
[1.410s] DEBUG:colcon.colcon_parallel_executor.executor.parallel:loop closed
[1.410s] DEBUG:colcon.colcon_parallel_executor.executor.parallel:run_until_complete finished with '0'
[1.410s] DEBUG:colcon.colcon_core.event_reactor:joining thread
[1.421s] INFO:colcon.colcon_core.plugin_system:Skipping extension 'colcon_notification.desktop_notification.terminal_notifier': Not used on non-Darwin systems
[1.421s] INFO:colcon.colcon_core.plugin_system:Skipping extension 'colcon_notification.desktop_notification.win32': Not used on non-Windows systems
[1.421s] INFO:colcon.colcon_notification.desktop_notification:Sending desktop notification using 'notify2'
[1.447s] DEBUG:colcon.colcon_core.event_reactor:joined thread
[1.447s] INFO:colcon.colcon_core.shell:Creating prefix script '/home/heng/workspace/ws_RAMS/install/local_setup.ps1'
[1.449s] INFO:colcon.colcon_core.shell:Creating prefix util module '/home/heng/workspace/ws_RAMS/install/_local_setup_util_ps1.py'
[1.451s] INFO:colcon.colcon_core.shell:Creating prefix chain script '/home/heng/workspace/ws_RAMS/install/setup.ps1'
[1.453s] INFO:colcon.colcon_core.shell:Creating prefix script '/home/heng/workspace/ws_RAMS/install/local_setup.sh'
[1.454s] INFO:colcon.colcon_core.shell:Creating prefix util module '/home/heng/workspace/ws_RAMS/install/_local_setup_util_sh.py'
[1.455s] INFO:colcon.colcon_core.shell:Creating prefix chain script '/home/heng/workspace/ws_RAMS/install/setup.sh'
[1.457s] INFO:colcon.colcon_core.shell:Creating prefix script '/home/heng/workspace/ws_RAMS/install/local_setup.bash'
[1.458s] INFO:colcon.colcon_core.shell:Creating prefix chain script '/home/heng/workspace/ws_RAMS/install/setup.bash'
[1.459s] INFO:colcon.colcon_core.shell:Creating prefix script '/home/heng/workspace/ws_RAMS/install/local_setup.zsh'
[1.461s] INFO:colcon.colcon_core.shell:Creating prefix chain script '/home/heng/workspace/ws_RAMS/install/setup.zsh'
