[0.044s] Invoking command in '/home/ros2/ws_RAMS/build/click_to_move': CMAKE_PREFIX_PATH=/home/ros2/ws_RAMS/install/workcell_config:/home/ros2/ws_RAMS/install/workcell_description:/home/ros2/ws_abb_ros2/install/abb_rws_client:/home/ros2/ws_abb_ros2/install/abb_ros2:/home/ros2/ws_abb_ros2/install/abb_robot_msgs:/home/ros2/ws_abb_ros2/install/abb_resources:/home/ros2/ws_abb_ros2/install/abb_rapid_sm_addin_msgs:/home/ros2/ws_abb_ros2/install/abb_rapid_msgs:/home/ros2/ws_abb_ros2/install/abb_hardware_interface:/home/ros2/ws_abb_ros2/install/abb_egm_rws_managers:/home/ros2/ws_abb_ros2/install/abb_librws:/home/ros2/ws_abb_ros2/install/abb_libegm:/home/ros2/ws_abb_ros2/install/abb_irb4600_support:/home/ros2/ws_abb_ros2/install/abb_irb1200_5_90_moveit_config:/home/ros2/ws_abb_ros2/install/abb_irb1200_support:/home/ros2/ws_abb_ros2/install/abb_egm_msgs:/home/ros2/ws_abb_ros2/install/abb_bringup:/home/ros2/ws_RAMS/install/click_to_move:/home/ros2/ws_abb_support/install/abb_irb6700_support:/opt/ros/humble /usr/bin/cmake /home/ros2/ws_RAMS/src/click_to_move -DCMAKE_INSTALL_PREFIX=/home/ros2/ws_RAMS/install/click_to_move
[0.216s] -- The C compiler identification is GNU 11.4.0
[0.394s] -- The CXX compiler identification is GNU 11.4.0
[0.415s] -- Detecting C compiler ABI info
[0.679s] -- Detecting C compiler ABI info - done
[0.696s] -- Check for working C compiler: /usr/bin/cc - skipped
[0.697s] -- Detecting C compile features
[0.698s] -- Detecting C compile features - done
[0.706s] -- Detecting CXX compiler ABI info
[0.958s] -- Detecting CXX compiler ABI info - done
[0.975s] -- Check for working CXX compiler: /usr/bin/c++ - skipped
[0.976s] -- Detecting CXX compile features
[0.977s] -- Detecting CXX compile features - done
[0.991s] -- Found ament_cmake: 1.3.12 (/opt/ros/humble/share/ament_cmake/cmake)
[1.436s] -- Found Python3: /usr/bin/python3 (found version "3.10.12") found components: Interpreter 
[1.763s] -- Found rclcpp: 16.0.14 (/opt/ros/humble/share/rclcpp/cmake)
[1.945s] -- Found rosidl_generator_c: 3.1.7 (/opt/ros/humble/share/rosidl_generator_c/cmake)
[1.967s] -- Found rosidl_adapter: 3.1.7 (/opt/ros/humble/share/rosidl_adapter/cmake)
[2.001s] -- Found rosidl_generator_cpp: 3.1.7 (/opt/ros/humble/share/rosidl_generator_cpp/cmake)
[2.048s] -- Using all available rosidl_typesupport_c: rosidl_typesupport_fastrtps_c;rosidl_typesupport_introspection_c
[2.105s] -- Using all available rosidl_typesupport_cpp: rosidl_typesupport_fastrtps_cpp;rosidl_typesupport_introspection_cpp
[2.282s] -- Found rmw_implementation_cmake: 6.1.2 (/opt/ros/humble/share/rmw_implementation_cmake/cmake)
[2.296s] -- Found rmw_fastrtps_cpp: 6.2.8 (/opt/ros/humble/share/rmw_fastrtps_cpp/cmake)
[2.611s] -- Found OpenSSL: /usr/lib/x86_64-linux-gnu/libcrypto.so (found version "3.0.2")  
[2.688s] -- Found FastRTPS: /opt/ros/humble/include  
[2.801s] -- Using RMW implementation 'rmw_fastrtps_cpp' as default
[2.842s] -- Looking for pthread.h
[3.067s] -- Looking for pthread.h - found
[3.073s] -- Performing Test CMAKE_HAVE_LIBC_PTHREAD
[3.305s] -- Performing Test CMAKE_HAVE_LIBC_PTHREAD - Success
[3.309s] -- Found Threads: TRUE  
[3.472s] -- Found geometry_msgs: 4.9.0 (/opt/ros/humble/share/geometry_msgs/cmake)
[3.530s] -- Found tf2: 0.25.15 (/opt/ros/humble/share/tf2/cmake)
[3.574s] -- Found tf2_ros: 0.25.15 (/opt/ros/humble/share/tf2_ros/cmake)
[4.002s] -- Found tf2_geometry_msgs: 0.25.16 (/opt/ros/humble/share/tf2_geometry_msgs/cmake)
[4.083s] -- Found eigen3_cmake_module: 0.1.1 (/opt/ros/humble/share/eigen3_cmake_module/cmake)
[4.089s] -- Found Eigen3: TRUE (found version "3.4.0") 
[4.089s] -- Ensuring Eigen3 include directory is part of orocos-kdl CMake target
[4.109s] -- Found moveit_ros_planning_interface: 2.5.9 (/opt/ros/humble/share/moveit_ros_planning_interface/cmake)
[4.226s] -- Found Boost: /usr/lib/x86_64-linux-gnu/cmake/Boost-1.74.0/BoostConfig.cmake (found version "1.74.0") found components: date_time filesystem program_options system thread 
[4.803s] -- Found Boost: /usr/lib/x86_64-linux-gnu/cmake/Boost-1.74.0/BoostConfig.cmake (found version "1.74.0") found components: chrono date_time filesystem iostreams program_options regex serialization system thread 
[4.986s] -- Found parameter_traits: 0.5.0 (/opt/ros/humble/share/parameter_traits/cmake)
[5.084s] -- Found rclcpp_lifecycle: 16.0.14 (/opt/ros/humble/share/rclcpp_lifecycle/cmake)
[5.174s] -- Found Boost: /usr/lib/x86_64-linux-gnu/cmake/Boost-1.74.0/BoostConfig.cmake (found version "1.74.0") found components: filesystem 
[5.523s] -- library: /usr/lib/x86_64-linux-gnu/libcurl.so
[5.953s] -- Found Boost: /usr/lib/x86_64-linux-gnu/cmake/Boost-1.74.0/BoostConfig.cmake (found version "1.74.0") found components: system filesystem date_time program_options thread chrono 
[6.059s] -- Found Boost: /usr/lib/x86_64-linux-gnu/cmake/Boost-1.74.0/BoostConfig.cmake (found version "1.74.0") found components: thread system filesystem regex date_time program_options 
[6.152s] -- Found Boost: /usr/lib/x86_64-linux-gnu/cmake/Boost-1.74.0/BoostConfig.cmake (found version "1.74.0") found components: system filesystem date_time program_options thread 
[6.450s] -- Configuring done
[6.569s] -- Generating done
[6.585s] -- Build files have been written to: /home/ros2/ws_RAMS/build/click_to_move
[6.616s] Invoked command in '/home/ros2/ws_RAMS/build/click_to_move' returned '0': CMAKE_PREFIX_PATH=/home/ros2/ws_RAMS/install/workcell_config:/home/ros2/ws_RAMS/install/workcell_description:/home/ros2/ws_abb_ros2/install/abb_rws_client:/home/ros2/ws_abb_ros2/install/abb_ros2:/home/ros2/ws_abb_ros2/install/abb_robot_msgs:/home/ros2/ws_abb_ros2/install/abb_resources:/home/ros2/ws_abb_ros2/install/abb_rapid_sm_addin_msgs:/home/ros2/ws_abb_ros2/install/abb_rapid_msgs:/home/ros2/ws_abb_ros2/install/abb_hardware_interface:/home/ros2/ws_abb_ros2/install/abb_egm_rws_managers:/home/ros2/ws_abb_ros2/install/abb_librws:/home/ros2/ws_abb_ros2/install/abb_libegm:/home/ros2/ws_abb_ros2/install/abb_irb4600_support:/home/ros2/ws_abb_ros2/install/abb_irb1200_5_90_moveit_config:/home/ros2/ws_abb_ros2/install/abb_irb1200_support:/home/ros2/ws_abb_ros2/install/abb_egm_msgs:/home/ros2/ws_abb_ros2/install/abb_bringup:/home/ros2/ws_RAMS/install/click_to_move:/home/ros2/ws_abb_support/install/abb_irb6700_support:/opt/ros/humble /usr/bin/cmake /home/ros2/ws_RAMS/src/click_to_move -DCMAKE_INSTALL_PREFIX=/home/ros2/ws_RAMS/install/click_to_move
[6.620s] Invoking command in '/home/ros2/ws_RAMS/build/click_to_move': CMAKE_PREFIX_PATH=/home/ros2/ws_RAMS/install/workcell_config:/home/ros2/ws_RAMS/install/workcell_description:/home/ros2/ws_abb_ros2/install/abb_rws_client:/home/ros2/ws_abb_ros2/install/abb_ros2:/home/ros2/ws_abb_ros2/install/abb_robot_msgs:/home/ros2/ws_abb_ros2/install/abb_resources:/home/ros2/ws_abb_ros2/install/abb_rapid_sm_addin_msgs:/home/ros2/ws_abb_ros2/install/abb_rapid_msgs:/home/ros2/ws_abb_ros2/install/abb_hardware_interface:/home/ros2/ws_abb_ros2/install/abb_egm_rws_managers:/home/ros2/ws_abb_ros2/install/abb_librws:/home/ros2/ws_abb_ros2/install/abb_libegm:/home/ros2/ws_abb_ros2/install/abb_irb4600_support:/home/ros2/ws_abb_ros2/install/abb_irb1200_5_90_moveit_config:/home/ros2/ws_abb_ros2/install/abb_irb1200_support:/home/ros2/ws_abb_ros2/install/abb_egm_msgs:/home/ros2/ws_abb_ros2/install/abb_bringup:/home/ros2/ws_RAMS/install/click_to_move:/home/ros2/ws_abb_support/install/abb_irb6700_support:/opt/ros/humble /usr/bin/cmake --build /home/ros2/ws_RAMS/build/click_to_move -- -j2 -l2
[6.796s] [ 50%] [32mBuilding CXX object CMakeFiles/click_to_move_node.dir/src/click_to_move_node.cpp.o[0m
[46.041s] [100%] [32m[1mLinking CXX executable click_to_move_node[0m
[48.040s] [100%] Built target click_to_move_node
[48.069s] Invoked command in '/home/ros2/ws_RAMS/build/click_to_move' returned '0': CMAKE_PREFIX_PATH=/home/ros2/ws_RAMS/install/workcell_config:/home/ros2/ws_RAMS/install/workcell_description:/home/ros2/ws_abb_ros2/install/abb_rws_client:/home/ros2/ws_abb_ros2/install/abb_ros2:/home/ros2/ws_abb_ros2/install/abb_robot_msgs:/home/ros2/ws_abb_ros2/install/abb_resources:/home/ros2/ws_abb_ros2/install/abb_rapid_sm_addin_msgs:/home/ros2/ws_abb_ros2/install/abb_rapid_msgs:/home/ros2/ws_abb_ros2/install/abb_hardware_interface:/home/ros2/ws_abb_ros2/install/abb_egm_rws_managers:/home/ros2/ws_abb_ros2/install/abb_librws:/home/ros2/ws_abb_ros2/install/abb_libegm:/home/ros2/ws_abb_ros2/install/abb_irb4600_support:/home/ros2/ws_abb_ros2/install/abb_irb1200_5_90_moveit_config:/home/ros2/ws_abb_ros2/install/abb_irb1200_support:/home/ros2/ws_abb_ros2/install/abb_egm_msgs:/home/ros2/ws_abb_ros2/install/abb_bringup:/home/ros2/ws_RAMS/install/click_to_move:/home/ros2/ws_abb_support/install/abb_irb6700_support:/opt/ros/humble /usr/bin/cmake --build /home/ros2/ws_RAMS/build/click_to_move -- -j2 -l2
[48.079s] Invoking command in '/home/ros2/ws_RAMS/build/click_to_move': CMAKE_PREFIX_PATH=/home/ros2/ws_RAMS/install/workcell_config:/home/ros2/ws_RAMS/install/workcell_description:/home/ros2/ws_abb_ros2/install/abb_rws_client:/home/ros2/ws_abb_ros2/install/abb_ros2:/home/ros2/ws_abb_ros2/install/abb_robot_msgs:/home/ros2/ws_abb_ros2/install/abb_resources:/home/ros2/ws_abb_ros2/install/abb_rapid_sm_addin_msgs:/home/ros2/ws_abb_ros2/install/abb_rapid_msgs:/home/ros2/ws_abb_ros2/install/abb_hardware_interface:/home/ros2/ws_abb_ros2/install/abb_egm_rws_managers:/home/ros2/ws_abb_ros2/install/abb_librws:/home/ros2/ws_abb_ros2/install/abb_libegm:/home/ros2/ws_abb_ros2/install/abb_irb4600_support:/home/ros2/ws_abb_ros2/install/abb_irb1200_5_90_moveit_config:/home/ros2/ws_abb_ros2/install/abb_irb1200_support:/home/ros2/ws_abb_ros2/install/abb_egm_msgs:/home/ros2/ws_abb_ros2/install/abb_bringup:/home/ros2/ws_RAMS/install/click_to_move:/home/ros2/ws_abb_support/install/abb_irb6700_support:/opt/ros/humble /usr/bin/cmake --install /home/ros2/ws_RAMS/build/click_to_move
[48.103s] -- Install configuration: ""
[48.103s] -- Installing: /home/ros2/ws_RAMS/install/click_to_move/lib/click_to_move/click_to_move_node
[48.114s] -- Set runtime path of "/home/ros2/ws_RAMS/install/click_to_move/lib/click_to_move/click_to_move_node" to ""
[48.114s] -- Installing: /home/ros2/ws_RAMS/install/click_to_move/share/click_to_move/launch
[48.115s] -- Installing: /home/ros2/ws_RAMS/install/click_to_move/share/click_to_move/launch/system_bringup.launch.py
[48.115s] -- Installing: /home/ros2/ws_RAMS/install/click_to_move/share/ament_index/resource_index/package_run_dependencies/click_to_move
[48.115s] -- Installing: /home/ros2/ws_RAMS/install/click_to_move/share/ament_index/resource_index/parent_prefix_path/click_to_move
[48.115s] -- Installing: /home/ros2/ws_RAMS/install/click_to_move/share/click_to_move/environment/ament_prefix_path.sh
[48.116s] -- Installing: /home/ros2/ws_RAMS/install/click_to_move/share/click_to_move/environment/ament_prefix_path.dsv
[48.116s] -- Installing: /home/ros2/ws_RAMS/install/click_to_move/share/click_to_move/environment/path.sh
[48.116s] -- Installing: /home/ros2/ws_RAMS/install/click_to_move/share/click_to_move/environment/path.dsv
[48.116s] -- Installing: /home/ros2/ws_RAMS/install/click_to_move/share/click_to_move/local_setup.bash
[48.117s] -- Installing: /home/ros2/ws_RAMS/install/click_to_move/share/click_to_move/local_setup.sh
[48.117s] -- Installing: /home/ros2/ws_RAMS/install/click_to_move/share/click_to_move/local_setup.zsh
[48.118s] -- Installing: /home/ros2/ws_RAMS/install/click_to_move/share/click_to_move/local_setup.dsv
[48.118s] -- Installing: /home/ros2/ws_RAMS/install/click_to_move/share/click_to_move/package.dsv
[48.119s] -- Installing: /home/ros2/ws_RAMS/install/click_to_move/share/ament_index/resource_index/packages/click_to_move
[48.119s] -- Installing: /home/ros2/ws_RAMS/install/click_to_move/share/click_to_move/cmake/click_to_moveConfig.cmake
[48.120s] -- Installing: /home/ros2/ws_RAMS/install/click_to_move/share/click_to_move/cmake/click_to_moveConfig-version.cmake
[48.120s] -- Installing: /home/ros2/ws_RAMS/install/click_to_move/share/click_to_move/package.xml
[48.125s] Invoked command in '/home/ros2/ws_RAMS/build/click_to_move' returned '0': CMAKE_PREFIX_PATH=/home/ros2/ws_RAMS/install/workcell_config:/home/ros2/ws_RAMS/install/workcell_description:/home/ros2/ws_abb_ros2/install/abb_rws_client:/home/ros2/ws_abb_ros2/install/abb_ros2:/home/ros2/ws_abb_ros2/install/abb_robot_msgs:/home/ros2/ws_abb_ros2/install/abb_resources:/home/ros2/ws_abb_ros2/install/abb_rapid_sm_addin_msgs:/home/ros2/ws_abb_ros2/install/abb_rapid_msgs:/home/ros2/ws_abb_ros2/install/abb_hardware_interface:/home/ros2/ws_abb_ros2/install/abb_egm_rws_managers:/home/ros2/ws_abb_ros2/install/abb_librws:/home/ros2/ws_abb_ros2/install/abb_libegm:/home/ros2/ws_abb_ros2/install/abb_irb4600_support:/home/ros2/ws_abb_ros2/install/abb_irb1200_5_90_moveit_config:/home/ros2/ws_abb_ros2/install/abb_irb1200_support:/home/ros2/ws_abb_ros2/install/abb_egm_msgs:/home/ros2/ws_abb_ros2/install/abb_bringup:/home/ros2/ws_RAMS/install/click_to_move:/home/ros2/ws_abb_support/install/abb_irb6700_support:/opt/ros/humble /usr/bin/cmake --install /home/ros2/ws_RAMS/build/click_to_move
