[0.244s] Invoking command in '/home/heng/workspace/ws_RAMS/build/abb_bringup': AMENT_PREFIX_PATH=/home/heng/workspace/ws_RAMS/install/abb_irb1200_5_90_moveit_config:/home/heng/workspace/ws_RAMS/install/abb_resources:/home/heng/workspace/ws_RAMS/install/abb_irb1200_support:${AMENT_PREFIX_PATH} CMAKE_PREFIX_PATH=/home/heng/workspace/ws_RAMS/install/abb_irb1200_5_90_moveit_config:/home/heng/workspace/ws_RAMS/install/abb_resources:/home/heng/workspace/ws_RAMS/install/abb_irb1200_support:/opt/ros/humble /usr/bin/cmake /home/heng/workspace/ws_RAMS/src/abb_ros2_upstream/abb_bringup -DPython3_EXECUTABLE=/usr/bin/python3 -DCMAKE_INSTALL_PREFIX=/home/heng/workspace/ws_RAMS/install/abb_bringup
[0.308s] -- The C compiler identification is GNU 11.4.0
[0.378s] -- The CXX compiler identification is GNU 11.4.0
[0.389s] -- Detecting C compiler ABI info
[0.474s] -- Detecting C compiler ABI info - done
[0.492s] -- Check for working C compiler: /usr/bin/cc - skipped
[0.493s] -- Detecting C compile features
[0.494s] -- Detecting C compile features - done
[0.501s] -- Detecting CXX compiler ABI info
[0.611s] -- Detecting CXX compiler ABI info - done
[0.629s] -- Check for working CXX compiler: /usr/bin/c++ - skipped
[0.629s] -- Detecting CXX compile features
[0.630s] -- Detecting CXX compile features - done
[0.635s] -- Found ament_cmake: 1.3.12 (/opt/ros/humble/share/ament_cmake/cmake)
[0.825s] -- Found Python3: /usr/bin/python3 (found version "3.10.12") found components: Interpreter 
[0.929s] -- Found ament_cmake_gtest: 1.3.12 (/opt/ros/humble/share/ament_cmake_gtest/cmake)
[0.934s] -- Found ament_lint_auto: 0.12.14 (/opt/ros/humble/share/ament_lint_auto/cmake)
[0.963s] -- Found rclcpp: 16.0.16 (/opt/ros/humble/share/rclcpp/cmake)
[1.002s] -- Found rosidl_generator_c: 3.1.7 (/opt/ros/humble/share/rosidl_generator_c/cmake)
[1.007s] -- Found rosidl_adapter: 3.1.7 (/opt/ros/humble/share/rosidl_adapter/cmake)
[1.015s] -- Found rosidl_generator_cpp: 3.1.7 (/opt/ros/humble/share/rosidl_generator_cpp/cmake)
[1.026s] -- Using all available rosidl_typesupport_c: rosidl_typesupport_fastrtps_c;rosidl_typesupport_introspection_c
[1.042s] -- Using all available rosidl_typesupport_cpp: rosidl_typesupport_fastrtps_cpp;rosidl_typesupport_introspection_cpp
[1.084s] -- Found rmw_implementation_cmake: 6.1.2 (/opt/ros/humble/share/rmw_implementation_cmake/cmake)
[1.087s] -- Found rmw_fastrtps_cpp: 6.2.9 (/opt/ros/humble/share/rmw_fastrtps_cpp/cmake)
[1.180s] -- Found OpenSSL: /usr/lib/x86_64-linux-gnu/libcrypto.so (found version "3.0.2")  
[1.208s] -- Found FastRTPS: /opt/ros/humble/include  
[1.250s] -- Using RMW implementation 'rmw_fastrtps_cpp' as default
[1.257s] -- Looking for pthread.h
[1.343s] -- Looking for pthread.h - found
[1.344s] -- Performing Test CMAKE_HAVE_LIBC_PTHREAD
[1.436s] -- Performing Test CMAKE_HAVE_LIBC_PTHREAD - Success
[1.437s] -- Found Threads: TRUE  
[1.517s] -- Found ros_testing: 0.4.0 (/opt/ros/humble/share/ros_testing/cmake)
[1.519s] -- Found launch_testing_ament_cmake: 1.0.13 (/opt/ros/humble/share/launch_testing_ament_cmake/cmake)
[1.521s] -- Found python_cmake_module: 0.10.0 (/opt/ros/humble/share/python_cmake_module/cmake)
[1.550s] -- Found PythonInterp: /usr/bin/python3 (found suitable version "3.10.12", minimum required is "3.6") 
[1.558s] -- Found PythonLibs: /usr/lib/x86_64-linux-gnu/libpython3.10.so (found suitable version "3.10.12", minimum required is "3.5") 
[1.558s] -- Using PYTHON_EXECUTABLE: /usr/bin/python3
[1.559s] -- Using PYTHON_INCLUDE_DIRS: /usr/include/python3.10
[1.559s] -- Using PYTHON_LIBRARIES: /usr/lib/x86_64-linux-gnu/libpython3.10.so
[1.588s] -- Found PythonExtra: .so  
[1.590s] -- Found trajectory_msgs: 4.9.0 (/opt/ros/humble/share/trajectory_msgs/cmake)
[1.640s] -- Found gtest sources under '/opt/ros/humble/src/gtest_vendor': C++ tests using 'Google Test' will be built
[1.707s] -- Configuring done
[1.719s] -- Generating done
[1.722s] -- Build files have been written to: /home/heng/workspace/ws_RAMS/build/abb_bringup
[1.732s] Invoked command in '/home/heng/workspace/ws_RAMS/build/abb_bringup' returned '0': AMENT_PREFIX_PATH=/home/heng/workspace/ws_RAMS/install/abb_irb1200_5_90_moveit_config:/home/heng/workspace/ws_RAMS/install/abb_resources:/home/heng/workspace/ws_RAMS/install/abb_irb1200_support:${AMENT_PREFIX_PATH} CMAKE_PREFIX_PATH=/home/heng/workspace/ws_RAMS/install/abb_irb1200_5_90_moveit_config:/home/heng/workspace/ws_RAMS/install/abb_resources:/home/heng/workspace/ws_RAMS/install/abb_irb1200_support:/opt/ros/humble /usr/bin/cmake /home/heng/workspace/ws_RAMS/src/abb_ros2_upstream/abb_bringup -DPython3_EXECUTABLE=/usr/bin/python3 -DCMAKE_INSTALL_PREFIX=/home/heng/workspace/ws_RAMS/install/abb_bringup
[1.734s] Invoking command in '/home/heng/workspace/ws_RAMS/build/abb_bringup': AMENT_PREFIX_PATH=/home/heng/workspace/ws_RAMS/install/abb_irb1200_5_90_moveit_config:/home/heng/workspace/ws_RAMS/install/abb_resources:/home/heng/workspace/ws_RAMS/install/abb_irb1200_support:${AMENT_PREFIX_PATH} CMAKE_PREFIX_PATH=/home/heng/workspace/ws_RAMS/install/abb_irb1200_5_90_moveit_config:/home/heng/workspace/ws_RAMS/install/abb_resources:/home/heng/workspace/ws_RAMS/install/abb_irb1200_support:/opt/ros/humble /usr/bin/cmake --build /home/heng/workspace/ws_RAMS/build/abb_bringup -- -j48 -l48
[1.807s] [ 16%] Building CXX object gtest/CMakeFiles/gtest.dir/src/gtest-all.cc.o
[1.808s] [ 33%] Building CXX object gtest/CMakeFiles/gtest_main.dir/src/gtest_main.cc.o
[2.554s] [ 50%] Linking CXX static library libgtest_main.a
[2.598s] [ 50%] Built target gtest_main
[4.458s] [ 66%] Linking CXX static library libgtest.a
[4.525s] [ 66%] Built target gtest
[4.549s] [ 83%] Building CXX object CMakeFiles/test_command_topics.dir/test/test_command_topics.cpp.o
[7.617s] [100%] Linking CXX executable test_command_topics
[7.796s] [100%] Built target test_command_topics
[7.811s] Invoked command in '/home/heng/workspace/ws_RAMS/build/abb_bringup' returned '0': AMENT_PREFIX_PATH=/home/heng/workspace/ws_RAMS/install/abb_irb1200_5_90_moveit_config:/home/heng/workspace/ws_RAMS/install/abb_resources:/home/heng/workspace/ws_RAMS/install/abb_irb1200_support:${AMENT_PREFIX_PATH} CMAKE_PREFIX_PATH=/home/heng/workspace/ws_RAMS/install/abb_irb1200_5_90_moveit_config:/home/heng/workspace/ws_RAMS/install/abb_resources:/home/heng/workspace/ws_RAMS/install/abb_irb1200_support:/opt/ros/humble /usr/bin/cmake --build /home/heng/workspace/ws_RAMS/build/abb_bringup -- -j48 -l48
[7.813s] Invoking command in '/home/heng/workspace/ws_RAMS/build/abb_bringup': AMENT_PREFIX_PATH=/home/heng/workspace/ws_RAMS/install/abb_irb1200_5_90_moveit_config:/home/heng/workspace/ws_RAMS/install/abb_resources:/home/heng/workspace/ws_RAMS/install/abb_irb1200_support:${AMENT_PREFIX_PATH} CMAKE_PREFIX_PATH=/home/heng/workspace/ws_RAMS/install/abb_irb1200_5_90_moveit_config:/home/heng/workspace/ws_RAMS/install/abb_resources:/home/heng/workspace/ws_RAMS/install/abb_irb1200_support:/opt/ros/humble /usr/bin/cmake --install /home/heng/workspace/ws_RAMS/build/abb_bringup
[7.823s] -- Install configuration: ""
[7.823s] -- Installing: /home/heng/workspace/ws_RAMS/install/abb_bringup/share/abb_bringup/config
[7.823s] -- Installing: /home/heng/workspace/ws_RAMS/install/abb_bringup/share/abb_bringup/config/abb_controllers.yaml
[7.824s] -- Installing: /home/heng/workspace/ws_RAMS/install/abb_bringup/share/abb_bringup/launch
[7.824s] -- Installing: /home/heng/workspace/ws_RAMS/install/abb_bringup/share/abb_bringup/launch/abb_control.launch.py
[7.824s] -- Installing: /home/heng/workspace/ws_RAMS/install/abb_bringup/share/abb_bringup/launch/abb_rws_client.launch.py
[7.824s] -- Installing: /home/heng/workspace/ws_RAMS/install/abb_bringup/share/abb_bringup/launch/abb_moveit.launch.py
[7.825s] -- Installing: /home/heng/workspace/ws_RAMS/install/abb_bringup/share/abb_bringup/launch/__pycache__
[7.825s] -- Installing: /home/heng/workspace/ws_RAMS/install/abb_bringup/share/abb_bringup/launch/__pycache__/abb_control.launch.cpython-313.pyc
[7.825s] -- Installing: /home/heng/workspace/ws_RAMS/install/abb_bringup/share/ament_index/resource_index/package_run_dependencies/abb_bringup
[7.825s] -- Installing: /home/heng/workspace/ws_RAMS/install/abb_bringup/share/ament_index/resource_index/parent_prefix_path/abb_bringup
[7.826s] -- Installing: /home/heng/workspace/ws_RAMS/install/abb_bringup/share/abb_bringup/environment/ament_prefix_path.sh
[7.826s] -- Installing: /home/heng/workspace/ws_RAMS/install/abb_bringup/share/abb_bringup/environment/ament_prefix_path.dsv
[7.826s] -- Installing: /home/heng/workspace/ws_RAMS/install/abb_bringup/share/abb_bringup/environment/path.sh
[7.826s] -- Installing: /home/heng/workspace/ws_RAMS/install/abb_bringup/share/abb_bringup/environment/path.dsv
[7.826s] -- Installing: /home/heng/workspace/ws_RAMS/install/abb_bringup/share/abb_bringup/local_setup.bash
[7.827s] -- Installing: /home/heng/workspace/ws_RAMS/install/abb_bringup/share/abb_bringup/local_setup.sh
[7.827s] -- Installing: /home/heng/workspace/ws_RAMS/install/abb_bringup/share/abb_bringup/local_setup.zsh
[7.827s] -- Installing: /home/heng/workspace/ws_RAMS/install/abb_bringup/share/abb_bringup/local_setup.dsv
[7.827s] -- Installing: /home/heng/workspace/ws_RAMS/install/abb_bringup/share/abb_bringup/package.dsv
[7.827s] -- Installing: /home/heng/workspace/ws_RAMS/install/abb_bringup/share/ament_index/resource_index/packages/abb_bringup
[7.827s] -- Installing: /home/heng/workspace/ws_RAMS/install/abb_bringup/share/abb_bringup/cmake/ament_cmake_export_dependencies-extras.cmake
[7.827s] -- Installing: /home/heng/workspace/ws_RAMS/install/abb_bringup/share/abb_bringup/cmake/abb_bringupConfig.cmake
[7.827s] -- Installing: /home/heng/workspace/ws_RAMS/install/abb_bringup/share/abb_bringup/cmake/abb_bringupConfig-version.cmake
[7.828s] -- Installing: /home/heng/workspace/ws_RAMS/install/abb_bringup/share/abb_bringup/package.xml
[7.830s] Invoked command in '/home/heng/workspace/ws_RAMS/build/abb_bringup' returned '0': AMENT_PREFIX_PATH=/home/heng/workspace/ws_RAMS/install/abb_irb1200_5_90_moveit_config:/home/heng/workspace/ws_RAMS/install/abb_resources:/home/heng/workspace/ws_RAMS/install/abb_irb1200_support:${AMENT_PREFIX_PATH} CMAKE_PREFIX_PATH=/home/heng/workspace/ws_RAMS/install/abb_irb1200_5_90_moveit_config:/home/heng/workspace/ws_RAMS/install/abb_resources:/home/heng/workspace/ws_RAMS/install/abb_irb1200_support:/opt/ros/humble /usr/bin/cmake --install /home/heng/workspace/ws_RAMS/build/abb_bringup
