[0.019s] Invoking command in '/home/heng/workspace/ws_RAMS/build/abb_hardware_interface': CMAKE_MODULE_PATH=/home/heng/workspace/ws_RAMS/install/abb_librws/share/abb_librws/cmake CMAKE_PREFIX_PATH=/home/heng/workspace/ws_RAMS/install/abb_egm_rws_managers:/home/heng/workspace/ws_RAMS/install/abb_librws:/home/heng/workspace/ws_RAMS/install/abb_libegm:/home/heng/workspace/ws_RAMS/install/click_to_move:/home/heng/workspace/ws_RAMS/install/workcell_config:/home/heng/workspace/ws_RAMS/install/workcell_description:/home/heng/workspace/ws_RAMS/install/abb_pi0_bridge:/opt/ros/humble LD_LIBRARY_PATH=/home/heng/workspace/ws_RAMS/install/abb_egm_rws_managers/lib:/home/heng/workspace/ws_RAMS/install/abb_librws/lib:/home/heng/workspace/ws_RAMS/install/abb_libegm/lib:${LD_LIBRARY_PATH} PKG_CONFIG_PATH=/home/heng/workspace/ws_RAMS/install/abb_egm_rws_managers/lib/x86_64-linux-gnu/pkgconfig:/home/heng/workspace/ws_RAMS/install/abb_egm_rws_managers/lib/pkgconfig:/home/heng/workspace/ws_RAMS/install/abb_librws/lib/x86_64-linux-gnu/pkgconfig:/home/heng/workspace/ws_RAMS/install/abb_librws/lib/pkgconfig:/home/heng/workspace/ws_RAMS/install/abb_libegm/lib/x86_64-linux-gnu/pkgconfig:/home/heng/workspace/ws_RAMS/install/abb_libegm/lib/pkgconfig /usr/bin/cmake --build /home/heng/workspace/ws_RAMS/build/abb_hardware_interface -- -j48 -l48
[0.079s] [35m[1mConsolidate compiler generated dependencies of target abb_hardware_interface[0m
[0.126s] [100%] Built target abb_hardware_interface
[0.141s] Invoked command in '/home/heng/workspace/ws_RAMS/build/abb_hardware_interface' returned '0': CMAKE_MODULE_PATH=/home/heng/workspace/ws_RAMS/install/abb_librws/share/abb_librws/cmake CMAKE_PREFIX_PATH=/home/heng/workspace/ws_RAMS/install/abb_egm_rws_managers:/home/heng/workspace/ws_RAMS/install/abb_librws:/home/heng/workspace/ws_RAMS/install/abb_libegm:/home/heng/workspace/ws_RAMS/install/click_to_move:/home/heng/workspace/ws_RAMS/install/workcell_config:/home/heng/workspace/ws_RAMS/install/workcell_description:/home/heng/workspace/ws_RAMS/install/abb_pi0_bridge:/opt/ros/humble LD_LIBRARY_PATH=/home/heng/workspace/ws_RAMS/install/abb_egm_rws_managers/lib:/home/heng/workspace/ws_RAMS/install/abb_librws/lib:/home/heng/workspace/ws_RAMS/install/abb_libegm/lib:${LD_LIBRARY_PATH} PKG_CONFIG_PATH=/home/heng/workspace/ws_RAMS/install/abb_egm_rws_managers/lib/x86_64-linux-gnu/pkgconfig:/home/heng/workspace/ws_RAMS/install/abb_egm_rws_managers/lib/pkgconfig:/home/heng/workspace/ws_RAMS/install/abb_librws/lib/x86_64-linux-gnu/pkgconfig:/home/heng/workspace/ws_RAMS/install/abb_librws/lib/pkgconfig:/home/heng/workspace/ws_RAMS/install/abb_libegm/lib/x86_64-linux-gnu/pkgconfig:/home/heng/workspace/ws_RAMS/install/abb_libegm/lib/pkgconfig /usr/bin/cmake --build /home/heng/workspace/ws_RAMS/build/abb_hardware_interface -- -j48 -l48
[0.143s] Invoking command in '/home/heng/workspace/ws_RAMS/build/abb_hardware_interface': CMAKE_MODULE_PATH=/home/heng/workspace/ws_RAMS/install/abb_librws/share/abb_librws/cmake CMAKE_PREFIX_PATH=/home/heng/workspace/ws_RAMS/install/abb_egm_rws_managers:/home/heng/workspace/ws_RAMS/install/abb_librws:/home/heng/workspace/ws_RAMS/install/abb_libegm:/home/heng/workspace/ws_RAMS/install/click_to_move:/home/heng/workspace/ws_RAMS/install/workcell_config:/home/heng/workspace/ws_RAMS/install/workcell_description:/home/heng/workspace/ws_RAMS/install/abb_pi0_bridge:/opt/ros/humble LD_LIBRARY_PATH=/home/heng/workspace/ws_RAMS/install/abb_egm_rws_managers/lib:/home/heng/workspace/ws_RAMS/install/abb_librws/lib:/home/heng/workspace/ws_RAMS/install/abb_libegm/lib:${LD_LIBRARY_PATH} PKG_CONFIG_PATH=/home/heng/workspace/ws_RAMS/install/abb_egm_rws_managers/lib/x86_64-linux-gnu/pkgconfig:/home/heng/workspace/ws_RAMS/install/abb_egm_rws_managers/lib/pkgconfig:/home/heng/workspace/ws_RAMS/install/abb_librws/lib/x86_64-linux-gnu/pkgconfig:/home/heng/workspace/ws_RAMS/install/abb_librws/lib/pkgconfig:/home/heng/workspace/ws_RAMS/install/abb_libegm/lib/x86_64-linux-gnu/pkgconfig:/home/heng/workspace/ws_RAMS/install/abb_libegm/lib/pkgconfig /usr/bin/cmake --install /home/heng/workspace/ws_RAMS/build/abb_hardware_interface
[0.152s] -- Install configuration: ""
[0.152s] -- Up-to-date: /home/heng/workspace/ws_RAMS/install/abb_hardware_interface/share/abb_hardware_interface/abb_hardware_interface.xml
[0.152s] -- Up-to-date: /home/heng/workspace/ws_RAMS/install/abb_hardware_interface/lib/libabb_hardware_interface.so
[0.153s] -- Up-to-date: /home/heng/workspace/ws_RAMS/install/abb_hardware_interface/include
[0.153s] -- Up-to-date: /home/heng/workspace/ws_RAMS/install/abb_hardware_interface/include/abb_hardware_interface
[0.153s] -- Up-to-date: /home/heng/workspace/ws_RAMS/install/abb_hardware_interface/include/abb_hardware_interface/abb_hardware_interface.hpp
[0.153s] -- Up-to-date: /home/heng/workspace/ws_RAMS/install/abb_hardware_interface/include/abb_hardware_interface/visibility_control.h
[0.153s] -- Up-to-date: /home/heng/workspace/ws_RAMS/install/abb_hardware_interface/include/abb_hardware_interface/utilities.hpp
[0.154s] -- Up-to-date: /home/heng/workspace/ws_RAMS/install/abb_hardware_interface/share/abb_hardware_interface/environment/library_path.sh
[0.154s] -- Up-to-date: /home/heng/workspace/ws_RAMS/install/abb_hardware_interface/share/abb_hardware_interface/environment/library_path.dsv
[0.154s] -- Up-to-date: /home/heng/workspace/ws_RAMS/install/abb_hardware_interface/share/ament_index/resource_index/package_run_dependencies/abb_hardware_interface
[0.154s] -- Up-to-date: /home/heng/workspace/ws_RAMS/install/abb_hardware_interface/share/ament_index/resource_index/parent_prefix_path/abb_hardware_interface
[0.154s] -- Up-to-date: /home/heng/workspace/ws_RAMS/install/abb_hardware_interface/share/abb_hardware_interface/environment/ament_prefix_path.sh
[0.154s] -- Up-to-date: /home/heng/workspace/ws_RAMS/install/abb_hardware_interface/share/abb_hardware_interface/environment/ament_prefix_path.dsv
[0.154s] -- Up-to-date: /home/heng/workspace/ws_RAMS/install/abb_hardware_interface/share/abb_hardware_interface/environment/path.sh
[0.155s] -- Up-to-date: /home/heng/workspace/ws_RAMS/install/abb_hardware_interface/share/abb_hardware_interface/environment/path.dsv
[0.155s] -- Up-to-date: /home/heng/workspace/ws_RAMS/install/abb_hardware_interface/share/abb_hardware_interface/local_setup.bash
[0.155s] -- Up-to-date: /home/heng/workspace/ws_RAMS/install/abb_hardware_interface/share/abb_hardware_interface/local_setup.sh
[0.155s] -- Up-to-date: /home/heng/workspace/ws_RAMS/install/abb_hardware_interface/share/abb_hardware_interface/local_setup.zsh
[0.155s] -- Up-to-date: /home/heng/workspace/ws_RAMS/install/abb_hardware_interface/share/abb_hardware_interface/local_setup.dsv
[0.155s] -- Installing: /home/heng/workspace/ws_RAMS/install/abb_hardware_interface/share/abb_hardware_interface/package.dsv
[0.155s] -- Up-to-date: /home/heng/workspace/ws_RAMS/install/abb_hardware_interface/share/ament_index/resource_index/packages/abb_hardware_interface
[0.156s] -- Up-to-date: /home/heng/workspace/ws_RAMS/install/abb_hardware_interface/share/ament_index/resource_index/hardware_interface__pluginlib__plugin/abb_hardware_interface
[0.156s] -- Up-to-date: /home/heng/workspace/ws_RAMS/install/abb_hardware_interface/share/abb_hardware_interface/cmake/ament_cmake_export_include_directories-extras.cmake
[0.156s] -- Up-to-date: /home/heng/workspace/ws_RAMS/install/abb_hardware_interface/share/abb_hardware_interface/cmake/ament_cmake_export_libraries-extras.cmake
[0.156s] -- Up-to-date: /home/heng/workspace/ws_RAMS/install/abb_hardware_interface/share/abb_hardware_interface/cmake/ament_cmake_export_dependencies-extras.cmake
[0.156s] -- Up-to-date: /home/heng/workspace/ws_RAMS/install/abb_hardware_interface/share/abb_hardware_interface/cmake/abb_hardware_interfaceConfig.cmake
[0.157s] -- Up-to-date: /home/heng/workspace/ws_RAMS/install/abb_hardware_interface/share/abb_hardware_interface/cmake/abb_hardware_interfaceConfig-version.cmake
[0.157s] -- Up-to-date: /home/heng/workspace/ws_RAMS/install/abb_hardware_interface/share/abb_hardware_interface/package.xml
[0.158s] Invoked command in '/home/heng/workspace/ws_RAMS/build/abb_hardware_interface' returned '0': CMAKE_MODULE_PATH=/home/heng/workspace/ws_RAMS/install/abb_librws/share/abb_librws/cmake CMAKE_PREFIX_PATH=/home/heng/workspace/ws_RAMS/install/abb_egm_rws_managers:/home/heng/workspace/ws_RAMS/install/abb_librws:/home/heng/workspace/ws_RAMS/install/abb_libegm:/home/heng/workspace/ws_RAMS/install/click_to_move:/home/heng/workspace/ws_RAMS/install/workcell_config:/home/heng/workspace/ws_RAMS/install/workcell_description:/home/heng/workspace/ws_RAMS/install/abb_pi0_bridge:/opt/ros/humble LD_LIBRARY_PATH=/home/heng/workspace/ws_RAMS/install/abb_egm_rws_managers/lib:/home/heng/workspace/ws_RAMS/install/abb_librws/lib:/home/heng/workspace/ws_RAMS/install/abb_libegm/lib:${LD_LIBRARY_PATH} PKG_CONFIG_PATH=/home/heng/workspace/ws_RAMS/install/abb_egm_rws_managers/lib/x86_64-linux-gnu/pkgconfig:/home/heng/workspace/ws_RAMS/install/abb_egm_rws_managers/lib/pkgconfig:/home/heng/workspace/ws_RAMS/install/abb_librws/lib/x86_64-linux-gnu/pkgconfig:/home/heng/workspace/ws_RAMS/install/abb_librws/lib/pkgconfig:/home/heng/workspace/ws_RAMS/install/abb_libegm/lib/x86_64-linux-gnu/pkgconfig:/home/heng/workspace/ws_RAMS/install/abb_libegm/lib/pkgconfig /usr/bin/cmake --install /home/heng/workspace/ws_RAMS/build/abb_hardware_interface
