[0.010s] Invoking command in '/home/heng/workspace/ws_RAMS/build/abb_irb1200_5_90_moveit_config': AMENT_PREFIX_PATH=/home/heng/workspace/ws_RAMS/install/abb_irb1200_support:${AMENT_PREFIX_PATH} CMAKE_PREFIX_PATH=/home/heng/workspace/ws_RAMS/install/abb_irb1200_support:/opt/ros/humble /usr/bin/cmake /home/heng/workspace/ws_RAMS/src/abb_ros2_upstream/robot_specific_config/abb_irb1200_5_90_moveit_config -DPython3_EXECUTABLE=/usr/bin/python3 -DCMAKE_INSTALL_PREFIX=/home/heng/workspace/ws_RAMS/install/abb_irb1200_5_90_moveit_config
[0.080s] -- The C compiler identification is GNU 11.4.0
[0.152s] -- The CXX compiler identification is GNU 11.4.0
[0.166s] -- Detecting C compiler ABI info
[0.256s] -- Detecting C compiler ABI info - done
[0.274s] -- Check for working C compiler: /usr/bin/cc - skipped
[0.275s] -- Detecting C compile features
[0.276s] -- Detecting C compile features - done
[0.283s] -- Detecting CXX compiler ABI info
[0.384s] -- Detecting CXX compiler ABI info - done
[0.403s] -- Check for working CXX compiler: /usr/bin/c++ - skipped
[0.403s] -- Detecting CXX compile features
[0.404s] -- Detecting CXX compile features - done
[0.408s] -- Found ament_cmake: 1.3.12 (/opt/ros/humble/share/ament_cmake/cmake)
[0.592s] -- Found Python3: /usr/bin/python3 (found version "3.10.12") found components: Interpreter 
[0.764s] -- Configuring done
[0.768s] -- Generating done
[0.771s] -- Build files have been written to: /home/heng/workspace/ws_RAMS/build/abb_irb1200_5_90_moveit_config
[0.777s] Invoked command in '/home/heng/workspace/ws_RAMS/build/abb_irb1200_5_90_moveit_config' returned '0': AMENT_PREFIX_PATH=/home/heng/workspace/ws_RAMS/install/abb_irb1200_support:${AMENT_PREFIX_PATH} CMAKE_PREFIX_PATH=/home/heng/workspace/ws_RAMS/install/abb_irb1200_support:/opt/ros/humble /usr/bin/cmake /home/heng/workspace/ws_RAMS/src/abb_ros2_upstream/robot_specific_config/abb_irb1200_5_90_moveit_config -DPython3_EXECUTABLE=/usr/bin/python3 -DCMAKE_INSTALL_PREFIX=/home/heng/workspace/ws_RAMS/install/abb_irb1200_5_90_moveit_config
[0.780s] Invoking command in '/home/heng/workspace/ws_RAMS/build/abb_irb1200_5_90_moveit_config': AMENT_PREFIX_PATH=/home/heng/workspace/ws_RAMS/install/abb_irb1200_support:${AMENT_PREFIX_PATH} CMAKE_PREFIX_PATH=/home/heng/workspace/ws_RAMS/install/abb_irb1200_support:/opt/ros/humble /usr/bin/cmake --build /home/heng/workspace/ws_RAMS/build/abb_irb1200_5_90_moveit_config -- -j48 -l48
[0.825s] Invoked command in '/home/heng/workspace/ws_RAMS/build/abb_irb1200_5_90_moveit_config' returned '0': AMENT_PREFIX_PATH=/home/heng/workspace/ws_RAMS/install/abb_irb1200_support:${AMENT_PREFIX_PATH} CMAKE_PREFIX_PATH=/home/heng/workspace/ws_RAMS/install/abb_irb1200_support:/opt/ros/humble /usr/bin/cmake --build /home/heng/workspace/ws_RAMS/build/abb_irb1200_5_90_moveit_config -- -j48 -l48
[0.828s] Invoking command in '/home/heng/workspace/ws_RAMS/build/abb_irb1200_5_90_moveit_config': AMENT_PREFIX_PATH=/home/heng/workspace/ws_RAMS/install/abb_irb1200_support:${AMENT_PREFIX_PATH} CMAKE_PREFIX_PATH=/home/heng/workspace/ws_RAMS/install/abb_irb1200_support:/opt/ros/humble /usr/bin/cmake --install /home/heng/workspace/ws_RAMS/build/abb_irb1200_5_90_moveit_config
[0.837s] -- Install configuration: ""
[0.837s] -- Installing: /home/heng/workspace/ws_RAMS/install/abb_irb1200_5_90_moveit_config/share/ament_index/resource_index/package_run_dependencies/abb_irb1200_5_90_moveit_config
[0.837s] -- Installing: /home/heng/workspace/ws_RAMS/install/abb_irb1200_5_90_moveit_config/share/ament_index/resource_index/parent_prefix_path/abb_irb1200_5_90_moveit_config
[0.838s] -- Installing: /home/heng/workspace/ws_RAMS/install/abb_irb1200_5_90_moveit_config/share/abb_irb1200_5_90_moveit_config/environment/ament_prefix_path.sh
[0.838s] -- Installing: /home/heng/workspace/ws_RAMS/install/abb_irb1200_5_90_moveit_config/share/abb_irb1200_5_90_moveit_config/environment/ament_prefix_path.dsv
[0.838s] -- Installing: /home/heng/workspace/ws_RAMS/install/abb_irb1200_5_90_moveit_config/share/abb_irb1200_5_90_moveit_config/environment/path.sh
[0.839s] -- Installing: /home/heng/workspace/ws_RAMS/install/abb_irb1200_5_90_moveit_config/share/abb_irb1200_5_90_moveit_config/environment/path.dsv
[0.839s] -- Installing: /home/heng/workspace/ws_RAMS/install/abb_irb1200_5_90_moveit_config/share/abb_irb1200_5_90_moveit_config/local_setup.bash
[0.839s] -- Installing: /home/heng/workspace/ws_RAMS/install/abb_irb1200_5_90_moveit_config/share/abb_irb1200_5_90_moveit_config/local_setup.sh
[0.839s] -- Installing: /home/heng/workspace/ws_RAMS/install/abb_irb1200_5_90_moveit_config/share/abb_irb1200_5_90_moveit_config/local_setup.zsh
[0.839s] -- Installing: /home/heng/workspace/ws_RAMS/install/abb_irb1200_5_90_moveit_config/share/abb_irb1200_5_90_moveit_config/local_setup.dsv
[0.839s] -- Installing: /home/heng/workspace/ws_RAMS/install/abb_irb1200_5_90_moveit_config/share/abb_irb1200_5_90_moveit_config/package.dsv
[0.839s] -- Installing: /home/heng/workspace/ws_RAMS/install/abb_irb1200_5_90_moveit_config/share/ament_index/resource_index/packages/abb_irb1200_5_90_moveit_config
[0.840s] -- Installing: /home/heng/workspace/ws_RAMS/install/abb_irb1200_5_90_moveit_config/share/abb_irb1200_5_90_moveit_config/cmake/abb_irb1200_5_90_moveit_configConfig.cmake
[0.840s] -- Installing: /home/heng/workspace/ws_RAMS/install/abb_irb1200_5_90_moveit_config/share/abb_irb1200_5_90_moveit_config/cmake/abb_irb1200_5_90_moveit_configConfig-version.cmake
[0.840s] -- Installing: /home/heng/workspace/ws_RAMS/install/abb_irb1200_5_90_moveit_config/share/abb_irb1200_5_90_moveit_config/package.xml
[0.840s] -- Installing: /home/heng/workspace/ws_RAMS/install/abb_irb1200_5_90_moveit_config/share/abb_irb1200_5_90_moveit_config/config
[0.840s] -- Installing: /home/heng/workspace/ws_RAMS/install/abb_irb1200_5_90_moveit_config/share/abb_irb1200_5_90_moveit_config/config/abb_irb1200_5_90_macro.srdf.xacro
[0.840s] -- Installing: /home/heng/workspace/ws_RAMS/install/abb_irb1200_5_90_moveit_config/share/abb_irb1200_5_90_moveit_config/config/pilz_cartesian_limits.yaml
[0.841s] -- Installing: /home/heng/workspace/ws_RAMS/install/abb_irb1200_5_90_moveit_config/share/abb_irb1200_5_90_moveit_config/config/moveit_controllers.yaml
[0.841s] -- Installing: /home/heng/workspace/ws_RAMS/install/abb_irb1200_5_90_moveit_config/share/abb_irb1200_5_90_moveit_config/config/ompl_planning.yaml
[0.841s] -- Installing: /home/heng/workspace/ws_RAMS/install/abb_irb1200_5_90_moveit_config/share/abb_irb1200_5_90_moveit_config/config/joint_limits.yaml
[0.841s] -- Installing: /home/heng/workspace/ws_RAMS/install/abb_irb1200_5_90_moveit_config/share/abb_irb1200_5_90_moveit_config/config/kinematics.yaml
[0.841s] -- Installing: /home/heng/workspace/ws_RAMS/install/abb_irb1200_5_90_moveit_config/share/abb_irb1200_5_90_moveit_config/config/abb_irb1200_5_90.srdf.xacro
[0.842s] -- Installing: /home/heng/workspace/ws_RAMS/install/abb_irb1200_5_90_moveit_config/share/abb_irb1200_5_90_moveit_config/rviz
[0.842s] -- Installing: /home/heng/workspace/ws_RAMS/install/abb_irb1200_5_90_moveit_config/share/abb_irb1200_5_90_moveit_config/rviz/moveit.rviz
[0.847s] Invoked command in '/home/heng/workspace/ws_RAMS/build/abb_irb1200_5_90_moveit_config' returned '0': AMENT_PREFIX_PATH=/home/heng/workspace/ws_RAMS/install/abb_irb1200_support:${AMENT_PREFIX_PATH} CMAKE_PREFIX_PATH=/home/heng/workspace/ws_RAMS/install/abb_irb1200_support:/opt/ros/humble /usr/bin/cmake --install /home/heng/workspace/ws_RAMS/build/abb_irb1200_5_90_moveit_config
