[0.010s] Invoking command in '/home/heng/workspace/ws_RAMS/build/abb_librws': CMAKE_PREFIX_PATH=/opt/ros/humble /usr/bin/cmake --build /home/heng/workspace/ws_RAMS/build/abb_librws -- -j48 -l48
[0.069s] Consolidate compiler generated dependencies of target abb_librws
[0.086s] [ 14%] Building CXX object CMakeFiles/abb_librws.dir/src/rws_poco_client.cpp.o
[0.660s] [ 28%] Linking CXX shared library libabb_librws.so
[0.788s] [100%] Built target abb_librws
[0.802s] Invoked command in '/home/heng/workspace/ws_RAMS/build/abb_librws' returned '0': CMAKE_PREFIX_PATH=/opt/ros/humble /usr/bin/cmake --build /home/heng/workspace/ws_RAMS/build/abb_librws -- -j48 -l48
[0.815s] Invoking command in '/home/heng/workspace/ws_RAMS/build/abb_librws': CMAKE_PREFIX_PATH=/opt/ros/humble /usr/bin/cmake --install /home/heng/workspace/ws_RAMS/build/abb_librws
[0.825s] -- Install configuration: ""
[0.826s] -- Up-to-date: /home/heng/workspace/ws_RAMS/install/abb_librws/include
[0.826s] -- Up-to-date: /home/heng/workspace/ws_RAMS/install/abb_librws/include/abb_librws
[0.826s] -- Up-to-date: /home/heng/workspace/ws_RAMS/install/abb_librws/include/abb_librws/rws_common.h
[0.826s] -- Up-to-date: /home/heng/workspace/ws_RAMS/install/abb_librws/include/abb_librws/rws_interface.h
[0.826s] -- Up-to-date: /home/heng/workspace/ws_RAMS/install/abb_librws/include/abb_librws/rws_poco_client.h
[0.826s] -- Up-to-date: /home/heng/workspace/ws_RAMS/install/abb_librws/include/abb_librws/rws_state_machine_interface.h
[0.826s] -- Up-to-date: /home/heng/workspace/ws_RAMS/install/abb_librws/include/abb_librws/rws_client.h
[0.826s] -- Up-to-date: /home/heng/workspace/ws_RAMS/install/abb_librws/include/abb_librws/rws_rapid.h
[0.827s] -- Up-to-date: /home/heng/workspace/ws_RAMS/install/abb_librws/include/abb_librws/rws_cfg.h
[0.827s] -- Up-to-date: /home/heng/workspace/ws_RAMS/install/abb_librws/include/abb_librws/abb_librws_export.h
[0.827s] -- Up-to-date: /home/heng/workspace/ws_RAMS/install/abb_librws/share/abb_librws/cmake
[0.827s] -- Up-to-date: /home/heng/workspace/ws_RAMS/install/abb_librws/share/abb_librws/cmake/README.md
[0.827s] -- Up-to-date: /home/heng/workspace/ws_RAMS/install/abb_librws/share/abb_librws/cmake/FindPoco.cmake
[0.828s] -- Installing: /home/heng/workspace/ws_RAMS/install/abb_librws/lib/libabb_librws.so
[0.828s] -- Up-to-date: /home/heng/workspace/ws_RAMS/install/abb_librws/share/abb_librws/abb_librwsConfig.cmake
[0.828s] -- Up-to-date: /home/heng/workspace/ws_RAMS/install/abb_librws/share/abb_librws/abb_librwsConfigVersion.cmake
[0.828s] -- Up-to-date: /home/heng/workspace/ws_RAMS/install/abb_librws/share/abb_librws/package.xml
[0.828s] -- Up-to-date: /home/heng/workspace/ws_RAMS/install/abb_librws/share/abb_librws/abb_librwsTargets.cmake
[0.828s] -- Up-to-date: /home/heng/workspace/ws_RAMS/install/abb_librws/share/abb_librws/abb_librwsTargets-noconfig.cmake
[0.829s] Invoked command in '/home/heng/workspace/ws_RAMS/build/abb_librws' returned '0': CMAKE_PREFIX_PATH=/opt/ros/humble /usr/bin/cmake --install /home/heng/workspace/ws_RAMS/build/abb_librws
