[0.009s] Invoking command in '/home/heng/workspace/ws_RAMS/build/abb_librws': CMAKE_PREFIX_PATH=/opt/ros/humble /usr/bin/cmake --build /home/heng/workspace/ws_RAMS/build/abb_librws -- -j48 -l48
[0.074s] Consolidate compiler generated dependencies of target abb_librws
[0.092s] [ 14%] Building CXX object CMakeFiles/abb_librws.dir/src/rws_interface.cpp.o
[1.286s] [ 28%] Linking CXX shared library libabb_librws.so
[1.419s] [100%] Built target abb_librws
[1.434s] Invoked command in '/home/heng/workspace/ws_RAMS/build/abb_librws' returned '0': CMAKE_PREFIX_PATH=/opt/ros/humble /usr/bin/cmake --build /home/heng/workspace/ws_RAMS/build/abb_librws -- -j48 -l48
[1.436s] Invoking command in '/home/heng/workspace/ws_RAMS/build/abb_librws': CMAKE_PREFIX_PATH=/opt/ros/humble /usr/bin/cmake --install /home/heng/workspace/ws_RAMS/build/abb_librws
[1.446s] -- Install configuration: ""
[1.446s] -- Up-to-date: /home/heng/workspace/ws_RAMS/install/abb_librws/include
[1.446s] -- Up-to-date: /home/heng/workspace/ws_RAMS/install/abb_librws/include/abb_librws
[1.446s] -- Up-to-date: /home/heng/workspace/ws_RAMS/install/abb_librws/include/abb_librws/rws_common.h
[1.446s] -- Up-to-date: /home/heng/workspace/ws_RAMS/install/abb_librws/include/abb_librws/rws_interface.h
[1.447s] -- Up-to-date: /home/heng/workspace/ws_RAMS/install/abb_librws/include/abb_librws/rws_poco_client.h
[1.447s] -- Up-to-date: /home/heng/workspace/ws_RAMS/install/abb_librws/include/abb_librws/rws_state_machine_interface.h
[1.447s] -- Up-to-date: /home/heng/workspace/ws_RAMS/install/abb_librws/include/abb_librws/rws_client.h
[1.447s] -- Up-to-date: /home/heng/workspace/ws_RAMS/install/abb_librws/include/abb_librws/rws_rapid.h
[1.447s] -- Up-to-date: /home/heng/workspace/ws_RAMS/install/abb_librws/include/abb_librws/rws_cfg.h
[1.447s] -- Up-to-date: /home/heng/workspace/ws_RAMS/install/abb_librws/include/abb_librws/abb_librws_export.h
[1.447s] -- Up-to-date: /home/heng/workspace/ws_RAMS/install/abb_librws/share/abb_librws/cmake
[1.447s] -- Up-to-date: /home/heng/workspace/ws_RAMS/install/abb_librws/share/abb_librws/cmake/README.md
[1.447s] -- Up-to-date: /home/heng/workspace/ws_RAMS/install/abb_librws/share/abb_librws/cmake/FindPoco.cmake
[1.448s] -- Installing: /home/heng/workspace/ws_RAMS/install/abb_librws/lib/libabb_librws.so
[1.450s] -- Up-to-date: /home/heng/workspace/ws_RAMS/install/abb_librws/share/abb_librws/abb_librwsConfig.cmake
[1.450s] -- Up-to-date: /home/heng/workspace/ws_RAMS/install/abb_librws/share/abb_librws/abb_librwsConfigVersion.cmake
[1.450s] -- Up-to-date: /home/heng/workspace/ws_RAMS/install/abb_librws/share/abb_librws/package.xml
[1.450s] -- Up-to-date: /home/heng/workspace/ws_RAMS/install/abb_librws/share/abb_librws/abb_librwsTargets.cmake
[1.450s] -- Up-to-date: /home/heng/workspace/ws_RAMS/install/abb_librws/share/abb_librws/abb_librwsTargets-noconfig.cmake
[1.452s] Invoked command in '/home/heng/workspace/ws_RAMS/build/abb_librws' returned '0': CMAKE_PREFIX_PATH=/opt/ros/humble /usr/bin/cmake --install /home/heng/workspace/ws_RAMS/build/abb_librws
