[0.025s] Invoking command in '/home/heng/workspace/ws_RAMS/build/abb_irb1200_support': CMAKE_PREFIX_PATH=${CMAKE_PREFIX_PATH}:/home/heng/workspace/ws_RAMS/install/abb_pi0_bridge:/opt/ros/humble CONDA_PROMPT_MODIFIER=(base) /usr/bin/cmake /home/heng/workspace/ws_RAMS/src/abb_ros2_upstream/robot_specific_config/abb_irb1200_support -DCMAKE_INSTALL_PREFIX=/home/heng/workspace/ws_RAMS/install/abb_irb1200_support
[0.147s] -- The C compiler identification is GNU 11.4.0
[0.211s] -- The CXX compiler identification is GNU 11.4.0
[0.219s] -- Detecting C compiler ABI info
[0.300s] -- Detecting C compiler ABI info - done
[0.319s] -- Check for working C compiler: /usr/bin/cc - skipped
[0.319s] -- Detecting C compile features
[0.320s] -- Detecting C compile features - done
[0.327s] -- Detecting CXX compiler ABI info
[0.429s] -- Detecting CXX compiler ABI info - done
[0.447s] -- Check for working CXX compiler: /usr/bin/c++ - skipped
[0.447s] -- Detecting CXX compile features
[0.448s] -- Detecting CXX compile features - done
[0.453s] -- Found ament_cmake: 1.3.12 (/opt/ros/humble/share/ament_cmake/cmake)
[0.807s] -- Found Python3: /home/heng/miniconda3/bin/python3 (found version "3.13.9") found components: Interpreter 
[0.939s] Traceback (most recent call last):
[0.943s]   File "/opt/ros/humble/share/ament_cmake_core/cmake/core/package_xml_2_cmake.py", line 22, in <module>
[0.943s]     from catkin_pkg.package import parse_package_string
[0.943s] ModuleNotFoundError: No module named 'catkin_pkg'
[0.946s] [31mCMake Error at /opt/ros/humble/share/ament_cmake_core/cmake/core/ament_package_xml.cmake:95 (message):
[0.946s]   execute_process(/home/heng/miniconda3/bin/python3
[0.946s]   /opt/ros/humble/share/ament_cmake_core/cmake/core/package_xml_2_cmake.py
[0.946s]   /home/heng/workspace/ws_RAMS/src/abb_ros2_upstream/robot_specific_config/abb_irb1200_support/package.xml
[0.946s]   /home/heng/workspace/ws_RAMS/build/abb_irb1200_support/ament_cmake_core/package.cmake)
[0.947s]   returned error code 1
[0.947s] Call Stack (most recent call first):
[0.947s]   /opt/ros/humble/share/ament_cmake_core/cmake/core/ament_package_xml.cmake:49 (_ament_package_xml)
[0.947s]   /opt/ros/humble/share/ament_cmake_core/cmake/core/ament_package.cmake:63 (ament_package_xml)
[0.947s]   CMakeLists.txt:7 (ament_package)
[0.947s] 
[0.947s] [0m
[0.947s] -- Configuring incomplete, errors occurred!
[0.947s] See also "/home/heng/workspace/ws_RAMS/build/abb_irb1200_support/CMakeFiles/CMakeOutput.log".
[0.964s] Invoked command in '/home/heng/workspace/ws_RAMS/build/abb_irb1200_support' returned '1': CMAKE_PREFIX_PATH=${CMAKE_PREFIX_PATH}:/home/heng/workspace/ws_RAMS/install/abb_pi0_bridge:/opt/ros/humble CONDA_PROMPT_MODIFIER=(base) /usr/bin/cmake /home/heng/workspace/ws_RAMS/src/abb_ros2_upstream/robot_specific_config/abb_irb1200_support -DCMAKE_INSTALL_PREFIX=/home/heng/workspace/ws_RAMS/install/abb_irb1200_support
