[0.025s] Invoking command in '/home/heng/workspace/ws_RAMS/build/abb_resources': CMAKE_PREFIX_PATH=${CMAKE_PREFIX_PATH}:/home/heng/workspace/ws_RAMS/install/abb_pi0_bridge:/opt/ros/humble CONDA_PROMPT_MODIFIER=(base) /usr/bin/cmake /home/heng/workspace/ws_RAMS/src/abb_ros2_upstream/abb_resources -DCMAKE_INSTALL_PREFIX=/home/heng/workspace/ws_RAMS/install/abb_resources
[0.134s] -- The C compiler identification is GNU 11.4.0
[0.200s] -- The CXX compiler identification is GNU 11.4.0
[0.208s] -- Detecting C compiler ABI info
[0.273s] -- Detecting C compiler ABI info - done
[0.291s] -- Check for working C compiler: /usr/bin/cc - skipped
[0.291s] -- Detecting C compile features
[0.292s] -- Detecting C compile features - done
[0.298s] -- Detecting CXX compiler ABI info
[0.385s] -- Detecting CXX compiler ABI info - done
[0.404s] -- Check for working CXX compiler: /usr/bin/c++ - skipped
[0.404s] -- Detecting CXX compile features
[0.405s] -- Detecting CXX compile features - done
[0.412s] -- Found ament_cmake: 1.3.12 (/opt/ros/humble/share/ament_cmake/cmake)
[0.792s] -- Found Python3: /home/heng/miniconda3/bin/python3 (found version "3.13.9") found components: Interpreter 
[0.945s] Traceback (most recent call last):
[0.947s]   File "/opt/ros/humble/share/ament_cmake_core/cmake/core/package_xml_2_cmake.py", line 22, in <module>
[0.947s]     from catkin_pkg.package import parse_package_string
[0.947s] ModuleNotFoundError: No module named 'catkin_pkg'
[0.952s] -- Configuring incomplete, errors occurred!
[0.953s] See also "/home/heng/workspace/ws_RAMS/build/abb_resources/CMakeFiles/CMakeOutput.log".
[0.954s] [31mCMake Error at /opt/ros/humble/share/ament_cmake_core/cmake/core/ament_package_xml.cmake:95 (message):
[0.954s]   execute_process(/home/heng/miniconda3/bin/python3
[0.954s]   /opt/ros/humble/share/ament_cmake_core/cmake/core/package_xml_2_cmake.py
[0.954s]   /home/heng/workspace/ws_RAMS/src/abb_ros2_upstream/abb_resources/package.xml
[0.955s]   /home/heng/workspace/ws_RAMS/build/abb_resources/ament_cmake_core/package.cmake)
[0.955s]   returned error code 1
[0.955s] Call Stack (most recent call first):
[0.955s]   /opt/ros/humble/share/ament_cmake_core/cmake/core/ament_package_xml.cmake:49 (_ament_package_xml)
[0.955s]   /opt/ros/humble/share/ament_cmake_core/cmake/core/ament_package.cmake:63 (ament_package_xml)
[0.955s]   CMakeLists.txt:6 (ament_package)
[0.955s] 
[0.955s] [0m
[0.957s] Invoked command in '/home/heng/workspace/ws_RAMS/build/abb_resources' returned '1': CMAKE_PREFIX_PATH=${CMAKE_PREFIX_PATH}:/home/heng/workspace/ws_RAMS/install/abb_pi0_bridge:/opt/ros/humble CONDA_PROMPT_MODIFIER=(base) /usr/bin/cmake /home/heng/workspace/ws_RAMS/src/abb_ros2_upstream/abb_resources -DCMAKE_INSTALL_PREFIX=/home/heng/workspace/ws_RAMS/install/abb_resources
