[0.019s] Invoking command in '/home/heng/workspace/ws_RAMS/build/abb_resources': CMAKE_PREFIX_PATH=/opt/ros/humble /usr/bin/cmake /home/heng/workspace/ws_RAMS/src/abb_ros2_upstream/abb_resources -DPython3_EXECUTABLE=/usr/bin/python3 -DCMAKE_INSTALL_PREFIX=/home/heng/workspace/ws_RAMS/install/abb_resources
[0.256s] -- Found ament_cmake: 1.3.12 (/opt/ros/humble/share/ament_cmake/cmake)
[0.256s] -- Found Python3: /usr/bin/python3 (found version "3.10.12") found components: Interpreter 
[0.329s] -- Configuring done
[0.333s] -- Generating done
[0.336s] -- Build files have been written to: /home/heng/workspace/ws_RAMS/build/abb_resources
[0.341s] Invoked command in '/home/heng/workspace/ws_RAMS/build/abb_resources' returned '0': CMAKE_PREFIX_PATH=/opt/ros/humble /usr/bin/cmake /home/heng/workspace/ws_RAMS/src/abb_ros2_upstream/abb_resources -DPython3_EXECUTABLE=/usr/bin/python3 -DCMAKE_INSTALL_PREFIX=/home/heng/workspace/ws_RAMS/install/abb_resources
[0.342s] Invoking command in '/home/heng/workspace/ws_RAMS/build/abb_resources': CMAKE_PREFIX_PATH=/opt/ros/humble /usr/bin/cmake --build /home/heng/workspace/ws_RAMS/build/abb_resources -- -j48 -l48
[0.417s] Invoked command in '/home/heng/workspace/ws_RAMS/build/abb_resources' returned '0': CMAKE_PREFIX_PATH=/opt/ros/humble /usr/bin/cmake --build /home/heng/workspace/ws_RAMS/build/abb_resources -- -j48 -l48
[0.419s] Invoking command in '/home/heng/workspace/ws_RAMS/build/abb_resources': CMAKE_PREFIX_PATH=/opt/ros/humble /usr/bin/cmake --install /home/heng/workspace/ws_RAMS/build/abb_resources
[0.426s] -- Install configuration: ""
[0.427s] -- Installing: /home/heng/workspace/ws_RAMS/install/abb_resources/share/ament_index/resource_index/package_run_dependencies/abb_resources
[0.427s] -- Installing: /home/heng/workspace/ws_RAMS/install/abb_resources/share/ament_index/resource_index/parent_prefix_path/abb_resources
[0.427s] -- Installing: /home/heng/workspace/ws_RAMS/install/abb_resources/share/abb_resources/environment/ament_prefix_path.sh
[0.428s] -- Installing: /home/heng/workspace/ws_RAMS/install/abb_resources/share/abb_resources/environment/ament_prefix_path.dsv
[0.428s] -- Installing: /home/heng/workspace/ws_RAMS/install/abb_resources/share/abb_resources/environment/path.sh
[0.428s] -- Installing: /home/heng/workspace/ws_RAMS/install/abb_resources/share/abb_resources/environment/path.dsv
[0.429s] -- Installing: /home/heng/workspace/ws_RAMS/install/abb_resources/share/abb_resources/local_setup.bash
[0.430s] -- Installing: /home/heng/workspace/ws_RAMS/install/abb_resources/share/abb_resources/local_setup.sh
[0.431s] -- Installing: /home/heng/workspace/ws_RAMS/install/abb_resources/share/abb_resources/local_setup.zsh
[0.431s] -- Installing: /home/heng/workspace/ws_RAMS/install/abb_resources/share/abb_resources/local_setup.dsv
[0.431s] -- Installing: /home/heng/workspace/ws_RAMS/install/abb_resources/share/abb_resources/package.dsv
[0.432s] -- Installing: /home/heng/workspace/ws_RAMS/install/abb_resources/share/ament_index/resource_index/packages/abb_resources
[0.432s] -- Installing: /home/heng/workspace/ws_RAMS/install/abb_resources/share/abb_resources/cmake/abb_resourcesConfig.cmake
[0.432s] -- Installing: /home/heng/workspace/ws_RAMS/install/abb_resources/share/abb_resources/cmake/abb_resourcesConfig-version.cmake
[0.432s] -- Installing: /home/heng/workspace/ws_RAMS/install/abb_resources/share/abb_resources/package.xml
[0.433s] -- Installing: /home/heng/workspace/ws_RAMS/install/abb_resources/share/abb_resources/urdf
[0.433s] -- Installing: /home/heng/workspace/ws_RAMS/install/abb_resources/share/abb_resources/urdf/common_colours.xacro
[0.434s] -- Installing: /home/heng/workspace/ws_RAMS/install/abb_resources/share/abb_resources/urdf/common_materials.xacro
[0.436s] Invoked command in '/home/heng/workspace/ws_RAMS/build/abb_resources' returned '0': CMAKE_PREFIX_PATH=/opt/ros/humble /usr/bin/cmake --install /home/heng/workspace/ws_RAMS/build/abb_resources
