[0.030s] Invoking command in '/home/heng/workspace/ws_RAMS/build/abb_egm_rws_managers': CMAKE_MODULE_PATH=/home/heng/workspace/ws_RAMS/install/abb_librws/share/abb_librws/cmake CMAKE_PREFIX_PATH=/home/heng/workspace/ws_RAMS/install/abb_librws:/home/heng/workspace/ws_RAMS/install/abb_libegm:/home/heng/workspace/ws_RAMS/install/click_to_move:/home/heng/workspace/ws_RAMS/install/workcell_config:/home/heng/workspace/ws_RAMS/install/workcell_description:/home/heng/workspace/ws_RAMS/install/abb_pi0_bridge:/opt/ros/humble LD_LIBRARY_PATH=/home/heng/workspace/ws_RAMS/install/abb_librws/lib:/home/heng/workspace/ws_RAMS/install/abb_libegm/lib:${LD_LIBRARY_PATH} PKG_CONFIG_PATH=/home/heng/workspace/ws_RAMS/install/abb_librws/lib/x86_64-linux-gnu/pkgconfig:/home/heng/workspace/ws_RAMS/install/abb_librws/lib/pkgconfig:/home/heng/workspace/ws_RAMS/install/abb_libegm/lib/x86_64-linux-gnu/pkgconfig:/home/heng/workspace/ws_RAMS/install/abb_libegm/lib/pkgconfig /usr/bin/cmake --build /home/heng/workspace/ws_RAMS/build/abb_egm_rws_managers -- -j48 -l48
[0.088s] [35m[1mConsolidate compiler generated dependencies of target abb_egm_rws_managers[0m
[0.140s] [100%] Built target abb_egm_rws_managers
[0.155s] Invoked command in '/home/heng/workspace/ws_RAMS/build/abb_egm_rws_managers' returned '0': CMAKE_MODULE_PATH=/home/heng/workspace/ws_RAMS/install/abb_librws/share/abb_librws/cmake CMAKE_PREFIX_PATH=/home/heng/workspace/ws_RAMS/install/abb_librws:/home/heng/workspace/ws_RAMS/install/abb_libegm:/home/heng/workspace/ws_RAMS/install/click_to_move:/home/heng/workspace/ws_RAMS/install/workcell_config:/home/heng/workspace/ws_RAMS/install/workcell_description:/home/heng/workspace/ws_RAMS/install/abb_pi0_bridge:/opt/ros/humble LD_LIBRARY_PATH=/home/heng/workspace/ws_RAMS/install/abb_librws/lib:/home/heng/workspace/ws_RAMS/install/abb_libegm/lib:${LD_LIBRARY_PATH} PKG_CONFIG_PATH=/home/heng/workspace/ws_RAMS/install/abb_librws/lib/x86_64-linux-gnu/pkgconfig:/home/heng/workspace/ws_RAMS/install/abb_librws/lib/pkgconfig:/home/heng/workspace/ws_RAMS/install/abb_libegm/lib/x86_64-linux-gnu/pkgconfig:/home/heng/workspace/ws_RAMS/install/abb_libegm/lib/pkgconfig /usr/bin/cmake --build /home/heng/workspace/ws_RAMS/build/abb_egm_rws_managers -- -j48 -l48
[0.157s] Invoking command in '/home/heng/workspace/ws_RAMS/build/abb_egm_rws_managers': CMAKE_MODULE_PATH=/home/heng/workspace/ws_RAMS/install/abb_librws/share/abb_librws/cmake CMAKE_PREFIX_PATH=/home/heng/workspace/ws_RAMS/install/abb_librws:/home/heng/workspace/ws_RAMS/install/abb_libegm:/home/heng/workspace/ws_RAMS/install/click_to_move:/home/heng/workspace/ws_RAMS/install/workcell_config:/home/heng/workspace/ws_RAMS/install/workcell_description:/home/heng/workspace/ws_RAMS/install/abb_pi0_bridge:/opt/ros/humble LD_LIBRARY_PATH=/home/heng/workspace/ws_RAMS/install/abb_librws/lib:/home/heng/workspace/ws_RAMS/install/abb_libegm/lib:${LD_LIBRARY_PATH} PKG_CONFIG_PATH=/home/heng/workspace/ws_RAMS/install/abb_librws/lib/x86_64-linux-gnu/pkgconfig:/home/heng/workspace/ws_RAMS/install/abb_librws/lib/pkgconfig:/home/heng/workspace/ws_RAMS/install/abb_libegm/lib/x86_64-linux-gnu/pkgconfig:/home/heng/workspace/ws_RAMS/install/abb_libegm/lib/pkgconfig /usr/bin/cmake --install /home/heng/workspace/ws_RAMS/build/abb_egm_rws_managers
[0.167s] -- Install configuration: "RelWithDebInfo"
[0.167s] -- Up-to-date: /home/heng/workspace/ws_RAMS/install/abb_egm_rws_managers/include
[0.167s] -- Up-to-date: /home/heng/workspace/ws_RAMS/install/abb_egm_rws_managers/include/abb_egm_rws_managers
[0.167s] -- Up-to-date: /home/heng/workspace/ws_RAMS/install/abb_egm_rws_managers/include/abb_egm_rws_managers/utilities.h
[0.167s] -- Up-to-date: /home/heng/workspace/ws_RAMS/install/abb_egm_rws_managers/include/abb_egm_rws_managers/data_containers.h
[0.168s] -- Up-to-date: /home/heng/workspace/ws_RAMS/install/abb_egm_rws_managers/include/abb_egm_rws_managers/system_data_parser.h
[0.168s] -- Up-to-date: /home/heng/workspace/ws_RAMS/install/abb_egm_rws_managers/include/abb_egm_rws_managers/rws_manager.h
[0.168s] -- Up-to-date: /home/heng/workspace/ws_RAMS/install/abb_egm_rws_managers/include/abb_egm_rws_managers/egm_manager.h
[0.168s] -- Up-to-date: /home/heng/workspace/ws_RAMS/install/abb_egm_rws_managers/include/abb_egm_rws_managers/robot_controller_description.proto
[0.168s] -- Up-to-date: /home/heng/workspace/ws_RAMS/install/abb_egm_rws_managers/include/abb_egm_rws_managers/robot_controller_description.pb.h
[0.168s] -- Up-to-date: /home/heng/workspace/ws_RAMS/install/abb_egm_rws_managers/include/abb_egm_rws_managers/abb_egm_rws_managers_export.h
[0.168s] -- Up-to-date: /home/heng/workspace/ws_RAMS/install/abb_egm_rws_managers/share/abb_egm_rws_managers/abb_egm_rws_managersConfig.cmake
[0.169s] -- Up-to-date: /home/heng/workspace/ws_RAMS/install/abb_egm_rws_managers/share/abb_egm_rws_managers/abb_egm_rws_managersConfigVersion.cmake
[0.169s] -- Up-to-date: /home/heng/workspace/ws_RAMS/install/abb_egm_rws_managers/share/abb_egm_rws_managers/package.xml
[0.169s] -- Up-to-date: /home/heng/workspace/ws_RAMS/install/abb_egm_rws_managers/lib/libabb_egm_rws_managers.so
[0.169s] -- Up-to-date: /home/heng/workspace/ws_RAMS/install/abb_egm_rws_managers/share/abb_egm_rws_managers/abb_egm_rws_managersTargets.cmake
[0.169s] -- Up-to-date: /home/heng/workspace/ws_RAMS/install/abb_egm_rws_managers/share/abb_egm_rws_managers/abb_egm_rws_managersTargets-relwithdebinfo.cmake
[0.171s] Invoked command in '/home/heng/workspace/ws_RAMS/build/abb_egm_rws_managers' returned '0': CMAKE_MODULE_PATH=/home/heng/workspace/ws_RAMS/install/abb_librws/share/abb_librws/cmake CMAKE_PREFIX_PATH=/home/heng/workspace/ws_RAMS/install/abb_librws:/home/heng/workspace/ws_RAMS/install/abb_libegm:/home/heng/workspace/ws_RAMS/install/click_to_move:/home/heng/workspace/ws_RAMS/install/workcell_config:/home/heng/workspace/ws_RAMS/install/workcell_description:/home/heng/workspace/ws_RAMS/install/abb_pi0_bridge:/opt/ros/humble LD_LIBRARY_PATH=/home/heng/workspace/ws_RAMS/install/abb_librws/lib:/home/heng/workspace/ws_RAMS/install/abb_libegm/lib:${LD_LIBRARY_PATH} PKG_CONFIG_PATH=/home/heng/workspace/ws_RAMS/install/abb_librws/lib/x86_64-linux-gnu/pkgconfig:/home/heng/workspace/ws_RAMS/install/abb_librws/lib/pkgconfig:/home/heng/workspace/ws_RAMS/install/abb_libegm/lib/x86_64-linux-gnu/pkgconfig:/home/heng/workspace/ws_RAMS/install/abb_libegm/lib/pkgconfig /usr/bin/cmake --install /home/heng/workspace/ws_RAMS/build/abb_egm_rws_managers
