[0.604s] Invoking command in '/home/heng/workspace/ws_RAMS/build/abb_pi0_bridge': CONDA_PROMPT_MODIFIER=(base) PYTHONPATH=/home/heng/workspace/ws_RAMS/build/abb_pi0_bridge/prefix_override:/usr/lib/python3/dist-packages/colcon_core/task/python/colcon_distutils_commands:/home/heng/workspace/ws_RAMS/install/abb_pi0_bridge/lib/python3.10/site-packages:${PYTHONPATH} /usr/bin/python3 -W ignore:setup.py install is deprecated -W ignore:easy_install command is deprecated setup.py develop --editable --build-directory /home/heng/workspace/ws_RAMS/build/abb_pi0_bridge/build --no-deps symlink_data --force
[0.835s] running develop
[0.980s] running egg_info
[0.980s] writing abb_pi0_bridge.egg-info/PKG-INFO
[0.981s] writing dependency_links to abb_pi0_bridge.egg-info/dependency_links.txt
[0.981s] writing entry points to abb_pi0_bridge.egg-info/entry_points.txt
[0.981s] writing requirements to abb_pi0_bridge.egg-info/requires.txt
[0.981s] writing top-level names to abb_pi0_bridge.egg-info/top_level.txt
[0.982s] reading manifest file 'abb_pi0_bridge.egg-info/SOURCES.txt'
[0.983s] writing manifest file 'abb_pi0_bridge.egg-info/SOURCES.txt'
[0.984s] running build_ext
[0.984s] Creating /home/heng/workspace/ws_RAMS/install/abb_pi0_bridge/lib/python3.10/site-packages/abb-pi0-bridge.egg-link (link to .)
[0.984s] Installing abb_pi0_bridge_node script to /home/heng/workspace/ws_RAMS/install/abb_pi0_bridge/lib/abb_pi0_bridge
[0.985s] Installing pi0_policy_stub_server script to /home/heng/workspace/ws_RAMS/install/abb_pi0_bridge/lib/abb_pi0_bridge
[0.985s] Installing robotstudio_preflight script to /home/heng/workspace/ws_RAMS/install/abb_pi0_bridge/lib/abb_pi0_bridge
[0.985s] 
[0.985s] Installed /home/heng/workspace/ws_RAMS/build/abb_pi0_bridge
[0.986s] running symlink_data
[0.986s] symbolically linking /home/heng/workspace/ws_RAMS/build/abb_pi0_bridge/resource/abb_pi0_bridge -> /home/heng/workspace/ws_RAMS/install/abb_pi0_bridge/share/ament_index/resource_index/packages
[0.986s] symbolically linking /home/heng/workspace/ws_RAMS/build/abb_pi0_bridge/package.xml -> /home/heng/workspace/ws_RAMS/install/abb_pi0_bridge/share/abb_pi0_bridge
[0.986s] symbolically linking /home/heng/workspace/ws_RAMS/build/abb_pi0_bridge/README.md -> /home/heng/workspace/ws_RAMS/install/abb_pi0_bridge/share/abb_pi0_bridge
[0.986s] symbolically linking /home/heng/workspace/ws_RAMS/build/abb_pi0_bridge/ROBOTSTUDIO_PI0_SETUP.md -> /home/heng/workspace/ws_RAMS/install/abb_pi0_bridge/share/abb_pi0_bridge
[0.986s] symbolically linking /home/heng/workspace/ws_RAMS/build/abb_pi0_bridge/PI0_POLICY_HTTP_PROTOCOL.md -> /home/heng/workspace/ws_RAMS/install/abb_pi0_bridge/share/abb_pi0_bridge
[0.986s] symbolically linking /home/heng/workspace/ws_RAMS/build/abb_pi0_bridge/launch/robotstudio_pi0.launch.py -> /home/heng/workspace/ws_RAMS/install/abb_pi0_bridge/share/abb_pi0_bridge/launch
[0.986s] symbolically linking /home/heng/workspace/ws_RAMS/build/abb_pi0_bridge/launch/abb_pi0_bridge.launch.py -> /home/heng/workspace/ws_RAMS/install/abb_pi0_bridge/share/abb_pi0_bridge/launch
[0.987s] symbolically linking /home/heng/workspace/ws_RAMS/build/abb_pi0_bridge/config/pi0_robotstudio_http.params.yaml -> /home/heng/workspace/ws_RAMS/install/abb_pi0_bridge/share/abb_pi0_bridge/config
[0.987s] symbolically linking /home/heng/workspace/ws_RAMS/build/abb_pi0_bridge/config/pi0_bridge.params.yaml -> /home/heng/workspace/ws_RAMS/install/abb_pi0_bridge/share/abb_pi0_bridge/config
[1.007s] Invoked command in '/home/heng/workspace/ws_RAMS/build/abb_pi0_bridge' returned '0': CONDA_PROMPT_MODIFIER=(base) PYTHONPATH=/home/heng/workspace/ws_RAMS/build/abb_pi0_bridge/prefix_override:/usr/lib/python3/dist-packages/colcon_core/task/python/colcon_distutils_commands:/home/heng/workspace/ws_RAMS/install/abb_pi0_bridge/lib/python3.10/site-packages:${PYTHONPATH} /usr/bin/python3 -W ignore:setup.py install is deprecated -W ignore:easy_install command is deprecated setup.py develop --editable --build-directory /home/heng/workspace/ws_RAMS/build/abb_pi0_bridge/build --no-deps symlink_data --force
