[0.234s] Invoking command in '/home/heng/workspace/ws_RAMS/build/abb_bringup': AMENT_PREFIX_PATH=/home/heng/workspace/ws_RAMS/install/abb_irb1200_5_90_moveit_config:/home/heng/workspace/ws_RAMS/install/abb_resources:/home/heng/workspace/ws_RAMS/install/abb_irb1200_support:${AMENT_PREFIX_PATH} CMAKE_PREFIX_PATH=/home/heng/workspace/ws_RAMS/install/abb_irb1200_5_90_moveit_config:/home/heng/workspace/ws_RAMS/install/abb_resources:/home/heng/workspace/ws_RAMS/install/abb_irb1200_support:/opt/ros/humble /usr/bin/cmake --build /home/heng/workspace/ws_RAMS/build/abb_bringup -- -j48 -l48
[0.300s] [ 33%] Built target gtest
[0.302s] [ 66%] Built target gtest_main
[0.334s] [100%] Built target test_command_topics
[0.348s] Invoked command in '/home/heng/workspace/ws_RAMS/build/abb_bringup' returned '0': AMENT_PREFIX_PATH=/home/heng/workspace/ws_RAMS/install/abb_irb1200_5_90_moveit_config:/home/heng/workspace/ws_RAMS/install/abb_resources:/home/heng/workspace/ws_RAMS/install/abb_irb1200_support:${AMENT_PREFIX_PATH} CMAKE_PREFIX_PATH=/home/heng/workspace/ws_RAMS/install/abb_irb1200_5_90_moveit_config:/home/heng/workspace/ws_RAMS/install/abb_resources:/home/heng/workspace/ws_RAMS/install/abb_irb1200_support:/opt/ros/humble /usr/bin/cmake --build /home/heng/workspace/ws_RAMS/build/abb_bringup -- -j48 -l48
[0.360s] Invoking command in '/home/heng/workspace/ws_RAMS/build/abb_bringup': AMENT_PREFIX_PATH=/home/heng/workspace/ws_RAMS/install/abb_irb1200_5_90_moveit_config:/home/heng/workspace/ws_RAMS/install/abb_resources:/home/heng/workspace/ws_RAMS/install/abb_irb1200_support:${AMENT_PREFIX_PATH} CMAKE_PREFIX_PATH=/home/heng/workspace/ws_RAMS/install/abb_irb1200_5_90_moveit_config:/home/heng/workspace/ws_RAMS/install/abb_resources:/home/heng/workspace/ws_RAMS/install/abb_irb1200_support:/opt/ros/humble /usr/bin/cmake --install /home/heng/workspace/ws_RAMS/build/abb_bringup
[0.366s] -- Install configuration: ""
[0.366s] -- Up-to-date: /home/heng/workspace/ws_RAMS/install/abb_bringup/share/abb_bringup/config
[0.367s] -- Up-to-date: /home/heng/workspace/ws_RAMS/install/abb_bringup/share/abb_bringup/config/abb_controllers.yaml
[0.367s] -- Up-to-date: /home/heng/workspace/ws_RAMS/install/abb_bringup/share/abb_bringup/launch
[0.367s] -- Installing: /home/heng/workspace/ws_RAMS/install/abb_bringup/share/abb_bringup/launch/abb_control.launch.py
[0.367s] -- Up-to-date: /home/heng/workspace/ws_RAMS/install/abb_bringup/share/abb_bringup/launch/abb_rws_client.launch.py
[0.367s] -- Up-to-date: /home/heng/workspace/ws_RAMS/install/abb_bringup/share/abb_bringup/launch/abb_moveit.launch.py
[0.367s] -- Up-to-date: /home/heng/workspace/ws_RAMS/install/abb_bringup/share/abb_bringup/launch/__pycache__
[0.367s] -- Installing: /home/heng/workspace/ws_RAMS/install/abb_bringup/share/abb_bringup/launch/__pycache__/abb_control.launch.cpython-313.pyc
[0.367s] -- Up-to-date: /home/heng/workspace/ws_RAMS/install/abb_bringup/share/ament_index/resource_index/package_run_dependencies/abb_bringup
[0.368s] -- Up-to-date: /home/heng/workspace/ws_RAMS/install/abb_bringup/share/ament_index/resource_index/parent_prefix_path/abb_bringup
[0.368s] -- Up-to-date: /home/heng/workspace/ws_RAMS/install/abb_bringup/share/abb_bringup/environment/ament_prefix_path.sh
[0.368s] -- Up-to-date: /home/heng/workspace/ws_RAMS/install/abb_bringup/share/abb_bringup/environment/ament_prefix_path.dsv
[0.368s] -- Up-to-date: /home/heng/workspace/ws_RAMS/install/abb_bringup/share/abb_bringup/environment/path.sh
[0.369s] -- Up-to-date: /home/heng/workspace/ws_RAMS/install/abb_bringup/share/abb_bringup/environment/path.dsv
[0.369s] -- Up-to-date: /home/heng/workspace/ws_RAMS/install/abb_bringup/share/abb_bringup/local_setup.bash
[0.369s] -- Up-to-date: /home/heng/workspace/ws_RAMS/install/abb_bringup/share/abb_bringup/local_setup.sh
[0.369s] -- Up-to-date: /home/heng/workspace/ws_RAMS/install/abb_bringup/share/abb_bringup/local_setup.zsh
[0.369s] -- Up-to-date: /home/heng/workspace/ws_RAMS/install/abb_bringup/share/abb_bringup/local_setup.dsv
[0.370s] -- Installing: /home/heng/workspace/ws_RAMS/install/abb_bringup/share/abb_bringup/package.dsv
[0.370s] -- Up-to-date: /home/heng/workspace/ws_RAMS/install/abb_bringup/share/ament_index/resource_index/packages/abb_bringup
[0.370s] -- Up-to-date: /home/heng/workspace/ws_RAMS/install/abb_bringup/share/abb_bringup/cmake/ament_cmake_export_dependencies-extras.cmake
[0.370s] -- Up-to-date: /home/heng/workspace/ws_RAMS/install/abb_bringup/share/abb_bringup/cmake/abb_bringupConfig.cmake
[0.370s] -- Up-to-date: /home/heng/workspace/ws_RAMS/install/abb_bringup/share/abb_bringup/cmake/abb_bringupConfig-version.cmake
[0.370s] -- Up-to-date: /home/heng/workspace/ws_RAMS/install/abb_bringup/share/abb_bringup/package.xml
[0.370s] Invoked command in '/home/heng/workspace/ws_RAMS/build/abb_bringup' returned '0': AMENT_PREFIX_PATH=/home/heng/workspace/ws_RAMS/install/abb_irb1200_5_90_moveit_config:/home/heng/workspace/ws_RAMS/install/abb_resources:/home/heng/workspace/ws_RAMS/install/abb_irb1200_support:${AMENT_PREFIX_PATH} CMAKE_PREFIX_PATH=/home/heng/workspace/ws_RAMS/install/abb_irb1200_5_90_moveit_config:/home/heng/workspace/ws_RAMS/install/abb_resources:/home/heng/workspace/ws_RAMS/install/abb_irb1200_support:/opt/ros/humble /usr/bin/cmake --install /home/heng/workspace/ws_RAMS/build/abb_bringup
