-- The CXX compiler identification is GNU 11.4.0
-- Detecting CXX compiler ABI info
-- Detecting CXX compiler ABI info - done
-- Check for working CXX compiler: /usr/bin/c++ - skipped
-- Detecting CXX compile features
-- Detecting CXX compile features - done
-- Found Boost: /usr/lib/x86_64-linux-gnu/cmake/Boost-1.74.0/BoostConfig.cmake (found version "1.74.0") found components: regex system thread 
-- Found Protobuf: /usr/lib/x86_64-linux-gnu/libprotobuf.so (found version "3.12.4") 
-- Generating protobuf C++ for: proto/egm.proto;proto/egm_wrapper.proto;proto/egm_wrapper_trajectory.proto
-- Found Threads: TRUE  
-- Performing Test COMPILER_HAS_HIDDEN_VISIBILITY
-- Performing Test COMPILER_HAS_HIDDEN_VISIBILITY - Success
-- Performing Test COMPILER_HAS_HIDDEN_INLINE_VISIBILITY
-- Performing Test COMPILER_HAS_HIDDEN_INLINE_VISIBILITY - Success
-- Performing Test COMPILER_HAS_DEPRECATED_ATTR
-- Performing Test COMPILER_HAS_DEPRECATED_ATTR - Success
-- Configuring done
-- Generating done
-- Build files have been written to: /home/heng/workspace/ws_RAMS/build/abb_libegm
[  6%] [34m[1mRunning cpp protocol buffer compiler on proto/egm_wrapper_trajectory.proto[0m
[ 13%] [34m[1mRunning cpp protocol buffer compiler on proto/egm.proto[0m
[ 20%] [34m[1mRunning cpp protocol buffer compiler on proto/egm_wrapper.proto[0m
[ 26%] [32mBuilding CXX object CMakeFiles/abb_libegm.dir/src/egm_common.cpp.o[0m
[ 33%] [32mBuilding CXX object CMakeFiles/abb_libegm.dir/egm.pb.cc.o[0m
[ 40%] [32mBuilding CXX object CMakeFiles/abb_libegm.dir/src/egm_base_interface.cpp.o[0m
[ 53%] [32mBuilding CXX object CMakeFiles/abb_libegm.dir/egm_wrapper.pb.cc.o[0m
[ 53%] [32mBuilding CXX object CMakeFiles/abb_libegm.dir/src/egm_common_auxiliary.cpp.o[0m
[ 60%] [32mBuilding CXX object CMakeFiles/abb_libegm.dir/src/egm_controller_interface.cpp.o[0m
[ 73%] [32mBuilding CXX object CMakeFiles/abb_libegm.dir/src/egm_udp_server.cpp.o[0m
[ 73%] [32mBuilding CXX object CMakeFiles/abb_libegm.dir/src/egm_interpolator.cpp.o[0m
[ 80%] [32mBuilding CXX object CMakeFiles/abb_libegm.dir/src/egm_trajectory_interface.cpp.o[0m
[ 86%] [32mBuilding CXX object CMakeFiles/abb_libegm.dir/egm_wrapper_trajectory.pb.cc.o[0m
[ 93%] [32mBuilding CXX object CMakeFiles/abb_libegm.dir/src/egm_logger.cpp.o[0m
[100%] [32m[1mLinking CXX shared library libabb_libegm.so[0m
[100%] Built target abb_libegm
