[0.025s] Invoking command in '/home/heng/workspace/ws_RAMS/build/abb_libegm': CMAKE_PREFIX_PATH=${CMAKE_PREFIX_PATH}:/home/heng/workspace/ws_RAMS/install/abb_pi0_bridge:/opt/ros/humble CONDA_PROMPT_MODIFIER=(base) /usr/bin/cmake /home/heng/workspace/ws_RAMS/src/abb_libegm -DCMAKE_INSTALL_PREFIX=/home/heng/workspace/ws_RAMS/install/abb_libegm
[0.150s] -- The CXX compiler identification is GNU 11.4.0
[0.162s] -- Detecting CXX compiler ABI info
[0.255s] -- Detecting CXX compiler ABI info - done
[0.274s] -- Check for working CXX compiler: /usr/bin/c++ - skipped
[0.274s] -- Detecting CXX compile features
[0.275s] -- Detecting CXX compile features - done
[0.534s] -- Found Boost: /usr/lib/x86_64-linux-gnu/cmake/Boost-1.74.0/BoostConfig.cmake (found version "1.74.0") found components: regex system thread 
[0.571s] -- Found Protobuf: /usr/lib/x86_64-linux-gnu/libprotobuf.so (found version "3.12.4") 
[0.572s] -- Generating protobuf C++ for: proto/egm.proto;proto/egm_wrapper.proto;proto/egm_wrapper_trajectory.proto
[0.576s] -- Found Threads: TRUE  
[0.580s] -- Performing Test COMPILER_HAS_HIDDEN_VISIBILITY
[0.685s] -- Performing Test COMPILER_HAS_HIDDEN_VISIBILITY - Success
[0.685s] -- Performing Test COMPILER_HAS_HIDDEN_INLINE_VISIBILITY
[0.759s] -- Performing Test COMPILER_HAS_HIDDEN_INLINE_VISIBILITY - Success
[0.760s] -- Performing Test COMPILER_HAS_DEPRECATED_ATTR
[0.828s] -- Performing Test COMPILER_HAS_DEPRECATED_ATTR - Success
[0.831s] -- Configuring done
[0.841s] -- Generating done
[0.842s] -- Build files have been written to: /home/heng/workspace/ws_RAMS/build/abb_libegm
[0.847s] Invoked command in '/home/heng/workspace/ws_RAMS/build/abb_libegm' returned '0': CMAKE_PREFIX_PATH=${CMAKE_PREFIX_PATH}:/home/heng/workspace/ws_RAMS/install/abb_pi0_bridge:/opt/ros/humble CONDA_PROMPT_MODIFIER=(base) /usr/bin/cmake /home/heng/workspace/ws_RAMS/src/abb_libegm -DCMAKE_INSTALL_PREFIX=/home/heng/workspace/ws_RAMS/install/abb_libegm
[0.849s] Invoking command in '/home/heng/workspace/ws_RAMS/build/abb_libegm': CMAKE_PREFIX_PATH=${CMAKE_PREFIX_PATH}:/home/heng/workspace/ws_RAMS/install/abb_pi0_bridge:/opt/ros/humble CONDA_PROMPT_MODIFIER=(base) /usr/bin/cmake --build /home/heng/workspace/ws_RAMS/build/abb_libegm -- -j48 -l48
[0.889s] [  6%] [34m[1mRunning cpp protocol buffer compiler on proto/egm_wrapper_trajectory.proto[0m
[0.890s] [ 13%] [34m[1mRunning cpp protocol buffer compiler on proto/egm.proto[0m
[0.891s] [ 20%] [34m[1mRunning cpp protocol buffer compiler on proto/egm_wrapper.proto[0m
[0.944s] [ 26%] [32mBuilding CXX object CMakeFiles/abb_libegm.dir/src/egm_common.cpp.o[0m
[0.944s] [ 33%] [32mBuilding CXX object CMakeFiles/abb_libegm.dir/egm.pb.cc.o[0m
[0.945s] [ 40%] [32mBuilding CXX object CMakeFiles/abb_libegm.dir/src/egm_base_interface.cpp.o[0m
[0.945s] [ 53%] [32mBuilding CXX object CMakeFiles/abb_libegm.dir/egm_wrapper.pb.cc.o[0m
[0.946s] [ 53%] [32mBuilding CXX object CMakeFiles/abb_libegm.dir/src/egm_common_auxiliary.cpp.o[0m
[0.946s] [ 60%] [32mBuilding CXX object CMakeFiles/abb_libegm.dir/src/egm_controller_interface.cpp.o[0m
[0.948s] [ 73%] [32mBuilding CXX object CMakeFiles/abb_libegm.dir/src/egm_udp_server.cpp.o[0m
[0.948s] [ 73%] [32mBuilding CXX object CMakeFiles/abb_libegm.dir/src/egm_interpolator.cpp.o[0m
[0.948s] [ 80%] [32mBuilding CXX object CMakeFiles/abb_libegm.dir/src/egm_trajectory_interface.cpp.o[0m
[0.950s] [ 86%] [32mBuilding CXX object CMakeFiles/abb_libegm.dir/egm_wrapper_trajectory.pb.cc.o[0m
[0.950s] [ 93%] [32mBuilding CXX object CMakeFiles/abb_libegm.dir/src/egm_logger.cpp.o[0m
[1.488s] In file included from [01m[K/usr/include/boost/bind.hpp:30[m[K,
[1.488s]                  from [01m[K/home/heng/workspace/ws_RAMS/src/abb_libegm/src/egm_udp_server.cpp:37[m[K:
[1.488s] [01m[K/usr/include/boost/bind.hpp:36:1:[m[K [01;36m[Knote: [m[K‘[01m[K#pragma message: The practice of declaring the Bind placeholders (_1, _2, ...) in the global namespace is deprecated. Please use <boost/bind/bind.hpp> + using namespace boost::placeholders, or define BOOST_BIND_GLOBAL_PLACEHOLDERS to retain the current behavior.[m[K’
[1.488s]    36 | [01;36m[KBOOST_PRAGMA_MESSAGE[m[K(
[1.488s]       | [01;36m[K^~~~~~~~~~~~~~~~~~~~[m[K
[4.967s] [100%] [32m[1mLinking CXX shared library libabb_libegm.so[0m
[5.203s] [100%] Built target abb_libegm
