-- Found ament_cmake: 1.3.12 (/opt/ros/humble/share/ament_cmake/cmake)
-- Found ament_cmake_gtest: 1.3.12 (/opt/ros/humble/share/ament_cmake_gtest/cmake)
-- Found ament_lint_auto: 0.12.14 (/opt/ros/humble/share/ament_lint_auto/cmake)
-- Found rclcpp: 16.0.16 (/opt/ros/humble/share/rclcpp/cmake)
-- Found rosidl_generator_c: 3.1.7 (/opt/ros/humble/share/rosidl_generator_c/cmake)
-- Found rosidl_adapter: 3.1.7 (/opt/ros/humble/share/rosidl_adapter/cmake)
-- Found rosidl_generator_cpp: 3.1.7 (/opt/ros/humble/share/rosidl_generator_cpp/cmake)
-- Using all available rosidl_typesupport_c: rosidl_typesupport_fastrtps_c;rosidl_typesupport_introspection_c
-- Using all available rosidl_typesupport_cpp: rosidl_typesupport_fastrtps_cpp;rosidl_typesupport_introspection_cpp
-- Found rmw_implementation_cmake: 6.1.2 (/opt/ros/humble/share/rmw_implementation_cmake/cmake)
-- Found rmw_fastrtps_cpp: 6.2.9 (/opt/ros/humble/share/rmw_fastrtps_cpp/cmake)
-- Using RMW implementation 'rmw_fastrtps_cpp' as default
-- Found ros_testing: 0.4.0 (/opt/ros/humble/share/ros_testing/cmake)
-- Found launch_testing_ament_cmake: 1.0.13 (/opt/ros/humble/share/launch_testing_ament_cmake/cmake)
-- Found python_cmake_module: 0.10.0 (/opt/ros/humble/share/python_cmake_module/cmake)
-- Using PYTHON_EXECUTABLE: /usr/bin/python3
-- Using PYTHON_INCLUDE_DIRS: /usr/include/python3.10
-- Using PYTHON_LIBRARIES: /usr/lib/x86_64-linux-gnu/libpython3.10.so
-- Found trajectory_msgs: 4.9.0 (/opt/ros/humble/share/trajectory_msgs/cmake)
-- Found gtest sources under '/opt/ros/humble/src/gtest_vendor': C++ tests using 'Google Test' will be built
-- Configuring done
-- Generating done
-- Build files have been written to: /home/heng/workspace/ws_RAMS/build/abb_bringup
Consolidate compiler generated dependencies of target gtest_main
Consolidate compiler generated dependencies of target gtest
[ 66%] Built target gtest_main
[ 66%] Built target gtest
Consolidate compiler generated dependencies of target test_command_topics
[100%] Built target test_command_topics
-- Install configuration: ""
-- Up-to-date: /home/heng/workspace/ws_RAMS/install/abb_bringup/share/abb_bringup/config
-- Up-to-date: /home/heng/workspace/ws_RAMS/install/abb_bringup/share/abb_bringup/config/abb_controllers.yaml
-- Up-to-date: /home/heng/workspace/ws_RAMS/install/abb_bringup/share/abb_bringup/launch
-- Installing: /home/heng/workspace/ws_RAMS/install/abb_bringup/share/abb_bringup/launch/abb_control.launch.py
-- Up-to-date: /home/heng/workspace/ws_RAMS/install/abb_bringup/share/abb_bringup/launch/abb_rws_client.launch.py
-- Up-to-date: /home/heng/workspace/ws_RAMS/install/abb_bringup/share/abb_bringup/launch/abb_moveit.launch.py
-- Up-to-date: /home/heng/workspace/ws_RAMS/install/abb_bringup/share/abb_bringup/launch/__pycache__
-- Installing: /home/heng/workspace/ws_RAMS/install/abb_bringup/share/abb_bringup/launch/__pycache__/abb_control.launch.cpython-313.pyc
-- Up-to-date: /home/heng/workspace/ws_RAMS/install/abb_bringup/share/ament_index/resource_index/package_run_dependencies/abb_bringup
-- Up-to-date: /home/heng/workspace/ws_RAMS/install/abb_bringup/share/ament_index/resource_index/parent_prefix_path/abb_bringup
-- Up-to-date: /home/heng/workspace/ws_RAMS/install/abb_bringup/share/abb_bringup/environment/ament_prefix_path.sh
-- Installing: /home/heng/workspace/ws_RAMS/install/abb_bringup/share/abb_bringup/environment/ament_prefix_path.dsv
-- Up-to-date: /home/heng/workspace/ws_RAMS/install/abb_bringup/share/abb_bringup/environment/path.sh
-- Installing: /home/heng/workspace/ws_RAMS/install/abb_bringup/share/abb_bringup/environment/path.dsv
-- Up-to-date: /home/heng/workspace/ws_RAMS/install/abb_bringup/share/abb_bringup/local_setup.bash
-- Up-to-date: /home/heng/workspace/ws_RAMS/install/abb_bringup/share/abb_bringup/local_setup.sh
-- Up-to-date: /home/heng/workspace/ws_RAMS/install/abb_bringup/share/abb_bringup/local_setup.zsh
-- Installing: /home/heng/workspace/ws_RAMS/install/abb_bringup/share/abb_bringup/local_setup.dsv
-- Installing: /home/heng/workspace/ws_RAMS/install/abb_bringup/share/abb_bringup/package.dsv
-- Up-to-date: /home/heng/workspace/ws_RAMS/install/abb_bringup/share/ament_index/resource_index/packages/abb_bringup
-- Up-to-date: /home/heng/workspace/ws_RAMS/install/abb_bringup/share/abb_bringup/cmake/ament_cmake_export_dependencies-extras.cmake
-- Up-to-date: /home/heng/workspace/ws_RAMS/install/abb_bringup/share/abb_bringup/cmake/abb_bringupConfig.cmake
-- Up-to-date: /home/heng/workspace/ws_RAMS/install/abb_bringup/share/abb_bringup/cmake/abb_bringupConfig-version.cmake
-- Up-to-date: /home/heng/workspace/ws_RAMS/install/abb_bringup/share/abb_bringup/package.xml
