[0.239s] Invoking command in '/home/heng/workspace/ws_RAMS/build/abb_bringup': AMENT_PREFIX_PATH=/home/heng/workspace/ws_RAMS/install/abb_irb1200_5_90_moveit_config:/home/heng/workspace/ws_RAMS/install/abb_resources:/home/heng/workspace/ws_RAMS/install/abb_irb1200_support:${AMENT_PREFIX_PATH} CMAKE_PREFIX_PATH=/home/heng/workspace/ws_RAMS/install/abb_irb1200_5_90_moveit_config:/home/heng/workspace/ws_RAMS/install/abb_resources:/home/heng/workspace/ws_RAMS/install/abb_irb1200_support:/opt/ros/humble CONDA_PROMPT_MODIFIER=(base) /usr/bin/cmake /home/heng/workspace/ws_RAMS/src/abb_ros2_upstream/abb_bringup -DCMAKE_INSTALL_PREFIX=/home/heng/workspace/ws_RAMS/install/abb_bringup
[0.256s] -- Found ament_cmake: 1.3.12 (/opt/ros/humble/share/ament_cmake/cmake)
[0.411s] -- Found ament_cmake_gtest: 1.3.12 (/opt/ros/humble/share/ament_cmake_gtest/cmake)
[0.412s] -- Found ament_lint_auto: 0.12.14 (/opt/ros/humble/share/ament_lint_auto/cmake)
[0.412s] -- Found rclcpp: 16.0.16 (/opt/ros/humble/share/rclcpp/cmake)
[0.439s] -- Found rosidl_generator_c: 3.1.7 (/opt/ros/humble/share/rosidl_generator_c/cmake)
[0.442s] -- Found rosidl_adapter: 3.1.7 (/opt/ros/humble/share/rosidl_adapter/cmake)
[0.448s] -- Found rosidl_generator_cpp: 3.1.7 (/opt/ros/humble/share/rosidl_generator_cpp/cmake)
[0.457s] -- Using all available rosidl_typesupport_c: rosidl_typesupport_fastrtps_c;rosidl_typesupport_introspection_c
[0.469s] -- Using all available rosidl_typesupport_cpp: rosidl_typesupport_fastrtps_cpp;rosidl_typesupport_introspection_cpp
[0.500s] -- Found rmw_implementation_cmake: 6.1.2 (/opt/ros/humble/share/rmw_implementation_cmake/cmake)
[0.501s] -- Found rmw_fastrtps_cpp: 6.2.9 (/opt/ros/humble/share/rmw_fastrtps_cpp/cmake)
[0.600s] -- Using RMW implementation 'rmw_fastrtps_cpp' as default
[0.649s] -- Found ros_testing: 0.4.0 (/opt/ros/humble/share/ros_testing/cmake)
[0.650s] -- Found launch_testing_ament_cmake: 1.0.13 (/opt/ros/humble/share/launch_testing_ament_cmake/cmake)
[0.650s] -- Found python_cmake_module: 0.10.0 (/opt/ros/humble/share/python_cmake_module/cmake)
[0.680s] -- Using PYTHON_EXECUTABLE: /usr/bin/python3
[0.680s] -- Using PYTHON_INCLUDE_DIRS: /usr/include/python3.10
[0.680s] -- Using PYTHON_LIBRARIES: /usr/lib/x86_64-linux-gnu/libpython3.10.so
[0.681s] -- Found trajectory_msgs: 4.9.0 (/opt/ros/humble/share/trajectory_msgs/cmake)
[0.709s] -- Found gtest sources under '/opt/ros/humble/src/gtest_vendor': C++ tests using 'Google Test' will be built
[0.775s] -- Configuring done
[0.787s] -- Generating done
[0.792s] -- Build files have been written to: /home/heng/workspace/ws_RAMS/build/abb_bringup
[0.801s] Invoked command in '/home/heng/workspace/ws_RAMS/build/abb_bringup' returned '0': AMENT_PREFIX_PATH=/home/heng/workspace/ws_RAMS/install/abb_irb1200_5_90_moveit_config:/home/heng/workspace/ws_RAMS/install/abb_resources:/home/heng/workspace/ws_RAMS/install/abb_irb1200_support:${AMENT_PREFIX_PATH} CMAKE_PREFIX_PATH=/home/heng/workspace/ws_RAMS/install/abb_irb1200_5_90_moveit_config:/home/heng/workspace/ws_RAMS/install/abb_resources:/home/heng/workspace/ws_RAMS/install/abb_irb1200_support:/opt/ros/humble CONDA_PROMPT_MODIFIER=(base) /usr/bin/cmake /home/heng/workspace/ws_RAMS/src/abb_ros2_upstream/abb_bringup -DCMAKE_INSTALL_PREFIX=/home/heng/workspace/ws_RAMS/install/abb_bringup
[0.804s] Invoking command in '/home/heng/workspace/ws_RAMS/build/abb_bringup': AMENT_PREFIX_PATH=/home/heng/workspace/ws_RAMS/install/abb_irb1200_5_90_moveit_config:/home/heng/workspace/ws_RAMS/install/abb_resources:/home/heng/workspace/ws_RAMS/install/abb_irb1200_support:${AMENT_PREFIX_PATH} CMAKE_PREFIX_PATH=/home/heng/workspace/ws_RAMS/install/abb_irb1200_5_90_moveit_config:/home/heng/workspace/ws_RAMS/install/abb_resources:/home/heng/workspace/ws_RAMS/install/abb_irb1200_support:/opt/ros/humble CONDA_PROMPT_MODIFIER=(base) /usr/bin/cmake --build /home/heng/workspace/ws_RAMS/build/abb_bringup -- -j48 -l48
[0.855s] Consolidate compiler generated dependencies of target gtest_main
[0.857s] Consolidate compiler generated dependencies of target gtest
[0.871s] [ 66%] Built target gtest_main
[0.871s] [ 66%] Built target gtest
[0.892s] Consolidate compiler generated dependencies of target test_command_topics
[0.909s] [100%] Built target test_command_topics
[0.923s] Invoked command in '/home/heng/workspace/ws_RAMS/build/abb_bringup' returned '0': AMENT_PREFIX_PATH=/home/heng/workspace/ws_RAMS/install/abb_irb1200_5_90_moveit_config:/home/heng/workspace/ws_RAMS/install/abb_resources:/home/heng/workspace/ws_RAMS/install/abb_irb1200_support:${AMENT_PREFIX_PATH} CMAKE_PREFIX_PATH=/home/heng/workspace/ws_RAMS/install/abb_irb1200_5_90_moveit_config:/home/heng/workspace/ws_RAMS/install/abb_resources:/home/heng/workspace/ws_RAMS/install/abb_irb1200_support:/opt/ros/humble CONDA_PROMPT_MODIFIER=(base) /usr/bin/cmake --build /home/heng/workspace/ws_RAMS/build/abb_bringup -- -j48 -l48
[0.937s] Invoking command in '/home/heng/workspace/ws_RAMS/build/abb_bringup': AMENT_PREFIX_PATH=/home/heng/workspace/ws_RAMS/install/abb_irb1200_5_90_moveit_config:/home/heng/workspace/ws_RAMS/install/abb_resources:/home/heng/workspace/ws_RAMS/install/abb_irb1200_support:${AMENT_PREFIX_PATH} CMAKE_PREFIX_PATH=/home/heng/workspace/ws_RAMS/install/abb_irb1200_5_90_moveit_config:/home/heng/workspace/ws_RAMS/install/abb_resources:/home/heng/workspace/ws_RAMS/install/abb_irb1200_support:/opt/ros/humble CONDA_PROMPT_MODIFIER=(base) /usr/bin/cmake --install /home/heng/workspace/ws_RAMS/build/abb_bringup
[0.946s] -- Install configuration: ""
[0.946s] -- Up-to-date: /home/heng/workspace/ws_RAMS/install/abb_bringup/share/abb_bringup/config
[0.946s] -- Up-to-date: /home/heng/workspace/ws_RAMS/install/abb_bringup/share/abb_bringup/config/abb_controllers.yaml
[0.947s] -- Up-to-date: /home/heng/workspace/ws_RAMS/install/abb_bringup/share/abb_bringup/launch
[0.947s] -- Installing: /home/heng/workspace/ws_RAMS/install/abb_bringup/share/abb_bringup/launch/abb_control.launch.py
[0.947s] -- Up-to-date: /home/heng/workspace/ws_RAMS/install/abb_bringup/share/abb_bringup/launch/abb_rws_client.launch.py
[0.947s] -- Up-to-date: /home/heng/workspace/ws_RAMS/install/abb_bringup/share/abb_bringup/launch/abb_moveit.launch.py
[0.948s] -- Up-to-date: /home/heng/workspace/ws_RAMS/install/abb_bringup/share/abb_bringup/launch/__pycache__
[0.948s] -- Installing: /home/heng/workspace/ws_RAMS/install/abb_bringup/share/abb_bringup/launch/__pycache__/abb_control.launch.cpython-313.pyc
[0.948s] -- Up-to-date: /home/heng/workspace/ws_RAMS/install/abb_bringup/share/ament_index/resource_index/package_run_dependencies/abb_bringup
[0.948s] -- Up-to-date: /home/heng/workspace/ws_RAMS/install/abb_bringup/share/ament_index/resource_index/parent_prefix_path/abb_bringup
[0.948s] -- Up-to-date: /home/heng/workspace/ws_RAMS/install/abb_bringup/share/abb_bringup/environment/ament_prefix_path.sh
[0.948s] -- Installing: /home/heng/workspace/ws_RAMS/install/abb_bringup/share/abb_bringup/environment/ament_prefix_path.dsv
[0.948s] -- Up-to-date: /home/heng/workspace/ws_RAMS/install/abb_bringup/share/abb_bringup/environment/path.sh
[0.948s] -- Installing: /home/heng/workspace/ws_RAMS/install/abb_bringup/share/abb_bringup/environment/path.dsv
[0.948s] -- Up-to-date: /home/heng/workspace/ws_RAMS/install/abb_bringup/share/abb_bringup/local_setup.bash
[0.949s] -- Up-to-date: /home/heng/workspace/ws_RAMS/install/abb_bringup/share/abb_bringup/local_setup.sh
[0.949s] -- Up-to-date: /home/heng/workspace/ws_RAMS/install/abb_bringup/share/abb_bringup/local_setup.zsh
[0.949s] -- Installing: /home/heng/workspace/ws_RAMS/install/abb_bringup/share/abb_bringup/local_setup.dsv
[0.949s] -- Installing: /home/heng/workspace/ws_RAMS/install/abb_bringup/share/abb_bringup/package.dsv
[0.949s] -- Up-to-date: /home/heng/workspace/ws_RAMS/install/abb_bringup/share/ament_index/resource_index/packages/abb_bringup
[0.950s] -- Up-to-date: /home/heng/workspace/ws_RAMS/install/abb_bringup/share/abb_bringup/cmake/ament_cmake_export_dependencies-extras.cmake
[0.950s] -- Up-to-date: /home/heng/workspace/ws_RAMS/install/abb_bringup/share/abb_bringup/cmake/abb_bringupConfig.cmake
[0.950s] -- Up-to-date: /home/heng/workspace/ws_RAMS/install/abb_bringup/share/abb_bringup/cmake/abb_bringupConfig-version.cmake
[0.950s] -- Up-to-date: /home/heng/workspace/ws_RAMS/install/abb_bringup/share/abb_bringup/package.xml
[0.951s] Invoked command in '/home/heng/workspace/ws_RAMS/build/abb_bringup' returned '0': AMENT_PREFIX_PATH=/home/heng/workspace/ws_RAMS/install/abb_irb1200_5_90_moveit_config:/home/heng/workspace/ws_RAMS/install/abb_resources:/home/heng/workspace/ws_RAMS/install/abb_irb1200_support:${AMENT_PREFIX_PATH} CMAKE_PREFIX_PATH=/home/heng/workspace/ws_RAMS/install/abb_irb1200_5_90_moveit_config:/home/heng/workspace/ws_RAMS/install/abb_resources:/home/heng/workspace/ws_RAMS/install/abb_irb1200_support:/opt/ros/humble CONDA_PROMPT_MODIFIER=(base) /usr/bin/cmake --install /home/heng/workspace/ws_RAMS/build/abb_bringup
