[0.163s] DEBUG:colcon:Command line arguments: ['/usr/bin/colcon', 'build', '--packages-select', 'abb_hardware_interface', '--symlink-install']
[0.163s] DEBUG:colcon:Parsed command line arguments: Namespace(log_base=None, log_level=None, verb_name='build', build_base='build', install_base='install', merge_install=False, symlink_install=True, test_result_base=None, continue_on_error=False, executor='parallel', parallel_workers=48, event_handlers=None, ignore_user_meta=False, metas=['./colcon.meta'], base_paths=['.'], packages_ignore=None, packages_ignore_regex=None, paths=None, packages_up_to=None, packages_up_to_regex=None, packages_above=None, packages_above_and_dependencies=None, packages_above_depth=None, packages_select_by_dep=None, packages_skip_by_dep=None, packages_skip_up_to=None, packages_select_build_failed=False, packages_skip_build_finished=False, packages_select_test_failures=False, packages_skip_test_passed=False, packages_select=['abb_hardware_interface'], packages_skip=None, packages_select_regex=None, packages_skip_regex=None, packages_start=None, packages_end=None, allow_overriding=[], cmake_args=None, cmake_target=None, cmake_target_skip_unavailable=False, cmake_clean_cache=False, cmake_clean_first=False, cmake_force_configure=False, ament_cmake_args=None, catkin_cmake_args=None, catkin_skip_building_tests=False, mixin_files=None, mixin=None, verb_parser=<colcon_mixin.mixin.mixin_argument.MixinArgumentDecorator object at 0x7bb84b1423b0>, verb_extension=<colcon_core.verb.build.BuildVerb object at 0x7bb84b2433a0>, main=<bound method BuildVerb.main of <colcon_core.verb.build.BuildVerb object at 0x7bb84b2433a0>>, mixin_verb=('build',))
[0.362s] Level 1:colcon.colcon_core.package_discovery:discover_packages(colcon_meta) check parameters
[0.362s] Level 1:colcon.colcon_core.package_discovery:discover_packages(recursive) check parameters
[0.362s] Level 1:colcon.colcon_core.package_discovery:discover_packages(ignore) check parameters
[0.362s] Level 1:colcon.colcon_core.package_discovery:discover_packages(path) check parameters
[0.362s] Level 1:colcon.colcon_core.package_discovery:discover_packages(colcon_meta) discover
[0.362s] Level 1:colcon.colcon_core.package_discovery:discover_packages(recursive) discover
[0.362s] INFO:colcon.colcon_core.package_discovery:Crawling recursively for packages in '/home/heng/workspace/ws_RAMS'
[0.362s] Level 1:colcon.colcon_core.package_identification:_identify(.) by extensions ['ignore', 'ignore_ament_install']
[0.362s] Level 1:colcon.colcon_core.package_identification:_identify(.) by extension 'ignore'
[0.362s] Level 1:colcon.colcon_core.package_identification:_identify(.) by extension 'ignore_ament_install'
[0.362s] Level 1:colcon.colcon_core.package_identification:_identify(.) by extensions ['colcon_pkg']
[0.362s] Level 1:colcon.colcon_core.package_identification:_identify(.) by extension 'colcon_pkg'
[0.362s] Level 1:colcon.colcon_core.package_identification:_identify(.) by extensions ['colcon_meta']
[0.362s] Level 1:colcon.colcon_core.package_identification:_identify(.) by extension 'colcon_meta'
[0.362s] Level 1:colcon.colcon_core.package_identification:_identify(.) by extensions ['ros']
[0.362s] Level 1:colcon.colcon_core.package_identification:_identify(.) by extension 'ros'
[0.376s] Level 1:colcon.colcon_core.package_identification:_identify(.) by extensions ['cmake', 'python']
[0.376s] Level 1:colcon.colcon_core.package_identification:_identify(.) by extension 'cmake'
[0.376s] Level 1:colcon.colcon_core.package_identification:_identify(.) by extension 'python'
[0.376s] Level 1:colcon.colcon_core.package_identification:_identify(.) by extensions ['python_setup_py']
[0.376s] Level 1:colcon.colcon_core.package_identification:_identify(.) by extension 'python_setup_py'
[0.376s] Level 1:colcon.colcon_core.package_identification:_identify(build) by extensions ['ignore', 'ignore_ament_install']
[0.376s] Level 1:colcon.colcon_core.package_identification:_identify(build) by extension 'ignore'
[0.376s] Level 1:colcon.colcon_core.package_identification:_identify(build) ignored
[0.376s] Level 1:colcon.colcon_core.package_identification:_identify(install) by extensions ['ignore', 'ignore_ament_install']
[0.376s] Level 1:colcon.colcon_core.package_identification:_identify(install) by extension 'ignore'
[0.376s] Level 1:colcon.colcon_core.package_identification:_identify(install) ignored
[0.377s] Level 1:colcon.colcon_core.package_identification:_identify(log) by extensions ['ignore', 'ignore_ament_install']
[0.377s] Level 1:colcon.colcon_core.package_identification:_identify(log) by extension 'ignore'
[0.377s] Level 1:colcon.colcon_core.package_identification:_identify(log) ignored
[0.377s] Level 1:colcon.colcon_core.package_identification:_identify(src) by extensions ['ignore', 'ignore_ament_install']
[0.377s] Level 1:colcon.colcon_core.package_identification:_identify(src) by extension 'ignore'
[0.377s] Level 1:colcon.colcon_core.package_identification:_identify(src) by extension 'ignore_ament_install'
[0.377s] Level 1:colcon.colcon_core.package_identification:_identify(src) by extensions ['colcon_pkg']
[0.377s] Level 1:colcon.colcon_core.package_identification:_identify(src) by extension 'colcon_pkg'
[0.377s] Level 1:colcon.colcon_core.package_identification:_identify(src) by extensions ['colcon_meta']
[0.377s] Level 1:colcon.colcon_core.package_identification:_identify(src) by extension 'colcon_meta'
[0.377s] Level 1:colcon.colcon_core.package_identification:_identify(src) by extensions ['ros']
[0.377s] Level 1:colcon.colcon_core.package_identification:_identify(src) by extension 'ros'
[0.377s] Level 1:colcon.colcon_core.package_identification:_identify(src) by extensions ['cmake', 'python']
[0.377s] Level 1:colcon.colcon_core.package_identification:_identify(src) by extension 'cmake'
[0.377s] Level 1:colcon.colcon_core.package_identification:_identify(src) by extension 'python'
[0.377s] Level 1:colcon.colcon_core.package_identification:_identify(src) by extensions ['python_setup_py']
[0.377s] Level 1:colcon.colcon_core.package_identification:_identify(src) by extension 'python_setup_py'
[0.378s] Level 1:colcon.colcon_core.package_identification:_identify(src/abb_egm_rws_managers) by extensions ['ignore', 'ignore_ament_install']
[0.378s] Level 1:colcon.colcon_core.package_identification:_identify(src/abb_egm_rws_managers) by extension 'ignore'
[0.378s] Level 1:colcon.colcon_core.package_identification:_identify(src/abb_egm_rws_managers) by extension 'ignore_ament_install'
[0.378s] Level 1:colcon.colcon_core.package_identification:_identify(src/abb_egm_rws_managers) by extensions ['colcon_pkg']
[0.378s] Level 1:colcon.colcon_core.package_identification:_identify(src/abb_egm_rws_managers) by extension 'colcon_pkg'
[0.378s] Level 1:colcon.colcon_core.package_identification:_identify(src/abb_egm_rws_managers) by extensions ['colcon_meta']
[0.378s] Level 1:colcon.colcon_core.package_identification:_identify(src/abb_egm_rws_managers) by extension 'colcon_meta'
[0.378s] Level 1:colcon.colcon_core.package_identification:_identify(src/abb_egm_rws_managers) by extensions ['ros']
[0.378s] Level 1:colcon.colcon_core.package_identification:_identify(src/abb_egm_rws_managers) by extension 'ros'
[0.381s] DEBUG:colcon.colcon_core.package_identification:Package 'src/abb_egm_rws_managers' with type 'ros.cmake' and name 'abb_egm_rws_managers'
[0.381s] Level 1:colcon.colcon_core.package_identification:_identify(src/abb_libegm) by extensions ['ignore', 'ignore_ament_install']
[0.381s] Level 1:colcon.colcon_core.package_identification:_identify(src/abb_libegm) by extension 'ignore'
[0.381s] Level 1:colcon.colcon_core.package_identification:_identify(src/abb_libegm) by extension 'ignore_ament_install'
[0.381s] Level 1:colcon.colcon_core.package_identification:_identify(src/abb_libegm) by extensions ['colcon_pkg']
[0.381s] Level 1:colcon.colcon_core.package_identification:_identify(src/abb_libegm) by extension 'colcon_pkg'
[0.382s] Level 1:colcon.colcon_core.package_identification:_identify(src/abb_libegm) by extensions ['colcon_meta']
[0.382s] Level 1:colcon.colcon_core.package_identification:_identify(src/abb_libegm) by extension 'colcon_meta'
[0.382s] Level 1:colcon.colcon_core.package_identification:_identify(src/abb_libegm) by extensions ['ros']
[0.382s] Level 1:colcon.colcon_core.package_identification:_identify(src/abb_libegm) by extension 'ros'
[0.383s] DEBUG:colcon.colcon_core.package_identification:Package 'src/abb_libegm' with type 'ros.cmake' and name 'abb_libegm'
[0.383s] Level 1:colcon.colcon_core.package_identification:_identify(src/abb_librws) by extensions ['ignore', 'ignore_ament_install']
[0.383s] Level 1:colcon.colcon_core.package_identification:_identify(src/abb_librws) by extension 'ignore'
[0.383s] Level 1:colcon.colcon_core.package_identification:_identify(src/abb_librws) by extension 'ignore_ament_install'
[0.383s] Level 1:colcon.colcon_core.package_identification:_identify(src/abb_librws) by extensions ['colcon_pkg']
[0.383s] Level 1:colcon.colcon_core.package_identification:_identify(src/abb_librws) by extension 'colcon_pkg'
[0.383s] Level 1:colcon.colcon_core.package_identification:_identify(src/abb_librws) by extensions ['colcon_meta']
[0.383s] Level 1:colcon.colcon_core.package_identification:_identify(src/abb_librws) by extension 'colcon_meta'
[0.383s] Level 1:colcon.colcon_core.package_identification:_identify(src/abb_librws) by extensions ['ros']
[0.383s] Level 1:colcon.colcon_core.package_identification:_identify(src/abb_librws) by extension 'ros'
[0.384s] DEBUG:colcon.colcon_core.package_identification:Package 'src/abb_librws' with type 'ros.cmake' and name 'abb_librws'
[0.384s] Level 1:colcon.colcon_core.package_identification:_identify(src/abb_pi0_bridge) by extensions ['ignore', 'ignore_ament_install']
[0.384s] Level 1:colcon.colcon_core.package_identification:_identify(src/abb_pi0_bridge) by extension 'ignore'
[0.384s] Level 1:colcon.colcon_core.package_identification:_identify(src/abb_pi0_bridge) by extension 'ignore_ament_install'
[0.384s] Level 1:colcon.colcon_core.package_identification:_identify(src/abb_pi0_bridge) by extensions ['colcon_pkg']
[0.384s] Level 1:colcon.colcon_core.package_identification:_identify(src/abb_pi0_bridge) by extension 'colcon_pkg'
[0.384s] Level 1:colcon.colcon_core.package_identification:_identify(src/abb_pi0_bridge) by extensions ['colcon_meta']
[0.384s] Level 1:colcon.colcon_core.package_identification:_identify(src/abb_pi0_bridge) by extension 'colcon_meta'
[0.384s] Level 1:colcon.colcon_core.package_identification:_identify(src/abb_pi0_bridge) by extensions ['ros']
[0.384s] Level 1:colcon.colcon_core.package_identification:_identify(src/abb_pi0_bridge) by extension 'ros'
[0.385s] DEBUG:colcon.colcon_core.package_identification:Package 'src/abb_pi0_bridge' with type 'ros.ament_python' and name 'abb_pi0_bridge'
[0.385s] Level 1:colcon.colcon_core.package_identification:_identify(src/abb_ros2_msgs) by extensions ['ignore', 'ignore_ament_install']
[0.385s] Level 1:colcon.colcon_core.package_identification:_identify(src/abb_ros2_msgs) by extension 'ignore'
[0.385s] Level 1:colcon.colcon_core.package_identification:_identify(src/abb_ros2_msgs) by extension 'ignore_ament_install'
[0.385s] Level 1:colcon.colcon_core.package_identification:_identify(src/abb_ros2_msgs) by extensions ['colcon_pkg']
[0.385s] Level 1:colcon.colcon_core.package_identification:_identify(src/abb_ros2_msgs) by extension 'colcon_pkg'
[0.385s] Level 1:colcon.colcon_core.package_identification:_identify(src/abb_ros2_msgs) by extensions ['colcon_meta']
[0.385s] Level 1:colcon.colcon_core.package_identification:_identify(src/abb_ros2_msgs) by extension 'colcon_meta'
[0.385s] Level 1:colcon.colcon_core.package_identification:_identify(src/abb_ros2_msgs) by extensions ['ros']
[0.385s] Level 1:colcon.colcon_core.package_identification:_identify(src/abb_ros2_msgs) by extension 'ros'
[0.385s] Level 1:colcon.colcon_core.package_identification:_identify(src/abb_ros2_msgs) by extensions ['cmake', 'python']
[0.386s] Level 1:colcon.colcon_core.package_identification:_identify(src/abb_ros2_msgs) by extension 'cmake'
[0.386s] Level 1:colcon.colcon_core.package_identification:_identify(src/abb_ros2_msgs) by extension 'python'
[0.386s] Level 1:colcon.colcon_core.package_identification:_identify(src/abb_ros2_msgs) by extensions ['python_setup_py']
[0.386s] Level 1:colcon.colcon_core.package_identification:_identify(src/abb_ros2_msgs) by extension 'python_setup_py'
[0.386s] Level 1:colcon.colcon_core.package_identification:_identify(src/abb_ros2_msgs/abb_egm_msgs) by extensions ['ignore', 'ignore_ament_install']
[0.386s] Level 1:colcon.colcon_core.package_identification:_identify(src/abb_ros2_msgs/abb_egm_msgs) by extension 'ignore'
[0.386s] Level 1:colcon.colcon_core.package_identification:_identify(src/abb_ros2_msgs/abb_egm_msgs) by extension 'ignore_ament_install'
[0.386s] Level 1:colcon.colcon_core.package_identification:_identify(src/abb_ros2_msgs/abb_egm_msgs) by extensions ['colcon_pkg']
[0.386s] Level 1:colcon.colcon_core.package_identification:_identify(src/abb_ros2_msgs/abb_egm_msgs) by extension 'colcon_pkg'
[0.386s] Level 1:colcon.colcon_core.package_identification:_identify(src/abb_ros2_msgs/abb_egm_msgs) by extensions ['colcon_meta']
[0.386s] Level 1:colcon.colcon_core.package_identification:_identify(src/abb_ros2_msgs/abb_egm_msgs) by extension 'colcon_meta'
[0.386s] Level 1:colcon.colcon_core.package_identification:_identify(src/abb_ros2_msgs/abb_egm_msgs) by extensions ['ros']
[0.386s] Level 1:colcon.colcon_core.package_identification:_identify(src/abb_ros2_msgs/abb_egm_msgs) by extension 'ros'
[0.387s] DEBUG:colcon.colcon_core.package_identification:Package 'src/abb_ros2_msgs/abb_egm_msgs' with type 'ros.ament_cmake' and name 'abb_egm_msgs'
[0.387s] Level 1:colcon.colcon_core.package_identification:_identify(src/abb_ros2_msgs/abb_rapid_msgs) by extensions ['ignore', 'ignore_ament_install']
[0.387s] Level 1:colcon.colcon_core.package_identification:_identify(src/abb_ros2_msgs/abb_rapid_msgs) by extension 'ignore'
[0.387s] Level 1:colcon.colcon_core.package_identification:_identify(src/abb_ros2_msgs/abb_rapid_msgs) by extension 'ignore_ament_install'
[0.387s] Level 1:colcon.colcon_core.package_identification:_identify(src/abb_ros2_msgs/abb_rapid_msgs) by extensions ['colcon_pkg']
[0.387s] Level 1:colcon.colcon_core.package_identification:_identify(src/abb_ros2_msgs/abb_rapid_msgs) by extension 'colcon_pkg'
[0.387s] Level 1:colcon.colcon_core.package_identification:_identify(src/abb_ros2_msgs/abb_rapid_msgs) by extensions ['colcon_meta']
[0.387s] Level 1:colcon.colcon_core.package_identification:_identify(src/abb_ros2_msgs/abb_rapid_msgs) by extension 'colcon_meta'
[0.387s] Level 1:colcon.colcon_core.package_identification:_identify(src/abb_ros2_msgs/abb_rapid_msgs) by extensions ['ros']
[0.387s] Level 1:colcon.colcon_core.package_identification:_identify(src/abb_ros2_msgs/abb_rapid_msgs) by extension 'ros'
[0.388s] DEBUG:colcon.colcon_core.package_identification:Package 'src/abb_ros2_msgs/abb_rapid_msgs' with type 'ros.ament_cmake' and name 'abb_rapid_msgs'
[0.388s] Level 1:colcon.colcon_core.package_identification:_identify(src/abb_ros2_msgs/abb_rapid_sm_addin_msgs) by extensions ['ignore', 'ignore_ament_install']
[0.388s] Level 1:colcon.colcon_core.package_identification:_identify(src/abb_ros2_msgs/abb_rapid_sm_addin_msgs) by extension 'ignore'
[0.388s] Level 1:colcon.colcon_core.package_identification:_identify(src/abb_ros2_msgs/abb_rapid_sm_addin_msgs) by extension 'ignore_ament_install'
[0.388s] Level 1:colcon.colcon_core.package_identification:_identify(src/abb_ros2_msgs/abb_rapid_sm_addin_msgs) by extensions ['colcon_pkg']
[0.388s] Level 1:colcon.colcon_core.package_identification:_identify(src/abb_ros2_msgs/abb_rapid_sm_addin_msgs) by extension 'colcon_pkg'
[0.388s] Level 1:colcon.colcon_core.package_identification:_identify(src/abb_ros2_msgs/abb_rapid_sm_addin_msgs) by extensions ['colcon_meta']
[0.388s] Level 1:colcon.colcon_core.package_identification:_identify(src/abb_ros2_msgs/abb_rapid_sm_addin_msgs) by extension 'colcon_meta'
[0.388s] Level 1:colcon.colcon_core.package_identification:_identify(src/abb_ros2_msgs/abb_rapid_sm_addin_msgs) by extensions ['ros']
[0.388s] Level 1:colcon.colcon_core.package_identification:_identify(src/abb_ros2_msgs/abb_rapid_sm_addin_msgs) by extension 'ros'
[0.389s] DEBUG:colcon.colcon_core.package_identification:Package 'src/abb_ros2_msgs/abb_rapid_sm_addin_msgs' with type 'ros.ament_cmake' and name 'abb_rapid_sm_addin_msgs'
[0.389s] Level 1:colcon.colcon_core.package_identification:_identify(src/abb_ros2_msgs/abb_robot_msgs) by extensions ['ignore', 'ignore_ament_install']
[0.389s] Level 1:colcon.colcon_core.package_identification:_identify(src/abb_ros2_msgs/abb_robot_msgs) by extension 'ignore'
[0.389s] Level 1:colcon.colcon_core.package_identification:_identify(src/abb_ros2_msgs/abb_robot_msgs) by extension 'ignore_ament_install'
[0.389s] Level 1:colcon.colcon_core.package_identification:_identify(src/abb_ros2_msgs/abb_robot_msgs) by extensions ['colcon_pkg']
[0.390s] Level 1:colcon.colcon_core.package_identification:_identify(src/abb_ros2_msgs/abb_robot_msgs) by extension 'colcon_pkg'
[0.390s] Level 1:colcon.colcon_core.package_identification:_identify(src/abb_ros2_msgs/abb_robot_msgs) by extensions ['colcon_meta']
[0.390s] Level 1:colcon.colcon_core.package_identification:_identify(src/abb_ros2_msgs/abb_robot_msgs) by extension 'colcon_meta'
[0.390s] Level 1:colcon.colcon_core.package_identification:_identify(src/abb_ros2_msgs/abb_robot_msgs) by extensions ['ros']
[0.390s] Level 1:colcon.colcon_core.package_identification:_identify(src/abb_ros2_msgs/abb_robot_msgs) by extension 'ros'
[0.390s] DEBUG:colcon.colcon_core.package_identification:Package 'src/abb_ros2_msgs/abb_robot_msgs' with type 'ros.ament_cmake' and name 'abb_robot_msgs'
[0.390s] Level 1:colcon.colcon_core.package_identification:_identify(src/abb_ros2_upstream) by extensions ['ignore', 'ignore_ament_install']
[0.390s] Level 1:colcon.colcon_core.package_identification:_identify(src/abb_ros2_upstream) by extension 'ignore'
[0.391s] Level 1:colcon.colcon_core.package_identification:_identify(src/abb_ros2_upstream) by extension 'ignore_ament_install'
[0.391s] Level 1:colcon.colcon_core.package_identification:_identify(src/abb_ros2_upstream) by extensions ['colcon_pkg']
[0.391s] Level 1:colcon.colcon_core.package_identification:_identify(src/abb_ros2_upstream) by extension 'colcon_pkg'
[0.391s] Level 1:colcon.colcon_core.package_identification:_identify(src/abb_ros2_upstream) by extensions ['colcon_meta']
[0.391s] Level 1:colcon.colcon_core.package_identification:_identify(src/abb_ros2_upstream) by extension 'colcon_meta'
[0.391s] Level 1:colcon.colcon_core.package_identification:_identify(src/abb_ros2_upstream) by extensions ['ros']
[0.391s] Level 1:colcon.colcon_core.package_identification:_identify(src/abb_ros2_upstream) by extension 'ros'
[0.391s] Level 1:colcon.colcon_core.package_identification:_identify(src/abb_ros2_upstream) by extensions ['cmake', 'python']
[0.391s] Level 1:colcon.colcon_core.package_identification:_identify(src/abb_ros2_upstream) by extension 'cmake'
[0.391s] Level 1:colcon.colcon_core.package_identification:_identify(src/abb_ros2_upstream) by extension 'python'
[0.391s] Level 1:colcon.colcon_core.package_identification:_identify(src/abb_ros2_upstream) by extensions ['python_setup_py']
[0.391s] Level 1:colcon.colcon_core.package_identification:_identify(src/abb_ros2_upstream) by extension 'python_setup_py'
[0.391s] Level 1:colcon.colcon_core.package_identification:_identify(src/abb_ros2_upstream/abb_bringup) by extensions ['ignore', 'ignore_ament_install']
[0.391s] Level 1:colcon.colcon_core.package_identification:_identify(src/abb_ros2_upstream/abb_bringup) by extension 'ignore'
[0.391s] Level 1:colcon.colcon_core.package_identification:_identify(src/abb_ros2_upstream/abb_bringup) by extension 'ignore_ament_install'
[0.391s] Level 1:colcon.colcon_core.package_identification:_identify(src/abb_ros2_upstream/abb_bringup) by extensions ['colcon_pkg']
[0.391s] Level 1:colcon.colcon_core.package_identification:_identify(src/abb_ros2_upstream/abb_bringup) by extension 'colcon_pkg'
[0.391s] Level 1:colcon.colcon_core.package_identification:_identify(src/abb_ros2_upstream/abb_bringup) by extensions ['colcon_meta']
[0.391s] Level 1:colcon.colcon_core.package_identification:_identify(src/abb_ros2_upstream/abb_bringup) by extension 'colcon_meta'
[0.391s] Level 1:colcon.colcon_core.package_identification:_identify(src/abb_ros2_upstream/abb_bringup) by extensions ['ros']
[0.392s] Level 1:colcon.colcon_core.package_identification:_identify(src/abb_ros2_upstream/abb_bringup) by extension 'ros'
[0.392s] DEBUG:colcon.colcon_core.package_identification:Package 'src/abb_ros2_upstream/abb_bringup' with type 'ros.ament_cmake' and name 'abb_bringup'
[0.392s] Level 1:colcon.colcon_core.package_identification:_identify(src/abb_ros2_upstream/abb_hardware_interface) by extensions ['ignore', 'ignore_ament_install']
[0.392s] Level 1:colcon.colcon_core.package_identification:_identify(src/abb_ros2_upstream/abb_hardware_interface) by extension 'ignore'
[0.393s] Level 1:colcon.colcon_core.package_identification:_identify(src/abb_ros2_upstream/abb_hardware_interface) by extension 'ignore_ament_install'
[0.393s] Level 1:colcon.colcon_core.package_identification:_identify(src/abb_ros2_upstream/abb_hardware_interface) by extensions ['colcon_pkg']
[0.393s] Level 1:colcon.colcon_core.package_identification:_identify(src/abb_ros2_upstream/abb_hardware_interface) by extension 'colcon_pkg'
[0.393s] Level 1:colcon.colcon_core.package_identification:_identify(src/abb_ros2_upstream/abb_hardware_interface) by extensions ['colcon_meta']
[0.393s] Level 1:colcon.colcon_core.package_identification:_identify(src/abb_ros2_upstream/abb_hardware_interface) by extension 'colcon_meta'
[0.393s] Level 1:colcon.colcon_core.package_identification:_identify(src/abb_ros2_upstream/abb_hardware_interface) by extensions ['ros']
[0.393s] Level 1:colcon.colcon_core.package_identification:_identify(src/abb_ros2_upstream/abb_hardware_interface) by extension 'ros'
[0.394s] DEBUG:colcon.colcon_core.package_identification:Package 'src/abb_ros2_upstream/abb_hardware_interface' with type 'ros.ament_cmake' and name 'abb_hardware_interface'
[0.394s] Level 1:colcon.colcon_core.package_identification:_identify(src/abb_ros2_upstream/abb_resources) by extensions ['ignore', 'ignore_ament_install']
[0.394s] Level 1:colcon.colcon_core.package_identification:_identify(src/abb_ros2_upstream/abb_resources) by extension 'ignore'
[0.394s] Level 1:colcon.colcon_core.package_identification:_identify(src/abb_ros2_upstream/abb_resources) by extension 'ignore_ament_install'
[0.394s] Level 1:colcon.colcon_core.package_identification:_identify(src/abb_ros2_upstream/abb_resources) by extensions ['colcon_pkg']
[0.394s] Level 1:colcon.colcon_core.package_identification:_identify(src/abb_ros2_upstream/abb_resources) by extension 'colcon_pkg'
[0.394s] Level 1:colcon.colcon_core.package_identification:_identify(src/abb_ros2_upstream/abb_resources) by extensions ['colcon_meta']
[0.394s] Level 1:colcon.colcon_core.package_identification:_identify(src/abb_ros2_upstream/abb_resources) by extension 'colcon_meta'
[0.394s] Level 1:colcon.colcon_core.package_identification:_identify(src/abb_ros2_upstream/abb_resources) by extensions ['ros']
[0.394s] Level 1:colcon.colcon_core.package_identification:_identify(src/abb_ros2_upstream/abb_resources) by extension 'ros'
[0.395s] DEBUG:colcon.colcon_core.package_identification:Package 'src/abb_ros2_upstream/abb_resources' with type 'ros.ament_cmake' and name 'abb_resources'
[0.395s] Level 1:colcon.colcon_core.package_identification:_identify(src/abb_ros2_upstream/abb_ros2) by extensions ['ignore', 'ignore_ament_install']
[0.395s] Level 1:colcon.colcon_core.package_identification:_identify(src/abb_ros2_upstream/abb_ros2) by extension 'ignore'
[0.395s] Level 1:colcon.colcon_core.package_identification:_identify(src/abb_ros2_upstream/abb_ros2) by extension 'ignore_ament_install'
[0.395s] Level 1:colcon.colcon_core.package_identification:_identify(src/abb_ros2_upstream/abb_ros2) by extensions ['colcon_pkg']
[0.395s] Level 1:colcon.colcon_core.package_identification:_identify(src/abb_ros2_upstream/abb_ros2) by extension 'colcon_pkg'
[0.395s] Level 1:colcon.colcon_core.package_identification:_identify(src/abb_ros2_upstream/abb_ros2) by extensions ['colcon_meta']
[0.395s] Level 1:colcon.colcon_core.package_identification:_identify(src/abb_ros2_upstream/abb_ros2) by extension 'colcon_meta'
[0.396s] Level 1:colcon.colcon_core.package_identification:_identify(src/abb_ros2_upstream/abb_ros2) by extensions ['ros']
[0.396s] Level 1:colcon.colcon_core.package_identification:_identify(src/abb_ros2_upstream/abb_ros2) by extension 'ros'
[0.397s] DEBUG:colcon.colcon_core.package_identification:Package 'src/abb_ros2_upstream/abb_ros2' with type 'ros.ament_cmake' and name 'abb_ros2'
[0.397s] Level 1:colcon.colcon_core.package_identification:_identify(src/abb_ros2_upstream/abb_rws_client) by extensions ['ignore', 'ignore_ament_install']
[0.397s] Level 1:colcon.colcon_core.package_identification:_identify(src/abb_ros2_upstream/abb_rws_client) by extension 'ignore'
[0.397s] Level 1:colcon.colcon_core.package_identification:_identify(src/abb_ros2_upstream/abb_rws_client) by extension 'ignore_ament_install'
[0.397s] Level 1:colcon.colcon_core.package_identification:_identify(src/abb_ros2_upstream/abb_rws_client) by extensions ['colcon_pkg']
[0.397s] Level 1:colcon.colcon_core.package_identification:_identify(src/abb_ros2_upstream/abb_rws_client) by extension 'colcon_pkg'
[0.397s] Level 1:colcon.colcon_core.package_identification:_identify(src/abb_ros2_upstream/abb_rws_client) by extensions ['colcon_meta']
[0.397s] Level 1:colcon.colcon_core.package_identification:_identify(src/abb_ros2_upstream/abb_rws_client) by extension 'colcon_meta'
[0.397s] Level 1:colcon.colcon_core.package_identification:_identify(src/abb_ros2_upstream/abb_rws_client) by extensions ['ros']
[0.397s] Level 1:colcon.colcon_core.package_identification:_identify(src/abb_ros2_upstream/abb_rws_client) by extension 'ros'
[0.398s] DEBUG:colcon.colcon_core.package_identification:Package 'src/abb_ros2_upstream/abb_rws_client' with type 'ros.ament_cmake' and name 'abb_rws_client'
[0.398s] Level 1:colcon.colcon_core.package_identification:_identify(src/abb_ros2_upstream/docs) by extensions ['ignore', 'ignore_ament_install']
[0.398s] Level 1:colcon.colcon_core.package_identification:_identify(src/abb_ros2_upstream/docs) by extension 'ignore'
[0.398s] Level 1:colcon.colcon_core.package_identification:_identify(src/abb_ros2_upstream/docs) by extension 'ignore_ament_install'
[0.398s] Level 1:colcon.colcon_core.package_identification:_identify(src/abb_ros2_upstream/docs) by extensions ['colcon_pkg']
[0.398s] Level 1:colcon.colcon_core.package_identification:_identify(src/abb_ros2_upstream/docs) by extension 'colcon_pkg'
[0.398s] Level 1:colcon.colcon_core.package_identification:_identify(src/abb_ros2_upstream/docs) by extensions ['colcon_meta']
[0.399s] Level 1:colcon.colcon_core.package_identification:_identify(src/abb_ros2_upstream/docs) by extension 'colcon_meta'
[0.399s] Level 1:colcon.colcon_core.package_identification:_identify(src/abb_ros2_upstream/docs) by extensions ['ros']
[0.399s] Level 1:colcon.colcon_core.package_identification:_identify(src/abb_ros2_upstream/docs) by extension 'ros'
[0.399s] Level 1:colcon.colcon_core.package_identification:_identify(src/abb_ros2_upstream/docs) by extensions ['cmake', 'python']
[0.399s] Level 1:colcon.colcon_core.package_identification:_identify(src/abb_ros2_upstream/docs) by extension 'cmake'
[0.399s] Level 1:colcon.colcon_core.package_identification:_identify(src/abb_ros2_upstream/docs) by extension 'python'
[0.399s] Level 1:colcon.colcon_core.package_identification:_identify(src/abb_ros2_upstream/docs) by extensions ['python_setup_py']
[0.399s] Level 1:colcon.colcon_core.package_identification:_identify(src/abb_ros2_upstream/docs) by extension 'python_setup_py'
[0.399s] Level 1:colcon.colcon_core.package_identification:_identify(src/abb_ros2_upstream/docs/images) by extensions ['ignore', 'ignore_ament_install']
[0.399s] Level 1:colcon.colcon_core.package_identification:_identify(src/abb_ros2_upstream/docs/images) by extension 'ignore'
[0.399s] Level 1:colcon.colcon_core.package_identification:_identify(src/abb_ros2_upstream/docs/images) by extension 'ignore_ament_install'
[0.399s] Level 1:colcon.colcon_core.package_identification:_identify(src/abb_ros2_upstream/docs/images) by extensions ['colcon_pkg']
[0.399s] Level 1:colcon.colcon_core.package_identification:_identify(src/abb_ros2_upstream/docs/images) by extension 'colcon_pkg'
[0.399s] Level 1:colcon.colcon_core.package_identification:_identify(src/abb_ros2_upstream/docs/images) by extensions ['colcon_meta']
[0.399s] Level 1:colcon.colcon_core.package_identification:_identify(src/abb_ros2_upstream/docs/images) by extension 'colcon_meta'
[0.399s] Level 1:colcon.colcon_core.package_identification:_identify(src/abb_ros2_upstream/docs/images) by extensions ['ros']
[0.399s] Level 1:colcon.colcon_core.package_identification:_identify(src/abb_ros2_upstream/docs/images) by extension 'ros'
[0.399s] Level 1:colcon.colcon_core.package_identification:_identify(src/abb_ros2_upstream/docs/images) by extensions ['cmake', 'python']
[0.399s] Level 1:colcon.colcon_core.package_identification:_identify(src/abb_ros2_upstream/docs/images) by extension 'cmake'
[0.399s] Level 1:colcon.colcon_core.package_identification:_identify(src/abb_ros2_upstream/docs/images) by extension 'python'
[0.400s] Level 1:colcon.colcon_core.package_identification:_identify(src/abb_ros2_upstream/docs/images) by extensions ['python_setup_py']
[0.400s] Level 1:colcon.colcon_core.package_identification:_identify(src/abb_ros2_upstream/docs/images) by extension 'python_setup_py'
[0.400s] Level 1:colcon.colcon_core.package_identification:_identify(src/abb_ros2_upstream/robot_specific_config) by extensions ['ignore', 'ignore_ament_install']
[0.400s] Level 1:colcon.colcon_core.package_identification:_identify(src/abb_ros2_upstream/robot_specific_config) by extension 'ignore'
[0.400s] Level 1:colcon.colcon_core.package_identification:_identify(src/abb_ros2_upstream/robot_specific_config) by extension 'ignore_ament_install'
[0.400s] Level 1:colcon.colcon_core.package_identification:_identify(src/abb_ros2_upstream/robot_specific_config) by extensions ['colcon_pkg']
[0.400s] Level 1:colcon.colcon_core.package_identification:_identify(src/abb_ros2_upstream/robot_specific_config) by extension 'colcon_pkg'
[0.400s] Level 1:colcon.colcon_core.package_identification:_identify(src/abb_ros2_upstream/robot_specific_config) by extensions ['colcon_meta']
[0.400s] Level 1:colcon.colcon_core.package_identification:_identify(src/abb_ros2_upstream/robot_specific_config) by extension 'colcon_meta'
[0.400s] Level 1:colcon.colcon_core.package_identification:_identify(src/abb_ros2_upstream/robot_specific_config) by extensions ['ros']
[0.400s] Level 1:colcon.colcon_core.package_identification:_identify(src/abb_ros2_upstream/robot_specific_config) by extension 'ros'
[0.400s] Level 1:colcon.colcon_core.package_identification:_identify(src/abb_ros2_upstream/robot_specific_config) by extensions ['cmake', 'python']
[0.400s] Level 1:colcon.colcon_core.package_identification:_identify(src/abb_ros2_upstream/robot_specific_config) by extension 'cmake'
[0.400s] Level 1:colcon.colcon_core.package_identification:_identify(src/abb_ros2_upstream/robot_specific_config) by extension 'python'
[0.400s] Level 1:colcon.colcon_core.package_identification:_identify(src/abb_ros2_upstream/robot_specific_config) by extensions ['python_setup_py']
[0.400s] Level 1:colcon.colcon_core.package_identification:_identify(src/abb_ros2_upstream/robot_specific_config) by extension 'python_setup_py'
[0.400s] Level 1:colcon.colcon_core.package_identification:_identify(src/abb_ros2_upstream/robot_specific_config/abb_irb1200_5_90_moveit_config) by extensions ['ignore', 'ignore_ament_install']
[0.401s] Level 1:colcon.colcon_core.package_identification:_identify(src/abb_ros2_upstream/robot_specific_config/abb_irb1200_5_90_moveit_config) by extension 'ignore'
[0.401s] Level 1:colcon.colcon_core.package_identification:_identify(src/abb_ros2_upstream/robot_specific_config/abb_irb1200_5_90_moveit_config) by extension 'ignore_ament_install'
[0.401s] Level 1:colcon.colcon_core.package_identification:_identify(src/abb_ros2_upstream/robot_specific_config/abb_irb1200_5_90_moveit_config) by extensions ['colcon_pkg']
[0.401s] Level 1:colcon.colcon_core.package_identification:_identify(src/abb_ros2_upstream/robot_specific_config/abb_irb1200_5_90_moveit_config) by extension 'colcon_pkg'
[0.401s] Level 1:colcon.colcon_core.package_identification:_identify(src/abb_ros2_upstream/robot_specific_config/abb_irb1200_5_90_moveit_config) by extensions ['colcon_meta']
[0.401s] Level 1:colcon.colcon_core.package_identification:_identify(src/abb_ros2_upstream/robot_specific_config/abb_irb1200_5_90_moveit_config) by extension 'colcon_meta'
[0.401s] Level 1:colcon.colcon_core.package_identification:_identify(src/abb_ros2_upstream/robot_specific_config/abb_irb1200_5_90_moveit_config) by extensions ['ros']
[0.401s] Level 1:colcon.colcon_core.package_identification:_identify(src/abb_ros2_upstream/robot_specific_config/abb_irb1200_5_90_moveit_config) by extension 'ros'
[0.402s] DEBUG:colcon.colcon_core.package_identification:Package 'src/abb_ros2_upstream/robot_specific_config/abb_irb1200_5_90_moveit_config' with type 'ros.ament_cmake' and name 'abb_irb1200_5_90_moveit_config'
[0.402s] Level 1:colcon.colcon_core.package_identification:_identify(src/abb_ros2_upstream/robot_specific_config/abb_irb1200_support) by extensions ['ignore', 'ignore_ament_install']
[0.402s] Level 1:colcon.colcon_core.package_identification:_identify(src/abb_ros2_upstream/robot_specific_config/abb_irb1200_support) by extension 'ignore'
[0.403s] Level 1:colcon.colcon_core.package_identification:_identify(src/abb_ros2_upstream/robot_specific_config/abb_irb1200_support) by extension 'ignore_ament_install'
[0.403s] Level 1:colcon.colcon_core.package_identification:_identify(src/abb_ros2_upstream/robot_specific_config/abb_irb1200_support) by extensions ['colcon_pkg']
[0.403s] Level 1:colcon.colcon_core.package_identification:_identify(src/abb_ros2_upstream/robot_specific_config/abb_irb1200_support) by extension 'colcon_pkg'
[0.403s] Level 1:colcon.colcon_core.package_identification:_identify(src/abb_ros2_upstream/robot_specific_config/abb_irb1200_support) by extensions ['colcon_meta']
[0.403s] Level 1:colcon.colcon_core.package_identification:_identify(src/abb_ros2_upstream/robot_specific_config/abb_irb1200_support) by extension 'colcon_meta'
[0.403s] Level 1:colcon.colcon_core.package_identification:_identify(src/abb_ros2_upstream/robot_specific_config/abb_irb1200_support) by extensions ['ros']
[0.403s] Level 1:colcon.colcon_core.package_identification:_identify(src/abb_ros2_upstream/robot_specific_config/abb_irb1200_support) by extension 'ros'
[0.403s] DEBUG:colcon.colcon_core.package_identification:Package 'src/abb_ros2_upstream/robot_specific_config/abb_irb1200_support' with type 'ros.ament_cmake' and name 'abb_irb1200_support'
[0.404s] Level 1:colcon.colcon_core.package_identification:_identify(src/abb_ros2_upstream/robot_specific_config/abb_irb4600_support) by extensions ['ignore', 'ignore_ament_install']
[0.404s] Level 1:colcon.colcon_core.package_identification:_identify(src/abb_ros2_upstream/robot_specific_config/abb_irb4600_support) by extension 'ignore'
[0.404s] Level 1:colcon.colcon_core.package_identification:_identify(src/abb_ros2_upstream/robot_specific_config/abb_irb4600_support) by extension 'ignore_ament_install'
[0.404s] Level 1:colcon.colcon_core.package_identification:_identify(src/abb_ros2_upstream/robot_specific_config/abb_irb4600_support) by extensions ['colcon_pkg']
[0.404s] Level 1:colcon.colcon_core.package_identification:_identify(src/abb_ros2_upstream/robot_specific_config/abb_irb4600_support) by extension 'colcon_pkg'
[0.404s] Level 1:colcon.colcon_core.package_identification:_identify(src/abb_ros2_upstream/robot_specific_config/abb_irb4600_support) by extensions ['colcon_meta']
[0.404s] Level 1:colcon.colcon_core.package_identification:_identify(src/abb_ros2_upstream/robot_specific_config/abb_irb4600_support) by extension 'colcon_meta'
[0.404s] Level 1:colcon.colcon_core.package_identification:_identify(src/abb_ros2_upstream/robot_specific_config/abb_irb4600_support) by extensions ['ros']
[0.404s] Level 1:colcon.colcon_core.package_identification:_identify(src/abb_ros2_upstream/robot_specific_config/abb_irb4600_support) by extension 'ros'
[0.405s] DEBUG:colcon.colcon_core.package_identification:Package 'src/abb_ros2_upstream/robot_specific_config/abb_irb4600_support' with type 'ros.ament_cmake' and name 'abb_irb4600_support'
[0.405s] Level 1:colcon.colcon_core.package_identification:_identify(src/abb_ros2_upstream/robot_studio_resources) by extensions ['ignore', 'ignore_ament_install']
[0.405s] Level 1:colcon.colcon_core.package_identification:_identify(src/abb_ros2_upstream/robot_studio_resources) by extension 'ignore'
[0.405s] Level 1:colcon.colcon_core.package_identification:_identify(src/abb_ros2_upstream/robot_studio_resources) by extension 'ignore_ament_install'
[0.405s] Level 1:colcon.colcon_core.package_identification:_identify(src/abb_ros2_upstream/robot_studio_resources) by extensions ['colcon_pkg']
[0.405s] Level 1:colcon.colcon_core.package_identification:_identify(src/abb_ros2_upstream/robot_studio_resources) by extension 'colcon_pkg'
[0.405s] Level 1:colcon.colcon_core.package_identification:_identify(src/abb_ros2_upstream/robot_studio_resources) by extensions ['colcon_meta']
[0.405s] Level 1:colcon.colcon_core.package_identification:_identify(src/abb_ros2_upstream/robot_studio_resources) by extension 'colcon_meta'
[0.405s] Level 1:colcon.colcon_core.package_identification:_identify(src/abb_ros2_upstream/robot_studio_resources) by extensions ['ros']
[0.405s] Level 1:colcon.colcon_core.package_identification:_identify(src/abb_ros2_upstream/robot_studio_resources) by extension 'ros'
[0.405s] Level 1:colcon.colcon_core.package_identification:_identify(src/abb_ros2_upstream/robot_studio_resources) by extensions ['cmake', 'python']
[0.405s] Level 1:colcon.colcon_core.package_identification:_identify(src/abb_ros2_upstream/robot_studio_resources) by extension 'cmake'
[0.405s] Level 1:colcon.colcon_core.package_identification:_identify(src/abb_ros2_upstream/robot_studio_resources) by extension 'python'
[0.405s] Level 1:colcon.colcon_core.package_identification:_identify(src/abb_ros2_upstream/robot_studio_resources) by extensions ['python_setup_py']
[0.405s] Level 1:colcon.colcon_core.package_identification:_identify(src/abb_ros2_upstream/robot_studio_resources) by extension 'python_setup_py'
[0.406s] Level 1:colcon.colcon_core.package_identification:_identify(src/abb_ros2_upstream/robot_studio_resources/velocity_control_example) by extensions ['ignore', 'ignore_ament_install']
[0.406s] Level 1:colcon.colcon_core.package_identification:_identify(src/abb_ros2_upstream/robot_studio_resources/velocity_control_example) by extension 'ignore'
[0.406s] Level 1:colcon.colcon_core.package_identification:_identify(src/abb_ros2_upstream/robot_studio_resources/velocity_control_example) by extension 'ignore_ament_install'
[0.406s] Level 1:colcon.colcon_core.package_identification:_identify(src/abb_ros2_upstream/robot_studio_resources/velocity_control_example) by extensions ['colcon_pkg']
[0.406s] Level 1:colcon.colcon_core.package_identification:_identify(src/abb_ros2_upstream/robot_studio_resources/velocity_control_example) by extension 'colcon_pkg'
[0.406s] Level 1:colcon.colcon_core.package_identification:_identify(src/abb_ros2_upstream/robot_studio_resources/velocity_control_example) by extensions ['colcon_meta']
[0.406s] Level 1:colcon.colcon_core.package_identification:_identify(src/abb_ros2_upstream/robot_studio_resources/velocity_control_example) by extension 'colcon_meta'
[0.406s] Level 1:colcon.colcon_core.package_identification:_identify(src/abb_ros2_upstream/robot_studio_resources/velocity_control_example) by extensions ['ros']
[0.406s] Level 1:colcon.colcon_core.package_identification:_identify(src/abb_ros2_upstream/robot_studio_resources/velocity_control_example) by extension 'ros'
[0.406s] Level 1:colcon.colcon_core.package_identification:_identify(src/abb_ros2_upstream/robot_studio_resources/velocity_control_example) by extensions ['cmake', 'python']
[0.406s] Level 1:colcon.colcon_core.package_identification:_identify(src/abb_ros2_upstream/robot_studio_resources/velocity_control_example) by extension 'cmake'
[0.406s] Level 1:colcon.colcon_core.package_identification:_identify(src/abb_ros2_upstream/robot_studio_resources/velocity_control_example) by extension 'python'
[0.406s] Level 1:colcon.colcon_core.package_identification:_identify(src/abb_ros2_upstream/robot_studio_resources/velocity_control_example) by extensions ['python_setup_py']
[0.406s] Level 1:colcon.colcon_core.package_identification:_identify(src/abb_ros2_upstream/robot_studio_resources/velocity_control_example) by extension 'python_setup_py'
[0.406s] Level 1:colcon.colcon_core.package_identification:_identify(src/click_to_move) by extensions ['ignore', 'ignore_ament_install']
[0.406s] Level 1:colcon.colcon_core.package_identification:_identify(src/click_to_move) by extension 'ignore'
[0.406s] Level 1:colcon.colcon_core.package_identification:_identify(src/click_to_move) by extension 'ignore_ament_install'
[0.406s] Level 1:colcon.colcon_core.package_identification:_identify(src/click_to_move) by extensions ['colcon_pkg']
[0.406s] Level 1:colcon.colcon_core.package_identification:_identify(src/click_to_move) by extension 'colcon_pkg'
[0.406s] Level 1:colcon.colcon_core.package_identification:_identify(src/click_to_move) by extensions ['colcon_meta']
[0.407s] Level 1:colcon.colcon_core.package_identification:_identify(src/click_to_move) by extension 'colcon_meta'
[0.407s] Level 1:colcon.colcon_core.package_identification:_identify(src/click_to_move) by extensions ['ros']
[0.407s] Level 1:colcon.colcon_core.package_identification:_identify(src/click_to_move) by extension 'ros'
[0.407s] DEBUG:colcon.colcon_core.package_identification:Package 'src/click_to_move' with type 'ros.ament_cmake' and name 'click_to_move'
[0.407s] Level 1:colcon.colcon_core.package_identification:_identify(src/workcell_config) by extensions ['ignore', 'ignore_ament_install']
[0.408s] Level 1:colcon.colcon_core.package_identification:_identify(src/workcell_config) by extension 'ignore'
[0.408s] Level 1:colcon.colcon_core.package_identification:_identify(src/workcell_config) by extension 'ignore_ament_install'
[0.408s] Level 1:colcon.colcon_core.package_identification:_identify(src/workcell_config) by extensions ['colcon_pkg']
[0.408s] Level 1:colcon.colcon_core.package_identification:_identify(src/workcell_config) by extension 'colcon_pkg'
[0.408s] Level 1:colcon.colcon_core.package_identification:_identify(src/workcell_config) by extensions ['colcon_meta']
[0.408s] Level 1:colcon.colcon_core.package_identification:_identify(src/workcell_config) by extension 'colcon_meta'
[0.408s] Level 1:colcon.colcon_core.package_identification:_identify(src/workcell_config) by extensions ['ros']
[0.408s] Level 1:colcon.colcon_core.package_identification:_identify(src/workcell_config) by extension 'ros'
[0.419s] DEBUG:colcon.colcon_core.package_identification:Package 'src/workcell_config' with type 'ros.ament_cmake' and name 'workcell_config'
[0.419s] Level 1:colcon.colcon_core.package_identification:_identify(src/workcell_description) by extensions ['ignore', 'ignore_ament_install']
[0.419s] Level 1:colcon.colcon_core.package_identification:_identify(src/workcell_description) by extension 'ignore'
[0.419s] Level 1:colcon.colcon_core.package_identification:_identify(src/workcell_description) by extension 'ignore_ament_install'
[0.419s] Level 1:colcon.colcon_core.package_identification:_identify(src/workcell_description) by extensions ['colcon_pkg']
[0.419s] Level 1:colcon.colcon_core.package_identification:_identify(src/workcell_description) by extension 'colcon_pkg'
[0.419s] Level 1:colcon.colcon_core.package_identification:_identify(src/workcell_description) by extensions ['colcon_meta']
[0.419s] Level 1:colcon.colcon_core.package_identification:_identify(src/workcell_description) by extension 'colcon_meta'
[0.419s] Level 1:colcon.colcon_core.package_identification:_identify(src/workcell_description) by extensions ['ros']
[0.419s] Level 1:colcon.colcon_core.package_identification:_identify(src/workcell_description) by extension 'ros'
[0.420s] DEBUG:colcon.colcon_core.package_identification:Package 'src/workcell_description' with type 'ros.ament_cmake' and name 'workcell_description'
[0.420s] Level 1:colcon.colcon_core.package_identification:_identify(tools) by extensions ['ignore', 'ignore_ament_install']
[0.420s] Level 1:colcon.colcon_core.package_identification:_identify(tools) by extension 'ignore'
[0.420s] Level 1:colcon.colcon_core.package_identification:_identify(tools) by extension 'ignore_ament_install'
[0.420s] Level 1:colcon.colcon_core.package_identification:_identify(tools) by extensions ['colcon_pkg']
[0.420s] Level 1:colcon.colcon_core.package_identification:_identify(tools) by extension 'colcon_pkg'
[0.420s] Level 1:colcon.colcon_core.package_identification:_identify(tools) by extensions ['colcon_meta']
[0.420s] Level 1:colcon.colcon_core.package_identification:_identify(tools) by extension 'colcon_meta'
[0.420s] Level 1:colcon.colcon_core.package_identification:_identify(tools) by extensions ['ros']
[0.420s] Level 1:colcon.colcon_core.package_identification:_identify(tools) by extension 'ros'
[0.420s] Level 1:colcon.colcon_core.package_identification:_identify(tools) by extensions ['cmake', 'python']
[0.420s] Level 1:colcon.colcon_core.package_identification:_identify(tools) by extension 'cmake'
[0.420s] Level 1:colcon.colcon_core.package_identification:_identify(tools) by extension 'python'
[0.420s] Level 1:colcon.colcon_core.package_identification:_identify(tools) by extensions ['python_setup_py']
[0.420s] Level 1:colcon.colcon_core.package_identification:_identify(tools) by extension 'python_setup_py'
[0.420s] Level 1:colcon.colcon_core.package_identification:_identify(tools/__pycache__) by extensions ['ignore', 'ignore_ament_install']
[0.421s] Level 1:colcon.colcon_core.package_identification:_identify(tools/__pycache__) by extension 'ignore'
[0.421s] Level 1:colcon.colcon_core.package_identification:_identify(tools/__pycache__) by extension 'ignore_ament_install'
[0.421s] Level 1:colcon.colcon_core.package_identification:_identify(tools/__pycache__) by extensions ['colcon_pkg']
[0.421s] Level 1:colcon.colcon_core.package_identification:_identify(tools/__pycache__) by extension 'colcon_pkg'
[0.421s] Level 1:colcon.colcon_core.package_identification:_identify(tools/__pycache__) by extensions ['colcon_meta']
[0.421s] Level 1:colcon.colcon_core.package_identification:_identify(tools/__pycache__) by extension 'colcon_meta'
[0.421s] Level 1:colcon.colcon_core.package_identification:_identify(tools/__pycache__) by extensions ['ros']
[0.421s] Level 1:colcon.colcon_core.package_identification:_identify(tools/__pycache__) by extension 'ros'
[0.421s] Level 1:colcon.colcon_core.package_identification:_identify(tools/__pycache__) by extensions ['cmake', 'python']
[0.421s] Level 1:colcon.colcon_core.package_identification:_identify(tools/__pycache__) by extension 'cmake'
[0.421s] Level 1:colcon.colcon_core.package_identification:_identify(tools/__pycache__) by extension 'python'
[0.421s] Level 1:colcon.colcon_core.package_identification:_identify(tools/__pycache__) by extensions ['python_setup_py']
[0.421s] Level 1:colcon.colcon_core.package_identification:_identify(tools/__pycache__) by extension 'python_setup_py'
[0.421s] Level 1:colcon.colcon_core.package_discovery:discover_packages(recursive) using defaults
[0.421s] Level 1:colcon.colcon_core.package_discovery:discover_packages(ignore) discover
[0.421s] Level 1:colcon.colcon_core.package_discovery:discover_packages(ignore) using defaults
[0.421s] Level 1:colcon.colcon_core.package_discovery:discover_packages(path) discover
[0.421s] Level 1:colcon.colcon_core.package_discovery:discover_packages(path) using defaults
[0.445s] INFO:colcon.colcon_core.package_selection:Skipping not selected package 'abb_egm_msgs' in 'src/abb_ros2_msgs/abb_egm_msgs'
[0.445s] INFO:colcon.colcon_core.package_selection:Skipping not selected package 'abb_irb1200_support' in 'src/abb_ros2_upstream/robot_specific_config/abb_irb1200_support'
[0.445s] INFO:colcon.colcon_core.package_selection:Skipping not selected package 'abb_irb4600_support' in 'src/abb_ros2_upstream/robot_specific_config/abb_irb4600_support'
[0.445s] INFO:colcon.colcon_core.package_selection:Skipping not selected package 'abb_libegm' in 'src/abb_libegm'
[0.445s] INFO:colcon.colcon_core.package_selection:Skipping not selected package 'abb_librws' in 'src/abb_librws'
[0.445s] INFO:colcon.colcon_core.package_selection:Skipping not selected package 'abb_pi0_bridge' in 'src/abb_pi0_bridge'
[0.445s] INFO:colcon.colcon_core.package_selection:Skipping not selected package 'abb_rapid_msgs' in 'src/abb_ros2_msgs/abb_rapid_msgs'
[0.445s] INFO:colcon.colcon_core.package_selection:Skipping not selected package 'abb_resources' in 'src/abb_ros2_upstream/abb_resources'
[0.445s] INFO:colcon.colcon_core.package_selection:Skipping not selected package 'abb_robot_msgs' in 'src/abb_ros2_msgs/abb_robot_msgs'
[0.445s] INFO:colcon.colcon_core.package_selection:Skipping not selected package 'abb_ros2' in 'src/abb_ros2_upstream/abb_ros2'
[0.445s] INFO:colcon.colcon_core.package_selection:Skipping not selected package 'workcell_description' in 'src/workcell_description'
[0.445s] INFO:colcon.colcon_core.package_selection:Skipping not selected package 'abb_egm_rws_managers' in 'src/abb_egm_rws_managers'
[0.445s] INFO:colcon.colcon_core.package_selection:Skipping not selected package 'abb_irb1200_5_90_moveit_config' in 'src/abb_ros2_upstream/robot_specific_config/abb_irb1200_5_90_moveit_config'
[0.445s] INFO:colcon.colcon_core.package_selection:Skipping not selected package 'abb_rapid_sm_addin_msgs' in 'src/abb_ros2_msgs/abb_rapid_sm_addin_msgs'
[0.445s] INFO:colcon.colcon_core.package_selection:Skipping not selected package 'workcell_config' in 'src/workcell_config'
[0.445s] INFO:colcon.colcon_core.package_selection:Skipping not selected package 'abb_bringup' in 'src/abb_ros2_upstream/abb_bringup'
[0.445s] INFO:colcon.colcon_core.package_selection:Skipping not selected package 'abb_rws_client' in 'src/abb_ros2_upstream/abb_rws_client'
[0.445s] INFO:colcon.colcon_core.package_selection:Skipping not selected package 'click_to_move' in 'src/click_to_move'
[0.445s] Level 1:colcon.colcon_core.package_discovery:discover_packages(prefix_path) check parameters
[0.445s] Level 1:colcon.colcon_core.package_discovery:discover_packages(prefix_path) discover
[0.448s] DEBUG:colcon.colcon_installed_package_information.package_discovery:Found 12 installed packages in /home/heng/workspace/ws_RAMS/install
[0.449s] DEBUG:colcon.colcon_installed_package_information.package_discovery:Found 322 installed packages in /opt/ros/humble
[0.451s] Level 1:colcon.colcon_core.package_discovery:discover_packages(prefix_path) using defaults
[0.490s] Level 5:colcon.colcon_core.verb:set package 'abb_hardware_interface' build argument 'cmake_args' from command line to 'None'
[0.490s] Level 5:colcon.colcon_core.verb:set package 'abb_hardware_interface' build argument 'cmake_target' from command line to 'None'
[0.491s] Level 5:colcon.colcon_core.verb:set package 'abb_hardware_interface' build argument 'cmake_target_skip_unavailable' from command line to 'False'
[0.491s] Level 5:colcon.colcon_core.verb:set package 'abb_hardware_interface' build argument 'cmake_clean_cache' from command line to 'False'
[0.491s] Level 5:colcon.colcon_core.verb:set package 'abb_hardware_interface' build argument 'cmake_clean_first' from command line to 'False'
[0.491s] Level 5:colcon.colcon_core.verb:set package 'abb_hardware_interface' build argument 'cmake_force_configure' from command line to 'False'
[0.491s] Level 5:colcon.colcon_core.verb:set package 'abb_hardware_interface' build argument 'ament_cmake_args' from command line to 'None'
[0.491s] Level 5:colcon.colcon_core.verb:set package 'abb_hardware_interface' build argument 'catkin_cmake_args' from command line to 'None'
[0.491s] Level 5:colcon.colcon_core.verb:set package 'abb_hardware_interface' build argument 'catkin_skip_building_tests' from command line to 'False'
[0.491s] DEBUG:colcon.colcon_core.verb:Building package 'abb_hardware_interface' with the following arguments: {'ament_cmake_args': None, 'build_base': '/home/heng/workspace/ws_RAMS/build/abb_hardware_interface', 'catkin_cmake_args': None, 'catkin_skip_building_tests': False, 'cmake_args': None, 'cmake_clean_cache': False, 'cmake_clean_first': False, 'cmake_force_configure': False, 'cmake_target': None, 'cmake_target_skip_unavailable': False, 'install_base': '/home/heng/workspace/ws_RAMS/install/abb_hardware_interface', 'merge_install': False, 'path': '/home/heng/workspace/ws_RAMS/src/abb_ros2_upstream/abb_hardware_interface', 'symlink_install': True, 'test_result_base': None}
[0.491s] INFO:colcon.colcon_core.executor:Executing jobs using 'parallel' executor
[0.492s] DEBUG:colcon.colcon_parallel_executor.executor.parallel:run_until_complete
[0.492s] INFO:colcon.colcon_ros.task.ament_cmake.build:Building ROS package in '/home/heng/workspace/ws_RAMS/src/abb_ros2_upstream/abb_hardware_interface' with build type 'ament_cmake'
[0.493s] INFO:colcon.colcon_cmake.task.cmake.build:Building CMake package in '/home/heng/workspace/ws_RAMS/src/abb_ros2_upstream/abb_hardware_interface'
[0.497s] INFO:colcon.colcon_core.plugin_system:Skipping extension 'colcon_core.shell.bat': Not used on non-Windows systems
[0.497s] INFO:colcon.colcon_core.shell:Skip shell extension 'powershell' for command environment: Not usable outside of PowerShell
[0.497s] DEBUG:colcon.colcon_core.shell:Skip shell extension 'dsv' for command environment
[0.518s] DEBUG:colcon.colcon_core.event_handler.log_command:Invoking command in '/home/heng/workspace/ws_RAMS/build/abb_hardware_interface': CMAKE_PREFIX_PATH=/home/heng/workspace/ws_RAMS/install/abb_egm_rws_managers:/home/heng/workspace/ws_RAMS/install/abb_librws:/home/heng/workspace/ws_RAMS/install/abb_libegm:/home/heng/workspace/ws_RAMS/install/click_to_move:/home/heng/workspace/ws_RAMS/install/workcell_config:/home/heng/workspace/ws_RAMS/install/workcell_description:/home/heng/workspace/ws_RAMS/install/abb_resources:/home/heng/workspace/ws_RAMS/install/abb_hardware_interface:/home/heng/workspace/ws_RAMS/install/abb_irb1200_5_90_moveit_config:/home/heng/workspace/ws_RAMS/install/abb_irb1200_support:/home/heng/workspace/ws_RAMS/install/abb_bringup:/home/heng/workspace/ws_RAMS/install/abb_pi0_bridge:/opt/ros/humble CONDA_PROMPT_MODIFIER=(base) LD_LIBRARY_PATH=/home/heng/workspace/ws_RAMS/install/abb_egm_rws_managers/lib:/home/heng/workspace/ws_RAMS/install/abb_librws/lib:/home/heng/workspace/ws_RAMS/install/abb_libegm/lib:/home/heng/workspace/ws_RAMS/install/abb_hardware_interface/lib:/opt/ros/humble/opt/rviz_ogre_vendor/lib:/opt/ros/humble/lib/x86_64-linux-gnu:/opt/ros/humble/lib /home/heng/miniconda3/bin/cmake --build /home/heng/workspace/ws_RAMS/build/abb_hardware_interface -- -j48 -l48
[8.011s] DEBUG:colcon.colcon_core.event_handler.log_command:Invoked command in '/home/heng/workspace/ws_RAMS/build/abb_hardware_interface' returned '0': CMAKE_PREFIX_PATH=/home/heng/workspace/ws_RAMS/install/abb_egm_rws_managers:/home/heng/workspace/ws_RAMS/install/abb_librws:/home/heng/workspace/ws_RAMS/install/abb_libegm:/home/heng/workspace/ws_RAMS/install/click_to_move:/home/heng/workspace/ws_RAMS/install/workcell_config:/home/heng/workspace/ws_RAMS/install/workcell_description:/home/heng/workspace/ws_RAMS/install/abb_resources:/home/heng/workspace/ws_RAMS/install/abb_hardware_interface:/home/heng/workspace/ws_RAMS/install/abb_irb1200_5_90_moveit_config:/home/heng/workspace/ws_RAMS/install/abb_irb1200_support:/home/heng/workspace/ws_RAMS/install/abb_bringup:/home/heng/workspace/ws_RAMS/install/abb_pi0_bridge:/opt/ros/humble CONDA_PROMPT_MODIFIER=(base) LD_LIBRARY_PATH=/home/heng/workspace/ws_RAMS/install/abb_egm_rws_managers/lib:/home/heng/workspace/ws_RAMS/install/abb_librws/lib:/home/heng/workspace/ws_RAMS/install/abb_libegm/lib:/home/heng/workspace/ws_RAMS/install/abb_hardware_interface/lib:/opt/ros/humble/opt/rviz_ogre_vendor/lib:/opt/ros/humble/lib/x86_64-linux-gnu:/opt/ros/humble/lib /home/heng/miniconda3/bin/cmake --build /home/heng/workspace/ws_RAMS/build/abb_hardware_interface -- -j48 -l48
[8.136s] DEBUG:colcon.colcon_core.event_handler.log_command:Invoking command in '/home/heng/workspace/ws_RAMS/build/abb_hardware_interface': CMAKE_PREFIX_PATH=/home/heng/workspace/ws_RAMS/install/abb_egm_rws_managers:/home/heng/workspace/ws_RAMS/install/abb_librws:/home/heng/workspace/ws_RAMS/install/abb_libegm:/home/heng/workspace/ws_RAMS/install/click_to_move:/home/heng/workspace/ws_RAMS/install/workcell_config:/home/heng/workspace/ws_RAMS/install/workcell_description:/home/heng/workspace/ws_RAMS/install/abb_resources:/home/heng/workspace/ws_RAMS/install/abb_hardware_interface:/home/heng/workspace/ws_RAMS/install/abb_irb1200_5_90_moveit_config:/home/heng/workspace/ws_RAMS/install/abb_irb1200_support:/home/heng/workspace/ws_RAMS/install/abb_bringup:/home/heng/workspace/ws_RAMS/install/abb_pi0_bridge:/opt/ros/humble CONDA_PROMPT_MODIFIER=(base) LD_LIBRARY_PATH=/home/heng/workspace/ws_RAMS/install/abb_egm_rws_managers/lib:/home/heng/workspace/ws_RAMS/install/abb_librws/lib:/home/heng/workspace/ws_RAMS/install/abb_libegm/lib:/home/heng/workspace/ws_RAMS/install/abb_hardware_interface/lib:/opt/ros/humble/opt/rviz_ogre_vendor/lib:/opt/ros/humble/lib/x86_64-linux-gnu:/opt/ros/humble/lib /home/heng/miniconda3/bin/cmake --install /home/heng/workspace/ws_RAMS/build/abb_hardware_interface
[8.274s] Level 1:colcon.colcon_core.environment:create_environment_scripts_only(abb_hardware_interface)
[8.275s] DEBUG:colcon.colcon_core.event_handler.log_command:Invoked command in '/home/heng/workspace/ws_RAMS/build/abb_hardware_interface' returned '0': CMAKE_PREFIX_PATH=/home/heng/workspace/ws_RAMS/install/abb_egm_rws_managers:/home/heng/workspace/ws_RAMS/install/abb_librws:/home/heng/workspace/ws_RAMS/install/abb_libegm:/home/heng/workspace/ws_RAMS/install/click_to_move:/home/heng/workspace/ws_RAMS/install/workcell_config:/home/heng/workspace/ws_RAMS/install/workcell_description:/home/heng/workspace/ws_RAMS/install/abb_resources:/home/heng/workspace/ws_RAMS/install/abb_hardware_interface:/home/heng/workspace/ws_RAMS/install/abb_irb1200_5_90_moveit_config:/home/heng/workspace/ws_RAMS/install/abb_irb1200_support:/home/heng/workspace/ws_RAMS/install/abb_bringup:/home/heng/workspace/ws_RAMS/install/abb_pi0_bridge:/opt/ros/humble CONDA_PROMPT_MODIFIER=(base) LD_LIBRARY_PATH=/home/heng/workspace/ws_RAMS/install/abb_egm_rws_managers/lib:/home/heng/workspace/ws_RAMS/install/abb_librws/lib:/home/heng/workspace/ws_RAMS/install/abb_libegm/lib:/home/heng/workspace/ws_RAMS/install/abb_hardware_interface/lib:/opt/ros/humble/opt/rviz_ogre_vendor/lib:/opt/ros/humble/lib/x86_64-linux-gnu:/opt/ros/humble/lib /home/heng/miniconda3/bin/cmake --install /home/heng/workspace/ws_RAMS/build/abb_hardware_interface
[8.280s] Level 1:colcon.colcon_core.environment:checking '/home/heng/workspace/ws_RAMS/install/abb_hardware_interface' for CMake module files
[8.281s] Level 1:colcon.colcon_core.environment:checking '/home/heng/workspace/ws_RAMS/install/abb_hardware_interface' for CMake config files
[8.281s] Level 1:colcon.colcon_core.shell:create_environment_hook('abb_hardware_interface', 'cmake_prefix_path')
[8.281s] INFO:colcon.colcon_core.shell:Creating environment hook '/home/heng/workspace/ws_RAMS/install/abb_hardware_interface/share/abb_hardware_interface/hook/cmake_prefix_path.ps1'
[8.282s] INFO:colcon.colcon_core.shell:Creating environment descriptor '/home/heng/workspace/ws_RAMS/install/abb_hardware_interface/share/abb_hardware_interface/hook/cmake_prefix_path.dsv'
[8.282s] INFO:colcon.colcon_core.shell:Creating environment hook '/home/heng/workspace/ws_RAMS/install/abb_hardware_interface/share/abb_hardware_interface/hook/cmake_prefix_path.sh'
[8.283s] Level 1:colcon.colcon_core.environment:checking '/home/heng/workspace/ws_RAMS/install/abb_hardware_interface/lib'
[8.283s] Level 1:colcon.colcon_core.shell:create_environment_hook('abb_hardware_interface', 'ld_library_path_lib')
[8.284s] INFO:colcon.colcon_core.shell:Creating environment hook '/home/heng/workspace/ws_RAMS/install/abb_hardware_interface/share/abb_hardware_interface/hook/ld_library_path_lib.ps1'
[8.284s] INFO:colcon.colcon_core.shell:Creating environment descriptor '/home/heng/workspace/ws_RAMS/install/abb_hardware_interface/share/abb_hardware_interface/hook/ld_library_path_lib.dsv'
[8.284s] INFO:colcon.colcon_core.shell:Creating environment hook '/home/heng/workspace/ws_RAMS/install/abb_hardware_interface/share/abb_hardware_interface/hook/ld_library_path_lib.sh'
[8.285s] Level 1:colcon.colcon_core.environment:checking '/home/heng/workspace/ws_RAMS/install/abb_hardware_interface/bin'
[8.285s] Level 1:colcon.colcon_core.environment:checking '/home/heng/workspace/ws_RAMS/install/abb_hardware_interface/lib/pkgconfig/abb_hardware_interface.pc'
[8.285s] Level 1:colcon.colcon_core.environment:checking '/home/heng/workspace/ws_RAMS/install/abb_hardware_interface/lib/python3.10/site-packages'
[8.285s] Level 1:colcon.colcon_core.environment:checking '/home/heng/workspace/ws_RAMS/install/abb_hardware_interface/bin'
[8.285s] INFO:colcon.colcon_core.shell:Creating package script '/home/heng/workspace/ws_RAMS/install/abb_hardware_interface/share/abb_hardware_interface/package.ps1'
[8.286s] INFO:colcon.colcon_core.shell:Creating package descriptor '/home/heng/workspace/ws_RAMS/install/abb_hardware_interface/share/abb_hardware_interface/package.dsv'
[8.287s] INFO:colcon.colcon_core.shell:Creating package script '/home/heng/workspace/ws_RAMS/install/abb_hardware_interface/share/abb_hardware_interface/package.sh'
[8.288s] INFO:colcon.colcon_core.shell:Creating package script '/home/heng/workspace/ws_RAMS/install/abb_hardware_interface/share/abb_hardware_interface/package.bash'
[8.288s] INFO:colcon.colcon_core.shell:Creating package script '/home/heng/workspace/ws_RAMS/install/abb_hardware_interface/share/abb_hardware_interface/package.zsh'
[8.289s] Level 1:colcon.colcon_core.environment:create_file_with_runtime_dependencies(/home/heng/workspace/ws_RAMS/install/abb_hardware_interface/share/colcon-core/packages/abb_hardware_interface)
[8.290s] Level 1:colcon.colcon_core.environment:create_environment_scripts_only(abb_hardware_interface)
[8.290s] Level 1:colcon.colcon_core.environment:checking '/home/heng/workspace/ws_RAMS/install/abb_hardware_interface' for CMake module files
[8.290s] Level 1:colcon.colcon_core.environment:checking '/home/heng/workspace/ws_RAMS/install/abb_hardware_interface' for CMake config files
[8.290s] Level 1:colcon.colcon_core.shell:create_environment_hook('abb_hardware_interface', 'cmake_prefix_path')
[8.290s] INFO:colcon.colcon_core.shell:Creating environment hook '/home/heng/workspace/ws_RAMS/install/abb_hardware_interface/share/abb_hardware_interface/hook/cmake_prefix_path.ps1'
[8.291s] INFO:colcon.colcon_core.shell:Creating environment descriptor '/home/heng/workspace/ws_RAMS/install/abb_hardware_interface/share/abb_hardware_interface/hook/cmake_prefix_path.dsv'
[8.291s] INFO:colcon.colcon_core.shell:Creating environment hook '/home/heng/workspace/ws_RAMS/install/abb_hardware_interface/share/abb_hardware_interface/hook/cmake_prefix_path.sh'
[8.291s] Level 1:colcon.colcon_core.environment:checking '/home/heng/workspace/ws_RAMS/install/abb_hardware_interface/lib'
[8.292s] Level 1:colcon.colcon_core.shell:create_environment_hook('abb_hardware_interface', 'ld_library_path_lib')
[8.292s] INFO:colcon.colcon_core.shell:Creating environment hook '/home/heng/workspace/ws_RAMS/install/abb_hardware_interface/share/abb_hardware_interface/hook/ld_library_path_lib.ps1'
[8.292s] INFO:colcon.colcon_core.shell:Creating environment descriptor '/home/heng/workspace/ws_RAMS/install/abb_hardware_interface/share/abb_hardware_interface/hook/ld_library_path_lib.dsv'
[8.292s] INFO:colcon.colcon_core.shell:Creating environment hook '/home/heng/workspace/ws_RAMS/install/abb_hardware_interface/share/abb_hardware_interface/hook/ld_library_path_lib.sh'
[8.292s] Level 1:colcon.colcon_core.environment:checking '/home/heng/workspace/ws_RAMS/install/abb_hardware_interface/bin'
[8.293s] Level 1:colcon.colcon_core.environment:checking '/home/heng/workspace/ws_RAMS/install/abb_hardware_interface/lib/pkgconfig/abb_hardware_interface.pc'
[8.293s] Level 1:colcon.colcon_core.environment:checking '/home/heng/workspace/ws_RAMS/install/abb_hardware_interface/lib/python3.10/site-packages'
[8.293s] Level 1:colcon.colcon_core.environment:checking '/home/heng/workspace/ws_RAMS/install/abb_hardware_interface/bin'
[8.293s] INFO:colcon.colcon_core.shell:Creating package script '/home/heng/workspace/ws_RAMS/install/abb_hardware_interface/share/abb_hardware_interface/package.ps1'
[8.294s] INFO:colcon.colcon_core.shell:Creating package descriptor '/home/heng/workspace/ws_RAMS/install/abb_hardware_interface/share/abb_hardware_interface/package.dsv'
[8.294s] INFO:colcon.colcon_core.shell:Creating package script '/home/heng/workspace/ws_RAMS/install/abb_hardware_interface/share/abb_hardware_interface/package.sh'
[8.294s] INFO:colcon.colcon_core.shell:Creating package script '/home/heng/workspace/ws_RAMS/install/abb_hardware_interface/share/abb_hardware_interface/package.bash'
[8.295s] INFO:colcon.colcon_core.shell:Creating package script '/home/heng/workspace/ws_RAMS/install/abb_hardware_interface/share/abb_hardware_interface/package.zsh'
[8.295s] Level 1:colcon.colcon_core.environment:create_file_with_runtime_dependencies(/home/heng/workspace/ws_RAMS/install/abb_hardware_interface/share/colcon-core/packages/abb_hardware_interface)
[8.295s] DEBUG:colcon.colcon_parallel_executor.executor.parallel:closing loop
[8.296s] DEBUG:colcon.colcon_parallel_executor.executor.parallel:loop closed
[8.296s] DEBUG:colcon.colcon_parallel_executor.executor.parallel:run_until_complete finished with '0'
[8.296s] DEBUG:colcon.colcon_core.event_reactor:joining thread
[8.307s] INFO:colcon.colcon_core.plugin_system:Skipping extension 'colcon_notification.desktop_notification.terminal_notifier': Not used on non-Darwin systems
[8.307s] INFO:colcon.colcon_core.plugin_system:Skipping extension 'colcon_notification.desktop_notification.win32': Not used on non-Windows systems
[8.307s] INFO:colcon.colcon_notification.desktop_notification:Sending desktop notification using 'notify2'
[8.330s] DEBUG:colcon.colcon_core.event_reactor:joined thread
[8.331s] INFO:colcon.colcon_core.shell:Creating prefix script '/home/heng/workspace/ws_RAMS/install/local_setup.ps1'
[8.333s] INFO:colcon.colcon_core.shell:Creating prefix util module '/home/heng/workspace/ws_RAMS/install/_local_setup_util_ps1.py'
[8.336s] INFO:colcon.colcon_core.shell:Creating prefix chain script '/home/heng/workspace/ws_RAMS/install/setup.ps1'
[8.338s] INFO:colcon.colcon_core.shell:Creating prefix script '/home/heng/workspace/ws_RAMS/install/local_setup.sh'
[8.339s] INFO:colcon.colcon_core.shell:Creating prefix util module '/home/heng/workspace/ws_RAMS/install/_local_setup_util_sh.py'
[8.340s] INFO:colcon.colcon_core.shell:Creating prefix chain script '/home/heng/workspace/ws_RAMS/install/setup.sh'
[8.342s] INFO:colcon.colcon_core.shell:Creating prefix script '/home/heng/workspace/ws_RAMS/install/local_setup.bash'
[8.343s] INFO:colcon.colcon_core.shell:Creating prefix chain script '/home/heng/workspace/ws_RAMS/install/setup.bash'
[8.346s] INFO:colcon.colcon_core.shell:Creating prefix script '/home/heng/workspace/ws_RAMS/install/local_setup.zsh'
[8.347s] INFO:colcon.colcon_core.shell:Creating prefix chain script '/home/heng/workspace/ws_RAMS/install/setup.zsh'
