[0.034s] Invoking command in '/home/ros2/ws_RAMS/build/workcell_config': CMAKE_PREFIX_PATH=/home/ros2/ws_RAMS/install/workcell_description:/home/ros2/ws_abb_ros2/install/abb_rws_client:/home/ros2/ws_abb_ros2/install/abb_ros2:/home/ros2/ws_abb_ros2/install/abb_robot_msgs:/home/ros2/ws_abb_ros2/install/abb_resources:/home/ros2/ws_abb_ros2/install/abb_rapid_sm_addin_msgs:/home/ros2/ws_abb_ros2/install/abb_rapid_msgs:/home/ros2/ws_abb_ros2/install/abb_hardware_interface:/home/ros2/ws_abb_ros2/install/abb_egm_rws_managers:/home/ros2/ws_abb_ros2/install/abb_librws:/home/ros2/ws_abb_ros2/install/abb_libegm:/home/ros2/ws_abb_ros2/install/abb_irb4600_support:/home/ros2/ws_abb_ros2/install/abb_irb1200_5_90_moveit_config:/home/ros2/ws_abb_ros2/install/abb_irb1200_support:/home/ros2/ws_abb_ros2/install/abb_egm_msgs:/home/ros2/ws_abb_ros2/install/abb_bringup:/home/ros2/ws_RAMS/install/click_to_move:/home/ros2/ws_RAMS/install/workcell_config:/home/ros2/ws_abb_support/install/abb_irb6700_support:/opt/ros/humble /usr/bin/cmake /home/ros2/ws_RAMS/src/workcell_config -DCMAKE_INSTALL_PREFIX=/home/ros2/ws_RAMS/install/workcell_config
[0.210s] -- The C compiler identification is GNU 11.4.0
[0.385s] -- The CXX compiler identification is GNU 11.4.0
[0.407s] -- Detecting C compiler ABI info
[0.643s] -- Detecting C compiler ABI info - done
[0.658s] -- Check for working C compiler: /usr/bin/cc - skipped
[0.659s] -- Detecting C compile features
[0.661s] -- Detecting C compile features - done
[0.667s] -- Detecting CXX compiler ABI info
[0.946s] -- Detecting CXX compiler ABI info - done
[0.961s] -- Check for working CXX compiler: /usr/bin/c++ - skipped
[0.962s] -- Detecting CXX compile features
[0.965s] -- Detecting CXX compile features - done
[0.977s] -- Found ament_cmake: 1.3.12 (/opt/ros/humble/share/ament_cmake/cmake)
[1.442s] -- Found Python3: /usr/bin/python3 (found version "3.10.12") found components: Interpreter 
[1.938s] -- Configuring done
[1.941s] -- Generating done
[1.946s] -- Build files have been written to: /home/ros2/ws_RAMS/build/workcell_config
[1.957s] Invoked command in '/home/ros2/ws_RAMS/build/workcell_config' returned '0': CMAKE_PREFIX_PATH=/home/ros2/ws_RAMS/install/workcell_description:/home/ros2/ws_abb_ros2/install/abb_rws_client:/home/ros2/ws_abb_ros2/install/abb_ros2:/home/ros2/ws_abb_ros2/install/abb_robot_msgs:/home/ros2/ws_abb_ros2/install/abb_resources:/home/ros2/ws_abb_ros2/install/abb_rapid_sm_addin_msgs:/home/ros2/ws_abb_ros2/install/abb_rapid_msgs:/home/ros2/ws_abb_ros2/install/abb_hardware_interface:/home/ros2/ws_abb_ros2/install/abb_egm_rws_managers:/home/ros2/ws_abb_ros2/install/abb_librws:/home/ros2/ws_abb_ros2/install/abb_libegm:/home/ros2/ws_abb_ros2/install/abb_irb4600_support:/home/ros2/ws_abb_ros2/install/abb_irb1200_5_90_moveit_config:/home/ros2/ws_abb_ros2/install/abb_irb1200_support:/home/ros2/ws_abb_ros2/install/abb_egm_msgs:/home/ros2/ws_abb_ros2/install/abb_bringup:/home/ros2/ws_RAMS/install/click_to_move:/home/ros2/ws_RAMS/install/workcell_config:/home/ros2/ws_abb_support/install/abb_irb6700_support:/opt/ros/humble /usr/bin/cmake /home/ros2/ws_RAMS/src/workcell_config -DCMAKE_INSTALL_PREFIX=/home/ros2/ws_RAMS/install/workcell_config
[1.958s] Invoking command in '/home/ros2/ws_RAMS/build/workcell_config': CMAKE_PREFIX_PATH=/home/ros2/ws_RAMS/install/workcell_description:/home/ros2/ws_abb_ros2/install/abb_rws_client:/home/ros2/ws_abb_ros2/install/abb_ros2:/home/ros2/ws_abb_ros2/install/abb_robot_msgs:/home/ros2/ws_abb_ros2/install/abb_resources:/home/ros2/ws_abb_ros2/install/abb_rapid_sm_addin_msgs:/home/ros2/ws_abb_ros2/install/abb_rapid_msgs:/home/ros2/ws_abb_ros2/install/abb_hardware_interface:/home/ros2/ws_abb_ros2/install/abb_egm_rws_managers:/home/ros2/ws_abb_ros2/install/abb_librws:/home/ros2/ws_abb_ros2/install/abb_libegm:/home/ros2/ws_abb_ros2/install/abb_irb4600_support:/home/ros2/ws_abb_ros2/install/abb_irb1200_5_90_moveit_config:/home/ros2/ws_abb_ros2/install/abb_irb1200_support:/home/ros2/ws_abb_ros2/install/abb_egm_msgs:/home/ros2/ws_abb_ros2/install/abb_bringup:/home/ros2/ws_RAMS/install/click_to_move:/home/ros2/ws_RAMS/install/workcell_config:/home/ros2/ws_abb_support/install/abb_irb6700_support:/opt/ros/humble /usr/bin/cmake --build /home/ros2/ws_RAMS/build/workcell_config -- -j2 -l2
[2.070s] Invoked command in '/home/ros2/ws_RAMS/build/workcell_config' returned '0': CMAKE_PREFIX_PATH=/home/ros2/ws_RAMS/install/workcell_description:/home/ros2/ws_abb_ros2/install/abb_rws_client:/home/ros2/ws_abb_ros2/install/abb_ros2:/home/ros2/ws_abb_ros2/install/abb_robot_msgs:/home/ros2/ws_abb_ros2/install/abb_resources:/home/ros2/ws_abb_ros2/install/abb_rapid_sm_addin_msgs:/home/ros2/ws_abb_ros2/install/abb_rapid_msgs:/home/ros2/ws_abb_ros2/install/abb_hardware_interface:/home/ros2/ws_abb_ros2/install/abb_egm_rws_managers:/home/ros2/ws_abb_ros2/install/abb_librws:/home/ros2/ws_abb_ros2/install/abb_libegm:/home/ros2/ws_abb_ros2/install/abb_irb4600_support:/home/ros2/ws_abb_ros2/install/abb_irb1200_5_90_moveit_config:/home/ros2/ws_abb_ros2/install/abb_irb1200_support:/home/ros2/ws_abb_ros2/install/abb_egm_msgs:/home/ros2/ws_abb_ros2/install/abb_bringup:/home/ros2/ws_RAMS/install/click_to_move:/home/ros2/ws_RAMS/install/workcell_config:/home/ros2/ws_abb_support/install/abb_irb6700_support:/opt/ros/humble /usr/bin/cmake --build /home/ros2/ws_RAMS/build/workcell_config -- -j2 -l2
[2.077s] Invoking command in '/home/ros2/ws_RAMS/build/workcell_config': CMAKE_PREFIX_PATH=/home/ros2/ws_RAMS/install/workcell_description:/home/ros2/ws_abb_ros2/install/abb_rws_client:/home/ros2/ws_abb_ros2/install/abb_ros2:/home/ros2/ws_abb_ros2/install/abb_robot_msgs:/home/ros2/ws_abb_ros2/install/abb_resources:/home/ros2/ws_abb_ros2/install/abb_rapid_sm_addin_msgs:/home/ros2/ws_abb_ros2/install/abb_rapid_msgs:/home/ros2/ws_abb_ros2/install/abb_hardware_interface:/home/ros2/ws_abb_ros2/install/abb_egm_rws_managers:/home/ros2/ws_abb_ros2/install/abb_librws:/home/ros2/ws_abb_ros2/install/abb_libegm:/home/ros2/ws_abb_ros2/install/abb_irb4600_support:/home/ros2/ws_abb_ros2/install/abb_irb1200_5_90_moveit_config:/home/ros2/ws_abb_ros2/install/abb_irb1200_support:/home/ros2/ws_abb_ros2/install/abb_egm_msgs:/home/ros2/ws_abb_ros2/install/abb_bringup:/home/ros2/ws_RAMS/install/click_to_move:/home/ros2/ws_RAMS/install/workcell_config:/home/ros2/ws_abb_support/install/abb_irb6700_support:/opt/ros/humble /usr/bin/cmake --install /home/ros2/ws_RAMS/build/workcell_config
[2.101s] -- Install configuration: ""
[2.103s] -- Installing: /home/ros2/ws_RAMS/install/workcell_config/share/ament_index/resource_index/package_run_dependencies/workcell_config
[2.103s] -- Installing: /home/ros2/ws_RAMS/install/workcell_config/share/ament_index/resource_index/parent_prefix_path/workcell_config
[2.104s] -- Installing: /home/ros2/ws_RAMS/install/workcell_config/share/workcell_config/environment/ament_prefix_path.sh
[2.104s] -- Installing: /home/ros2/ws_RAMS/install/workcell_config/share/workcell_config/environment/ament_prefix_path.dsv
[2.105s] -- Installing: /home/ros2/ws_RAMS/install/workcell_config/share/workcell_config/environment/path.sh
[2.105s] -- Installing: /home/ros2/ws_RAMS/install/workcell_config/share/workcell_config/environment/path.dsv
[2.106s] -- Installing: /home/ros2/ws_RAMS/install/workcell_config/share/workcell_config/local_setup.bash
[2.107s] -- Installing: /home/ros2/ws_RAMS/install/workcell_config/share/workcell_config/local_setup.sh
[2.107s] -- Installing: /home/ros2/ws_RAMS/install/workcell_config/share/workcell_config/local_setup.zsh
[2.107s] -- Installing: /home/ros2/ws_RAMS/install/workcell_config/share/workcell_config/local_setup.dsv
[2.107s] -- Installing: /home/ros2/ws_RAMS/install/workcell_config/share/workcell_config/package.dsv
[2.111s] -- Installing: /home/ros2/ws_RAMS/install/workcell_config/share/ament_index/resource_index/packages/workcell_config
[2.111s] -- Installing: /home/ros2/ws_RAMS/install/workcell_config/share/workcell_config/cmake/workcell_configConfig.cmake
[2.111s] -- Installing: /home/ros2/ws_RAMS/install/workcell_config/share/workcell_config/cmake/workcell_configConfig-version.cmake
[2.111s] -- Installing: /home/ros2/ws_RAMS/install/workcell_config/share/workcell_config/package.xml
[2.112s] -- Installing: /home/ros2/ws_RAMS/install/workcell_config/share/workcell_config/launch
[2.112s] -- Installing: /home/ros2/ws_RAMS/install/workcell_config/share/workcell_config/launch/demo.launch.py
[2.112s] -- Installing: /home/ros2/ws_RAMS/install/workcell_config/share/workcell_config/launch/setup_assistant.launch.py
[2.112s] -- Installing: /home/ros2/ws_RAMS/install/workcell_config/share/workcell_config/launch/static_virtual_joint_tfs.launch.py
[2.112s] -- Installing: /home/ros2/ws_RAMS/install/workcell_config/share/workcell_config/launch/spawn_controllers.launch.py
[2.112s] -- Installing: /home/ros2/ws_RAMS/install/workcell_config/share/workcell_config/launch/move_group.launch.py
[2.113s] -- Installing: /home/ros2/ws_RAMS/install/workcell_config/share/workcell_config/launch/rsp.launch.py
[2.113s] -- Installing: /home/ros2/ws_RAMS/install/workcell_config/share/workcell_config/launch/warehouse_db.launch.py
[2.113s] -- Installing: /home/ros2/ws_RAMS/install/workcell_config/share/workcell_config/launch/moveit_rviz.launch.py
[2.113s] -- Installing: /home/ros2/ws_RAMS/install/workcell_config/share/workcell_config/config
[2.113s] -- Installing: /home/ros2/ws_RAMS/install/workcell_config/share/workcell_config/config/moveit.rviz
[2.118s] -- Installing: /home/ros2/ws_RAMS/install/workcell_config/share/workcell_config/config/ros2_controllers.yaml
[2.121s] -- Installing: /home/ros2/ws_RAMS/install/workcell_config/share/workcell_config/config/sensors_3d.yaml
[2.123s] -- Installing: /home/ros2/ws_RAMS/install/workcell_config/share/workcell_config/config/initial_positions.yaml
[2.124s] -- Installing: /home/ros2/ws_RAMS/install/workcell_config/share/workcell_config/config/joint_limits.yaml
[2.126s] -- Installing: /home/ros2/ws_RAMS/install/workcell_config/share/workcell_config/config/workcell.srdf
[2.127s] -- Installing: /home/ros2/ws_RAMS/install/workcell_config/share/workcell_config/config/workcell.ros2_control.xacro
[2.129s] -- Installing: /home/ros2/ws_RAMS/install/workcell_config/share/workcell_config/config/moveit_controllers.yaml
[2.131s] -- Installing: /home/ros2/ws_RAMS/install/workcell_config/share/workcell_config/config/pilz_cartesian_limits.yaml
[2.132s] -- Installing: /home/ros2/ws_RAMS/install/workcell_config/share/workcell_config/config/abb_controllers.yaml
[2.134s] -- Installing: /home/ros2/ws_RAMS/install/workcell_config/share/workcell_config/config/workcell.urdf.xacro
[2.135s] -- Installing: /home/ros2/ws_RAMS/install/workcell_config/share/workcell_config/config/kinematics.yaml
[2.136s] -- Installing: /home/ros2/ws_RAMS/install/workcell_config/share/workcell_config/.setup_assistant
[2.143s] Invoked command in '/home/ros2/ws_RAMS/build/workcell_config' returned '0': CMAKE_PREFIX_PATH=/home/ros2/ws_RAMS/install/workcell_description:/home/ros2/ws_abb_ros2/install/abb_rws_client:/home/ros2/ws_abb_ros2/install/abb_ros2:/home/ros2/ws_abb_ros2/install/abb_robot_msgs:/home/ros2/ws_abb_ros2/install/abb_resources:/home/ros2/ws_abb_ros2/install/abb_rapid_sm_addin_msgs:/home/ros2/ws_abb_ros2/install/abb_rapid_msgs:/home/ros2/ws_abb_ros2/install/abb_hardware_interface:/home/ros2/ws_abb_ros2/install/abb_egm_rws_managers:/home/ros2/ws_abb_ros2/install/abb_librws:/home/ros2/ws_abb_ros2/install/abb_libegm:/home/ros2/ws_abb_ros2/install/abb_irb4600_support:/home/ros2/ws_abb_ros2/install/abb_irb1200_5_90_moveit_config:/home/ros2/ws_abb_ros2/install/abb_irb1200_support:/home/ros2/ws_abb_ros2/install/abb_egm_msgs:/home/ros2/ws_abb_ros2/install/abb_bringup:/home/ros2/ws_RAMS/install/click_to_move:/home/ros2/ws_RAMS/install/workcell_config:/home/ros2/ws_abb_support/install/abb_irb6700_support:/opt/ros/humble /usr/bin/cmake --install /home/ros2/ws_RAMS/build/workcell_config
