[0.021s] Invoking command in '/home/heng/workspace/ws_RAMS/build/abb_librws': CMAKE_PREFIX_PATH=${CMAKE_PREFIX_PATH}:/home/heng/workspace/ws_RAMS/install/abb_pi0_bridge:/opt/ros/humble /usr/bin/cmake --build /home/heng/workspace/ws_RAMS/build/abb_librws -- -j48 -l48
[0.070s] [100%] Built target abb_librws
[0.274s] Invoked command in '/home/heng/workspace/ws_RAMS/build/abb_librws' returned '0': CMAKE_PREFIX_PATH=${CMAKE_PREFIX_PATH}:/home/heng/workspace/ws_RAMS/install/abb_pi0_bridge:/opt/ros/humble /usr/bin/cmake --build /home/heng/workspace/ws_RAMS/build/abb_librws -- -j48 -l48
[0.277s] Invoking command in '/home/heng/workspace/ws_RAMS/build/abb_librws': CMAKE_PREFIX_PATH=${CMAKE_PREFIX_PATH}:/home/heng/workspace/ws_RAMS/install/abb_pi0_bridge:/opt/ros/humble /usr/bin/cmake --install /home/heng/workspace/ws_RAMS/build/abb_librws
[0.300s] -- Install configuration: ""
[0.300s] -- Up-to-date: /home/heng/workspace/ws_RAMS/install/abb_librws/include
[0.300s] -- Up-to-date: /home/heng/workspace/ws_RAMS/install/abb_librws/include/abb_librws
[0.301s] -- Up-to-date: /home/heng/workspace/ws_RAMS/install/abb_librws/include/abb_librws/rws_common.h
[0.301s] -- Up-to-date: /home/heng/workspace/ws_RAMS/install/abb_librws/include/abb_librws/rws_interface.h
[0.301s] -- Up-to-date: /home/heng/workspace/ws_RAMS/install/abb_librws/include/abb_librws/rws_poco_client.h
[0.301s] -- Up-to-date: /home/heng/workspace/ws_RAMS/install/abb_librws/include/abb_librws/rws_state_machine_interface.h
[0.301s] -- Up-to-date: /home/heng/workspace/ws_RAMS/install/abb_librws/include/abb_librws/rws_client.h
[0.301s] -- Up-to-date: /home/heng/workspace/ws_RAMS/install/abb_librws/include/abb_librws/rws_rapid.h
[0.301s] -- Up-to-date: /home/heng/workspace/ws_RAMS/install/abb_librws/include/abb_librws/rws_cfg.h
[0.302s] -- Up-to-date: /home/heng/workspace/ws_RAMS/install/abb_librws/include/abb_librws/abb_librws_export.h
[0.303s] -- Up-to-date: /home/heng/workspace/ws_RAMS/install/abb_librws/share/abb_librws/cmake
[0.303s] -- Up-to-date: /home/heng/workspace/ws_RAMS/install/abb_librws/share/abb_librws/cmake/README.md
[0.303s] -- Up-to-date: /home/heng/workspace/ws_RAMS/install/abb_librws/share/abb_librws/cmake/FindPoco.cmake
[0.303s] -- Up-to-date: /home/heng/workspace/ws_RAMS/install/abb_librws/lib/libabb_librws.so
[0.303s] -- Up-to-date: /home/heng/workspace/ws_RAMS/install/abb_librws/share/abb_librws/abb_librwsConfig.cmake
[0.303s] -- Up-to-date: /home/heng/workspace/ws_RAMS/install/abb_librws/share/abb_librws/abb_librwsConfigVersion.cmake
[0.303s] -- Up-to-date: /home/heng/workspace/ws_RAMS/install/abb_librws/share/abb_librws/package.xml
[0.304s] -- Up-to-date: /home/heng/workspace/ws_RAMS/install/abb_librws/share/abb_librws/abb_librwsTargets.cmake
[0.304s] -- Up-to-date: /home/heng/workspace/ws_RAMS/install/abb_librws/share/abb_librws/abb_librwsTargets-noconfig.cmake
[0.349s] Invoked command in '/home/heng/workspace/ws_RAMS/build/abb_librws' returned '0': CMAKE_PREFIX_PATH=${CMAKE_PREFIX_PATH}:/home/heng/workspace/ws_RAMS/install/abb_pi0_bridge:/opt/ros/humble /usr/bin/cmake --install /home/heng/workspace/ws_RAMS/build/abb_librws
