[0.025s] Invoking command in '/home/heng/workspace/ws_RAMS/build/abb_irb1200_support': CMAKE_PREFIX_PATH=${CMAKE_PREFIX_PATH}:/home/heng/workspace/ws_RAMS/install/abb_pi0_bridge:/opt/ros/humble /usr/bin/cmake --build /home/heng/workspace/ws_RAMS/build/abb_irb1200_support -- -j48 -l48
[0.280s] Invoked command in '/home/heng/workspace/ws_RAMS/build/abb_irb1200_support' returned '0': CMAKE_PREFIX_PATH=${CMAKE_PREFIX_PATH}:/home/heng/workspace/ws_RAMS/install/abb_pi0_bridge:/opt/ros/humble /usr/bin/cmake --build /home/heng/workspace/ws_RAMS/build/abb_irb1200_support -- -j48 -l48
[0.282s] Invoking command in '/home/heng/workspace/ws_RAMS/build/abb_irb1200_support': CMAKE_PREFIX_PATH=${CMAKE_PREFIX_PATH}:/home/heng/workspace/ws_RAMS/install/abb_pi0_bridge:/opt/ros/humble /usr/bin/cmake --install /home/heng/workspace/ws_RAMS/build/abb_irb1200_support
[0.301s] -- Install configuration: ""
[0.301s] -- Up-to-date: /home/heng/workspace/ws_RAMS/install/abb_irb1200_support/share/ament_index/resource_index/package_run_dependencies/abb_irb1200_support
[0.301s] -- Up-to-date: /home/heng/workspace/ws_RAMS/install/abb_irb1200_support/share/ament_index/resource_index/parent_prefix_path/abb_irb1200_support
[0.301s] -- Up-to-date: /home/heng/workspace/ws_RAMS/install/abb_irb1200_support/share/abb_irb1200_support/environment/ament_prefix_path.sh
[0.302s] -- Up-to-date: /home/heng/workspace/ws_RAMS/install/abb_irb1200_support/share/abb_irb1200_support/environment/ament_prefix_path.dsv
[0.302s] -- Up-to-date: /home/heng/workspace/ws_RAMS/install/abb_irb1200_support/share/abb_irb1200_support/environment/path.sh
[0.302s] -- Up-to-date: /home/heng/workspace/ws_RAMS/install/abb_irb1200_support/share/abb_irb1200_support/environment/path.dsv
[0.302s] -- Up-to-date: /home/heng/workspace/ws_RAMS/install/abb_irb1200_support/share/abb_irb1200_support/local_setup.bash
[0.302s] -- Up-to-date: /home/heng/workspace/ws_RAMS/install/abb_irb1200_support/share/abb_irb1200_support/local_setup.sh
[0.302s] -- Up-to-date: /home/heng/workspace/ws_RAMS/install/abb_irb1200_support/share/abb_irb1200_support/local_setup.zsh
[0.302s] -- Up-to-date: /home/heng/workspace/ws_RAMS/install/abb_irb1200_support/share/abb_irb1200_support/local_setup.dsv
[0.303s] -- Up-to-date: /home/heng/workspace/ws_RAMS/install/abb_irb1200_support/share/abb_irb1200_support/package.dsv
[0.303s] -- Up-to-date: /home/heng/workspace/ws_RAMS/install/abb_irb1200_support/share/ament_index/resource_index/packages/abb_irb1200_support
[0.303s] -- Up-to-date: /home/heng/workspace/ws_RAMS/install/abb_irb1200_support/share/abb_irb1200_support/cmake/abb_irb1200_supportConfig.cmake
[0.303s] -- Up-to-date: /home/heng/workspace/ws_RAMS/install/abb_irb1200_support/share/abb_irb1200_support/cmake/abb_irb1200_supportConfig-version.cmake
[0.303s] -- Up-to-date: /home/heng/workspace/ws_RAMS/install/abb_irb1200_support/share/abb_irb1200_support/package.xml
[0.303s] -- Up-to-date: /home/heng/workspace/ws_RAMS/install/abb_irb1200_support/share/abb_irb1200_support/launch
[0.304s] -- Up-to-date: /home/heng/workspace/ws_RAMS/install/abb_irb1200_support/share/abb_irb1200_support/launch/view_robot.launch.py
[0.304s] -- Up-to-date: /home/heng/workspace/ws_RAMS/install/abb_irb1200_support/share/abb_irb1200_support/meshes
[0.304s] -- Up-to-date: /home/heng/workspace/ws_RAMS/install/abb_irb1200_support/share/abb_irb1200_support/meshes/irb1200_5_90
[0.304s] -- Up-to-date: /home/heng/workspace/ws_RAMS/install/abb_irb1200_support/share/abb_irb1200_support/meshes/irb1200_5_90/visual
[0.304s] -- Up-to-date: /home/heng/workspace/ws_RAMS/install/abb_irb1200_support/share/abb_irb1200_support/meshes/irb1200_5_90/visual/link_4.dae
[0.305s] -- Up-to-date: /home/heng/workspace/ws_RAMS/install/abb_irb1200_support/share/abb_irb1200_support/meshes/irb1200_5_90/visual/link_2.dae
[0.305s] -- Up-to-date: /home/heng/workspace/ws_RAMS/install/abb_irb1200_support/share/abb_irb1200_support/meshes/irb1200_5_90/visual/link_3.dae
[0.305s] -- Up-to-date: /home/heng/workspace/ws_RAMS/install/abb_irb1200_support/share/abb_irb1200_support/meshes/irb1200_5_90/visual/link_1.dae
[0.305s] -- Up-to-date: /home/heng/workspace/ws_RAMS/install/abb_irb1200_support/share/abb_irb1200_support/meshes/irb1200_5_90/visual/base_link.dae
[0.305s] -- Up-to-date: /home/heng/workspace/ws_RAMS/install/abb_irb1200_support/share/abb_irb1200_support/meshes/irb1200_5_90/visual/link_6.dae
[0.305s] -- Up-to-date: /home/heng/workspace/ws_RAMS/install/abb_irb1200_support/share/abb_irb1200_support/meshes/irb1200_5_90/visual/link_5.dae
[0.306s] -- Up-to-date: /home/heng/workspace/ws_RAMS/install/abb_irb1200_support/share/abb_irb1200_support/meshes/irb1200_5_90/collision
[0.306s] -- Up-to-date: /home/heng/workspace/ws_RAMS/install/abb_irb1200_support/share/abb_irb1200_support/meshes/irb1200_5_90/collision/link_4.stl
[0.306s] -- Up-to-date: /home/heng/workspace/ws_RAMS/install/abb_irb1200_support/share/abb_irb1200_support/meshes/irb1200_5_90/collision/link_2.stl
[0.306s] -- Up-to-date: /home/heng/workspace/ws_RAMS/install/abb_irb1200_support/share/abb_irb1200_support/meshes/irb1200_5_90/collision/base_link.stl
[0.306s] -- Up-to-date: /home/heng/workspace/ws_RAMS/install/abb_irb1200_support/share/abb_irb1200_support/meshes/irb1200_5_90/collision/link_3.stl
[0.307s] -- Up-to-date: /home/heng/workspace/ws_RAMS/install/abb_irb1200_support/share/abb_irb1200_support/meshes/irb1200_5_90/collision/link_1.stl
[0.307s] -- Up-to-date: /home/heng/workspace/ws_RAMS/install/abb_irb1200_support/share/abb_irb1200_support/meshes/irb1200_5_90/collision/link_6.stl
[0.308s] -- Up-to-date: /home/heng/workspace/ws_RAMS/install/abb_irb1200_support/share/abb_irb1200_support/meshes/irb1200_5_90/collision/link_5.stl
[0.308s] -- Up-to-date: /home/heng/workspace/ws_RAMS/install/abb_irb1200_support/share/abb_irb1200_support/rviz
[0.308s] -- Up-to-date: /home/heng/workspace/ws_RAMS/install/abb_irb1200_support/share/abb_irb1200_support/rviz/urdf_description.rviz
[0.308s] -- Up-to-date: /home/heng/workspace/ws_RAMS/install/abb_irb1200_support/share/abb_irb1200_support/urdf
[0.308s] -- Up-to-date: /home/heng/workspace/ws_RAMS/install/abb_irb1200_support/share/abb_irb1200_support/urdf/irb1200_5_90.xacro
[0.308s] -- Up-to-date: /home/heng/workspace/ws_RAMS/install/abb_irb1200_support/share/abb_irb1200_support/urdf/irb1200.ros2_control.xacro
[0.309s] -- Up-to-date: /home/heng/workspace/ws_RAMS/install/abb_irb1200_support/share/abb_irb1200_support/urdf/irb1200_5_90_macro.xacro
[0.385s] Invoked command in '/home/heng/workspace/ws_RAMS/build/abb_irb1200_support' returned '0': CMAKE_PREFIX_PATH=${CMAKE_PREFIX_PATH}:/home/heng/workspace/ws_RAMS/install/abb_pi0_bridge:/opt/ros/humble /usr/bin/cmake --install /home/heng/workspace/ws_RAMS/build/abb_irb1200_support
