[0.010s] Invoking command in '/home/heng/workspace/ws_RAMS/build/abb_librws': CMAKE_PREFIX_PATH=/opt/ros/humble /usr/bin/cmake --build /home/heng/workspace/ws_RAMS/build/abb_librws -- -j48 -l48
[0.069s] Consolidate compiler generated dependencies of target abb_librws
[0.087s] [ 14%] Building CXX object CMakeFiles/abb_librws.dir/src/rws_client.cpp.o
[0.850s] [ 28%] Linking CXX shared library libabb_librws.so
[0.980s] [100%] Built target abb_librws
[0.993s] Invoked command in '/home/heng/workspace/ws_RAMS/build/abb_librws' returned '0': CMAKE_PREFIX_PATH=/opt/ros/humble /usr/bin/cmake --build /home/heng/workspace/ws_RAMS/build/abb_librws -- -j48 -l48
[1.006s] Invoking command in '/home/heng/workspace/ws_RAMS/build/abb_librws': CMAKE_PREFIX_PATH=/opt/ros/humble /usr/bin/cmake --install /home/heng/workspace/ws_RAMS/build/abb_librws
[1.015s] -- Install configuration: ""
[1.015s] -- Up-to-date: /home/heng/workspace/ws_RAMS/install/abb_librws/include
[1.015s] -- Up-to-date: /home/heng/workspace/ws_RAMS/install/abb_librws/include/abb_librws
[1.016s] -- Up-to-date: /home/heng/workspace/ws_RAMS/install/abb_librws/include/abb_librws/rws_common.h
[1.016s] -- Up-to-date: /home/heng/workspace/ws_RAMS/install/abb_librws/include/abb_librws/rws_interface.h
[1.016s] -- Up-to-date: /home/heng/workspace/ws_RAMS/install/abb_librws/include/abb_librws/rws_poco_client.h
[1.016s] -- Up-to-date: /home/heng/workspace/ws_RAMS/install/abb_librws/include/abb_librws/rws_state_machine_interface.h
[1.016s] -- Up-to-date: /home/heng/workspace/ws_RAMS/install/abb_librws/include/abb_librws/rws_client.h
[1.016s] -- Up-to-date: /home/heng/workspace/ws_RAMS/install/abb_librws/include/abb_librws/rws_rapid.h
[1.016s] -- Up-to-date: /home/heng/workspace/ws_RAMS/install/abb_librws/include/abb_librws/rws_cfg.h
[1.016s] -- Up-to-date: /home/heng/workspace/ws_RAMS/install/abb_librws/include/abb_librws/abb_librws_export.h
[1.016s] -- Up-to-date: /home/heng/workspace/ws_RAMS/install/abb_librws/share/abb_librws/cmake
[1.017s] -- Up-to-date: /home/heng/workspace/ws_RAMS/install/abb_librws/share/abb_librws/cmake/README.md
[1.017s] -- Up-to-date: /home/heng/workspace/ws_RAMS/install/abb_librws/share/abb_librws/cmake/FindPoco.cmake
[1.017s] -- Installing: /home/heng/workspace/ws_RAMS/install/abb_librws/lib/libabb_librws.so
[1.017s] -- Up-to-date: /home/heng/workspace/ws_RAMS/install/abb_librws/share/abb_librws/abb_librwsConfig.cmake
[1.017s] -- Up-to-date: /home/heng/workspace/ws_RAMS/install/abb_librws/share/abb_librws/abb_librwsConfigVersion.cmake
[1.017s] -- Up-to-date: /home/heng/workspace/ws_RAMS/install/abb_librws/share/abb_librws/package.xml
[1.017s] -- Up-to-date: /home/heng/workspace/ws_RAMS/install/abb_librws/share/abb_librws/abb_librwsTargets.cmake
[1.018s] -- Up-to-date: /home/heng/workspace/ws_RAMS/install/abb_librws/share/abb_librws/abb_librwsTargets-noconfig.cmake
[1.019s] Invoked command in '/home/heng/workspace/ws_RAMS/build/abb_librws' returned '0': CMAKE_PREFIX_PATH=/opt/ros/humble /usr/bin/cmake --install /home/heng/workspace/ws_RAMS/build/abb_librws
