running egg_info
creating ../../build/abb_pi0_bridge/abb_pi0_bridge.egg-info
writing ../../build/abb_pi0_bridge/abb_pi0_bridge.egg-info/PKG-INFO
writing dependency_links to ../../build/abb_pi0_bridge/abb_pi0_bridge.egg-info/dependency_links.txt
writing entry points to ../../build/abb_pi0_bridge/abb_pi0_bridge.egg-info/entry_points.txt
writing requirements to ../../build/abb_pi0_bridge/abb_pi0_bridge.egg-info/requires.txt
writing top-level names to ../../build/abb_pi0_bridge/abb_pi0_bridge.egg-info/top_level.txt
writing manifest file '../../build/abb_pi0_bridge/abb_pi0_bridge.egg-info/SOURCES.txt'
reading manifest file '../../build/abb_pi0_bridge/abb_pi0_bridge.egg-info/SOURCES.txt'
writing manifest file '../../build/abb_pi0_bridge/abb_pi0_bridge.egg-info/SOURCES.txt'
running build
running build_py
creating /home/heng/workspace/ws_RAMS/build/abb_pi0_bridge/build
creating /home/heng/workspace/ws_RAMS/build/abb_pi0_bridge/build/lib
creating /home/heng/workspace/ws_RAMS/build/abb_pi0_bridge/build/lib/abb_pi0_bridge
copying abb_pi0_bridge/protocol.py -> /home/heng/workspace/ws_RAMS/build/abb_pi0_bridge/build/lib/abb_pi0_bridge
copying abb_pi0_bridge/policy_stub_server.py -> /home/heng/workspace/ws_RAMS/build/abb_pi0_bridge/build/lib/abb_pi0_bridge
copying abb_pi0_bridge/bridge_node.py -> /home/heng/workspace/ws_RAMS/build/abb_pi0_bridge/build/lib/abb_pi0_bridge
copying abb_pi0_bridge/bridge_core.py -> /home/heng/workspace/ws_RAMS/build/abb_pi0_bridge/build/lib/abb_pi0_bridge
copying abb_pi0_bridge/__init__.py -> /home/heng/workspace/ws_RAMS/build/abb_pi0_bridge/build/lib/abb_pi0_bridge
copying abb_pi0_bridge/mock_policy.py -> /home/heng/workspace/ws_RAMS/build/abb_pi0_bridge/build/lib/abb_pi0_bridge
copying abb_pi0_bridge/control_mode.py -> /home/heng/workspace/ws_RAMS/build/abb_pi0_bridge/build/lib/abb_pi0_bridge
copying abb_pi0_bridge/robotstudio_preflight.py -> /home/heng/workspace/ws_RAMS/build/abb_pi0_bridge/build/lib/abb_pi0_bridge
running install
running install_lib
creating /home/heng/workspace/ws_RAMS/install/abb_pi0_bridge/lib/python3.10/site-packages/abb_pi0_bridge
copying /home/heng/workspace/ws_RAMS/build/abb_pi0_bridge/build/lib/abb_pi0_bridge/protocol.py -> /home/heng/workspace/ws_RAMS/install/abb_pi0_bridge/lib/python3.10/site-packages/abb_pi0_bridge
copying /home/heng/workspace/ws_RAMS/build/abb_pi0_bridge/build/lib/abb_pi0_bridge/policy_stub_server.py -> /home/heng/workspace/ws_RAMS/install/abb_pi0_bridge/lib/python3.10/site-packages/abb_pi0_bridge
copying /home/heng/workspace/ws_RAMS/build/abb_pi0_bridge/build/lib/abb_pi0_bridge/bridge_node.py -> /home/heng/workspace/ws_RAMS/install/abb_pi0_bridge/lib/python3.10/site-packages/abb_pi0_bridge
copying /home/heng/workspace/ws_RAMS/build/abb_pi0_bridge/build/lib/abb_pi0_bridge/bridge_core.py -> /home/heng/workspace/ws_RAMS/install/abb_pi0_bridge/lib/python3.10/site-packages/abb_pi0_bridge
copying /home/heng/workspace/ws_RAMS/build/abb_pi0_bridge/build/lib/abb_pi0_bridge/__init__.py -> /home/heng/workspace/ws_RAMS/install/abb_pi0_bridge/lib/python3.10/site-packages/abb_pi0_bridge
copying /home/heng/workspace/ws_RAMS/build/abb_pi0_bridge/build/lib/abb_pi0_bridge/mock_policy.py -> /home/heng/workspace/ws_RAMS/install/abb_pi0_bridge/lib/python3.10/site-packages/abb_pi0_bridge
copying /home/heng/workspace/ws_RAMS/build/abb_pi0_bridge/build/lib/abb_pi0_bridge/control_mode.py -> /home/heng/workspace/ws_RAMS/install/abb_pi0_bridge/lib/python3.10/site-packages/abb_pi0_bridge
copying /home/heng/workspace/ws_RAMS/build/abb_pi0_bridge/build/lib/abb_pi0_bridge/robotstudio_preflight.py -> /home/heng/workspace/ws_RAMS/install/abb_pi0_bridge/lib/python3.10/site-packages/abb_pi0_bridge
byte-compiling /home/heng/workspace/ws_RAMS/install/abb_pi0_bridge/lib/python3.10/site-packages/abb_pi0_bridge/protocol.py to protocol.cpython-310.pyc
byte-compiling /home/heng/workspace/ws_RAMS/install/abb_pi0_bridge/lib/python3.10/site-packages/abb_pi0_bridge/policy_stub_server.py to policy_stub_server.cpython-310.pyc
byte-compiling /home/heng/workspace/ws_RAMS/install/abb_pi0_bridge/lib/python3.10/site-packages/abb_pi0_bridge/bridge_node.py to bridge_node.cpython-310.pyc
byte-compiling /home/heng/workspace/ws_RAMS/install/abb_pi0_bridge/lib/python3.10/site-packages/abb_pi0_bridge/bridge_core.py to bridge_core.cpython-310.pyc
byte-compiling /home/heng/workspace/ws_RAMS/install/abb_pi0_bridge/lib/python3.10/site-packages/abb_pi0_bridge/__init__.py to __init__.cpython-310.pyc
byte-compiling /home/heng/workspace/ws_RAMS/install/abb_pi0_bridge/lib/python3.10/site-packages/abb_pi0_bridge/mock_policy.py to mock_policy.cpython-310.pyc
byte-compiling /home/heng/workspace/ws_RAMS/install/abb_pi0_bridge/lib/python3.10/site-packages/abb_pi0_bridge/control_mode.py to control_mode.cpython-310.pyc
byte-compiling /home/heng/workspace/ws_RAMS/install/abb_pi0_bridge/lib/python3.10/site-packages/abb_pi0_bridge/robotstudio_preflight.py to robotstudio_preflight.cpython-310.pyc
running install_data
creating /home/heng/workspace/ws_RAMS/install/abb_pi0_bridge/share/ament_index
creating /home/heng/workspace/ws_RAMS/install/abb_pi0_bridge/share/ament_index/resource_index
creating /home/heng/workspace/ws_RAMS/install/abb_pi0_bridge/share/ament_index/resource_index/packages
copying resource/abb_pi0_bridge -> /home/heng/workspace/ws_RAMS/install/abb_pi0_bridge/share/ament_index/resource_index/packages
copying package.xml -> /home/heng/workspace/ws_RAMS/install/abb_pi0_bridge/share/abb_pi0_bridge
copying README.md -> /home/heng/workspace/ws_RAMS/install/abb_pi0_bridge/share/abb_pi0_bridge
copying ROBOTSTUDIO_PI0_SETUP.md -> /home/heng/workspace/ws_RAMS/install/abb_pi0_bridge/share/abb_pi0_bridge
copying PI0_POLICY_HTTP_PROTOCOL.md -> /home/heng/workspace/ws_RAMS/install/abb_pi0_bridge/share/abb_pi0_bridge
creating /home/heng/workspace/ws_RAMS/install/abb_pi0_bridge/share/abb_pi0_bridge/launch
copying launch/robotstudio_pi0.launch.py -> /home/heng/workspace/ws_RAMS/install/abb_pi0_bridge/share/abb_pi0_bridge/launch
copying launch/abb_pi0_bridge.launch.py -> /home/heng/workspace/ws_RAMS/install/abb_pi0_bridge/share/abb_pi0_bridge/launch
creating /home/heng/workspace/ws_RAMS/install/abb_pi0_bridge/share/abb_pi0_bridge/config
copying config/pi0_robotstudio_http.params.yaml -> /home/heng/workspace/ws_RAMS/install/abb_pi0_bridge/share/abb_pi0_bridge/config
copying config/pi0_bridge.params.yaml -> /home/heng/workspace/ws_RAMS/install/abb_pi0_bridge/share/abb_pi0_bridge/config
running install_egg_info
Copying ../../build/abb_pi0_bridge/abb_pi0_bridge.egg-info to /home/heng/workspace/ws_RAMS/install/abb_pi0_bridge/lib/python3.10/site-packages/abb_pi0_bridge-0.1.0-py3.10.egg-info
running install_scripts
Installing abb_pi0_bridge_node script to /home/heng/workspace/ws_RAMS/install/abb_pi0_bridge/lib/abb_pi0_bridge
Installing pi0_policy_stub_server script to /home/heng/workspace/ws_RAMS/install/abb_pi0_bridge/lib/abb_pi0_bridge
Installing robotstudio_preflight script to /home/heng/workspace/ws_RAMS/install/abb_pi0_bridge/lib/abb_pi0_bridge
writing list of installed files to '/home/heng/workspace/ws_RAMS/build/abb_pi0_bridge/install.log'
