[0.560s] Invoking command in '/home/heng/workspace/ws_RAMS/src/abb_pi0_bridge': PYTHONPATH=/home/heng/workspace/ws_RAMS/build/abb_pi0_bridge/prefix_override:/usr/lib/python3/dist-packages/colcon_core/task/python/colcon_distutils_commands:/home/heng/workspace/ws_RAMS/install/abb_pi0_bridge/lib/python3.10/site-packages:${PYTHONPATH} /usr/bin/python3 -W ignore:setup.py install is deprecated -W ignore:easy_install command is deprecated setup.py egg_info --egg-base ../../build/abb_pi0_bridge build --build-base /home/heng/workspace/ws_RAMS/build/abb_pi0_bridge/build install --record /home/heng/workspace/ws_RAMS/build/abb_pi0_bridge/install.log --single-version-externally-managed install_data
[0.775s] running egg_info
[0.776s] creating ../../build/abb_pi0_bridge/abb_pi0_bridge.egg-info
[0.776s] writing ../../build/abb_pi0_bridge/abb_pi0_bridge.egg-info/PKG-INFO
[0.776s] writing dependency_links to ../../build/abb_pi0_bridge/abb_pi0_bridge.egg-info/dependency_links.txt
[0.776s] writing entry points to ../../build/abb_pi0_bridge/abb_pi0_bridge.egg-info/entry_points.txt
[0.776s] writing requirements to ../../build/abb_pi0_bridge/abb_pi0_bridge.egg-info/requires.txt
[0.777s] writing top-level names to ../../build/abb_pi0_bridge/abb_pi0_bridge.egg-info/top_level.txt
[0.777s] writing manifest file '../../build/abb_pi0_bridge/abb_pi0_bridge.egg-info/SOURCES.txt'
[0.777s] reading manifest file '../../build/abb_pi0_bridge/abb_pi0_bridge.egg-info/SOURCES.txt'
[0.778s] writing manifest file '../../build/abb_pi0_bridge/abb_pi0_bridge.egg-info/SOURCES.txt'
[0.779s] running build
[0.779s] running build_py
[0.779s] creating /home/heng/workspace/ws_RAMS/build/abb_pi0_bridge/build
[0.779s] creating /home/heng/workspace/ws_RAMS/build/abb_pi0_bridge/build/lib
[0.779s] creating /home/heng/workspace/ws_RAMS/build/abb_pi0_bridge/build/lib/abb_pi0_bridge
[0.779s] copying abb_pi0_bridge/protocol.py -> /home/heng/workspace/ws_RAMS/build/abb_pi0_bridge/build/lib/abb_pi0_bridge
[0.780s] copying abb_pi0_bridge/policy_stub_server.py -> /home/heng/workspace/ws_RAMS/build/abb_pi0_bridge/build/lib/abb_pi0_bridge
[0.780s] copying abb_pi0_bridge/bridge_node.py -> /home/heng/workspace/ws_RAMS/build/abb_pi0_bridge/build/lib/abb_pi0_bridge
[0.780s] copying abb_pi0_bridge/bridge_core.py -> /home/heng/workspace/ws_RAMS/build/abb_pi0_bridge/build/lib/abb_pi0_bridge
[0.780s] copying abb_pi0_bridge/__init__.py -> /home/heng/workspace/ws_RAMS/build/abb_pi0_bridge/build/lib/abb_pi0_bridge
[0.780s] copying abb_pi0_bridge/mock_policy.py -> /home/heng/workspace/ws_RAMS/build/abb_pi0_bridge/build/lib/abb_pi0_bridge
[0.780s] copying abb_pi0_bridge/control_mode.py -> /home/heng/workspace/ws_RAMS/build/abb_pi0_bridge/build/lib/abb_pi0_bridge
[0.781s] copying abb_pi0_bridge/robotstudio_preflight.py -> /home/heng/workspace/ws_RAMS/build/abb_pi0_bridge/build/lib/abb_pi0_bridge
[0.781s] running install
[0.781s] running install_lib
[0.781s] creating /home/heng/workspace/ws_RAMS/install/abb_pi0_bridge/lib/python3.10/site-packages/abb_pi0_bridge
[0.781s] copying /home/heng/workspace/ws_RAMS/build/abb_pi0_bridge/build/lib/abb_pi0_bridge/protocol.py -> /home/heng/workspace/ws_RAMS/install/abb_pi0_bridge/lib/python3.10/site-packages/abb_pi0_bridge
[0.782s] copying /home/heng/workspace/ws_RAMS/build/abb_pi0_bridge/build/lib/abb_pi0_bridge/policy_stub_server.py -> /home/heng/workspace/ws_RAMS/install/abb_pi0_bridge/lib/python3.10/site-packages/abb_pi0_bridge
[0.782s] copying /home/heng/workspace/ws_RAMS/build/abb_pi0_bridge/build/lib/abb_pi0_bridge/bridge_node.py -> /home/heng/workspace/ws_RAMS/install/abb_pi0_bridge/lib/python3.10/site-packages/abb_pi0_bridge
[0.782s] copying /home/heng/workspace/ws_RAMS/build/abb_pi0_bridge/build/lib/abb_pi0_bridge/bridge_core.py -> /home/heng/workspace/ws_RAMS/install/abb_pi0_bridge/lib/python3.10/site-packages/abb_pi0_bridge
[0.782s] copying /home/heng/workspace/ws_RAMS/build/abb_pi0_bridge/build/lib/abb_pi0_bridge/__init__.py -> /home/heng/workspace/ws_RAMS/install/abb_pi0_bridge/lib/python3.10/site-packages/abb_pi0_bridge
[0.782s] copying /home/heng/workspace/ws_RAMS/build/abb_pi0_bridge/build/lib/abb_pi0_bridge/mock_policy.py -> /home/heng/workspace/ws_RAMS/install/abb_pi0_bridge/lib/python3.10/site-packages/abb_pi0_bridge
[0.782s] copying /home/heng/workspace/ws_RAMS/build/abb_pi0_bridge/build/lib/abb_pi0_bridge/control_mode.py -> /home/heng/workspace/ws_RAMS/install/abb_pi0_bridge/lib/python3.10/site-packages/abb_pi0_bridge
[0.782s] copying /home/heng/workspace/ws_RAMS/build/abb_pi0_bridge/build/lib/abb_pi0_bridge/robotstudio_preflight.py -> /home/heng/workspace/ws_RAMS/install/abb_pi0_bridge/lib/python3.10/site-packages/abb_pi0_bridge
[0.782s] byte-compiling /home/heng/workspace/ws_RAMS/install/abb_pi0_bridge/lib/python3.10/site-packages/abb_pi0_bridge/protocol.py to protocol.cpython-310.pyc
[0.783s] byte-compiling /home/heng/workspace/ws_RAMS/install/abb_pi0_bridge/lib/python3.10/site-packages/abb_pi0_bridge/policy_stub_server.py to policy_stub_server.cpython-310.pyc
[0.783s] byte-compiling /home/heng/workspace/ws_RAMS/install/abb_pi0_bridge/lib/python3.10/site-packages/abb_pi0_bridge/bridge_node.py to bridge_node.cpython-310.pyc
[0.784s] byte-compiling /home/heng/workspace/ws_RAMS/install/abb_pi0_bridge/lib/python3.10/site-packages/abb_pi0_bridge/bridge_core.py to bridge_core.cpython-310.pyc
[0.785s] byte-compiling /home/heng/workspace/ws_RAMS/install/abb_pi0_bridge/lib/python3.10/site-packages/abb_pi0_bridge/__init__.py to __init__.cpython-310.pyc
[0.785s] byte-compiling /home/heng/workspace/ws_RAMS/install/abb_pi0_bridge/lib/python3.10/site-packages/abb_pi0_bridge/mock_policy.py to mock_policy.cpython-310.pyc
[0.786s] byte-compiling /home/heng/workspace/ws_RAMS/install/abb_pi0_bridge/lib/python3.10/site-packages/abb_pi0_bridge/control_mode.py to control_mode.cpython-310.pyc
[0.786s] byte-compiling /home/heng/workspace/ws_RAMS/install/abb_pi0_bridge/lib/python3.10/site-packages/abb_pi0_bridge/robotstudio_preflight.py to robotstudio_preflight.cpython-310.pyc
[0.787s] running install_data
[0.787s] creating /home/heng/workspace/ws_RAMS/install/abb_pi0_bridge/share/ament_index
[0.787s] creating /home/heng/workspace/ws_RAMS/install/abb_pi0_bridge/share/ament_index/resource_index
[0.788s] creating /home/heng/workspace/ws_RAMS/install/abb_pi0_bridge/share/ament_index/resource_index/packages
[0.788s] copying resource/abb_pi0_bridge -> /home/heng/workspace/ws_RAMS/install/abb_pi0_bridge/share/ament_index/resource_index/packages
[0.788s] copying package.xml -> /home/heng/workspace/ws_RAMS/install/abb_pi0_bridge/share/abb_pi0_bridge
[0.788s] copying README.md -> /home/heng/workspace/ws_RAMS/install/abb_pi0_bridge/share/abb_pi0_bridge
[0.788s] copying ROBOTSTUDIO_PI0_SETUP.md -> /home/heng/workspace/ws_RAMS/install/abb_pi0_bridge/share/abb_pi0_bridge
[0.788s] copying PI0_POLICY_HTTP_PROTOCOL.md -> /home/heng/workspace/ws_RAMS/install/abb_pi0_bridge/share/abb_pi0_bridge
[0.788s] creating /home/heng/workspace/ws_RAMS/install/abb_pi0_bridge/share/abb_pi0_bridge/launch
[0.788s] copying launch/robotstudio_pi0.launch.py -> /home/heng/workspace/ws_RAMS/install/abb_pi0_bridge/share/abb_pi0_bridge/launch
[0.788s] copying launch/abb_pi0_bridge.launch.py -> /home/heng/workspace/ws_RAMS/install/abb_pi0_bridge/share/abb_pi0_bridge/launch
[0.789s] creating /home/heng/workspace/ws_RAMS/install/abb_pi0_bridge/share/abb_pi0_bridge/config
[0.789s] copying config/pi0_robotstudio_http.params.yaml -> /home/heng/workspace/ws_RAMS/install/abb_pi0_bridge/share/abb_pi0_bridge/config
[0.789s] copying config/pi0_bridge.params.yaml -> /home/heng/workspace/ws_RAMS/install/abb_pi0_bridge/share/abb_pi0_bridge/config
[0.789s] running install_egg_info
[0.789s] Copying ../../build/abb_pi0_bridge/abb_pi0_bridge.egg-info to /home/heng/workspace/ws_RAMS/install/abb_pi0_bridge/lib/python3.10/site-packages/abb_pi0_bridge-0.1.0-py3.10.egg-info
[0.789s] running install_scripts
[0.806s] Installing abb_pi0_bridge_node script to /home/heng/workspace/ws_RAMS/install/abb_pi0_bridge/lib/abb_pi0_bridge
[0.806s] Installing pi0_policy_stub_server script to /home/heng/workspace/ws_RAMS/install/abb_pi0_bridge/lib/abb_pi0_bridge
[0.807s] Installing robotstudio_preflight script to /home/heng/workspace/ws_RAMS/install/abb_pi0_bridge/lib/abb_pi0_bridge
[0.807s] writing list of installed files to '/home/heng/workspace/ws_RAMS/build/abb_pi0_bridge/install.log'
[0.829s] Invoked command in '/home/heng/workspace/ws_RAMS/src/abb_pi0_bridge' returned '0': PYTHONPATH=/home/heng/workspace/ws_RAMS/build/abb_pi0_bridge/prefix_override:/usr/lib/python3/dist-packages/colcon_core/task/python/colcon_distutils_commands:/home/heng/workspace/ws_RAMS/install/abb_pi0_bridge/lib/python3.10/site-packages:${PYTHONPATH} /usr/bin/python3 -W ignore:setup.py install is deprecated -W ignore:easy_install command is deprecated setup.py egg_info --egg-base ../../build/abb_pi0_bridge build --build-base /home/heng/workspace/ws_RAMS/build/abb_pi0_bridge/build install --record /home/heng/workspace/ws_RAMS/build/abb_pi0_bridge/install.log --single-version-externally-managed install_data
