[0.018s] Invoking command in '/home/heng/workspace/ws_RAMS/build/abb_librws': CMAKE_PREFIX_PATH=/opt/ros/humble /usr/bin/cmake /home/heng/workspace/ws_RAMS/src/abb_librws -DPython3_EXECUTABLE=/usr/bin/python3 -DCMAKE_INSTALL_PREFIX=/home/heng/workspace/ws_RAMS/install/abb_librws
[0.258s] -- Searching for Poco library...
[0.258s] --   Found Poco!
[0.258s] -- components found: Foundation, Net, Util, XML.
[0.258s] -- Configuring done
[0.259s] -- Generating done
[0.259s] -- Build files have been written to: /home/heng/workspace/ws_RAMS/build/abb_librws
[0.260s] CMake Warning:
[0.260s]   Manually-specified variables were not used by the project:
[0.260s] 
[0.260s]     Python3_EXECUTABLE
[0.260s] 
[0.260s] 
[0.261s] Invoked command in '/home/heng/workspace/ws_RAMS/build/abb_librws' returned '0': CMAKE_PREFIX_PATH=/opt/ros/humble /usr/bin/cmake /home/heng/workspace/ws_RAMS/src/abb_librws -DPython3_EXECUTABLE=/usr/bin/python3 -DCMAKE_INSTALL_PREFIX=/home/heng/workspace/ws_RAMS/install/abb_librws
[0.262s] Invoking command in '/home/heng/workspace/ws_RAMS/build/abb_librws': CMAKE_PREFIX_PATH=/opt/ros/humble /usr/bin/cmake --build /home/heng/workspace/ws_RAMS/build/abb_librws -- -j48 -l48
[0.322s] Consolidate compiler generated dependencies of target abb_librws
[0.339s] [100%] Built target abb_librws
[0.355s] Invoked command in '/home/heng/workspace/ws_RAMS/build/abb_librws' returned '0': CMAKE_PREFIX_PATH=/opt/ros/humble /usr/bin/cmake --build /home/heng/workspace/ws_RAMS/build/abb_librws -- -j48 -l48
[0.367s] Invoking command in '/home/heng/workspace/ws_RAMS/build/abb_librws': CMAKE_PREFIX_PATH=/opt/ros/humble /usr/bin/cmake --install /home/heng/workspace/ws_RAMS/build/abb_librws
[0.376s] -- Install configuration: ""
[0.376s] -- Installing: /home/heng/workspace/ws_RAMS/install/abb_librws/include
[0.376s] -- Installing: /home/heng/workspace/ws_RAMS/install/abb_librws/include/abb_librws
[0.377s] -- Installing: /home/heng/workspace/ws_RAMS/install/abb_librws/include/abb_librws/rws_common.h
[0.377s] -- Installing: /home/heng/workspace/ws_RAMS/install/abb_librws/include/abb_librws/rws_interface.h
[0.377s] -- Installing: /home/heng/workspace/ws_RAMS/install/abb_librws/include/abb_librws/rws_poco_client.h
[0.377s] -- Installing: /home/heng/workspace/ws_RAMS/install/abb_librws/include/abb_librws/rws_state_machine_interface.h
[0.377s] -- Installing: /home/heng/workspace/ws_RAMS/install/abb_librws/include/abb_librws/rws_client.h
[0.377s] -- Installing: /home/heng/workspace/ws_RAMS/install/abb_librws/include/abb_librws/rws_rapid.h
[0.378s] -- Installing: /home/heng/workspace/ws_RAMS/install/abb_librws/include/abb_librws/rws_cfg.h
[0.378s] -- Installing: /home/heng/workspace/ws_RAMS/install/abb_librws/include/abb_librws/abb_librws_export.h
[0.378s] -- Installing: /home/heng/workspace/ws_RAMS/install/abb_librws/share/abb_librws/cmake
[0.378s] -- Installing: /home/heng/workspace/ws_RAMS/install/abb_librws/share/abb_librws/cmake/README.md
[0.379s] -- Installing: /home/heng/workspace/ws_RAMS/install/abb_librws/share/abb_librws/cmake/FindPoco.cmake
[0.379s] -- Installing: /home/heng/workspace/ws_RAMS/install/abb_librws/lib/libabb_librws.so
[0.381s] -- Installing: /home/heng/workspace/ws_RAMS/install/abb_librws/share/abb_librws/abb_librwsConfig.cmake
[0.381s] -- Installing: /home/heng/workspace/ws_RAMS/install/abb_librws/share/abb_librws/abb_librwsConfigVersion.cmake
[0.381s] -- Installing: /home/heng/workspace/ws_RAMS/install/abb_librws/share/abb_librws/package.xml
[0.381s] -- Installing: /home/heng/workspace/ws_RAMS/install/abb_librws/share/abb_librws/abb_librwsTargets.cmake
[0.381s] -- Installing: /home/heng/workspace/ws_RAMS/install/abb_librws/share/abb_librws/abb_librwsTargets-noconfig.cmake
[0.383s] Invoked command in '/home/heng/workspace/ws_RAMS/build/abb_librws' returned '0': CMAKE_PREFIX_PATH=/opt/ros/humble /usr/bin/cmake --install /home/heng/workspace/ws_RAMS/build/abb_librws
