[0.012s] Invoking command in '/home/heng/workspace/ws_RAMS/build/abb_libegm': CMAKE_PREFIX_PATH=/opt/ros/humble /usr/bin/cmake --build /home/heng/workspace/ws_RAMS/build/abb_libegm -- -j48 -l48
[0.104s] [100%] Built target abb_libegm
[0.114s] Invoked command in '/home/heng/workspace/ws_RAMS/build/abb_libegm' returned '0': CMAKE_PREFIX_PATH=/opt/ros/humble /usr/bin/cmake --build /home/heng/workspace/ws_RAMS/build/abb_libegm -- -j48 -l48
[0.125s] Invoking command in '/home/heng/workspace/ws_RAMS/build/abb_libegm': CMAKE_PREFIX_PATH=/opt/ros/humble /usr/bin/cmake --install /home/heng/workspace/ws_RAMS/build/abb_libegm
[0.135s] -- Install configuration: ""
[0.136s] -- Up-to-date: /home/heng/workspace/ws_RAMS/install/abb_libegm/include
[0.136s] -- Up-to-date: /home/heng/workspace/ws_RAMS/install/abb_libegm/include/abb_libegm
[0.136s] -- Up-to-date: /home/heng/workspace/ws_RAMS/install/abb_libegm/include/abb_libegm/egm_interpolator.h
[0.136s] -- Up-to-date: /home/heng/workspace/ws_RAMS/install/abb_libegm/include/abb_libegm/egm_common.h
[0.136s] -- Up-to-date: /home/heng/workspace/ws_RAMS/install/abb_libegm/include/abb_libegm/egm_base_interface.h
[0.136s] -- Up-to-date: /home/heng/workspace/ws_RAMS/install/abb_libegm/include/abb_libegm/egm_logger.h
[0.136s] -- Up-to-date: /home/heng/workspace/ws_RAMS/install/abb_libegm/include/abb_libegm/egm_trajectory_interface.h
[0.136s] -- Up-to-date: /home/heng/workspace/ws_RAMS/install/abb_libegm/include/abb_libegm/egm_controller_interface.h
[0.136s] -- Up-to-date: /home/heng/workspace/ws_RAMS/install/abb_libegm/include/abb_libegm/egm_udp_server.h
[0.137s] -- Up-to-date: /home/heng/workspace/ws_RAMS/install/abb_libegm/include/abb_libegm/egm_common_auxiliary.h
[0.137s] -- Up-to-date: /home/heng/workspace/ws_RAMS/install/abb_libegm/include/abb_libegm/egm.proto
[0.137s] -- Up-to-date: /home/heng/workspace/ws_RAMS/install/abb_libegm/include/abb_libegm/egm_wrapper.proto
[0.137s] -- Up-to-date: /home/heng/workspace/ws_RAMS/install/abb_libegm/include/abb_libegm/egm_wrapper_trajectory.proto
[0.137s] -- Up-to-date: /home/heng/workspace/ws_RAMS/install/abb_libegm/include/abb_libegm/egm.pb.h
[0.137s] -- Up-to-date: /home/heng/workspace/ws_RAMS/install/abb_libegm/include/abb_libegm/egm_wrapper.pb.h
[0.137s] -- Up-to-date: /home/heng/workspace/ws_RAMS/install/abb_libegm/include/abb_libegm/egm_wrapper_trajectory.pb.h
[0.137s] -- Up-to-date: /home/heng/workspace/ws_RAMS/install/abb_libegm/include/abb_libegm/abb_libegm_export.h
[0.138s] -- Up-to-date: /home/heng/workspace/ws_RAMS/install/abb_libegm/lib/libabb_libegm.so
[0.138s] -- Up-to-date: /home/heng/workspace/ws_RAMS/install/abb_libegm/share/abb_libegm/abb_libegmConfig.cmake
[0.138s] -- Up-to-date: /home/heng/workspace/ws_RAMS/install/abb_libegm/share/abb_libegm/abb_libegmConfigVersion.cmake
[0.138s] -- Up-to-date: /home/heng/workspace/ws_RAMS/install/abb_libegm/share/abb_libegm/package.xml
[0.138s] -- Up-to-date: /home/heng/workspace/ws_RAMS/install/abb_libegm/share/abb_libegm/abb_libegmTargets.cmake
[0.138s] -- Up-to-date: /home/heng/workspace/ws_RAMS/install/abb_libegm/share/abb_libegm/abb_libegmTargets-noconfig.cmake
[0.139s] Invoked command in '/home/heng/workspace/ws_RAMS/build/abb_libegm' returned '0': CMAKE_PREFIX_PATH=/opt/ros/humble /usr/bin/cmake --install /home/heng/workspace/ws_RAMS/build/abb_libegm
