[0.012s] Invoking command in '/home/heng/workspace/ws_RAMS/build/workcell_config': AMENT_PREFIX_PATH=/home/heng/workspace/ws_RAMS/install/workcell_description:${AMENT_PREFIX_PATH} CMAKE_PREFIX_PATH=/home/heng/workspace/ws_RAMS/install/workcell_description:/opt/ros/humble /usr/bin/cmake /home/heng/workspace/ws_RAMS/src/workcell_config -DPython3_EXECUTABLE=/usr/bin/python3 -DCMAKE_INSTALL_PREFIX=/home/heng/workspace/ws_RAMS/install/workcell_config
[0.083s] -- The C compiler identification is GNU 11.4.0
[0.157s] -- The CXX compiler identification is GNU 11.4.0
[0.171s] -- Detecting C compiler ABI info
[0.258s] -- Detecting C compiler ABI info - done
[0.276s] -- Check for working C compiler: /usr/bin/cc - skipped
[0.276s] -- Detecting C compile features
[0.277s] -- Detecting C compile features - done
[0.284s] -- Detecting CXX compiler ABI info
[0.385s] -- Detecting CXX compiler ABI info - done
[0.404s] -- Check for working CXX compiler: /usr/bin/c++ - skipped
[0.405s] -- Detecting CXX compile features
[0.406s] -- Detecting CXX compile features - done
[0.410s] -- Found ament_cmake: 1.3.12 (/opt/ros/humble/share/ament_cmake/cmake)
[0.582s] -- Found Python3: /usr/bin/python3 (found version "3.10.12") found components: Interpreter 
[0.744s] -- Configuring done
[0.749s] -- Generating done
[0.752s] -- Build files have been written to: /home/heng/workspace/ws_RAMS/build/workcell_config
[0.758s] Invoked command in '/home/heng/workspace/ws_RAMS/build/workcell_config' returned '0': AMENT_PREFIX_PATH=/home/heng/workspace/ws_RAMS/install/workcell_description:${AMENT_PREFIX_PATH} CMAKE_PREFIX_PATH=/home/heng/workspace/ws_RAMS/install/workcell_description:/opt/ros/humble /usr/bin/cmake /home/heng/workspace/ws_RAMS/src/workcell_config -DPython3_EXECUTABLE=/usr/bin/python3 -DCMAKE_INSTALL_PREFIX=/home/heng/workspace/ws_RAMS/install/workcell_config
[0.761s] Invoking command in '/home/heng/workspace/ws_RAMS/build/workcell_config': AMENT_PREFIX_PATH=/home/heng/workspace/ws_RAMS/install/workcell_description:${AMENT_PREFIX_PATH} CMAKE_PREFIX_PATH=/home/heng/workspace/ws_RAMS/install/workcell_description:/opt/ros/humble /usr/bin/cmake --build /home/heng/workspace/ws_RAMS/build/workcell_config -- -j48 -l48
[0.808s] Invoked command in '/home/heng/workspace/ws_RAMS/build/workcell_config' returned '0': AMENT_PREFIX_PATH=/home/heng/workspace/ws_RAMS/install/workcell_description:${AMENT_PREFIX_PATH} CMAKE_PREFIX_PATH=/home/heng/workspace/ws_RAMS/install/workcell_description:/opt/ros/humble /usr/bin/cmake --build /home/heng/workspace/ws_RAMS/build/workcell_config -- -j48 -l48
[0.810s] Invoking command in '/home/heng/workspace/ws_RAMS/build/workcell_config': AMENT_PREFIX_PATH=/home/heng/workspace/ws_RAMS/install/workcell_description:${AMENT_PREFIX_PATH} CMAKE_PREFIX_PATH=/home/heng/workspace/ws_RAMS/install/workcell_description:/opt/ros/humble /usr/bin/cmake --install /home/heng/workspace/ws_RAMS/build/workcell_config
[0.820s] -- Install configuration: ""
[0.821s] -- Installing: /home/heng/workspace/ws_RAMS/install/workcell_config/share/ament_index/resource_index/package_run_dependencies/workcell_config
[0.821s] -- Installing: /home/heng/workspace/ws_RAMS/install/workcell_config/share/ament_index/resource_index/parent_prefix_path/workcell_config
[0.821s] -- Installing: /home/heng/workspace/ws_RAMS/install/workcell_config/share/workcell_config/environment/ament_prefix_path.sh
[0.821s] -- Installing: /home/heng/workspace/ws_RAMS/install/workcell_config/share/workcell_config/environment/ament_prefix_path.dsv
[0.822s] -- Installing: /home/heng/workspace/ws_RAMS/install/workcell_config/share/workcell_config/environment/path.sh
[0.822s] -- Installing: /home/heng/workspace/ws_RAMS/install/workcell_config/share/workcell_config/environment/path.dsv
[0.822s] -- Installing: /home/heng/workspace/ws_RAMS/install/workcell_config/share/workcell_config/local_setup.bash
[0.822s] -- Installing: /home/heng/workspace/ws_RAMS/install/workcell_config/share/workcell_config/local_setup.sh
[0.822s] -- Installing: /home/heng/workspace/ws_RAMS/install/workcell_config/share/workcell_config/local_setup.zsh
[0.822s] -- Installing: /home/heng/workspace/ws_RAMS/install/workcell_config/share/workcell_config/local_setup.dsv
[0.823s] -- Installing: /home/heng/workspace/ws_RAMS/install/workcell_config/share/workcell_config/package.dsv
[0.823s] -- Installing: /home/heng/workspace/ws_RAMS/install/workcell_config/share/ament_index/resource_index/packages/workcell_config
[0.823s] -- Installing: /home/heng/workspace/ws_RAMS/install/workcell_config/share/workcell_config/cmake/workcell_configConfig.cmake
[0.823s] -- Installing: /home/heng/workspace/ws_RAMS/install/workcell_config/share/workcell_config/cmake/workcell_configConfig-version.cmake
[0.823s] -- Installing: /home/heng/workspace/ws_RAMS/install/workcell_config/share/workcell_config/package.xml
[0.823s] -- Installing: /home/heng/workspace/ws_RAMS/install/workcell_config/share/workcell_config/launch
[0.823s] -- Installing: /home/heng/workspace/ws_RAMS/install/workcell_config/share/workcell_config/launch/spawn_controllers.launch.py
[0.824s] -- Installing: /home/heng/workspace/ws_RAMS/install/workcell_config/share/workcell_config/launch/demo.launch.py
[0.824s] -- Installing: /home/heng/workspace/ws_RAMS/install/workcell_config/share/workcell_config/launch/move_group.launch.py
[0.824s] -- Installing: /home/heng/workspace/ws_RAMS/install/workcell_config/share/workcell_config/launch/static_virtual_joint_tfs.launch.py
[0.824s] -- Installing: /home/heng/workspace/ws_RAMS/install/workcell_config/share/workcell_config/launch/rsp.launch.py
[0.824s] -- Installing: /home/heng/workspace/ws_RAMS/install/workcell_config/share/workcell_config/launch/setup_assistant.launch.py
[0.824s] -- Installing: /home/heng/workspace/ws_RAMS/install/workcell_config/share/workcell_config/launch/moveit_rviz.launch.py
[0.824s] -- Installing: /home/heng/workspace/ws_RAMS/install/workcell_config/share/workcell_config/launch/warehouse_db.launch.py
[0.825s] -- Installing: /home/heng/workspace/ws_RAMS/install/workcell_config/share/workcell_config/config
[0.825s] -- Installing: /home/heng/workspace/ws_RAMS/install/workcell_config/share/workcell_config/config/pilz_cartesian_limits.yaml
[0.825s] -- Installing: /home/heng/workspace/ws_RAMS/install/workcell_config/share/workcell_config/config/moveit_controllers.yaml
[0.825s] -- Installing: /home/heng/workspace/ws_RAMS/install/workcell_config/share/workcell_config/config/workcell.srdf
[0.825s] -- Installing: /home/heng/workspace/ws_RAMS/install/workcell_config/share/workcell_config/config/joint_limits.yaml
[0.826s] -- Installing: /home/heng/workspace/ws_RAMS/install/workcell_config/share/workcell_config/config/initial_positions.yaml
[0.826s] -- Installing: /home/heng/workspace/ws_RAMS/install/workcell_config/share/workcell_config/config/ros2_controllers.yaml
[0.826s] -- Installing: /home/heng/workspace/ws_RAMS/install/workcell_config/share/workcell_config/config/kinematics.yaml
[0.826s] -- Installing: /home/heng/workspace/ws_RAMS/install/workcell_config/share/workcell_config/config/moveit.rviz
[0.826s] -- Installing: /home/heng/workspace/ws_RAMS/install/workcell_config/share/workcell_config/config/workcell.urdf.xacro
[0.826s] -- Installing: /home/heng/workspace/ws_RAMS/install/workcell_config/share/workcell_config/config/workcell.ros2_control.xacro
[0.826s] -- Installing: /home/heng/workspace/ws_RAMS/install/workcell_config/share/workcell_config/config/sensors_3d.yaml
[0.826s] -- Installing: /home/heng/workspace/ws_RAMS/install/workcell_config/share/workcell_config/config/abb_controllers.yaml
[0.826s] -- Installing: /home/heng/workspace/ws_RAMS/install/workcell_config/share/workcell_config/.setup_assistant
[0.828s] Invoked command in '/home/heng/workspace/ws_RAMS/build/workcell_config' returned '0': AMENT_PREFIX_PATH=/home/heng/workspace/ws_RAMS/install/workcell_description:${AMENT_PREFIX_PATH} CMAKE_PREFIX_PATH=/home/heng/workspace/ws_RAMS/install/workcell_description:/opt/ros/humble /usr/bin/cmake --install /home/heng/workspace/ws_RAMS/build/workcell_config
