[0.020s] Invoking command in '/home/heng/workspace/ws_RAMS/build/abb_hardware_interface': CMAKE_PREFIX_PATH=/home/heng/workspace/ws_RAMS/install/abb_egm_rws_managers:/home/heng/workspace/ws_RAMS/install/abb_librws:/home/heng/workspace/ws_RAMS/install/abb_libegm:/home/heng/workspace/ws_RAMS/install/click_to_move:/home/heng/workspace/ws_RAMS/install/workcell_config:/home/heng/workspace/ws_RAMS/install/workcell_description:/home/heng/workspace/ws_RAMS/install/abb_resources:/home/heng/workspace/ws_RAMS/install/abb_hardware_interface:/home/heng/workspace/ws_RAMS/install/abb_irb1200_5_90_moveit_config:/home/heng/workspace/ws_RAMS/install/abb_irb1200_support:/home/heng/workspace/ws_RAMS/install/abb_bringup:/home/heng/workspace/ws_RAMS/install/abb_pi0_bridge:/opt/ros/humble CONDA_PROMPT_MODIFIER=(base) LD_LIBRARY_PATH=/home/heng/workspace/ws_RAMS/install/abb_egm_rws_managers/lib:/home/heng/workspace/ws_RAMS/install/abb_librws/lib:/home/heng/workspace/ws_RAMS/install/abb_libegm/lib:/home/heng/workspace/ws_RAMS/install/abb_hardware_interface/lib:/opt/ros/humble/opt/rviz_ogre_vendor/lib:/opt/ros/humble/lib/x86_64-linux-gnu:/opt/ros/humble/lib /home/heng/miniconda3/bin/cmake --build /home/heng/workspace/ws_RAMS/build/abb_hardware_interface -- -j48 -l48
[0.238s] Consolidate compiler generated dependencies of target abb_hardware_interface
[0.292s] [ 33%] Building CXX object CMakeFiles/abb_hardware_interface.dir/src/abb_hardware_interface.cpp.o
[6.900s] [ 66%] Linking CXX shared library libabb_hardware_interface.so
[7.213s] [100%] Built target abb_hardware_interface
[7.226s] Invoked command in '/home/heng/workspace/ws_RAMS/build/abb_hardware_interface' returned '0': CMAKE_PREFIX_PATH=/home/heng/workspace/ws_RAMS/install/abb_egm_rws_managers:/home/heng/workspace/ws_RAMS/install/abb_librws:/home/heng/workspace/ws_RAMS/install/abb_libegm:/home/heng/workspace/ws_RAMS/install/click_to_move:/home/heng/workspace/ws_RAMS/install/workcell_config:/home/heng/workspace/ws_RAMS/install/workcell_description:/home/heng/workspace/ws_RAMS/install/abb_resources:/home/heng/workspace/ws_RAMS/install/abb_hardware_interface:/home/heng/workspace/ws_RAMS/install/abb_irb1200_5_90_moveit_config:/home/heng/workspace/ws_RAMS/install/abb_irb1200_support:/home/heng/workspace/ws_RAMS/install/abb_bringup:/home/heng/workspace/ws_RAMS/install/abb_pi0_bridge:/opt/ros/humble CONDA_PROMPT_MODIFIER=(base) LD_LIBRARY_PATH=/home/heng/workspace/ws_RAMS/install/abb_egm_rws_managers/lib:/home/heng/workspace/ws_RAMS/install/abb_librws/lib:/home/heng/workspace/ws_RAMS/install/abb_libegm/lib:/home/heng/workspace/ws_RAMS/install/abb_hardware_interface/lib:/opt/ros/humble/opt/rviz_ogre_vendor/lib:/opt/ros/humble/lib/x86_64-linux-gnu:/opt/ros/humble/lib /home/heng/miniconda3/bin/cmake --build /home/heng/workspace/ws_RAMS/build/abb_hardware_interface -- -j48 -l48
[7.347s] Invoking command in '/home/heng/workspace/ws_RAMS/build/abb_hardware_interface': CMAKE_PREFIX_PATH=/home/heng/workspace/ws_RAMS/install/abb_egm_rws_managers:/home/heng/workspace/ws_RAMS/install/abb_librws:/home/heng/workspace/ws_RAMS/install/abb_libegm:/home/heng/workspace/ws_RAMS/install/click_to_move:/home/heng/workspace/ws_RAMS/install/workcell_config:/home/heng/workspace/ws_RAMS/install/workcell_description:/home/heng/workspace/ws_RAMS/install/abb_resources:/home/heng/workspace/ws_RAMS/install/abb_hardware_interface:/home/heng/workspace/ws_RAMS/install/abb_irb1200_5_90_moveit_config:/home/heng/workspace/ws_RAMS/install/abb_irb1200_support:/home/heng/workspace/ws_RAMS/install/abb_bringup:/home/heng/workspace/ws_RAMS/install/abb_pi0_bridge:/opt/ros/humble CONDA_PROMPT_MODIFIER=(base) LD_LIBRARY_PATH=/home/heng/workspace/ws_RAMS/install/abb_egm_rws_managers/lib:/home/heng/workspace/ws_RAMS/install/abb_librws/lib:/home/heng/workspace/ws_RAMS/install/abb_libegm/lib:/home/heng/workspace/ws_RAMS/install/abb_hardware_interface/lib:/opt/ros/humble/opt/rviz_ogre_vendor/lib:/opt/ros/humble/lib/x86_64-linux-gnu:/opt/ros/humble/lib /home/heng/miniconda3/bin/cmake --install /home/heng/workspace/ws_RAMS/build/abb_hardware_interface
[7.464s] -- Install configuration: ""
[7.465s] -- Execute custom install script
[7.466s] -- Up-to-date symlink: /home/heng/workspace/ws_RAMS/install/abb_hardware_interface/share/abb_hardware_interface//abb_hardware_interface.xml
[7.466s] -- Up-to-date symlink: /home/heng/workspace/ws_RAMS/install/abb_hardware_interface/lib/libabb_hardware_interface.so
[7.467s] -- Up-to-date symlink: /home/heng/workspace/ws_RAMS/install/abb_hardware_interface/include/abb_hardware_interface/abb_hardware_interface.hpp
[7.467s] -- Up-to-date symlink: /home/heng/workspace/ws_RAMS/install/abb_hardware_interface/include/abb_hardware_interface/utilities.hpp
[7.467s] -- Up-to-date symlink: /home/heng/workspace/ws_RAMS/install/abb_hardware_interface/include/abb_hardware_interface/visibility_control.h
[7.468s] -- Up-to-date symlink: /home/heng/workspace/ws_RAMS/install/abb_hardware_interface/share/abb_hardware_interface/environment/library_path.sh
[7.468s] -- Up-to-date symlink: /home/heng/workspace/ws_RAMS/install/abb_hardware_interface/share/abb_hardware_interface/environment/library_path.dsv
[7.468s] -- Up-to-date symlink: /home/heng/workspace/ws_RAMS/install/abb_hardware_interface/share/ament_index/resource_index/package_run_dependencies/abb_hardware_interface
[7.468s] -- Up-to-date symlink: /home/heng/workspace/ws_RAMS/install/abb_hardware_interface/share/ament_index/resource_index/parent_prefix_path/abb_hardware_interface
[7.469s] -- Up-to-date symlink: /home/heng/workspace/ws_RAMS/install/abb_hardware_interface/share/abb_hardware_interface/environment/ament_prefix_path.sh
[7.469s] -- Up-to-date symlink: /home/heng/workspace/ws_RAMS/install/abb_hardware_interface/share/abb_hardware_interface/environment/ament_prefix_path.dsv
[7.469s] -- Up-to-date symlink: /home/heng/workspace/ws_RAMS/install/abb_hardware_interface/share/abb_hardware_interface/environment/path.sh
[7.469s] -- Up-to-date symlink: /home/heng/workspace/ws_RAMS/install/abb_hardware_interface/share/abb_hardware_interface/environment/path.dsv
[7.469s] -- Up-to-date symlink: /home/heng/workspace/ws_RAMS/install/abb_hardware_interface/share/abb_hardware_interface/local_setup.bash
[7.469s] -- Up-to-date symlink: /home/heng/workspace/ws_RAMS/install/abb_hardware_interface/share/abb_hardware_interface/local_setup.sh
[7.469s] -- Up-to-date symlink: /home/heng/workspace/ws_RAMS/install/abb_hardware_interface/share/abb_hardware_interface/local_setup.zsh
[7.470s] -- Up-to-date symlink: /home/heng/workspace/ws_RAMS/install/abb_hardware_interface/share/abb_hardware_interface/local_setup.dsv
[7.470s] -- Symlinking: /home/heng/workspace/ws_RAMS/install/abb_hardware_interface/share/abb_hardware_interface/package.dsv
[7.482s] -- Up-to-date symlink: /home/heng/workspace/ws_RAMS/install/abb_hardware_interface/share/ament_index/resource_index/packages/abb_hardware_interface
[7.482s] -- Up-to-date symlink: /home/heng/workspace/ws_RAMS/install/abb_hardware_interface/share/ament_index/resource_index/hardware_interface__pluginlib__plugin/abb_hardware_interface
[7.482s] -- Up-to-date symlink: /home/heng/workspace/ws_RAMS/install/abb_hardware_interface/share/abb_hardware_interface/cmake/ament_cmake_export_include_directories-extras.cmake
[7.482s] -- Up-to-date symlink: /home/heng/workspace/ws_RAMS/install/abb_hardware_interface/share/abb_hardware_interface/cmake/ament_cmake_export_libraries-extras.cmake
[7.482s] -- Up-to-date symlink: /home/heng/workspace/ws_RAMS/install/abb_hardware_interface/share/abb_hardware_interface/cmake/ament_cmake_export_dependencies-extras.cmake
[7.482s] -- Up-to-date symlink: /home/heng/workspace/ws_RAMS/install/abb_hardware_interface/share/abb_hardware_interface/cmake/abb_hardware_interfaceConfig.cmake
[7.483s] -- Up-to-date symlink: /home/heng/workspace/ws_RAMS/install/abb_hardware_interface/share/abb_hardware_interface/cmake/abb_hardware_interfaceConfig-version.cmake
[7.483s] -- Up-to-date symlink: /home/heng/workspace/ws_RAMS/install/abb_hardware_interface/share/abb_hardware_interface/package.xml
[7.484s] Invoked command in '/home/heng/workspace/ws_RAMS/build/abb_hardware_interface' returned '0': CMAKE_PREFIX_PATH=/home/heng/workspace/ws_RAMS/install/abb_egm_rws_managers:/home/heng/workspace/ws_RAMS/install/abb_librws:/home/heng/workspace/ws_RAMS/install/abb_libegm:/home/heng/workspace/ws_RAMS/install/click_to_move:/home/heng/workspace/ws_RAMS/install/workcell_config:/home/heng/workspace/ws_RAMS/install/workcell_description:/home/heng/workspace/ws_RAMS/install/abb_resources:/home/heng/workspace/ws_RAMS/install/abb_hardware_interface:/home/heng/workspace/ws_RAMS/install/abb_irb1200_5_90_moveit_config:/home/heng/workspace/ws_RAMS/install/abb_irb1200_support:/home/heng/workspace/ws_RAMS/install/abb_bringup:/home/heng/workspace/ws_RAMS/install/abb_pi0_bridge:/opt/ros/humble CONDA_PROMPT_MODIFIER=(base) LD_LIBRARY_PATH=/home/heng/workspace/ws_RAMS/install/abb_egm_rws_managers/lib:/home/heng/workspace/ws_RAMS/install/abb_librws/lib:/home/heng/workspace/ws_RAMS/install/abb_libegm/lib:/home/heng/workspace/ws_RAMS/install/abb_hardware_interface/lib:/opt/ros/humble/opt/rviz_ogre_vendor/lib:/opt/ros/humble/lib/x86_64-linux-gnu:/opt/ros/humble/lib /home/heng/miniconda3/bin/cmake --install /home/heng/workspace/ws_RAMS/build/abb_hardware_interface
